============================= test session starts ==============================
platform darwin -- Python 3.13.11, pytest-7.4.3, pluggy-1.6.0 -- /Users/mckenzie/Documents/event2table/backend/venv/bin/python
cachedir: .pytest_cache
rootdir: /Users/mckenzie/Documents/event2table/backend/test
configfile: pytest.ini
plugins: cov-4.1.0
collecting ... collected 1075 items

backend/test/unit/api/test_api_comprehensive.py::TestGamesAPI::test_01_list_games PASSED [  0%]
backend/test/unit/api/test_api_comprehensive.py::TestGamesAPI::test_02_create_game_success FAILED [  0%]
backend/test/unit/api/test_api_comprehensive.py::TestGamesAPI::test_03_create_game_duplicate_gid FAILED [  0%]
backend/test/unit/api/test_api_comprehensive.py::TestGamesAPI::test_04_create_game_missing_fields PASSED [  0%]
backend/test/unit/api/test_api_comprehensive.py::TestEventsAPI::test_01_list_events_no_filter PASSED [  0%]
backend/test/unit/api/test_api_comprehensive.py::TestEventsAPI::test_02_list_events_with_game_filter PASSED [  0%]
backend/test/unit/api/test_api_comprehensive.py::TestEventsAPI::test_03_list_events_pagination PASSED [  0%]
backend/test/unit/api/test_api_comprehensive.py::TestEventsAPI::test_04_list_events_search PASSED [  0%]
backend/test/unit/api/test_api_comprehensive.py::TestEventsAPI::test_05_get_event_detail PASSED [  0%]
backend/test/unit/api/test_api_comprehensive.py::TestEventsAPI::test_06_get_event_detail_not_found FAILED [  0%]
backend/test/unit/api/test_api_comprehensive.py::TestEventsAPI::test_07_get_event_params PASSED [  1%]
backend/test/unit/api/test_api_comprehensive.py::TestEventsAPI::test_08_create_event_success FAILED [  1%]
backend/test/unit/api/test_api_comprehensive.py::TestParametersAPI::test_01_get_all_parameters PASSED [  1%]
backend/test/unit/api/test_api_comprehensive.py::TestParametersAPI::test_02_get_parameters_stats PASSED [  1%]
backend/test/unit/api/test_api_comprehensive.py::TestParametersAPI::test_03_search_parameters PASSED [  1%]
backend/test/unit/api/test_api_comprehensive.py::TestParametersAPI::test_04_update_parameter_display_name SKIPPEDnted) [  1%]
backend/test/unit/api/test_api_comprehensive.py::TestParametersAPI::test_05_validate_parameters FAILED [  1%]
backend/test/unit/api/test_api_comprehensive.py::TestCommonParamsAPI::test_01_get_common_params FAILED [  1%]
backend/test/unit/api/test_api_comprehensive.py::TestCommonParamsAPI::test_02_sync_common_params FAILED [  1%]
backend/test/unit/api/test_api_comprehensive.py::TestCommonParamsAPI::test_03_delete_common_param PASSED [  1%]
backend/test/unit/api/test_api_comprehensive.py::TestCommonParamsAPI::test_04_bulk_delete_common_params PASSED [  1%]
backend/test/unit/api/test_api_comprehensive.py::TestHQLGenerationAPI::test_01_generate_hql_no_selection PASSED [  2%]
backend/test/unit/api/test_api_comprehensive.py::TestHQLGenerationAPI::test_02_generate_hql_with_event FAILED [  2%]
backend/test/unit/api/test_api_comprehensive.py::TestHQLGenerationAPI::test_03_get_hql_by_id PASSED [  2%]
backend/test/unit/api/test_api_comprehensive.py::TestHQLGenerationAPI::test_04_deactivate_hql PASSED [  2%]
backend/test/unit/api/test_api_comprehensive.py::TestHQLGenerationAPI::test_05_activate_hql PASSED [  2%]
backend/test/unit/api/test_api_comprehensive.py::TestBulkOperationsAPI::test_01_bulk_delete_events FAILED [  2%]
backend/test/unit/api/test_api_comprehensive.py::TestBulkOperationsAPI::test_02_bulk_update_category FAILED [  2%]
backend/test/unit/api/test_api_comprehensive.py::TestBulkOperationsAPI::test_03_bulk_toggle_common_params FAILED [  2%]
backend/test/unit/api/test_api_comprehensive.py::TestBulkOperationsAPI::test_05_bulk_validate_parameters FAILED [  2%]
backend/test/unit/api/test_api_comprehensive.py::TestCanvasAPI::test_01_canvas_health PASSED [  2%]
backend/test/unit/api/test_api_comprehensive.py::TestCanvasAPI::test_02_canvas_validate_valid_json PASSED [  2%]
backend/test/unit/api/test_api_comprehensive.py::TestCanvasAPI::test_03_canvas_validate_invalid_json PASSED [  3%]
backend/test/unit/api/test_api_comprehensive.py::TestCanvasAPI::test_04_canvas_prepare PASSED [  3%]
backend/test/unit/api/test_api_comprehensive.py::TestCanvasAPI::test_05_canvas_preview_results PASSED [  3%]
backend/test/unit/api/test_api_comprehensive.py::TestCacheMonitorAPI::test_01_cache_status PASSED [  3%]
backend/test/unit/api/test_api_comprehensive.py::TestCacheMonitorAPI::test_02_cache_keys PASSED [  3%]
backend/test/unit/api/test_api_comprehensive.py::TestCacheMonitorAPI::test_03_cache_clear PASSED [  3%]
backend/test/unit/api/test_api_comprehensive.py::TestEventNodesAPI::test_01_list_event_nodes FAILED [  3%]
backend/test/unit/api/test_api_comprehensive.py::TestEventNodesAPI::test_02_get_event_node FAILED [  3%]
backend/test/unit/api/test_api_comprehensive.py::TestEventNodesAPI::test_03_create_event_node FAILED [  3%]
backend/test/unit/api/test_api_comprehensive.py::TestEventNodesAPI::test_04_update_event_node FAILED [  3%]
backend/test/unit/api/test_api_comprehensive.py::TestEventNodesAPI::test_05_delete_event_node FAILED [  4%]
backend/test/unit/api/test_api_comprehensive.py::TestParameterAliasesAPI::test_01_list_parameter_aliases PASSED [  4%]
backend/test/unit/api/test_api_comprehensive.py::TestParameterAliasesAPI::test_02_create_parameter_alias PASSED [  4%]
backend/test/unit/api/test_api_comprehensive.py::TestParameterAliasesAPI::test_03_update_parameter_alias PASSED [  4%]
backend/test/unit/api/test_api_comprehensive.py::TestParameterAliasesAPI::test_04_set_preferred_alias PASSED [  4%]
backend/test/unit/api/test_api_comprehensive.py::TestParameterAliasesAPI::test_05_update_param_display_name FAILED [  4%]
backend/test/unit/api/test_api_comprehensive.py::TestIntegrationScenarios::test_01_full_event_workflow FAILED [  4%]
backend/test/unit/api/test_api_comprehensive.py::TestIntegrationScenarios::test_02_search_and_export_workflow SKIPPED [  4%]
backend/test/unit/api/test_api_comprehensive.py::TestIntegrationScenarios::test_03_canvas_to_hql_workflow SKIPPED [  4%]
backend/test/unit/api/test_api_comprehensive.py::TestErrorHandling::test_01_invalid_json FAILED [  4%]
backend/test/unit/api/test_api_comprehensive.py::TestErrorHandling::test_02_missing_required_fields PASSED [  4%]
backend/test/unit/api/test_api_comprehensive.py::TestErrorHandling::test_03_not_found_resource FAILED [  5%]
backend/test/unit/api/test_api_comprehensive.py::TestErrorHandling::test_04_invalid_game_context PASSED [  5%]
backend/test/unit/api/test_api_comprehensive.py::TestErrorHandling::test_05_invalid_pagination_params PASSED [  5%]
backend/test/unit/api/test_api_comprehensive.py::TestSecurityAndValidation::test_01_sql_injection_prevention PASSED [  5%]
backend/test/unit/api/test_api_comprehensive.py::TestSecurityAndValidation::test_02_xss_prevention FAILED [  5%]
backend/test/unit/api/test_api_comprehensive.py::TestSecurityAndValidation::test_03_large_payload_handling PASSED [  5%]
backend/test/unit/api/test_api_validation.py::TestAPIParameterValidation::test_api_response_format_consistency PASSED [  5%]
backend/test/unit/api/test_api_validation.py::TestAPIParameterValidation::test_create_event_invalid_game_id PASSED [  5%]
backend/test/unit/api/test_api_validation.py::TestAPIParameterValidation::test_create_event_invalid_json PASSED [  5%]
backend/test/unit/api/test_api_validation.py::TestAPIParameterValidation::test_create_event_missing_required_field PASSED [  5%]
backend/test/unit/api/test_api_validation.py::TestAPIParameterValidation::test_events_api_invalid_game_id PASSED [  5%]
backend/test/unit/api/test_api_validation.py::TestAPIParameterValidation::test_events_api_invalid_page_number PASSED [  6%]
backend/test/unit/api/test_api_validation.py::TestAPIParameterValidation::test_events_api_invalid_per_page PASSED [  6%]
backend/test/unit/api/test_api_validation.py::TestAPIParameterValidation::test_events_api_per_page_too_large PASSED [  6%]
backend/test/unit/api/test_api_validation.py::TestAPIParameterValidation::test_events_api_sql_injection_attempt PASSED [  6%]
backend/test/unit/api/test_api_validation.py::TestAPIParameterValidation::test_games_api_pagination_edge_cases PASSED [  6%]
backend/test/unit/api/test_event_api_with_categories.py::test_event_creation_with_api PASSED [  6%]
backend/test/unit/api/test_events_api.py::TestEventsAPIImport::test_import PASSED [  6%]
backend/test/unit/api/test_events_api.py::TestListEvents::test_list_events_success PASSED [  6%]
backend/test/unit/api/test_events_api.py::TestListEvents::test_list_events_with_game_filter PASSED [  6%]
backend/test/unit/api/test_events_api.py::TestListEvents::test_list_events_pagination PASSED [  6%]
backend/test/unit/api/test_events_api.py::TestListEvents::test_list_events_search PASSED [  6%]
backend/test/unit/api/test_events_api.py::TestListEvents::test_list_events_pagination_calculation PASSED [  7%]
backend/test/unit/api/test_events_api.py::TestCreateEvent::test_create_event_success PASSED [  7%]
backend/test/unit/api/test_events_api.py::TestCreateEvent::test_create_event_missing_fields PASSED [  7%]
backend/test/unit/api/test_events_api.py::TestCreateEvent::test_create_event_invalid_game_gid PASSED [  7%]
backend/test/unit/api/test_events_api.py::TestCreateEvent::test_create_event_invalid_category PASSED [  7%]
backend/test/unit/api/test_events_api.py::TestCreateEvent::test_create_event_xss_prevention PASSED [  7%]
backend/test/unit/api/test_events_api.py::TestCreateEvent::test_create_event_length_validation PASSED [  7%]
backend/test/unit/api/test_events_api.py::TestCreateEvent::test_create_event_with_parameters PASSED [  7%]
backend/test/unit/api/test_events_api.py::TestCreateEvent::test_create_event_table_generation PASSED [  7%]
backend/test/unit/api/test_events_api.py::TestGetEventDetail::test_get_event_success PASSED [  7%]
backend/test/unit/api/test_events_api.py::TestGetEventDetail::test_get_event_not_found PASSED [  8%]
backend/test/unit/api/test_events_api.py::TestGetEventDetail::test_get_event_requires_game_context PASSED [  8%]
backend/test/unit/api/test_events_api.py::TestGetEventDetail::test_get_event_game_gid_filter PASSED [  8%]
backend/test/unit/api/test_events_api.py::TestUpdateEvent::test_update_event_success PASSED [  8%]
backend/test/unit/api/test_events_api.py::TestUpdateEvent::test_update_event_not_found PASSED [  8%]
backend/test/unit/api/test_events_api.py::TestUpdateEvent::test_update_event_xss_prevention PASSED [  8%]
backend/test/unit/api/test_events_api.py::TestUpdateEvent::test_update_event_length_validation PASSED [  8%]
backend/test/unit/api/test_events_api.py::TestGetEventParameters::test_get_event_parameters_success PASSED [  8%]
backend/test/unit/api/test_events_api.py::TestGetEventParameters::test_get_event_parameters_not_found PASSED [  8%]
backend/test/unit/api/test_events_api.py::TestGetEventParameters::test_get_event_parameters_alias PASSED [  8%]
backend/test/unit/api/test_events_api.py::TestBatchDeleteEvents::test_batch_delete_success PASSED [  8%]
backend/test/unit/api/test_events_api.py::TestBatchDeleteEvents::test_batch_delete_invalid_ids PASSED [  9%]
backend/test/unit/api/test_events_api.py::TestBatchUpdateEvents::test_batch_update_success PASSED [  9%]
backend/test/unit/api/test_events_api.py::TestBatchUpdateEvents::test_batch_update_xss_prevention PASSED [  9%]
backend/test/unit/api/test_games_api.py::TestGamesAPIImport::test_import PASSED [  9%]
backend/test/unit/api/test_games_api.py::TestListGames::test_list_games_success PASSED [  9%]
backend/test/unit/api/test_games_api.py::TestListGames::test_list_games_with_data PASSED [  9%]
backend/test/unit/api/test_games_api.py::TestCreateGame::test_create_game_success PASSED [  9%]
backend/test/unit/api/test_games_api.py::TestCreateGame::test_create_game_missing_fields PASSED [  9%]
backend/test/unit/api/test_games_api.py::TestCreateGame::test_create_game_duplicate_gid PASSED [  9%]
backend/test/unit/api/test_games_api.py::TestCreateGame::test_create_game_invalid_gid_type PASSED [  9%]
backend/test/unit/api/test_games_api.py::TestCreateGame::test_create_game_xss_prevention PASSED [  9%]
backend/test/unit/api/test_games_api.py::TestGetGame::test_get_game_success PASSED [ 10%]
backend/test/unit/api/test_games_api.py::TestGetGame::test_get_game_not_found PASSED [ 10%]
backend/test/unit/api/test_games_api.py::TestUpdateGame::test_update_game_success PASSED [ 10%]
backend/test/unit/api/test_games_api.py::TestUpdateGame::test_update_game_not_found PASSED [ 10%]
backend/test/unit/api/test_games_api.py::TestUpdateGame::test_update_game_xss_prevention PASSED [ 10%]
backend/test/unit/api/test_games_api.py::TestUpdateGame::test_update_game_no_fields PASSED [ 10%]
backend/test/unit/api/test_games_api.py::TestDeleteGame::test_delete_game_success PASSED [ 10%]
backend/test/unit/api/test_games_api.py::TestDeleteGame::test_delete_game_not_found PASSED [ 10%]
backend/test/unit/api/test_games_api.py::TestDeleteGame::test_delete_game_with_events PASSED [ 10%]
backend/test/unit/api/test_games_api.py::TestBatchDeleteGames::test_batch_delete_success PASSED [ 10%]
backend/test/unit/api/test_games_api.py::TestBatchDeleteGames::test_batch_delete_with_events PASSED [ 10%]
backend/test/unit/api/test_games_api.py::TestBatchDeleteGames::test_batch_delete_invalid_ids PASSED [ 11%]
backend/test/unit/api/test_games_api.py::TestBatchUpdateGames::test_batch_update_success PASSED [ 11%]
backend/test/unit/api/test_games_api.py::TestBatchUpdateGames::test_batch_update_xss_prevention PASSED [ 11%]
backend/test/unit/api/test_games_delete_confirmation.py::TestGameDeleteConfirmation::test_delete_game_without_events_should_succeed_immediately PASSED [ 11%]
backend/test/unit/api/test_games_delete_confirmation.py::TestGameDeleteConfirmation::test_delete_game_with_events_without_confirm_should_return_409 PASSED [ 11%]
backend/test/unit/api/test_games_delete_confirmation.py::TestGameDeleteConfirmation::test_delete_game_with_events_with_confirm_should_succeed_and_cascade_delete PASSED [ 11%]
backend/test/unit/api/test_games_delete_confirmation.py::TestCheckDeletionImpact::test_check_impact_with_no_data_should_return_zero_counts PASSED [ 11%]
backend/test/unit/api/test_games_delete_confirmation.py::TestCheckDeletionImpact::test_check_impact_with_events_should_return_correct_counts PASSED [ 11%]
backend/test/unit/api/test_games_delete_confirmation.py::TestExecuteCascadeDelete::test_cascade_delete_should_remove_all_associated_data PASSED [ 11%]
backend/test/unit/api/test_games_delete_confirmation.py::TestExecuteCascadeDelete::test_cascade_delete_should_use_transaction_and_rollback_on_error SKIPPED [ 11%]
backend/test/unit/api/test_games_delete_confirmation.py::TestEdgeCases::test_delete_nonexistent_game_should_return_404 PASSED [ 12%]
backend/test/unit/api/test_games_delete_confirmation.py::TestEdgeCases::test_delete_with_invalid_confirm_param_should_be_treated_as_unconfirmed PASSED [ 12%]
backend/test/unit/api/test_games_delete_confirmation.py::TestEdgeCases::test_concurrent_delete_same_game_should_handle_gracefully PASSED [ 12%]
backend/test/unit/api/test_hql_history_enhancements.py::TestHQLHistorySaveEnhancements::test_save_select_type PASSED [ 12%]
backend/test/unit/api/test_hql_history_enhancements.py::TestHQLHistorySaveEnhancements::test_save_canvas_type PASSED [ 12%]
backend/test/unit/api/test_hql_history_enhancements.py::TestHQLHistorySaveEnhancements::test_save_ddl_type PASSED [ 12%]
backend/test/unit/api/test_hql_history_enhancements.py::TestHQLHistorySaveEnhancements::test_save_required_fields_validation PASSED [ 12%]
backend/test/unit/api/test_hql_history_enhancements.py::TestHQLHistorySaveEnhancements::test_save_invalid_hql_type PASSED [ 12%]
backend/test/unit/api/test_hql_history_enhancements.py::TestHQLHistorySearch::test_search_by_keyword FAILED [ 12%]
backend/test/unit/api/test_hql_history_enhancements.py::TestHQLHistorySearch::test_search_by_hql_type FAILED [ 12%]
backend/test/unit/api/test_hql_history_enhancements.py::TestHQLHistorySearch::test_search_by_game_gid FAILED [ 12%]
backend/test/unit/api/test_hql_history_enhancements.py::TestHQLHistorySearch::test_search_by_user_id FAILED [ 13%]
backend/test/unit/api/test_hql_history_enhancements.py::TestHQLHistorySearch::test_search_with_date_range FAILED [ 13%]
backend/test/unit/api/test_hql_history_enhancements.py::TestHQLHistorySearch::test_search_with_pagination FAILED [ 13%]
backend/test/unit/api/test_hql_history_enhancements.py::TestHQLHistorySearch::test_search_invalid_limit PASSED [ 13%]
backend/test/unit/api/test_hql_history_enhancements.py::TestHQLHistorySearch::test_search_invalid_offset PASSED [ 13%]
backend/test/unit/api/test_hql_history_enhancements.py::TestHQLHistoryGlobalSearch::test_global_search_by_keyword FAILED [ 13%]
backend/test/unit/api/test_hql_history_enhancements.py::TestHQLHistoryGlobalSearch::test_global_search_by_hql_type FAILED [ 13%]
backend/test/unit/api/test_hql_history_enhancements.py::TestHQLHistoryGlobalSearch::test_global_search_pagination FAILED [ 13%]
backend/test/unit/api/test_hql_history_enhancements.py::TestHQLHistoryGlobalSearch::test_global_search_response_structure FAILED [ 13%]
backend/test/unit/backend/api/test_categories_api.py::test_get_categories_requires_game_gid PASSED [ 13%]
backend/test/unit/backend/api/test_categories_api.py::test_get_categories_with_valid_game_gid PASSED [ 13%]
backend/test/unit/backend/api/test_categories_api.py::test_get_categories_with_nonexistent_game_gid PASSED [ 14%]
backend/test/unit/backend/api/test_categories_api.py::test_get_categories_with_invalid_game_gid_format PASSED [ 14%]
backend/test/unit/backend/api/test_categories_api.py::test_get_categories_event_counts_filtered_by_game PASSED [ 14%]
backend/test/unit/cache/test_invalidator_enhanced.py::TestCacheInvalidator::test_invalidate_key PASSED [ 14%]
backend/test/unit/cache/test_invalidator_enhanced.py::TestCacheInvalidator::test_invalidate_pattern PASSED [ 14%]
backend/test/unit/cache/test_invalidator_enhanced.py::TestCacheInvalidator::test_invalidate_game_related PASSED [ 14%]
backend/test/unit/cache/test_invalidator_enhanced.py::TestCacheInvalidator::test_invalidate_event_related PASSED [ 14%]
backend/test/unit/cache/test_invalidator_enhanced.py::TestCacheInvalidator::test_invalidate_batch PASSED [ 14%]
backend/test/unit/cache/test_invalidator_enhanced.py::TestCacheInvalidator::test_clear_all PASSED [ 14%]
backend/test/unit/cache/test_invalidator_enhanced.py::TestInvalidatorIntegration::test_full_invalidation_flow PASSED [ 14%]
backend/test/unit/cache/test_protection_enhanced.py::TestBloomFilter::test_bloom_filter_availability PASSED [ 14%]
backend/test/unit/cache/test_protection_enhanced.py::TestBloomFilter::test_add_to_bloom_filter PASSED [ 15%]
backend/test/unit/cache/test_protection_enhanced.py::TestBloomFilter::test_bloom_filter_reject PASSED [ 15%]
backend/test/unit/cache/test_protection_enhanced.py::TestBloomFilter::test_get_with_bloom_filter PASSED [ 15%]
backend/test/unit/cache/test_protection_enhanced.py::TestDistributedLock::test_lock_context_manager PASSED [ 15%]
backend/test/unit/cache/test_protection_enhanced.py::TestDistributedLock::test_lock_timeout PASSED [ 15%]
backend/test/unit/cache/test_protection_enhanced.py::TestDistributedLock::test_get_with_lock PASSED [ 15%]
backend/test/unit/cache/test_protection_enhanced.py::TestTTLRandomization::test_set_with_random_ttl PASSED [ 15%]
backend/test/unit/cache/test_protection_enhanced.py::TestFullProtection::test_get_with_full_protection PASSED [ 15%]
backend/test/unit/cache/test_protection_enhanced.py::TestFullProtection::test_empty_value_caching FAILED [ 15%]
backend/test/unit/cache/test_protection_enhanced.py::TestStatistics::test_get_stats PASSED [ 15%]
backend/test/unit/cache/test_protection_enhanced.py::TestStatistics::test_reset_stats PASSED [ 16%]
backend/test/unit/cache/test_statistics_enhanced.py::TestCacheStatistics::test_record_access PASSED [ 16%]
backend/test/unit/cache/test_statistics_enhanced.py::TestCacheStatistics::test_get_hit_rate_stats PASSED [ 16%]
backend/test/unit/cache/test_statistics_enhanced.py::TestCacheStatistics::test_get_performance_stats PASSED [ 16%]
backend/test/unit/cache/test_statistics_enhanced.py::TestCacheStatistics::test_get_hot_keys PASSED [ 16%]
backend/test/unit/cache/test_statistics_enhanced.py::TestCacheStatistics::test_record_performance_snapshot PASSED [ 16%]
backend/test/unit/cache/test_statistics_enhanced.py::TestCacheStatistics::test_get_performance_trend PASSED [ 16%]
backend/test/unit/cache/test_statistics_enhanced.py::TestCacheStatistics::test_get_detailed_stats PASSED [ 16%]
backend/test/unit/cache/test_statistics_enhanced.py::TestCacheStatistics::test_reset_stats PASSED [ 16%]
backend/test/unit/cache/test_statistics_enhanced.py::TestCacheStatistics::test_cleanup_old_records PASSED [ 16%]
backend/test/unit/cache/test_statistics_enhanced.py::TestStatisticsIntegration::test_full_statistics_flow PASSED [ 16%]
backend/test/unit/canvas/canvas_service_test.py::TestCanvasService::test_get_flow_uses_repository PASSED [ 17%]
backend/test/unit/canvas/canvas_service_test.py::TestCanvasService::test_create_flow_uses_repository_and_cache_invalidation PASSED [ 17%]
backend/test/unit/canvas/canvas_service_test.py::TestCanvasService::test_update_flow_uses_repository_and_cache_invalidation PASSED [ 17%]
backend/test/unit/canvas/canvas_service_test.py::TestCanvasService::test_get_flows_by_game_uses_repository PASSED [ 17%]
backend/test/unit/canvas/canvas_service_test.py::TestCanvasService::test_get_all_flows_uses_repository PASSED [ 17%]
backend/test/unit/canvas/canvas_service_test.py::TestCanvasService::test_delete_flow_uses_repository_and_cache_invalidation PASSED [ 17%]
backend/test/unit/canvas/canvas_service_test.py::TestCanvasService::test_get_event_node_uses_repository PASSED [ 17%]
backend/test/unit/canvas/canvas_service_test.py::TestCanvasService::test_create_event_node_uses_repository_and_cache_invalidation PASSED [ 17%]
backend/test/unit/canvas/canvas_service_test.py::TestCanvasService::test_update_event_node_uses_repository_and_cache_invalidation PASSED [ 17%]
backend/test/unit/canvas/canvas_service_test.py::TestCanvasService::test_delete_event_node_uses_repository_and_cache_invalidation PASSED [ 17%]
backend/test/unit/canvas/canvas_service_test.py::TestCanvasService::test_export_flow_config_uses_repository PASSED [ 17%]
backend/test/unit/canvas/canvas_service_test.py::TestCanvasService::test_export_flow_hql_uses_repository PASSED [ 18%]
backend/test/unit/canvas/canvas_service_test.py::TestCanvasService::test_validate_flow_uses_service_method PASSED [ 18%]
backend/test/unit/canvas/canvas_service_test.py::TestCanvasService::test_prepare_flow_for_generation_uses_service_method PASSED [ 18%]
backend/test/unit/core/test_common.py::TestValidateFormFields::test_validate_all_required_fields_present PASSED [ 18%]
backend/test/unit/core/test_common.py::TestValidateFormFields::test_validate_missing_required_field PASSED [ 18%]
backend/test/unit/core/test_common.py::TestValidateFormFields::test_validate_fields_with_stripping PASSED [ 18%]
backend/test/unit/core/test_common.py::TestValidateFormFields::test_validate_empty_field PASSED [ 18%]
backend/test/unit/core/test_common.py::TestValidateFormFields::test_validate_custom_error_message PASSED [ 18%]
backend/test/unit/core/test_common.py::TestValidateFormFields::test_validate_optional_fields PASSED [ 18%]
backend/test/unit/core/test_common.py::TestParseFormListFields::test_parse_array_fields PASSED [ 18%]
backend/test/unit/core/test_common.py::TestParseFormListFields::test_parse_with_stripping PASSED [ 18%]
backend/test/unit/core/test_common.py::TestParseFormListFields::test_parse_empty_array PASSED [ 19%]
backend/test/unit/core/test_common.py::TestParseFormListFields::test_parse_multiple_fields PASSED [ 19%]
backend/test/unit/core/test_common.py::TestClearEntityCaches::test_clear_event_cache PASSED [ 19%]
backend/test/unit/core/test_common.py::TestClearEntityCaches::test_clear_game_cache PASSED [ 19%]
backend/test/unit/core/test_common.py::TestClearEntityCaches::test_clear_parameter_cache PASSED [ 19%]
backend/test/unit/core/test_common.py::TestClearEntityCaches::test_clear_unknown_entity_type PASSED [ 19%]
backend/test/unit/core/test_common.py::TestClearEntityCaches::test_clear_cache_with_error_handling PASSED [ 19%]
backend/test/unit/core/test_common.py::TestGetReferenceData::test_get_games_data PASSED [ 19%]
backend/test/unit/core/test_common.py::TestGetReferenceData::test_get_event_categories PASSED [ 19%]
backend/test/unit/core/test_common.py::TestGetReferenceData::test_get_multiple_data_types PASSED [ 19%]
backend/test/unit/core/test_common.py::TestGetReferenceData::test_get_unknown_data_type PASSED [ 20%]
backend/test/unit/core/test_common.py::TestGenerateDWDTableNames::test_generate_table_names_basic PASSED [ 20%]
backend/test/unit/core/test_common.py::TestGenerateDWDTableNames::test_generate_table_names_overwrite_ods_db PASSED [ 20%]
backend/test/unit/core/test_common.py::TestGenerateDWDTableNames::test_generate_table_names_overseas_game PASSED [ 20%]
backend/test/unit/core/test_common.py::TestGenerateDWDTableNames::test_generate_table_names_with_dots_in_event_name PASSED [ 20%]
backend/test/unit/core/test_common.py::TestGenerateDWDTableNames::test_generate_table_names_consistency PASSED [ 20%]
backend/test/unit/core/test_core_utils.py::TestFetchFunctions::test_fetch_one_as_dict_success PASSED [ 20%]
backend/test/unit/core/test_core_utils.py::TestFetchFunctions::test_fetch_one_as_dict_not_found PASSED [ 20%]
backend/test/unit/core/test_core_utils.py::TestFetchFunctions::test_fetch_all_as_dict PASSED [ 20%]
backend/test/unit/core/test_core_utils.py::TestExecuteWrite::test_execute_write_insert PASSED [ 20%]
backend/test/unit/core/test_core_utils.py::TestExecuteWrite::test_execute_write_update PASSED [ 20%]
backend/test/unit/core/test_core_utils.py::TestJSONResponses::test_json_success_response PASSED [ 21%]
backend/test/unit/core/test_core_utils.py::TestJSONResponses::test_json_error_response PASSED [ 21%]
backend/test/unit/core/test_core_utils.py::TestJSONResponses::test_json_error_response_with_code PASSED [ 21%]
backend/test/unit/core/test_core_utils.py::TestValidationFunctions::test_validate_json_request_success PASSED [ 21%]
backend/test/unit/core/test_core_utils.py::TestValidationFunctions::test_validate_json_request_missing_field PASSED [ 21%]
backend/test/unit/core/test_core_utils.py::TestValidationFunctions::test_safe_int_convert_valid PASSED [ 21%]
backend/test/unit/core/test_core_utils.py::TestValidationFunctions::test_safe_int_convert_invalid PASSED [ 21%]
backend/test/unit/core/test_environment_config.py::TestEnvironmentDetection::test_default_environment_returns_production_db PASSED [ 21%]
backend/test/unit/core/test_environment_config.py::TestEnvironmentDetection::test_testing_environment_returns_test_db PASSED [ 21%]
backend/test/unit/core/test_environment_config.py::TestEnvironmentDetection::test_development_environment_returns_dev_db PASSED [ 21%]
backend/test/unit/core/test_environment_config.py::TestEnvironmentDetection::test_environment_case_insensitive PASSED [ 21%]
backend/test/unit/core/test_environment_config.py::TestDatabaseIsolation::test_production_db_exists_as_file PASSED [ 22%]
backend/test/unit/core/test_environment_config.py::TestDatabaseIsolation::test_test_db_separate_from_production PASSED [ 22%]
backend/test/unit/core/test_environment_config.py::TestDatabaseIsolation::test_dev_db_separate_from_production PASSED [ 22%]
backend/test/unit/core/test_environment_config.py::TestDatabaseIsolation::test_all_three_environments_use_different_dbs PASSED [ 22%]
backend/test/unit/core/test_environment_config.py::TestEnvironmentFiles::test_env_test_file_should_exist PASSED [ 22%]
backend/test/unit/core/test_environment_config.py::TestEnvironmentFiles::test_env_development_file_should_exist PASSED [ 22%]
backend/test/unit/core/test_environment_config.py::TestEnvironmentFiles::test_env_production_file_should_exist PASSED [ 22%]
backend/test/unit/core/test_graph_utils.py::TestBuildGraphFromEdges::test_build_simple_graph FAILED [ 22%]
backend/test/unit/core/test_graph_utils.py::TestBuildGraphFromEdges::test_build_graph_with_missing_nodes FAILED [ 22%]
backend/test/unit/core/test_graph_utils.py::TestBuildGraphFromEdges::test_build_empty_graph FAILED [ 22%]
backend/test/unit/core/test_graph_utils.py::TestBuildGraphFromEdges::test_build_graph_with_multiple_edges FAILED [ 22%]
backend/test/unit/core/test_graph_utils.py::TestBFSTraversal::test_bfs_simple_path FAILED [ 23%]
backend/test/unit/core/test_graph_utils.py::TestBFSTraversal::test_bfs_multiple_start_nodes FAILED [ 23%]
backend/test/unit/core/test_graph_utils.py::TestBFSTraversal::test_bfs_disconnected_graph FAILED [ 23%]
backend/test/unit/core/test_graph_utils.py::TestBFSTraversal::test_bfs_empty_graph FAILED [ 23%]
backend/test/unit/core/test_graph_utils.py::TestBFSTraversal::test_bfs_cycle_handling FAILED [ 23%]
backend/test/unit/core/test_graph_utils.py::TestDFSTraversal::test_dfs_simple_path FAILED [ 23%]
backend/test/unit/core/test_graph_utils.py::TestDFSTraversal::test_dfs_empty_graph FAILED [ 23%]
backend/test/unit/core/test_graph_utils.py::TestFindIsolatedNodes::test_find_isolated_simple FAILED [ 23%]
backend/test/unit/core/test_graph_utils.py::TestFindIsolatedNodes::test_find_isolated_with_ignore_types FAILED [ 23%]
backend/test/unit/core/test_graph_utils.py::TestFindIsolatedNodes::test_find_isolated_empty_nodes FAILED [ 23%]
backend/test/unit/core/test_graph_utils.py::TestFindIsolatedNodes::test_find_isolated_all_connected FAILED [ 24%]
backend/test/unit/core/test_graph_utils.py::TestDetectCyclesDFS::test_detect_simple_cycle FAILED [ 24%]
backend/test/unit/core/test_graph_utils.py::TestDetectCyclesDFS::test_detect_self_loop FAILED [ 24%]
backend/test/unit/core/test_graph_utils.py::TestDetectCyclesDFS::test_detect_no_cycles FAILED [ 24%]
backend/test/unit/core/test_graph_utils.py::TestDetectCyclesDFS::test_detect_multiple_cycles FAILED [ 24%]
backend/test/unit/core/test_graph_utils.py::TestCountNodeConnections::test_count_connections_simple FAILED [ 24%]
backend/test/unit/core/test_graph_utils.py::TestCountNodeConnections::test_count_connections_with_bidirectional FAILED [ 24%]
backend/test/unit/core/test_graph_utils.py::TestCountNodeConnections::test_count_connections_empty FAILED [ 24%]
backend/test/unit/core/test_graph_utils.py::TestFindStartNodes::test_find_start_simple FAILED [ 24%]
backend/test/unit/core/test_graph_utils.py::TestFindStartNodes::test_find_start_multiple FAILED [ 24%]
backend/test/unit/core/test_graph_utils.py::TestFindStartNodes::test_find_start_with_ignore_types FAILED [ 24%]
backend/test/unit/core/test_graph_utils.py::TestFindEndNodes::test_find_end_simple FAILED [ 25%]
backend/test/unit/core/test_graph_utils.py::TestFindEndNodes::test_find_end_with_actual_end FAILED [ 25%]
backend/test/unit/core/test_graph_utils.py::TestFindEndNodes::test_find_end_multiple FAILED [ 25%]
backend/test/unit/core/test_performance_modes.py::test_performance_mode_detection PASSED [ 25%]
backend/test/unit/core/test_performance_modes.py::test_performance_mode_switching PASSED [ 25%]
backend/test/unit/core/test_performance_modes.py::test_performance_history_tracking PASSED [ 25%]
backend/test/unit/core/test_performance_modes.py::test_css_class_management PASSED [ 25%]
backend/test/unit/core/test_performance_modes.py::test_performance_thresholds PASSED [ 25%]
backend/test/unit/core/test_performance_modes.py::test_auto_detection_interval PASSED [ 25%]
backend/test/unit/core/test_sql_builder.py::TestAggregateFunctionBuilder::test_build_count PASSED [ 25%]
backend/test/unit/core/test_sql_builder.py::TestAggregateFunctionBuilder::test_build_count_with_wildcard PASSED [ 25%]
backend/test/unit/core/test_sql_builder.py::TestAggregateFunctionBuilder::test_build_sum PASSED [ 26%]
backend/test/unit/core/test_sql_builder.py::TestAggregateFunctionBuilder::test_build_avg PASSED [ 26%]
backend/test/unit/core/test_sql_builder.py::TestAggregateFunctionBuilder::test_build_min PASSED [ 26%]
backend/test/unit/core/test_sql_builder.py::TestAggregateFunctionBuilder::test_build_max PASSED [ 26%]
backend/test/unit/core/test_sql_builder.py::TestAggregateFunctionBuilder::test_build_count_distinct PASSED [ 26%]
backend/test/unit/core/test_sql_builder.py::TestAggregateFunctionBuilder::test_build_case_insensitive PASSED [ 26%]
backend/test/unit/core/test_sql_builder.py::TestAggregateFunctionBuilder::test_build_unknown_function PASSED [ 26%]
backend/test/unit/core/test_sql_builder.py::TestAggregateFunctionBuilder::test_custom_builder PASSED [ 26%]
backend/test/unit/core/test_sql_builder.py::TestAggregateFunctionBuilder::test_register_aggregate_function PASSED [ 26%]
backend/test/unit/core/test_sql_builder.py::TestGetFieldName::test_get_fieldname_key PASSED [ 26%]
backend/test/unit/core/test_sql_builder.py::TestGetFieldName::test_get_fallback_key PASSED [ 26%]
backend/test/unit/core/test_sql_builder.py::TestGetFieldName::test_get_fieldname_priority PASSED [ 27%]
backend/test/unit/core/test_sql_builder.py::TestGetFieldName::test_get_custom_fallback PASSED [ 27%]
backend/test/unit/core/test_sql_builder.py::TestGetFieldName::test_get_fieldname_empty PASSED [ 27%]
backend/test/unit/core/test_sql_builder.py::TestNormalizeFieldList::test_normalize_simple_fields PASSED [ 27%]
backend/test/unit/core/test_sql_builder.py::TestNormalizeFieldList::test_normalize_with_fieldname_key PASSED [ 27%]
backend/test/unit/core/test_sql_builder.py::TestNormalizeFieldList::test_normalize_with_name_key PASSED [ 27%]
backend/test/unit/core/test_sql_builder.py::TestNormalizeFieldList::test_normalize_default_values PASSED [ 27%]
backend/test/unit/core/test_sql_builder.py::TestNormalizeFieldList::test_normalize_with_fieldtype PASSED [ 27%]
backend/test/unit/core/test_sql_builder.py::TestNormalizeFieldList::test_normalize_multiple_fields PASSED [ 27%]
backend/test/unit/core/test_sql_builder.py::TestJoinBuilder::test_build_inner_join PASSED [ 27%]
backend/test/unit/core/test_sql_builder.py::TestJoinBuilder::test_build_left_join PASSED [ 28%]
backend/test/unit/core/test_sql_builder.py::TestJoinBuilder::test_build_right_join PASSED [ 28%]
backend/test/unit/core/test_sql_builder.py::TestJoinBuilder::test_build_full_join PASSED [ 28%]
backend/test/unit/core/test_sql_builder.py::TestJoinBuilder::test_build_cross_join PASSED [ 28%]
backend/test/unit/core/test_sql_builder.py::TestJoinBuilder::test_build_join_case_insensitive PASSED [ 28%]
backend/test/unit/core/test_sql_builder.py::TestJoinBuilder::test_build_join_default_inner PASSED [ 28%]
backend/test/unit/core/test_sql_builder.py::TestGroupByBuilder::test_build_group_by_single_field PASSED [ 28%]
backend/test/unit/core/test_sql_builder.py::TestGroupByBuilder::test_build_group_by_multiple_fields PASSED [ 28%]
backend/test/unit/core/test_sql_builder.py::TestGroupByBuilder::test_build_group_by_empty_fields PASSED [ 28%]
backend/test/unit/core/test_sql_builder.py::TestGroupByBuilder::test_build_group_by_with_name_key PASSED [ 28%]
backend/test/unit/core/test_sql_builder.py::TestGroupByBuilder::test_build_group_by_with_empty_fieldnames PASSED [ 28%]
backend/test/unit/core/test_utils_comprehensive.py::TestSanitizationFunctions::test_sanitize_html_script_tags PASSED [ 29%]
backend/test/unit/core/test_utils_comprehensive.py::TestSanitizationFunctions::test_sanitize_html_iframe_tags PASSED [ 29%]
backend/test/unit/core/test_utils_comprehensive.py::TestSanitizationFunctions::test_sanitize_html_event_handlers PASSED [ 29%]
backend/test/unit/core/test_utils_comprehensive.py::TestSanitizationFunctions::test_sanitize_html_javascript_protocol PASSED [ 29%]
backend/test/unit/core/test_utils_comprehensive.py::TestSanitizationFunctions::test_sanitize_html_data_protocol PASSED [ 29%]
backend/test/unit/core/test_utils_comprehensive.py::TestSanitizationFunctions::test_sanitize_html_special_characters PASSED [ 29%]
backend/test/unit/core/test_utils_comprehensive.py::TestSanitizationFunctions::test_sanitize_html_empty_input PASSED [ 29%]
backend/test/unit/core/test_utils_comprehensive.py::TestValidationFunctions::test_sanitize_and_validate_string_success PASSED [ 29%]
backend/test/unit/core/test_utils_comprehensive.py::TestValidationFunctions::test_sanitize_and_validate_string_empty PASSED [ 29%]
backend/test/unit/core/test_utils_comprehensive.py::TestValidationFunctions::test_sanitize_and_validate_string_too_long PASSED [ 29%]
backend/test/unit/core/test_utils_comprehensive.py::TestValidationFunctions::test_sanitize_and_validate_string_xss_prevention PASSED [ 29%]
backend/test/unit/core/test_utils_comprehensive.py::TestValidationFunctions::test_validate_game_gid_valid PASSED [ 30%]
backend/test/unit/core/test_utils_comprehensive.py::TestValidationFunctions::test_validate_game_gid_invalid PASSED [ 30%]
backend/test/unit/core/test_utils_extra.py::TestSuccessResponse::test_success_response_basic PASSED [ 30%]
backend/test/unit/core/test_utils_extra.py::TestSuccessResponse::test_success_response_with_data PASSED [ 30%]
backend/test/unit/core/test_utils_extra.py::TestSuccessResponse::test_success_response_with_message PASSED [ 30%]
backend/test/unit/core/test_utils_extra.py::TestSuccessResponse::test_success_response_with_status_code PASSED [ 30%]
backend/test/unit/core/test_utils_extra.py::TestSuccessResponse::test_success_response_with_extra_fields PASSED [ 30%]
backend/test/unit/core/test_utils_extra.py::TestErrorResponse::test_error_response_basic PASSED [ 30%]
backend/test/unit/core/test_utils_extra.py::TestErrorResponse::test_error_response_with_status_code PASSED [ 30%]
backend/test/unit/core/test_utils_extra.py::TestErrorResponse::test_error_response_with_extra_fields PASSED [ 30%]
backend/test/unit/core/test_utils_extra.py::TestUtilityFunctions::test_timestamp_format PASSED [ 30%]
backend/test/unit/core/test_utils_extra.py::TestUtilityFunctions::test_response_structure PASSED [ 31%]
backend/test/unit/core/cache/test_cache_e2e.py::test_api_cache_performance PASSED [ 31%]
backend/test/unit/core/cache/test_cache_protection.py::test_ttl_jitter PASSED [ 31%]
backend/test/unit/core/cache/test_cache_protection.py::test_empty_cache PASSED [ 31%]
backend/test/unit/core/cache/test_cache_protection.py::test_combined_protection PASSED [ 31%]
backend/test/unit/core/cache/test_cache_simple.py::test_cache_basic_functionality PASSED [ 31%]
backend/test/unit/core/cache/test_cache_system.py::TestCacheKeyBuilder::test_build_no_params PASSED [ 31%]
backend/test/unit/core/cache/test_cache_system.py::TestCacheKeyBuilder::test_build_with_params PASSED [ 31%]
backend/test/unit/core/cache/test_cache_system.py::TestCacheKeyBuilder::test_build_param_ordering PASSED [ 31%]
backend/test/unit/core/cache/test_cache_system.py::TestCacheKeyBuilder::test_build_with_string_params PASSED [ 31%]
backend/test/unit/core/cache/test_cache_system.py::TestCacheKeyBuilder::test_build_pattern_no_params PASSED [ 32%]
backend/test/unit/core/cache/test_cache_system.py::TestCacheKeyBuilder::test_build_prefix_constant PASSED [ 32%]
backend/test/unit/core/cache/test_cache_system.py::TestCacheKeyBuilder::test_build_multiple_params PASSED [ 32%]
backend/test/unit/core/cache/test_cache_system.py::TestCacheKeyBuilder::test_build_with_special_chars PASSED [ 32%]
backend/test/unit/core/cache/test_cache_system.py::TestCacheKeyBuilder::test_build_consistency PASSED [ 32%]
backend/test/unit/core/cache/test_cache_system.py::TestCacheKeyBuilder::test_build_different_params PASSED [ 32%]
backend/test/unit/core/cache/test_cache_system.py::TestCacheKeyBuilder::test_cache_key_prefix PASSED [ 32%]
backend/test/unit/core/cache/test_cache_system.py::TestCacheKeyBuilder::test_cache_key_namespace PASSED [ 32%]
backend/test/unit/core/cache/test_hierarchical_cache.py::TestHierarchicalCache::test_cache_invalidation PASSED [ 32%]
backend/test/unit/core/cache/test_hierarchical_cache.py::TestHierarchicalCache::test_decorator_cached_hierarchical PASSED [ 32%]
backend/test/unit/core/cache/test_hierarchical_cache.py::TestHierarchicalCache::test_l1_cache_expiration PASSED [ 32%]
backend/test/unit/core/cache/test_hierarchical_cache.py::TestHierarchicalCache::test_l1_cache_hit PASSED [ 33%]
backend/test/unit/core/cache/test_hierarchical_cache.py::TestHierarchicalCache::test_l1_cache_set_and_get PASSED [ 33%]
backend/test/unit/core/cache/test_hierarchical_cache.py::TestHierarchicalCache::test_l1_lru_eviction PASSED [ 33%]
backend/test/unit/core/cache/test_hierarchical_cache.py::TestHierarchicalCache::test_l2_cache_hit_with_l1_warmup PASSED [ 33%]
backend/test/unit/core/cache/test_hierarchical_cache.py::TestHierarchicalCache::test_l2_cache_miss PASSED [ 33%]
backend/test/unit/core/cache/test_hierarchical_cache.py::TestHierarchicalCache::test_pattern_invalidation PASSED [ 33%]
backend/test/unit/core/cache/test_hierarchical_cache.py::TestHierarchicalCache::test_stats_reset PASSED [ 33%]
backend/test/unit/core/cache/test_hierarchical_cache.py::TestCacheWarmer::test_periodic_warmup_thread FAILED [ 33%]
backend/test/unit/core/cache/test_hierarchical_cache.py::TestCacheWarmer::test_warmup_games PASSED [ 33%]
backend/test/unit/core/cache/test_hierarchical_cache.py::TestCacheWarmer::test_warmup_hot_events PASSED [ 33%]
backend/test/unit/core/cache/test_hql_v2_cache_performance.py::TestHQLV2CachePerformance::test_cache_hit_on_second_request FAILED [ 33%]
backend/test/unit/core/cache/test_hql_v2_cache_performance.py::TestHQLV2CachePerformance::test_cache_miss_on_different_config FAILED [ 34%]
backend/test/unit/core/cache/test_hql_v2_cache_performance.py::TestHQLV2CachePerformance::test_cache_stats_api FAILED [ 34%]
backend/test/unit/core/cache/test_hql_v2_cache_performance.py::TestHQLV2CachePerformance::test_cache_clear_api PASSED [ 34%]
backend/test/unit/core/cache/test_hql_v2_cache_performance.py::TestHQLV2CachePerformance::test_performance_with_included_options FAILED [ 34%]
backend/test/unit/core/cache/test_hql_v2_cache_performance.py::TestHQLV2CachePerformance::test_cache_includes_performance_data FAILED [ 34%]
backend/test/unit/core/cache/test_monitoring_enhanced.py::TestCacheMetrics::test_initial_state PASSED [ 34%]
backend/test/unit/core/cache/test_monitoring_enhanced.py::TestCacheMetrics::test_record_hit PASSED [ 34%]
backend/test/unit/core/cache/test_monitoring_enhanced.py::TestCacheMetrics::test_record_miss PASSED [ 34%]
backend/test/unit/core/cache/test_monitoring_enhanced.py::TestCacheMetrics::test_hit_rate_calculation PASSED [ 34%]
backend/test/unit/core/cache/test_monitoring_enhanced.py::TestCacheMetrics::test_response_time_averaging PASSED [ 34%]
backend/test/unit/core/cache/test_monitoring_enhanced.py::TestCacheMetrics::test_snapshot PASSED [ 34%]
backend/test/unit/core/cache/test_monitoring_enhanced.py::TestCacheMetrics::test_reset PASSED [ 35%]
backend/test/unit/core/cache/test_monitoring_enhanced.py::TestCacheMonitor::test_initial_state PASSED [ 35%]
backend/test/unit/core/cache/test_monitoring_enhanced.py::TestCacheMonitor::test_record_cache_operation_hit PASSED [ 35%]
backend/test/unit/core/cache/test_monitoring_enhanced.py::TestCacheMonitor::test_record_cache_operation_miss PASSED [ 35%]
backend/test/unit/core/cache/test_monitoring_enhanced.py::TestCacheMonitor::test_alert_low_hit_rate PASSED [ 35%]
backend/test/unit/core/cache/test_monitoring_enhanced.py::TestCacheMonitor::test_alert_slow_response PASSED [ 35%]
backend/test/unit/core/cache/test_monitoring_enhanced.py::TestCacheMonitor::test_performance_summary PASSED [ 35%]
backend/test/unit/core/cache/test_monitoring_enhanced.py::TestGlobalMonitor::test_get_cache_monitor PASSED [ 35%]
backend/test/unit/core/cache/test_monitoring_enhanced.py::TestGlobalMonitor::test_record_cache_operation_global PASSED [ 35%]
backend/test/unit/core/database/test_database.py::TestDatabaseConnection::test_get_db_connection PASSED [ 35%]
backend/test/unit/core/database/test_database.py::TestDatabaseConnection::test_get_db_connection_singleton PASSED [ 36%]
backend/test/unit/core/database/test_database.py::TestDatabaseInit::test_init_db_creates_tables SKIPPED [ 36%]
backend/test/unit/core/database/test_database.py::TestDatabaseOperations::test_execute_write_insert PASSED [ 36%]
backend/test/unit/core/database/test_database.py::TestDatabaseOperations::test_execute_write_delete FAILED [ 36%]
backend/test/unit/core/database/test_database.py::TestDatabaseOperations::test_execute_write_update FAILED [ 36%]
backend/test/unit/core/database/test_database.py::TestDatabaseTransactions::test_transaction_commit FAILED [ 36%]
backend/test/unit/core/database/test_database.py::TestDatabaseTransactions::test_transaction_rollback PASSED [ 36%]
backend/test/unit/core/database/test_database_module.py::TestDatabaseConnection::test_import PASSED [ 36%]
backend/test/unit/core/database/test_database_module.py::TestDatabaseConnection::test_get_db_connection_returns_connection PASSED [ 36%]
backend/test/unit/core/database/test_database_module.py::TestDatabaseConnection::test_get_db_connection_wal_mode PASSED [ 36%]
backend/test/unit/core/database/test_database_module.py::TestDatabaseConnection::test_get_db_context_manager PASSED [ 36%]
backend/test/unit/core/database/test_database_module.py::TestDatabasePath::test_get_db_connection_default_path PASSED [ 37%]
backend/test/unit/core/database/test_database_module.py::TestDatabasePath::test_get_db_connection_custom_path PASSED [ 37%]
backend/test/unit/core/security/test_crypto.py::TestSecureHasher::test_hash_string_sha256 PASSED [ 37%]
backend/test/unit/core/security/test_crypto.py::TestSecureHasher::test_hash_string_consistency PASSED [ 37%]
backend/test/unit/core/security/test_crypto.py::TestSecureHasher::test_hash_string_different_inputs PASSED [ 37%]
backend/test/unit/core/security/test_crypto.py::TestSecureHasher::test_hash_string_sha512 PASSED [ 37%]
backend/test/unit/core/security/test_crypto.py::TestSecureHasher::test_hash_string_unsupported_algorithm PASSED [ 37%]
backend/test/unit/core/security/test_crypto.py::TestSecureHasher::test_hash_object_simple_dict PASSED [ 37%]
backend/test/unit/core/security/test_crypto.py::TestSecureHasher::test_hash_object_dict_sort_keys PASSED [ 37%]
backend/test/unit/core/security/test_crypto.py::TestSecureHasher::test_hash_object_list PASSED [ 37%]
backend/test/unit/core/security/test_crypto.py::TestSecureHasher::test_hash_object_nested_structure PASSED [ 37%]
backend/test/unit/core/security/test_crypto.py::TestSecureHasher::test_hash_object_consistency PASSED [ 38%]
backend/test/unit/core/security/test_crypto.py::TestSecureHasher::test_hash_file_small_file FAILED [ 38%]
backend/test/unit/core/security/test_crypto.py::TestSecureHasher::test_hash_file_large_file FAILED [ 38%]
backend/test/unit/core/security/test_crypto.py::TestSecureHasher::test_hash_file_consistency FAILED [ 38%]
backend/test/unit/core/security/test_crypto.py::TestSecureHasher::test_hash_file_not_found FAILED [ 38%]
backend/test/unit/core/security/test_crypto.py::TestConvenienceFunctions::test_compute_hash_string PASSED [ 38%]
backend/test/unit/core/security/test_crypto.py::TestConvenienceFunctions::test_compute_hash_object PASSED [ 38%]
backend/test/unit/core/security/test_crypto.py::TestConvenienceFunctions::test_compute_cache_key PASSED [ 38%]
backend/test/unit/core/security/test_crypto.py::TestConvenienceFunctions::test_compute_cache_key_consistency PASSED [ 38%]
backend/test/unit/core/security/test_crypto.py::TestSecurityProperties::test_avoids_md5 PASSED [ 38%]
backend/test/unit/core/security/test_crypto.py::TestSecurityProperties::test_default_algorithm_is_secure PASSED [ 38%]
backend/test/unit/core/security/test_crypto.py::TestSecurityProperties::test_sha256_output_length PASSED [ 39%]
backend/test/unit/core/security/test_crypto.py::TestSecurityProperties::test_sha512_output_length PASSED [ 39%]
backend/test/unit/core/security/test_data_access.py::TestGenericRepository::test_games_repository_exists PASSED [ 39%]
backend/test/unit/core/security/test_data_access.py::TestGenericRepository::test_log_events_repository_exists PASSED [ 39%]
backend/test/unit/core/security/test_data_access.py::TestGenericRepository::test_repository_has_required_methods FAILED [ 39%]
backend/test/unit/core/security/test_data_access.py::TestGenericRepository::test_find_by_id_returns_none_for_nonexistent PASSED [ 39%]
backend/test/unit/core/security/test_data_access.py::TestGenericRepository::test_exists_returns_false_for_nonexistent PASSED [ 39%]
backend/test/unit/core/security/test_data_access.py::TestGenericRepository::test_all_predefined_repositories_have_correct_structure PASSED [ 39%]
backend/test/unit/core/security/test_data_access.py::TestGenericRepository::test_find_where_with_single_condition PASSED [ 39%]
backend/test/unit/core/security/test_data_access.py::TestGenericRepository::test_find_where_with_order_by PASSED [ 39%]
backend/test/unit/core/security/test_data_access.py::TestGenericRepository::test_find_where_with_limit PASSED [ 40%]
backend/test/unit/core/security/test_data_access.py::TestGenericRepository::test_find_where_with_multiple_conditions PASSED [ 40%]
backend/test/unit/core/security/test_data_access.py::TestGenericRepository::test_find_first_where_returns_single_record PASSED [ 40%]
backend/test/unit/core/security/test_data_access.py::TestGenericRepository::test_find_by_ids_returns_multiple_records PASSED [ 40%]
backend/test/unit/core/security/test_data_access.py::TestGenericRepository::test_find_by_ids_with_empty_list PASSED [ 40%]
backend/test/unit/core/security/test_data_access.py::TestGenericRepository::test_delete_batch_deletes_multiple_records PASSED [ 40%]
backend/test/unit/core/security/test_data_access.py::TestGenericRepository::test_delete_batch_with_empty_list PASSED [ 40%]
backend/test/unit/core/security/test_data_access.py::TestGenericRepository::test_update_batch_updates_multiple_records PASSED [ 40%]
backend/test/unit/core/security/test_data_access.py::TestGenericRepository::test_update_batch_with_empty_updates PASSED [ 40%]
backend/test/unit/core/security/test_data_access.py::TestGenericRepository::test_update_batch_with_empty_ids PASSED [ 40%]
backend/test/unit/core/security/test_data_access.py::TestGenericRepository::test_create_batch_creates_multiple_records PASSED [ 40%]
backend/test/unit/core/security/test_data_access.py::TestGenericRepository::test_create_batch_with_empty_list PASSED [ 41%]
backend/test/unit/core/security/test_data_access.py::TestGenericRepository::test_create_batch_with_partial_fields PASSED [ 41%]
backend/test/unit/core/security/test_security.py::TestSQLValidator::test_import PASSED [ 41%]
backend/test/unit/core/security/test_security.py::TestSQLValidator::test_validate_table_name PASSED [ 41%]
backend/test/unit/core/security/test_security.py::TestSQLValidator::test_validate_column_name PASSED [ 41%]
backend/test/unit/core/security/test_security.py::TestSQLValidator::test_validate_field_whitelist PASSED [ 41%]
backend/test/unit/core/security/test_security.py::TestPathValidator::test_import SKIPPED [ 41%]
backend/test/unit/core/security/test_security.py::TestPathValidator::test_validate_path_safe SKIPPED [ 41%]
backend/test/unit/core/security/test_security.py::TestCacheSecurity::test_import_cache_security SKIPPED [ 41%]
backend/test/unit/diagnostics/test_cache_warming.py::test_cache_warming PASSED [ 41%]
backend/test/unit/diagnostics/test_canvas_api.py::test_get_flow PASSED   [ 41%]
backend/test/unit/diagnostics/test_canvas_api.py::test_save_flow PASSED  [ 42%]
backend/test/unit/diagnostics/test_sql_optimizer_api.py::test_sql_optimizer_module PASSED [ 42%]
backend/test/unit/diagnostics/test_sql_optimizer_api.py::test_parser PASSED [ 42%]
backend/test/unit/diagnostics/test_sql_optimizer_api.py::test_optimizer PASSED [ 42%]
backend/test/unit/diagnostics/test_sql_optimizer_api.py::test_empty_hql PASSED [ 42%]
backend/test/unit/event_node_builder/test_api_params.py::TestGetEventParamsAPI::test_get_event_params_success PASSED [ 42%]
backend/test/unit/event_node_builder/test_api_params.py::TestGetEventParamsAPI::test_get_event_params_missing_event_id PASSED [ 42%]
backend/test/unit/event_node_builder/test_api_params.py::TestGetEventParamsAPI::test_get_event_params_invalid_event_id PASSED [ 42%]
backend/test/unit/event_node_builder/test_api_params.py::TestGetEventParamsAPI::test_get_event_params_empty_result PASSED [ 42%]
backend/test/unit/event_node_builder/test_api_params.py::TestGetEventParamsAPI::test_get_event_params_service_exception PASSED [ 42%]
backend/test/unit/event_node_builder/test_api_params.py::TestGetEventParamsAPI::test_get_event_params_cache_invalidation PASSED [ 42%]
backend/test/unit/event_node_builder/test_api_params.py::TestGetEventParamsAPI::test_get_event_params_response_format PASSED [ 43%]
backend/test/unit/event_node_builder/test_api_params.py::TestGetEventParamsAPI::test_get_event_params_different_events PASSED [ 43%]
backend/test/unit/event_node_builder/test_api_params.py::TestGetEventParamsAPI::test_get_event_params_content_type PASSED [ 43%]
backend/test/unit/event_node_builder/test_api_params.py::TestGetEventParamsCacheBehavior::test_cache_decorator_present PASSED [ 43%]
backend/test/unit/event_node_builder/test_api_params.py::TestGetEventParamsCacheBehavior::test_cache_key_prefix PASSED [ 43%]
backend/test/unit/event_node_builder/test_api_params.py::TestGetEventParamsCacheBehavior::test_cache_ttl PASSED [ 43%]
backend/test/unit/event_node_builder/test_api_params.py::TestGetEventParamsIntegration::test_endpoint_registered PASSED [ 43%]
backend/test/unit/event_node_builder/test_api_params.py::TestGetEventParamsIntegration::test_endpoint_method PASSED [ 43%]
backend/test/unit/event_node_builder/test_api_params.py::TestGetEventParamsIntegration::test_blueprint_mounted PASSED [ 43%]
backend/test/unit/gql_api/test_field_type_enum.py::test_field_type_enum_has_correct_values PASSED [ 43%]
backend/test/unit/gql_api/test_field_type_enum.py::test_field_type_enum_does_not_have_old_params_attribute PASSED [ 44%]
backend/test/unit/gql_api/test_field_type_enum.py::test_field_type_enum_values_match_frontend_typescript PASSED [ 44%]
backend/test/unit/gql_api/test_join_type_enum.py::test_join_type_enum_has_correct_attributes PASSED [ 44%]
backend/test/unit/gql_api/test_join_type_enum.py::test_join_type_enum_has_correct_values PASSED [ 44%]
backend/test/unit/gql_api/test_join_type_enum.py::test_join_type_enum_values_match_frontend_typescript PASSED [ 44%]
backend/test/unit/gql_api/test_join_type_enum.py::test_join_type_enum_is_graphene_enum PASSED [ 44%]
backend/test/unit/gql_api/test_node_type_enum.py::test_node_type_enum_has_correct_attributes PASSED [ 44%]
backend/test/unit/gql_api/test_node_type_enum.py::test_node_type_enum_has_correct_values PASSED [ 44%]
backend/test/unit/gql_api/test_node_type_enum.py::test_node_type_enum_values_match_frontend_typescript PASSED [ 44%]
backend/test/unit/gql_api/test_node_type_enum.py::test_node_type_enum_is_graphene_enum PASSED [ 44%]
backend/test/unit/gql_api/test_node_type_enum.py::test_node_type_field_uses_enum PASSED [ 44%]
backend/test/unit/gql_api/test_v2_api.py::TestGameV2Queries::test_games_v2_query FAILED [ 45%]
backend/test/unit/gql_api/test_v2_api.py::TestGameV2Queries::test_game_v2_query PASSED [ 45%]
backend/test/unit/gql_api/test_v2_api.py::TestEventV2Queries::test_events_v2_query PASSED [ 45%]
backend/test/unit/gql_api/test_v2_api.py::TestGameV2Mutations::test_create_game_v2_mutation FAILED [ 45%]
backend/test/unit/gql_api/test_v2_api.py::TestGameV2Mutations::test_batch_delete_games_v2_mutation FAILED [ 45%]
backend/test/unit/gql_api/test_v2_api.py::TestEventV2Mutations::test_create_event_v2_mutation PASSED [ 45%]
backend/test/unit/gql_api/queries/test_join_config_consistency.py::test_join_config_query_uses_game_gid PASSED [ 45%]
backend/test/unit/gql_api/queries/test_join_config_consistency.py::test_join_config_type_uses_game_gid PASSED [ 45%]
backend/test/unit/gql_api/queries/test_join_config_consistency.py::test_join_config_resolver_parameter_name PASSED [ 45%]
backend/test/unit/gql_api/resolvers/test_parameter_resolvers.py::TestResolveParameterChanges::test_resolve_parameter_changes_empty_result PASSED [ 45%]
backend/test/unit/gql_api/resolvers/test_parameter_resolvers.py::TestResolveParameterChanges::test_resolve_parameter_changes_with_data PASSED [ 45%]
backend/test/unit/gql_api/resolvers/test_parameter_resolvers.py::TestResolveParameterChanges::test_resolve_parameter_changes_with_parameter_filter PASSED [ 46%]
backend/test/unit/gql_api/resolvers/test_parameter_resolvers.py::TestResolveParameterChanges::test_resolve_parameter_changes_invalid_limit PASSED [ 46%]
backend/test/unit/gql_api/resolvers/test_parameter_resolvers.py::TestResolveParameterChanges::test_resolve_parameter_changes_invalid_game_gid PASSED [ 46%]
backend/test/unit/gql_api/resolvers/test_parameter_resolvers.py::TestResolveParameterChanges::test_resolve_parameter_changes_invalid_parameter_id PASSED [ 46%]
backend/test/unit/graphql_tests/test_e2e.py::TestGraphQLGamesE2E::test_query_games PASSED [ 46%]
backend/test/unit/graphql_tests/test_e2e.py::TestGraphQLGamesE2E::test_query_single_game PASSED [ 46%]
backend/test/unit/graphql_tests/test_e2e.py::TestGraphQLGamesE2E::test_search_games PASSED [ 46%]
backend/test/unit/graphql_tests/test_e2e.py::TestGraphQLEventsE2E::test_query_events PASSED [ 46%]
backend/test/unit/graphql_tests/test_e2e.py::TestGraphQLEventsE2E::test_query_single_event PASSED [ 46%]
backend/test/unit/graphql_tests/test_e2e.py::TestGraphQLMutationsE2E::test_create_game_mutation FAILED [ 46%]
backend/test/unit/graphql_tests/test_mutations.py::TestGameMutations::test_create_game FAILED [ 46%]
backend/test/unit/graphql_tests/test_mutations.py::TestGameMutations::test_update_game FAILED [ 47%]
backend/test/unit/graphql_tests/test_mutations.py::TestEventMutations::test_create_event FAILED [ 47%]
backend/test/unit/graphql_tests/test_queries.py::TestGameQueries::test_get_game PASSED [ 47%]
backend/test/unit/graphql_tests/test_queries.py::TestGameQueries::test_get_games PASSED [ 47%]
backend/test/unit/graphql_tests/test_queries.py::TestGameQueries::test_search_games PASSED [ 47%]
backend/test/unit/graphql_tests/test_queries.py::TestEventQueries::test_get_event PASSED [ 47%]
backend/test/unit/graphql_tests/test_queries.py::TestEventQueries::test_get_events PASSED [ 47%]
backend/test/unit/graphql_tests/test_schema.py::TestGraphQLSchema::test_schema_has_query_type FAILED [ 47%]
backend/test/unit/graphql_tests/test_schema.py::TestGraphQLSchema::test_schema_has_mutation_type FAILED [ 47%]
backend/test/unit/graphql_tests/test_schema.py::TestGraphQLSchema::test_query_has_game_field FAILED [ 47%]
backend/test/unit/graphql_tests/test_schema.py::TestGraphQLSchema::test_query_has_event_field FAILED [ 48%]
backend/test/unit/graphql_tests/test_schema.py::TestGraphQLSchema::test_mutation_has_game_operations FAILED [ 48%]
backend/test/unit/graphql_tests/test_schema.py::TestGraphQLSchema::test_mutation_has_event_operations FAILED [ 48%]
backend/test/unit/integration/test_category_seed.py::test_categories PASSED [ 48%]
backend/test/unit/integration/test_category_seed.py::test_event_creation_with_category PASSED [ 48%]
backend/test/unit/integration/test_category_seed.py::test_invalid_category PASSED [ 48%]
backend/test/unit/integration/test_init_db_with_categories.py::test_init_db_seeds_categories PASSED [ 48%]
backend/test/unit/integration/test_init_db_with_categories.py::test_init_db_skips_if_categories_exist PASSED [ 48%]
backend/test/unit/integration/test_join_configs_game_gid.py::TestJoinConfigsGameGidMigration::test_join_configs_should_use_game_gid_not_game_id PASSED [ 48%]
backend/test/unit/integration/test_join_configs_game_gid.py::TestJoinConfigsGameGidMigration::test_join_configs_migration_to_game_gid PASSED [ 48%]
backend/test/unit/integration/test_migrations.py::TestDatabaseMigrations::test_all_required_tables_exist PASSED [ 48%]
backend/test/unit/integration/test_migrations.py::TestDatabaseMigrations::test_migration_from_v0_to_v19 FAILED [ 49%]
backend/test/unit/integration/test_migrations.py::TestDatabaseMigrations::test_migration_is_idempotent FAILED [ 49%]
backend/test/unit/integration/test_migrations.py::TestDatabaseMigrations::test_migration_v18_game_gid PASSED [ 49%]
backend/test/unit/integration/test_migrations.py::TestDatabaseMigrations::test_migration_v1_category_id PASSED [ 49%]
backend/test/unit/integration/test_migrations.py::TestDatabaseMigrations::test_migration_v2_event_category_relations PASSED [ 49%]
backend/test/unit/integration/test_migrations.py::TestDatabaseMigrations::test_migration_v3_include_in_common_params PASSED [ 49%]
backend/test/unit/integration/test_migrations.py::TestDatabaseMigrations::test_migration_v4_icon_path PASSED [ 49%]
backend/test/unit/integration/test_migrations.py::TestDatabaseMigrations::test_migration_v5_edit_tracking PASSED [ 49%]
backend/test/unit/integration/test_migrations.py::TestDatabaseMigrations::test_migration_v6_parameter_management PASSED [ 49%]
backend/test/unit/integration/test_migrations.py::TestMigrationManager::test_migration_manager_exists SKIPPED [ 49%]
backend/test/unit/models/test_entities.py::TestGameEntity::test_create_valid_game PASSED [ 49%]
backend/test/unit/models/test_entities.py::TestGameEntity::test_xss_protection_in_name PASSED [ 50%]
backend/test/unit/models/test_entities.py::TestGameEntity::test_gid_validation_negative PASSED [ 50%]
backend/test/unit/models/test_entities.py::TestGameEntity::test_gid_validation_type PASSED [ 50%]
backend/test/unit/models/test_entities.py::TestGameEntity::test_ods_db_validation PASSED [ 50%]
backend/test/unit/models/test_entities.py::TestGameEntity::test_ods_db_validation_testing_mode PASSED [ 50%]
backend/test/unit/models/test_entities.py::TestGameEntity::test_name_min_length PASSED [ 50%]
backend/test/unit/models/test_entities.py::TestGameEntity::test_name_max_length PASSED [ 50%]
backend/test/unit/models/test_entities.py::TestGameEntity::test_default_values PASSED [ 50%]
backend/test/unit/models/test_entities.py::TestGameEntity::test_model_dump PASSED [ 50%]
backend/test/unit/models/test_entities.py::TestEventEntity::test_create_valid_event FAILED [ 50%]
backend/test/unit/models/test_entities.py::TestEventEntity::test_xss_protection_in_name FAILED [ 50%]
backend/test/unit/models/test_entities.py::TestEventEntity::test_game_gid_validation PASSED [ 51%]
backend/test/unit/models/test_entities.py::TestEventEntity::test_name_validation PASSED [ 51%]
backend/test/unit/models/test_entities.py::TestEventEntity::test_default_values FAILED [ 51%]
backend/test/unit/models/test_entities.py::TestParameterEntity::test_create_valid_parameter PASSED [ 51%]
backend/test/unit/models/test_entities.py::TestParameterEntity::test_param_type_validation PASSED [ 51%]
backend/test/unit/models/test_entities.py::TestParameterEntity::test_json_path_validation PASSED [ 51%]
backend/test/unit/models/test_entities.py::TestParameterEntity::test_is_common_default PASSED [ 51%]
backend/test/unit/models/test_entities.py::TestParameterEntity::test_hive_type_default PASSED [ 51%]
backend/test/unit/models/test_entities.py::TestCommonParameterEntity::test_create_valid_common_parameter PASSED [ 51%]
backend/test/unit/models/test_entities.py::TestCommonParameterEntity::test_default_values PASSED [ 51%]
backend/test/unit/models/test_entities.py::TestHelperFunctions::test_entity_to_dict PASSED [ 52%]
backend/test/unit/models/test_entities.py::TestHelperFunctions::test_dict_to_entity PASSED [ 52%]
backend/test/unit/models/test_entities.py::TestHelperFunctions::test_round_trip_conversion PASSED [ 52%]
backend/test/unit/models/test_game_entity_validation_fix.py::TestGameEntityValidationFix::test_production_mode_strict_validation PASSED [ 52%]
backend/test/unit/models/test_game_entity_validation_fix.py::TestGameEntityValidationFix::test_testing_mode_flexible_validation PASSED [ 52%]
backend/test/unit/models/test_game_entity_validation_fix.py::TestGameEntityValidationFix::test_e2e_test_data_creation_scenario PASSED [ 52%]
backend/test/unit/models/test_game_entity_validation_fix.py::TestGameEntityValidationFix::test_environment_variable_detection PASSED [ 52%]
backend/test/unit/models/test_game_entity_validation_fix.py::TestGameEntityValidationFix::test_error_message_includes_helpful_hint PASSED [ 52%]
backend/test/unit/performance/test_batch_operations.py::TestBatchCreatePerformance::test_batch_create_uses_bulk_insert FAILED [ 52%]
backend/test/unit/performance/test_batch_operations.py::TestBatchCreatePerformance::test_batch_create_detect_serial_pattern PASSED [ 52%]
backend/test/unit/performance/test_batch_operations.py::TestBatchUpdatePerformance::test_batch_update_uses_bulk_update FAILED [ 52%]
backend/test/unit/performance/test_batch_operations.py::TestBatchDeletePerformance::test_batch_delete_uses_bulk_delete PASSED [ 53%]
backend/test/unit/performance/test_batch_operations.py::TestBatchOperationsTransaction::test_batch_create_uses_transaction PASSED [ 53%]
backend/test/unit/performance/test_batch_operations.py::TestBatchOperationsTransaction::test_batch_update_uses_transaction PASSED [ 53%]
backend/test/unit/performance/test_batch_operations.py::TestBatchOperationsTransaction::test_batch_delete_uses_transaction PASSED [ 53%]
backend/test/unit/performance/test_batch_operations.py::TestBatchOperationsRollback::test_batch_create_rollback_on_partial_failure FAILED [ 53%]
backend/test/unit/performance/test_field_usage_performance.py::TestFieldUsagePerformance::test_calculate_field_usage_performance PASSED [ 53%]
backend/test/unit/performance/test_field_usage_performance.py::TestFieldUsagePerformance::test_calculate_field_usage_has_cache PASSED [ 53%]
backend/test/unit/performance/test_field_usage_performance.py::TestFieldUsagePerformance::test_calculate_field_usage_batch_query_method PASSED [ 53%]
backend/test/unit/performance/test_field_usage_performance.py::TestFieldUsagePerformance::test_n_plus_1_pattern_in_resolve_event_fields PASSED [ 53%]
backend/test/unit/performance/test_field_usage_performance.py::TestFieldUsagePerformance::test_calculate_field_usage_query_efficiency PASSED [ 53%]
backend/test/unit/performance/test_field_usage_performance.py::TestFieldUsagePerformance::test_calculate_field_usage_mock_accuracy PASSED [ 53%]
backend/test/unit/performance/test_field_usage_performance.py::TestFieldUsagePerformance::test_performance_regression_prevention PASSED [ 54%]
backend/test/unit/performance/test_field_usage_performance.py::TestFieldUsageOptimizationGuidelines::test_guideline_batch_query_structure PASSED [ 54%]
backend/test/unit/performance/test_field_usage_performance.py::TestFieldUsageOptimizationGuidelines::test_guideline_cache_ttl PASSED [ 54%]
backend/test/unit/performance/test_field_usage_performance.py::TestFieldUsageOptimizationGuidelines::test_guideline_batch_function_signature PASSED [ 54%]
backend/test/unit/performance/test_n1_query_detection.py::TestN1QueryDetection::test_resolve_common_parameters_performance PASSED [ 54%]
backend/test/unit/performance/test_n1_query_detection.py::TestN1QueryDetection::test_resolve_common_parameters_uses_sql_aggregation PASSED [ 54%]
backend/test/unit/performance/test_n1_query_detection.py::TestN1QueryDetection::test_n1_query_pattern_not_used PASSED [ 54%]
backend/test/unit/performance/test_n1_query_detection.py::TestN1QueryDetection::test_resolve_common_parameters_correctness PASSED [ 54%]
backend/test/unit/performance/test_n1_query_detection.py::TestN1QueryDetection::test_resolve_common_parameters_empty_events PASSED [ 54%]
backend/test/unit/performance/test_n1_query_detection.py::TestN1QueryDetection::test_resolve_common_parameters_invalid_threshold PASSED [ 54%]
backend/test/unit/performance/test_n1_query_detection.py::TestN1QueryOptimizationGuide::test_optimization_example PASSED [ 54%]
backend/test/unit/repositories/test_database_migration.py::TestMigrationRegistry::test_registry_exists PASSED [ 55%]
backend/test/unit/repositories/test_database_migration.py::TestMigrationRegistry::test_registry_has_version_1_migration PASSED [ 55%]
backend/test/unit/repositories/test_database_migration.py::TestMigrationRegistry::test_registry_migrations_are_sequential PASSED [ 55%]
backend/test/unit/repositories/test_database_migration.py::TestMigrationRegistry::test_each_migration_has_required_methods PASSED [ 55%]
backend/test/unit/repositories/test_database_migration.py::TestMigrationClasses::test_migration_1_adds_category_id_column PASSED [ 55%]
backend/test/unit/repositories/test_database_migration.py::TestMigrationClasses::test_migration_2_creates_event_category_relations_table PASSED [ 55%]
backend/test/unit/repositories/test_database_migration.py::TestMigrationClasses::test_migration_3_adds_include_in_common_params_column PASSED [ 55%]
backend/test/unit/repositories/test_database_migration.py::TestMigrationClasses::test_migration_6_creates_param_templates_table PASSED [ 55%]
backend/test/unit/repositories/test_database_migration.py::TestMigrationClasses::test_migration_6_inserts_predefined_templates PASSED [ 55%]
backend/test/unit/repositories/test_database_migration.py::TestMigrationClasses::test_migration_6_creates_param_library_table PASSED [ 55%]
backend/test/unit/repositories/test_database_migration.py::TestMigrationClasses::test_migration_6_creates_event_params_table PASSED [ 56%]
backend/test/unit/repositories/test_database_migration.py::TestMigrationClasses::test_migration_6_creates_param_versions_table PASSED [ 56%]
backend/test/unit/repositories/test_database_migration.py::TestMigrationClasses::test_migration_6_creates_param_configs_table PASSED [ 56%]
backend/test/unit/repositories/test_database_migration.py::TestMigrationClasses::test_migration_6_renames_old_parameters_table PASSED [ 56%]
backend/test/unit/repositories/test_database_migration.py::TestMigrationClasses::test_migration_7_creates_param_validation_rules_table PASSED [ 56%]
backend/test/unit/repositories/test_database_migration.py::TestMigrationClasses::test_migration_7_creates_batch_import_records_table PASSED [ 56%]
backend/test/unit/repositories/test_database_migration.py::TestMigrationClasses::test_migration_7_creates_batch_import_details_table PASSED [ 56%]
backend/test/unit/repositories/test_database_migration.py::TestMigrationClasses::test_migration_18_adds_game_gid_column PASSED [ 56%]
backend/test/unit/repositories/test_database_migration.py::TestMigrationClasses::test_migration_18_migrates_existing_data PASSED [ 56%]
backend/test/unit/repositories/test_database_migration.py::TestMigrationRunner::test_runner_gets_current_version PASSED [ 56%]
backend/test/unit/repositories/test_database_migration.py::TestMigrationRunner::test_runner_migrates_from_zero_to_target PASSED [ 56%]
backend/test/unit/repositories/test_database_migration.py::TestMigrationRunner::test_runner_skips_already_applied_migrations PASSED [ 57%]
backend/test/unit/repositories/test_database_migration.py::TestMigrationRunner::test_runner_migrates_incrementally PASSED [ 57%]
backend/test/unit/repositories/test_database_migration.py::TestMigrationRunner::test_runner_updates_version_after_migration PASSED [ 57%]
backend/test/unit/repositories/test_database_migration.py::TestMigrationIntegration::test_full_migration_from_zero_to_latest PASSED [ 57%]
backend/test/unit/repositories/test_database_migration.py::TestMigrationIntegration::test_migration_is_idempotent PASSED [ 57%]
backend/test/unit/repositories/test_hql_template_repository.py::TestHQLTemplateRepository::test_find_by_name ERROR [ 57%]
backend/test/unit/repositories/test_hql_template_repository.py::TestHQLTemplateRepository::test_find_by_name ERROR [ 57%]
backend/test/unit/repositories/test_hql_template_repository.py::TestHQLTemplateRepository::test_find_by_type ERROR [ 57%]
backend/test/unit/repositories/test_hql_template_repository.py::TestHQLTemplateRepository::test_find_by_type ERROR [ 57%]
backend/test/unit/repositories/test_hql_template_repository.py::TestHQLTemplateRepository::test_find_system_templates ERROR [ 57%]
backend/test/unit/repositories/test_hql_template_repository.py::TestHQLTemplateRepository::test_find_system_templates ERROR [ 57%]
backend/test/unit/repositories/test_hql_template_repository.py::TestHQLTemplateRepository::test_find_user_templates ERROR [ 57%]
backend/test/unit/repositories/test_hql_template_repository.py::TestHQLTemplateRepository::test_find_user_templates ERROR [ 57%]
backend/test/unit/repositories/test_hql_template_repository.py::TestHQLTemplateRepository::test_search_by_name ERROR [ 57%]
backend/test/unit/repositories/test_hql_template_repository.py::TestHQLTemplateRepository::test_search_by_name ERROR [ 57%]
backend/test/unit/repositories/test_hql_template_repository.py::TestHQLTemplateRepository::test_get_types ERROR [ 57%]
backend/test/unit/repositories/test_hql_template_repository.py::TestHQLTemplateRepository::test_get_types ERROR [ 57%]
backend/test/unit/repositories/test_hql_template_repository.py::TestHQLTemplateRepository::test_create_template ERROR [ 58%]
backend/test/unit/repositories/test_hql_template_repository.py::TestHQLTemplateRepository::test_create_template ERROR [ 58%]
backend/test/unit/repositories/test_hql_template_repository.py::TestHQLTemplateRepository::test_update_template ERROR [ 58%]
backend/test/unit/repositories/test_hql_template_repository.py::TestHQLTemplateRepository::test_update_template ERROR [ 58%]
backend/test/unit/repositories/test_hql_template_repository.py::TestHQLTemplateRepository::test_delete_template ERROR [ 58%]
backend/test/unit/repositories/test_hql_template_repository.py::TestHQLTemplateRepository::test_delete_template ERROR [ 58%]
backend/test/unit/repositories/test_hql_template_repository.py::TestHQLTemplateRepository::test_delete_system_template_forbidden ERROR [ 58%]
backend/test/unit/repositories/test_hql_template_repository.py::TestHQLTemplateRepository::test_delete_system_template_forbidden ERROR [ 58%]
backend/test/unit/repositories/test_hql_template_repository.py::TestHQLTemplateRepository::test_get_all ERROR [ 58%]
backend/test/unit/repositories/test_hql_template_repository.py::TestHQLTemplateRepository::test_get_all ERROR [ 58%]
backend/test/unit/schemas/test_api_validation.py::TestAPIParameterValidation::test_api_response_format_consistency PASSED [ 58%]
backend/test/unit/schemas/test_api_validation.py::TestAPIParameterValidation::test_create_event_invalid_game_id PASSED [ 58%]
backend/test/unit/schemas/test_api_validation.py::TestAPIParameterValidation::test_create_event_invalid_json PASSED [ 58%]
backend/test/unit/schemas/test_api_validation.py::TestAPIParameterValidation::test_create_event_missing_required_field PASSED [ 58%]
backend/test/unit/schemas/test_api_validation.py::TestAPIParameterValidation::test_events_api_invalid_game_id PASSED [ 58%]
backend/test/unit/schemas/test_api_validation.py::TestAPIParameterValidation::test_events_api_invalid_page_number PASSED [ 58%]
backend/test/unit/schemas/test_api_validation.py::TestAPIParameterValidation::test_events_api_invalid_per_page PASSED [ 59%]
backend/test/unit/schemas/test_api_validation.py::TestAPIParameterValidation::test_events_api_per_page_too_large PASSED [ 59%]
backend/test/unit/schemas/test_api_validation.py::TestAPIParameterValidation::test_events_api_sql_injection_attempt PASSED [ 59%]
backend/test/unit/schemas/test_api_validation.py::TestAPIParameterValidation::test_games_api_pagination_edge_cases PASSED [ 59%]
backend/test/unit/security/test_authorization.py::TestEventMutationsAuth::test_create_event_requires_authentication PASSED [ 59%]
backend/test/unit/security/test_authorization.py::TestEventMutationsAuth::test_update_event_requires_permission PASSED [ 59%]
backend/test/unit/security/test_authorization.py::TestEventMutationsAuth::test_delete_event_requires_permission PASSED [ 59%]
backend/test/unit/security/test_authorization.py::TestEventMutationsAuth::test_batch_delete_events_has_limit PASSED [ 59%]
backend/test/unit/security/test_authorization.py::TestGameMutationsAuth::test_create_game_requires_authentication PASSED [ 59%]
backend/test/unit/security/test_authorization.py::TestGameMutationsAuth::test_create_game_requires_permission PASSED [ 59%]
backend/test/unit/security/test_authorization.py::TestGameMutationsAuth::test_update_game_requires_permission PASSED [ 60%]
backend/test/unit/security/test_authorization.py::TestGameMutationsAuth::test_delete_game_requires_permission PASSED [ 60%]
backend/test/unit/security/test_authorization.py::TestParameterMutationsAuth::test_create_parameter_requires_authentication PASSED [ 60%]
backend/test/unit/security/test_authorization.py::TestBatchMutationsAuth::test_batch_create_games_has_limit FAILED [ 60%]
backend/test/unit/security/test_authorization.py::TestMutationAuthDecorators::test_all_mutations_have_auth_check PASSED [ 60%]
backend/test/unit/security/test_authorization.py::TestSecurityHeaders::test_api_has_context_validation SKIPPED [ 60%]
backend/test/unit/security/test_authorization.py::TestSecurityHeaders::test_sensitive_operations_require_special_permission SKIPPED [ 60%]
backend/test/unit/security/test_authorization.py::TestRateLimiting::test_batch_operations_have_size_limits SKIPPED [ 60%]
backend/test/unit/security/test_authorization.py::TestRateLimiting::test_api_has_rate_limiting SKIPPED [ 60%]
backend/test/unit/security/test_authorization.py::TestInputValidation::test_mutations_validate_input SKIPPED [ 60%]
backend/test/unit/security/test_bloom_filter_security.py::TestBloomFilterSecurity::test_initialization_with_path_validation PASSED [ 60%]
backend/test/unit/security/test_bloom_filter_security.py::TestBloomFilterSecurity::test_save_and_load_with_json PASSED [ 61%]
backend/test/unit/security/test_bloom_filter_security.py::TestBloomFilterSecurity::test_load_validates_data_structure PASSED [ 61%]
backend/test/unit/security/test_bloom_filter_security.py::TestBloomFilterSecurity::test_load_rejects_invalid_data PASSED [ 61%]
backend/test/unit/security/test_bloom_filter_security.py::TestBloomFilterSecurity::test_load_rejects_malicious_data PASSED [ 61%]
backend/test/unit/security/test_bloom_filter_security.py::TestBloomFilterSecurity::test_load_rejects_invalid_base64 PASSED [ 61%]
backend/test/unit/security/test_bloom_filter_security.py::TestBloomFilterSecurity::test_validate_loaded_data_checks_required_keys PASSED [ 61%]
backend/test/unit/security/test_bloom_filter_security.py::TestBloomFilterSecurity::test_validate_loaded_data_checks_types PASSED [ 61%]
backend/test/unit/security/test_bloom_filter_security.py::TestBloomFilterSecurity::test_validate_loaded_data_checks_ranges PASSED [ 61%]
backend/test/unit/security/test_bloom_filter_security.py::TestBloomFilterSecurity::test_path_traversal_protection PASSED [ 61%]
backend/test/unit/security/test_bloom_filter_security.py::TestBloomFilterSecurity::test_atomic_save PASSED [ 61%]
backend/test/unit/security/test_bloom_filter_security.py::TestBloomFilterSecurity::test_version_tracking PASSED [ 61%]
backend/test/unit/security/test_bloom_filter_security.py::TestBloomFilterIntegration::test_full_lifecycle PASSED [ 62%]
backend/test/unit/security/test_bloom_filter_security.py::TestBloomFilterIntegration::test_migration_from_pickle_to_json PASSED [ 62%]
backend/test/unit/security/test_bloom_filter_security.py::TestBloomFilterThreadSafety::test_concurrent_operations PASSED [ 62%]
backend/test/unit/security/test_error_message_leak.py::test_create_parameter_does_not_leak_stack_trace SKIPPEDeter' from
'backend.gql_api.mutations.parameter_mutations' (/Users/mckenzie/Documen
ts/event2table/backend/gql_api/mutations/parameter_mutations.py))        [ 62%]
[...]
backend/api/routes/hql_preview_v2.py                                412    222    46%
backend/api/routes/join_configs.py                                  114     96    16%
backend/api/routes/join_configs_old_backup.py                       144    144     0%
backend/api/routes/legacy_api.py                                    158    126    20%
backend/api/routes/monitoring.py                                     53     36    32%
backend/api/routes/parameters.py                                    239    106    56%
backend/api/routes/v1_adapter.py                                    143    124    13%
backend/core/__init__.py                                              4      0   100%
backend/core/cache/__init__.py                                        6      0   100%
backend/core/cache/base.py                                           55     20    64%
backend/core/cache/bloom_filter_enhanced.py                         439    215    51%
backend/core/cache/cache_hierarchical.py                            166     38    77%
backend/core/cache/cache_system.py                                  347    101    71%
backend/core/cache/cache_warmer.py                                  137     91    34%
backend/core/cache/cached_with_fallback.py                           88     88     0%
backend/core/cache/capacity_monitor.py                              250    250     0%
backend/core/cache/consistency.py                                    53     53     0%
backend/core/cache/decorators.py                                    162     81    50%
backend/core/cache/degradation.py                                   112    112     0%
backend/core/cache/filters/__init__.py                                2      0   100%
backend/core/cache/filters/sensitive_data_filter.py                  77     30    61%
backend/core/cache/intelligent_warmer.py                            166    166     0%
backend/core/cache/invalidator.py                                   231    107    54%
backend/core/cache/middleware.py                                     29     18    38%
backend/core/cache/monitoring.py                                    270    270     0%
backend/core/cache/monitoring_enhanced.py                           102      4    96%
backend/core/cache/protection.py                                    142     35    75%
backend/core/cache/redis_connection_manager.py                      132     18    86%
backend/core/cache/statistics.py                                    137     28    80%
backend/core/cache/tests/__init__.py                                  0      0   100%
backend/core/cache/tests/test_bloom_filter_enhanced.py              547    547     0%
backend/core/cache/tests/test_bloom_filter_integration.py           117    117     0%
backend/core/cache/tests/test_cache_warmup.py                        90     90     0%
backend/core/cache/tests/test_capacity_monitor.py                   393    393     0%
backend/core/cache/tests/test_consistency.py                        154    154     0%
backend/core/cache/tests/test_degradation.py                        304    304     0%
backend/core/cache/tests/test_hierarchical_cache_integration.py     135    135     0%
backend/core/cache/tests/test_integration_complete.py               157    157     0%
-------------------------------------------------------------------------------------
TOTAL                                                              7788   5505    29%

=========================== short test summary info ============================
FAILED backend/test/unit/api/test_api_comprehensive.py::TestGamesAPI::test_02_create_game_success
FAILED backend/test/unit/api/test_api_comprehensive.py::TestGamesAPI::test_03_create_game_duplicate_gid
FAILED backend/test/unit/api/test_api_comprehensive.py::TestEventsAPI::test_06_get_event_detail_not_found
FAILED backend/test/unit/api/test_api_comprehensive.py::TestEventsAPI::test_08_create_event_success
FAILED backend/test/unit/api/test_api_comprehensive.py::TestParametersAPI::test_05_validate_parameters
FAILED backend/test/unit/api/test_api_comprehensive.py::TestCommonParamsAPI::test_01_get_common_params
FAILED backend/test/unit/api/test_api_comprehensive.py::TestCommonParamsAPI::test_02_sync_common_params
FAILED backend/test/unit/api/test_api_comprehensive.py::TestHQLGenerationAPI::test_02_generate_hql_with_event
FAILED backend/test/unit/api/test_api_comprehensive.py::TestBulkOperationsAPI::test_01_bulk_delete_events
FAILED backend/test/unit/api/test_api_comprehensive.py::TestBulkOperationsAPI::test_02_bulk_update_category
FAILED backend/test/unit/api/test_api_comprehensive.py::TestBulkOperationsAPI::test_03_bulk_toggle_common_params
FAILED backend/test/unit/api/test_api_comprehensive.py::TestBulkOperationsAPI::test_05_bulk_validate_parameters
FAILED backend/test/unit/api/test_api_comprehensive.py::TestEventNodesAPI::test_01_list_event_nodes
FAILED backend/test/unit/api/test_api_comprehensive.py::TestEventNodesAPI::test_02_get_event_node
FAILED backend/test/unit/api/test_api_comprehensive.py::TestEventNodesAPI::test_03_create_event_node
FAILED backend/test/unit/api/test_api_comprehensive.py::TestEventNodesAPI::test_04_update_event_node
FAILED backend/test/unit/api/test_api_comprehensive.py::TestEventNodesAPI::test_05_delete_event_node
FAILED backend/test/unit/api/test_api_comprehensive.py::TestParameterAliasesAPI::test_05_update_param_display_name
FAILED backend/test/unit/api/test_api_comprehensive.py::TestIntegrationScenarios::test_01_full_event_workflow
FAILED backend/test/unit/api/test_api_comprehensive.py::TestErrorHandling::test_01_invalid_json
FAILED backend/test/unit/api/test_api_comprehensive.py::TestErrorHandling::test_03_not_found_resource
FAILED backend/test/unit/api/test_api_comprehensive.py::TestSecurityAndValidation::test_02_xss_prevention
FAILED backend/test/unit/api/test_hql_history_enhancements.py::TestHQLHistorySearch::test_search_by_keyword
FAILED backend/test/unit/api/test_hql_history_enhancements.py::TestHQLHistorySearch::test_search_by_hql_type
FAILED backend/test/unit/api/test_hql_history_enhancements.py::TestHQLHistorySearch::test_search_by_game_gid
FAILED backend/test/unit/api/test_hql_history_enhancements.py::TestHQLHistorySearch::test_search_by_user_id
FAILED backend/test/unit/api/test_hql_history_enhancements.py::TestHQLHistorySearch::test_search_with_date_range
FAILED backend/test/unit/api/test_hql_history_enhancements.py::TestHQLHistorySearch::test_search_with_pagination
FAILED backend/test/unit/api/test_hql_history_enhancements.py::TestHQLHistoryGlobalSearch::test_global_search_by_keyword
FAILED backend/test/unit/api/test_hql_history_enhancements.py::TestHQLHistoryGlobalSearch::test_global_search_by_hql_type
FAILED backend/test/unit/api/test_hql_history_enhancements.py::TestHQLHistoryGlobalSearch::test_global_search_pagination
FAILED backend/test/unit/api/test_hql_history_enhancements.py::TestHQLHistoryGlobalSearch::test_global_search_response_structure
FAILED backend/test/unit/cache/test_protection_enhanced.py::TestFullProtection::test_empty_value_caching
FAILED backend/test/unit/core/test_graph_utils.py::TestBuildGraphFromEdges::test_build_simple_graph
FAILED backend/test/unit/core/test_graph_utils.py::TestBuildGraphFromEdges::test_build_graph_with_missing_nodes
FAILED backend/test/unit/core/test_graph_utils.py::TestBuildGraphFromEdges::test_build_empty_graph
FAILED backend/test/unit/core/test_graph_utils.py::TestBuildGraphFromEdges::test_build_graph_with_multiple_edges
FAILED backend/test/unit/core/test_graph_utils.py::TestBFSTraversal::test_bfs_simple_path
FAILED backend/test/unit/core/test_graph_utils.py::TestBFSTraversal::test_bfs_multiple_start_nodes
FAILED backend/test/unit/core/test_graph_utils.py::TestBFSTraversal::test_bfs_disconnected_graph
FAILED backend/test/unit/core/test_graph_utils.py::TestBFSTraversal::test_bfs_empty_graph
FAILED backend/test/unit/core/test_graph_utils.py::TestBFSTraversal::test_bfs_cycle_handling
FAILED backend/test/unit/core/test_graph_utils.py::TestDFSTraversal::test_dfs_simple_path
FAILED backend/test/unit/core/test_graph_utils.py::TestDFSTraversal::test_dfs_empty_graph
FAILED backend/test/unit/core/test_graph_utils.py::TestFindIsolatedNodes::test_find_isolated_simple
FAILED backend/test/unit/core/test_graph_utils.py::TestFindIsolatedNodes::test_find_isolated_with_ignore_types
FAILED backend/test/unit/core/test_graph_utils.py::TestFindIsolatedNodes::test_find_isolated_empty_nodes
FAILED backend/test/unit/core/test_graph_utils.py::TestFindIsolatedNodes::test_find_isolated_all_connected
FAILED backend/test/unit/core/test_graph_utils.py::TestDetectCyclesDFS::test_detect_simple_cycle
FAILED backend/test/unit/core/test_graph_utils.py::TestDetectCyclesDFS::test_detect_self_loop
FAILED backend/test/unit/core/test_graph_utils.py::TestDetectCyclesDFS::test_detect_no_cycles
FAILED backend/test/unit/core/test_graph_utils.py::TestDetectCyclesDFS::test_detect_multiple_cycles
FAILED backend/test/unit/core/test_graph_utils.py::TestCountNodeConnections::test_count_connections_simple
FAILED backend/test/unit/core/test_graph_utils.py::TestCountNodeConnections::test_count_connections_with_bidirectional
FAILED backend/test/unit/core/test_graph_utils.py::TestCountNodeConnections::test_count_connections_empty
FAILED backend/test/unit/core/test_graph_utils.py::TestFindStartNodes::test_find_start_simple
FAILED backend/test/unit/core/test_graph_utils.py::TestFindStartNodes::test_find_start_multiple
FAILED backend/test/unit/core/test_graph_utils.py::TestFindStartNodes::test_find_start_with_ignore_types
FAILED backend/test/unit/core/test_graph_utils.py::TestFindEndNodes::test_find_end_simple
FAILED backend/test/unit/core/test_graph_utils.py::TestFindEndNodes::test_find_end_with_actual_end
FAILED backend/test/unit/core/test_graph_utils.py::TestFindEndNodes::test_find_end_multiple
FAILED backend/test/unit/core/cache/test_hierarchical_cache.py::TestCacheWarmer::test_periodic_warmup_thread
FAILED backend/test/unit/core/cache/test_hql_v2_cache_performance.py::TestHQLV2CachePerformance::test_cache_hit_on_second_request
FAILED backend/test/unit/core/cache/test_hql_v2_cache_performance.py::TestHQLV2CachePerformance::test_cache_miss_on_different_config
FAILED backend/test/unit/core/cache/test_hql_v2_cache_performance.py::TestHQLV2CachePerformance::test_cache_stats_api
FAILED backend/test/unit/core/cache/test_hql_v2_cache_performance.py::TestHQLV2CachePerformance::test_performance_with_included_options
FAILED backend/test/unit/core/cache/test_hql_v2_cache_performance.py::TestHQLV2CachePerformance::test_cache_includes_performance_data
FAILED backend/test/unit/core/database/test_database.py::TestDatabaseOperations::test_execute_write_delete
FAILED backend/test/unit/core/database/test_database.py::TestDatabaseOperations::test_execute_write_update
FAILED backend/test/unit/core/database/test_database.py::TestDatabaseTransactions::test_transaction_commit
FAILED backend/test/unit/core/security/test_crypto.py::TestSecureHasher::test_hash_file_small_file
FAILED backend/test/unit/core/security/test_crypto.py::TestSecureHasher::test_hash_file_large_file
FAILED backend/test/unit/core/security/test_crypto.py::TestSecureHasher::test_hash_file_consistency
FAILED backend/test/unit/core/security/test_crypto.py::TestSecureHasher::test_hash_file_not_found
FAILED backend/test/unit/core/security/test_data_access.py::TestGenericRepository::test_repository_has_required_methods
FAILED backend/test/unit/gql_api/test_v2_api.py::TestGameV2Queries::test_games_v2_query
FAILED backend/test/unit/gql_api/test_v2_api.py::TestGameV2Mutations::test_create_game_v2_mutation
FAILED backend/test/unit/gql_api/test_v2_api.py::TestGameV2Mutations::test_batch_delete_games_v2_mutation
FAILED backend/test/unit/graphql_tests/test_e2e.py::TestGraphQLMutationsE2E::test_create_game_mutation
FAILED backend/test/unit/graphql_tests/test_mutations.py::TestGameMutations::test_create_game
FAILED backend/test/unit/graphql_tests/test_mutations.py::TestGameMutations::test_update_game
FAILED backend/test/unit/graphql_tests/test_mutations.py::TestEventMutations::test_create_event
FAILED backend/test/unit/graphql_tests/test_schema.py::TestGraphQLSchema::test_schema_has_query_type
FAILED backend/test/unit/graphql_tests/test_schema.py::TestGraphQLSchema::test_schema_has_mutation_type
FAILED backend/test/unit/graphql_tests/test_schema.py::TestGraphQLSchema::test_query_has_game_field
FAILED backend/test/unit/graphql_tests/test_schema.py::TestGraphQLSchema::test_query_has_event_field
FAILED backend/test/unit/graphql_tests/test_schema.py::TestGraphQLSchema::test_mutation_has_game_operations
FAILED backend/test/unit/graphql_tests/test_schema.py::TestGraphQLSchema::test_mutation_has_event_operations
FAILED backend/test/unit/integration/test_migrations.py::TestDatabaseMigrations::test_migration_from_v0_to_v19
FAILED backend/test/unit/integration/test_migrations.py::TestDatabaseMigrations::test_migration_is_idempotent
FAILED backend/test/unit/models/test_entities.py::TestEventEntity::test_create_valid_event
FAILED backend/test/unit/models/test_entities.py::TestEventEntity::test_xss_protection_in_name
FAILED backend/test/unit/models/test_entities.py::TestEventEntity::test_default_values
FAILED backend/test/unit/performance/test_batch_operations.py::TestBatchCreatePerformance::test_batch_create_uses_bulk_insert
FAILED backend/test/unit/performance/test_batch_operations.py::TestBatchUpdatePerformance::test_batch_update_uses_bulk_update
FAILED backend/test/unit/performance/test_batch_operations.py::TestBatchOperationsRollback::test_batch_create_rollback_on_partial_failure
FAILED backend/test/unit/security/test_authorization.py::TestBatchMutationsAuth::test_batch_create_games_has_limit
FAILED backend/test/unit/security/test_sql_injection_protection.py::test_no_sql_string_concatenation
FAILED backend/test/unit/services/hql/test_hql_preview_v2_api.py::TestHQLPreviewV2API::test_generate_endpoint_basic
FAILED backend/test/unit/services/hql/test_hql_preview_v2_api.py::TestHQLPreviewV2APIDebug::test_generate_debug_endpoint
FAILED backend/test/unit/services/hql/test_hql_preview_v2_api.py::TestHQLPreviewV2APIValidate::test_validate_unmatched_parentheses
FAILED backend/test/unit/services/hql/test_hql_preview_v2_api.py::TestHQLPreviewV2APIIncremental::test_incremental_generate_first_time
FAILED backend/test/unit/services/hql/test_hql_preview_v2_api.py::TestHQLPreviewV2APIIncremental::test_incremental_generate_with_previous_hql
FAILED backend/test/unit/services/hql/test_hql_preview_v2_api.py::TestHQLPreviewV2APIIncremental::test_incremental_generate_with_field_changes
FAILED backend/test/unit/services/hql/test_hql_preview_v2_api.py::TestHQLPreviewV2APIIncremental::test_incremental_generate_performance_tracking
FAILED backend/test/unit/services/hql/test_join_builder.py::TestJoinBuilderWithFields::test_format_select_fields
FAILED backend/test/unit/services/hql/test_join_builder.py::TestJoinBuilderErrorHandling::test_invalid_operator_in_join_condition
FAILED backend/test/unit/services/hql/test_join_builder.py::TestJoinBuilderValidation::test_validate_where_condition_valid
FAILED backend/test/unit/services/hql/test_join_builder.py::TestJoinBuilderValidation::test_join_with_where_clause
FAILED backend/test/unit/services/hql/test_join_builder.py::TestJoinBuilderValidation::test_join_with_partition_filter
FAILED backend/test/unit/services/parameters/test_batch_queries.py::test_batch_get_game_gids_by_param_ids
FAILED backend/test/unit/services/parameters/test_batch_queries.py::test_get_common_params_caching
FAILED backend/test/unit/services/parameters/test_common_params.py::TestSyncCommonParamsOptimization::test_sync_common_params_uses_batch_query
FAILED backend/test/unit/services/parameters/test_param_library_api.py::test_link_to_library_success
FAILED backend/test/unit/services/parameters/test_param_library_manager.py::TestParamLibraryManagerRepositoryMigration::test_cache_configuration
FAILED backend/test/unit/services/parameters/test_parameters_api_game_gid.py::test_parameters_all_uses_game_gid
FAILED backend/test/unit/services/parameters/test_parameters_api_game_gid.py::test_parameter_details_uses_game_gid
FAILED backend/test/unit/services/parameters/test_parameters_api_game_gid.py::test_parameter_search_uses_game_gid
FAILED backend/test/unit/services/parameters/test_parameters_api_game_gid.py::test_parameter_validate_uses_game_gid
FAILED backend/test/unit/utils/test_business_helpers.py::TestCalculateEventStatistics::test_mixed_events
ERROR backend/test/unit/repositories/test_hql_template_repository.py::TestHQLTemplateRepository::test_find_by_name
ERROR backend/test/unit/repositories/test_hql_template_repository.py::TestHQLTemplateRepository::test_find_by_name
ERROR backend/test/unit/repositories/test_hql_template_repository.py::TestHQLTemplateRepository::test_find_by_type
ERROR backend/test/unit/repositories/test_hql_template_repository.py::TestHQLTemplateRepository::test_find_by_type
ERROR backend/test/unit/repositories/test_hql_template_repository.py::TestHQLTemplateRepository::test_find_system_templates
ERROR backend/test/unit/repositories/test_hql_template_repository.py::TestHQLTemplateRepository::test_find_system_templates
ERROR backend/test/unit/repositories/test_hql_template_repository.py::TestHQLTemplateRepository::test_find_user_templates
ERROR backend/test/unit/repositories/test_hql_template_repository.py::TestHQLTemplateRepository::test_find_user_templates
ERROR backend/test/unit/repositories/test_hql_template_repository.py::TestHQLTemplateRepository::test_search_by_name
ERROR backend/test/unit/repositories/test_hql_template_repository.py::TestHQLTemplateRepository::test_search_by_name
ERROR backend/test/unit/repositories/test_hql_template_repository.py::TestHQLTemplateRepository::test_get_types
ERROR backend/test/unit/repositories/test_hql_template_repository.py::TestHQLTemplateRepository::test_get_types
ERROR backend/test/unit/repositories/test_hql_template_repository.py::TestHQLTemplateRepository::test_create_template
ERROR backend/test/unit/repositories/test_hql_template_repository.py::TestHQLTemplateRepository::test_create_template
ERROR backend/test/unit/repositories/test_hql_template_repository.py::TestHQLTemplateRepository::test_update_template
ERROR backend/test/unit/repositories/test_hql_template_repository.py::TestHQLTemplateRepository::test_update_template
ERROR backend/test/unit/repositories/test_hql_template_repository.py::TestHQLTemplateRepository::test_delete_template
ERROR backend/test/unit/repositories/test_hql_template_repository.py::TestHQLTemplateRepository::test_delete_template
ERROR backend/test/unit/repositories/test_hql_template_repository.py::TestHQLTemplateRepository::test_delete_system_template_forbidden
ERROR backend/test/unit/repositories/test_hql_template_repository.py::TestHQLTemplateRepository::test_delete_system_template_forbidden
ERROR backend/test/unit/repositories/test_hql_template_repository.py::TestHQLTemplateRepository::test_get_all
ERROR backend/test/unit/repositories/test_hql_template_repository.py::TestHQLTemplateRepository::test_get_all
ERROR backend/test/unit/security/test_redis_connection_manager.py::TestRedisConnectionManagerThreadSafety::test_concurrent_connections
ERROR backend/test/unit/security/test_xss_protection.py::TestXSSProtection::test_event_name_stores_xss_payload_directly_RED
ERROR backend/test/unit/security/test_xss_protection.py::TestXSSProtection::test_parameter_name_stores_xss_payload_directly_RED
ERROR backend/test/unit/security/test_xss_protection.py::TestXSSProtection::test_html_escape_functionality
ERROR backend/test/unit/security/test_xss_protection.py::TestXSSProtection::test_multiple_xss_payloads_in_event_name
ERROR backend/test/unit/security/test_xss_protection.py::TestXSSProtection::test_xss_payload_variations
= 120 failed, 920 passed, 18 skipped, 107 warnings, 28 errors in 180.25s (0:03:00) =
