============================= test session starts ==============================
platform darwin -- Python 3.13.11, pytest-7.4.3, pluggy-1.6.0 -- /Users/mckenzie/Documents/event2table/backend/venv/bin/python
cachedir: .pytest_cache
rootdir: /Users/mckenzie/Documents/event2table/backend/test
configfile: pytest.ini
plugins: cov-4.1.0
collecting ... /Users/mckenzie/Documents/event2table/backend/venv/lib/python3.13/site-packages/coverage/inorout.py:561: CoverageWarning: Module ../api was never imported. (module-not-imported); see https://coverage.readthedocs.io/en/7.13.4/messages.html#warning-module-not-imported
  self.warn(f"Module {pkg} was never imported.", slug="module-not-imported")
/Users/mckenzie/Documents/event2table/backend/venv/lib/python3.13/site-packages/coverage/inorout.py:561: CoverageWarning: Module ../core was never imported. (module-not-imported); see https://coverage.readthedocs.io/en/7.13.4/messages.html#warning-module-not-imported
  self.warn(f"Module {pkg} was never imported.", slug="module-not-imported")
/Users/mckenzie/Documents/event2table/backend/venv/lib/python3.13/site-packages/coverage/inorout.py:561: CoverageWarning: Module ../models was never imported. (module-not-imported); see https://coverage.readthedocs.io/en/7.13.4/messages.html#warning-module-not-imported
  self.warn(f"Module {pkg} was never imported.", slug="module-not-imported")
/Users/mckenzie/Documents/event2table/backend/venv/lib/python3.13/site-packages/coverage/report_core.py:113: CoverageWarning: Couldn't parse '/Users/mckenzie/Documents/event2table/backend/services/event_categories/event_category_service.py': Couldn't use data file '/Users/mckenzie/Documents/event2table/.coverage': no such table: line_bits (couldnt-parse); see https://coverage.readthedocs.io/en/7.13.4/messages.html#warning-couldnt-parse
  coverage._warn(msg, slug="couldnt-parse")
/Users/mckenzie/Documents/event2table/backend/venv/lib/python3.13/site-packages/coverage/report_core.py:113: CoverageWarning: Couldn't parse '/Users/mckenzie/Documents/event2table/backend/services/event_node_builder/__init__.py': Couldn't use data file '/Users/mckenzie/Documents/event2table/.coverage': no such table: tracer (couldnt-parse); see https://coverage.readthedocs.io/en/7.13.4/messages.html#warning-couldnt-parse
  coverage._warn(msg, slug="couldnt-parse")
/Users/mckenzie/Documents/event2table/backend/venv/lib/python3.13/site-packages/coverage/report_core.py:113: CoverageWarning: Couldn't parse '/Users/mckenzie/Documents/event2table/backend/services/events/__init__.py': Couldn't use data file '/Users/mckenzie/Documents/event2table/.coverage': no such table: tracer (couldnt-parse); see https://coverage.readthedocs.io/en/7.13.4/messages.html#warning-couldnt-parse
  coverage._warn(msg, slug="couldnt-parse")
/Users/mckenzie/Documents/event2table/backend/venv/lib/python3.13/site-packages/coverage/report_core.py:113: CoverageWarning: Couldn't parse '/Users/mckenzie/Documents/event2table/backend/services/events/event_builder_app_service.py': Couldn't use data file '/Users/mckenzie/Documents/event2table/.coverage': no such table: tracer (couldnt-parse); see https://coverage.readthedocs.io/en/7.13.4/messages.html#warning-couldnt-parse
  coverage._warn(msg, slug="couldnt-parse")
/Users/mckenzie/Documents/event2table/backend/venv/lib/python3.13/site-packages/coverage/report_core.py:113: CoverageWarning: Couldn't parse '/Users/mckenzie/Documents/event2table/backend/services/events/event_importer.py': Couldn't use data file '/Users/mckenzie/Documents/event2table/.coverage': no such table: tracer (couldnt-parse); see https://coverage.readthedocs.io/en/7.13.4/messages.html#warning-couldnt-parse
  coverage._warn(msg, slug="couldnt-parse")
/Users/mckenzie/Documents/event2table/backend/venv/lib/python3.13/site-packages/coverage/report_core.py:113: CoverageWarning: Couldn't parse '/Users/mckenzie/Documents/event2table/backend/services/events/event_node_service.py': Couldn't use data file '/Users/mckenzie/Documents/event2table/.coverage': no such table: tracer (couldnt-parse); see https://coverage.readthedocs.io/en/7.13.4/messages.html#warning-couldnt-parse
  coverage._warn(msg, slug="couldnt-parse")
/Users/mckenzie/Documents/event2table/backend/venv/lib/python3.13/site-packages/coverage/report_core.py:113: CoverageWarning: Couldn't parse '/Users/mckenzie/Documents/event2table/backend/services/events/event_service.py': Couldn't use data file '/Users/mckenzie/Documents/event2table/.coverage': no such table: tracer (couldnt-parse); see https://coverage.readthedocs.io/en/7.13.4/messages.html#warning-couldnt-parse
  coverage._warn(msg, slug="couldnt-parse")
/Users/mckenzie/Documents/event2table/backend/venv/lib/python3.13/site-packages/coverage/report_core.py:113: CoverageWarning: Couldn't parse '/Users/mckenzie/Documents/event2table/backend/services/events/events.py': Couldn't use data file '/Users/mckenzie/Documents/event2table/.coverage': no such table: tracer (couldnt-parse); see https://coverage.readthedocs.io/en/7.13.4/messages.html#warning-couldnt-parse
  coverage._warn(msg, slug="couldnt-parse")
/Users/mckenzie/Documents/event2table/backend/venv/lib/python3.13/site-packages/coverage/report_core.py:113: CoverageWarning: Couldn't parse '/Users/mckenzie/Documents/event2table/backend/services/field_builder/__init__.py': Couldn't use data file '/Users/mckenzie/Documents/event2table/.coverage': no such table: tracer (couldnt-parse); see https://coverage.readthedocs.io/en/7.13.4/messages.html#warning-couldnt-parse
  coverage._warn(msg, slug="couldnt-parse")
/Users/mckenzie/Documents/event2table/backend/venv/lib/python3.13/site-packages/coverage/report_core.py:113: CoverageWarning: Couldn't parse '/Users/mckenzie/Documents/event2table/backend/services/field_builder/field_builder_service.py': Couldn't use data file '/Users/mckenzie/Documents/event2table/.coverage': no such table: tracer (couldnt-parse); see https://coverage.readthedocs.io/en/7.13.4/messages.html#warning-couldnt-parse
  coverage._warn(msg, slug="couldnt-parse")
/Users/mckenzie/Documents/event2table/backend/venv/lib/python3.13/site-packages/coverage/report_core.py:113: CoverageWarning: Couldn't parse '/Users/mckenzie/Documents/event2table/backend/services/flows/__init__.py': Couldn't use data file '/Users/mckenzie/Documents/event2table/.coverage': no such table: tracer (couldnt-parse); see https://coverage.readthedocs.io/en/7.13.4/messages.html#warning-couldnt-parse
  coverage._warn(msg, slug="couldnt-parse")
/Users/mckenzie/Documents/event2table/backend/venv/lib/python3.13/site-packages/coverage/report_core.py:113: CoverageWarning: Couldn't parse '/Users/mckenzie/Documents/event2table/backend/services/flows/flow_service.py': Couldn't use data file '/Users/mckenzie/Documents/event2table/.coverage': no such table: tracer (couldnt-parse); see https://coverage.readthedocs.io/en/7.13.4/messages.html#warning-couldnt-parse
  coverage._warn(msg, slug="couldnt-parse")
/Users/mckenzie/Documents/event2table/backend/venv/lib/python3.13/site-packages/coverage/report_core.py:113: CoverageWarning: Couldn't parse '/Users/mckenzie/Documents/event2table/backend/services/flows/manager.py': Couldn't use data file '/Users/mckenzie/Documents/event2table/.coverage': no such table: tracer (couldnt-parse); see https://coverage.readthedocs.io/en/7.13.4/messages.html#warning-couldnt-parse
  coverage._warn(msg, slug="couldnt-parse")
/Users/mckenzie/Documents/event2table/backend/venv/lib/python3.13/site-packages/coverage/report_core.py:113: CoverageWarning: Couldn't parse '/Users/mckenzie/Documents/event2table/backend/services/flows/routes.py': Couldn't use data file '/Users/mckenzie/Documents/event2table/.coverage': no such table: tracer (couldnt-parse); see https://coverage.readthedocs.io/en/7.13.4/messages.html#warning-couldnt-parse
  coverage._warn(msg, slug="couldnt-parse")
/Users/mckenzie/Documents/event2table/backend/venv/lib/python3.13/site-packages/coverage/report_core.py:113: CoverageWarning: Couldn't parse '/Users/mckenzie/Documents/event2table/backend/services/games/__init__.py': Couldn't use data file '/Users/mckenzie/Documents/event2table/.coverage': no such table: tracer (couldnt-parse); see https://coverage.readthedocs.io/en/7.13.4/messages.html#warning-couldnt-parse
  coverage._warn(msg, slug="couldnt-parse")
/Users/mckenzie/Documents/event2table/backend/venv/lib/python3.13/site-packages/coverage/report_core.py:113: CoverageWarning: Couldn't parse '/Users/mckenzie/Documents/event2table/backend/services/games/game_service.py': Couldn't use data file '/Users/mckenzie/Documents/event2table/.coverage': no such table: tracer (couldnt-parse); see https://coverage.readthedocs.io/en/7.13.4/messages.html#warning-couldnt-parse
  coverage._warn(msg, slug="couldnt-parse")
/Users/mckenzie/Documents/event2table/backend/venv/lib/python3.13/site-packages/coverage/report_core.py:113: CoverageWarning: Couldn't parse '/Users/mckenzie/Documents/event2table/backend/services/games/games.py': Couldn't use data file '/Users/mckenzie/Documents/event2table/.coverage': no such table: tracer (couldnt-parse); see https://coverage.readthedocs.io/en/7.13.4/messages.html#warning-couldnt-parse
  coverage._warn(msg, slug="couldnt-parse")
/Users/mckenzie/Documents/event2table/backend/venv/lib/python3.13/site-packages/coverage/report_core.py:113: CoverageWarning: Couldn't parse '/Users/mckenzie/Documents/event2table/backend/services/hql/__init__.py': Couldn't use data file '/Users/mckenzie/Documents/event2table/.coverage': no such table: tracer (couldnt-parse); see https://coverage.readthedocs.io/en/7.13.4/messages.html#warning-couldnt-parse
  coverage._warn(msg, slug="couldnt-parse")
/Users/mckenzie/Documents/event2table/backend/venv/lib/python3.13/site-packages/coverage/report_core.py:113: CoverageWarning: Couldn't parse '/Users/mckenzie/Documents/event2table/backend/services/hql/adapters/__init__.py': Couldn't use data file '/Users/mckenzie/Documents/event2table/.coverage': no such table: tracer (couldnt-parse); see https://coverage.readthedocs.io/en/7.13.4/messages.html#warning-couldnt-parse
  coverage._warn(msg, slug="couldnt-parse")
/Users/mckenzie/Documents/event2table/backend/venv/lib/python3.13/site-packages/coverage/report_core.py:113: CoverageWarning: Couldn't parse '/Users/mckenzie/Documents/event2table/backend/services/hql/adapters/project_adapter.py': Couldn't use data file '/Users/mckenzie/Documents/event2table/.coverage': no such table: tracer (couldnt-parse); see https://coverage.readthedocs.io/en/7.13.4/messages.html#warning-couldnt-parse
  coverage._warn(msg, slug="couldnt-parse")
/Users/mckenzie/Documents/event2table/backend/venv/lib/python3.13/site-packages/coverage/report_core.py:113: CoverageWarning: Couldn't parse '/Users/mckenzie/Documents/event2table/backend/services/hql/builders/__init__.py': Couldn't use data file '/Users/mckenzie/Documents/event2table/.coverage': no such table: tracer (couldnt-parse); see https://coverage.readthedocs.io/en/7.13.4/messages.html#warning-couldnt-parse
  coverage._warn(msg, slug="couldnt-parse")
/Users/mckenzie/Documents/event2table/backend/venv/lib/python3.13/site-packages/coverage/report_core.py:113: CoverageWarning: Couldn't parse '/Users/mckenzie/Documents/event2table/backend/services/hql/builders/field_builder.py': Couldn't use data file '/Users/mckenzie/Documents/event2table/.coverage': no such table: tracer (couldnt-parse); see https://coverage.readthedocs.io/en/7.13.4/messages.html#warning-couldnt-parse
  coverage._warn(msg, slug="couldnt-parse")
/Users/mckenzie/Documents/event2table/backend/venv/lib/python3.13/site-packages/coverage/report_core.py:113: CoverageWarning: Couldn't parse '/Users/mckenzie/Documents/event2table/backend/services/hql/builders/join_builder.py': Couldn't use data file '/Users/mckenzie/Documents/event2table/.coverage': no such table: tracer (couldnt-parse); see https://coverage.readthedocs.io/en/7.13.4/messages.html#warning-couldnt-parse
  coverage._warn(msg, slug="couldnt-parse")
/Users/mckenzie/Documents/event2table/backend/venv/lib/python3.13/site-packages/coverage/report_core.py:113: CoverageWarning: Couldn't parse '/Users/mckenzie/Documents/event2table/backend/services/hql/builders/union_builder.py': Couldn't use data file '/Users/mckenzie/Documents/event2table/.coverage': no such table: tracer (couldnt-parse); see https://coverage.readthedocs.io/en/7.13.4/messages.html#warning-couldnt-parse
  coverage._warn(msg, slug="couldnt-parse")
/Users/mckenzie/Documents/event2table/backend/venv/lib/python3.13/site-packages/coverage/report_core.py:113: CoverageWarning: Couldn't parse '/Users/mckenzie/Documents/event2table/backend/services/hql/builders/where_builder.py': Couldn't use data file '/Users/mckenzie/Documents/event2table/.coverage': no such table: tracer (couldnt-parse); see https://coverage.readthedocs.io/en/7.13.4/messages.html#warning-couldnt-parse
  coverage._warn(msg, slug="couldnt-parse")
/Users/mckenzie/Documents/event2table/backend/venv/lib/python3.13/site-packages/coverage/report_core.py:113: CoverageWarning: Couldn't parse '/Users/mckenzie/Documents/event2table/backend/services/hql/core/__init__.py': Couldn't use data file '/Users/mckenzie/Documents/event2table/.coverage': no such table: tracer (couldnt-parse); see https://coverage.readthedocs.io/en/7.13.4/messages.html#warning-couldnt-parse
  coverage._warn(msg, slug="couldnt-parse")
/Users/mckenzie/Documents/event2table/backend/venv/lib/python3.13/site-packages/coverage/report_core.py:113: CoverageWarning: Couldn't parse '/Users/mckenzie/Documents/event2table/backend/services/hql/core/cache.py': Couldn't use data file '/Users/mckenzie/Documents/event2table/.coverage': no such table: tracer (couldnt-parse); see https://coverage.readthedocs.io/en/7.13.4/messages.html#warning-couldnt-parse
  coverage._warn(msg, slug="couldnt-parse")
/Users/mckenzie/Documents/event2table/backend/venv/lib/python3.13/site-packages/coverage/report_core.py:113: CoverageWarning: Couldn't parse '/Users/mckenzie/Documents/event2table/backend/services/hql/core/ddl_generator.py': Couldn't use data file '/Users/mckenzie/Documents/event2table/.coverage': no such table: tracer (couldnt-parse); see https://coverage.readthedocs.io/en/7.13.4/messages.html#warning-couldnt-parse
  coverage._warn(msg, slug="couldnt-parse")
/Users/mckenzie/Documents/event2table/backend/venv/lib/python3.13/site-packages/coverage/report_core.py:113: CoverageWarning: Couldn't parse '/Users/mckenzie/Documents/event2table/backend/services/hql/core/dml_generator.py': Couldn't use data file '/Users/mckenzie/Documents/event2table/.coverage': no such table: tracer (couldnt-parse); see https://coverage.readthedocs.io/en/7.13.4/messages.html#warning-couldnt-parse
  coverage._warn(msg, slug="couldnt-parse")
/Users/mckenzie/Documents/event2table/backend/venv/lib/python3.13/site-packages/coverage/report_core.py:113: CoverageWarning: Couldn't parse '/Users/mckenzie/Documents/event2table/backend/services/hql/core/generator.py': Couldn't use data file '/Users/mckenzie/Documents/event2table/.coverage': no such table: tracer (couldnt-parse); see https://coverage.readthedocs.io/en/7.13.4/messages.html#warning-couldnt-parse
  coverage._warn(msg, slug="couldnt-parse")
/Users/mckenzie/Documents/event2table/backend/venv/lib/python3.13/site-packages/coverage/report_core.py:113: CoverageWarning: Couldn't parse '/Users/mckenzie/Documents/event2table/backend/services/hql/core/incremental_generator.py': Couldn't use data file '/Users/mckenzie/Documents/event2table/.coverage': no such table: tracer (couldnt-parse); see https://coverage.readthedocs.io/en/7.13.4/messages.html#warning-couldnt-parse
  coverage._warn(msg, slug="couldnt-parse")
/Users/mckenzie/Documents/event2table/backend/venv/lib/python3.13/site-packages/coverage/report_core.py:113: CoverageWarning: Couldn't parse '/Users/mckenzie/Documents/event2table/backend/services/hql/example_ddl_usage.py': Couldn't use data file '/Users/mckenzie/Documents/event2table/.coverage': no such table: tracer (couldnt-parse); see https://coverage.readthedocs.io/en/7.13.4/messages.html#warning-couldnt-parse
  coverage._warn(msg, slug="couldnt-parse")
/Users/mckenzie/Documents/event2table/backend/venv/lib/python3.13/site-packages/coverage/report_core.py:113: CoverageWarning: Couldn't parse '/Users/mckenzie/Documents/event2table/backend/services/hql/example_usage.py': Couldn't use data file '/Users/mckenzie/Documents/event2table/.coverage': no such table: tracer (couldnt-parse); see https://coverage.readthedocs.io/en/7.13.4/messages.html#warning-couldnt-parse
  coverage._warn(msg, slug="couldnt-parse")
/Users/mckenzie/Documents/event2table/backend/venv/lib/python3.13/site-packages/coverage/report_core.py:113: CoverageWarning: Couldn't parse '/Users/mckenzie/Documents/event2table/backend/services/hql/hql_facade.py': Couldn't use data file '/Users/mckenzie/Documents/event2table/.coverage': no such table: tracer (couldnt-parse); see https://coverage.readthedocs.io/en/7.13.4/messages.html#warning-couldnt-parse
  coverage._warn(msg, slug="couldnt-parse")
/Users/mckenzie/Documents/event2table/backend/venv/lib/python3.13/site-packages/coverage/report_core.py:113: CoverageWarning: Couldn't parse '/Users/mckenzie/Documents/event2table/backend/services/hql/hql_history_service.py': Couldn't use data file '/Users/mckenzie/Documents/event2table/.coverage': no such table: tracer (couldnt-parse); see https://coverage.readthedocs.io/en/7.13.4/messages.html#warning-couldnt-parse
  coverage._warn(msg, slug="couldnt-parse")
/Users/mckenzie/Documents/event2table/backend/venv/lib/python3.13/site-packages/coverage/report_core.py:113: CoverageWarning: Couldn't parse '/Users/mckenzie/Documents/event2table/backend/services/hql/hql_service_cached.py': Couldn't use data file '/Users/mckenzie/Documents/event2table/.coverage': no such table: tracer (couldnt-parse); see https://coverage.readthedocs.io/en/7.13.4/messages.html#warning-couldnt-parse
  coverage._warn(msg, slug="couldnt-parse")
/Users/mckenzie/Documents/event2table/backend/venv/lib/python3.13/site-packages/coverage/report_core.py:113: CoverageWarning: Couldn't parse '/Users/mckenzie/Documents/event2table/backend/services/hql/models/__init__.py': Couldn't use data file '/Users/mckenzie/Documents/event2table/.coverage': no such table: tracer (couldnt-parse); see https://coverage.readthedocs.io/en/7.13.4/messages.html#warning-couldnt-parse
  coverage._warn(msg, slug="couldnt-parse")
/Users/mckenzie/Documents/event2table/backend/venv/lib/python3.13/site-packages/coverage/report_core.py:113: CoverageWarning: Couldn't parse '/Users/mckenzie/Documents/event2table/backend/services/hql/models/event.py': Couldn't use data file '/Users/mckenzie/Documents/event2table/.coverage': no such table: tracer (couldnt-parse); see https://coverage.readthedocs.io/en/7.13.4/messages.html#warning-couldnt-parse
  coverage._warn(msg, slug="couldnt-parse")
/Users/mckenzie/Documents/event2table/backend/venv/lib/python3.13/site-packages/coverage/report_core.py:113: CoverageWarning: Couldn't parse '/Users/mckenzie/Documents/event2table/backend/services/hql/services/__init__.py': Couldn't use data file '/Users/mckenzie/Documents/event2table/.coverage': no such table: tracer (couldnt-parse); see https://coverage.readthedocs.io/en/7.13.4/messages.html#warning-couldnt-parse
  coverage._warn(msg, slug="couldnt-parse")
/Users/mckenzie/Documents/event2table/backend/venv/lib/python3.13/site-packages/coverage/report_core.py:113: CoverageWarning: Couldn't parse '/Users/mckenzie/Documents/event2table/backend/services/hql/services/field_recommender.py': Couldn't use data file '/Users/mckenzie/Documents/event2table/.coverage': no such table: tracer (couldnt-parse); see https://coverage.readthedocs.io/en/7.13.4/messages.html#warning-couldnt-parse
  coverage._warn(msg, slug="couldnt-parse")
/Users/mckenzie/Documents/event2table/backend/venv/lib/python3.13/site-packages/coverage/report_core.py:113: CoverageWarning: Couldn't parse '/Users/mckenzie/Documents/event2table/backend/services/hql/templates/__init__.py': Couldn't use data file '/Users/mckenzie/Documents/event2table/.coverage': no such table: tracer (couldnt-parse); see https://coverage.readthedocs.io/en/7.13.4/messages.html#warning-couldnt-parse
  coverage._warn(msg, slug="couldnt-parse")
/Users/mckenzie/Documents/event2table/backend/venv/lib/python3.13/site-packages/coverage/report_core.py:113: CoverageWarning: Couldn't parse '/Users/mckenzie/Documents/event2table/backend/services/hql/templates/template_manager.py': Couldn't use data file '/Users/mckenzie/Documents/event2table/.coverage': no such table: tracer (couldnt-parse); see https://coverage.readthedocs.io/en/7.13.4/messages.html#warning-couldnt-parse
  coverage._warn(msg, slug="couldnt-parse")
/Users/mckenzie/Documents/event2table/backend/venv/lib/python3.13/site-packages/coverage/report_core.py:113: CoverageWarning: Couldn't parse '/Users/mckenzie/Documents/event2table/backend/services/hql/tests/__init__.py': Couldn't use data file '/Users/mckenzie/Documents/event2table/.coverage': no such table: tracer (couldnt-parse); see https://coverage.readthedocs.io/en/7.13.4/messages.html#warning-couldnt-parse
  coverage._warn(msg, slug="couldnt-parse")
/Users/mckenzie/Documents/event2table/backend/venv/lib/python3.13/site-packages/coverage/report_core.py:113: CoverageWarning: Couldn't parse '/Users/mckenzie/Documents/event2table/backend/services/hql/tests/test_generator.py': Couldn't use data file '/Users/mckenzie/Documents/event2table/.coverage': no such table: tracer (couldnt-parse); see https://coverage.readthedocs.io/en/7.13.4/messages.html#warning-couldnt-parse
  coverage._warn(msg, slug="couldnt-parse")
/Users/mckenzie/Documents/event2table/backend/venv/lib/python3.13/site-packages/coverage/report_core.py:113: CoverageWarning: Couldn't parse '/Users/mckenzie/Documents/event2table/backend/services/hql/tests/test_generator_full.py': Couldn't use data file '/Users/mckenzie/Documents/event2table/.coverage': no such table: tracer (couldnt-parse); see https://coverage.readthedocs.io/en/7.13.4/messages.html#warning-couldnt-parse
  coverage._warn(msg, slug="couldnt-parse")
/Users/mckenzie/Documents/event2table/backend/venv/lib/python3.13/site-packages/coverage/report_core.py:113: CoverageWarning: Couldn't parse '/Users/mckenzie/Documents/event2table/backend/services/hql/tests/test_incremental_generator.py': Couldn't use data file '/Users/mckenzie/Documents/event2table/.coverage': no such table: tracer (couldnt-parse); see https://coverage.readthedocs.io/en/7.13.4/messages.html#warning-couldnt-parse
  coverage._warn(msg, slug="couldnt-parse")
/Users/mckenzie/Documents/event2table/backend/venv/lib/python3.13/site-packages/coverage/report_core.py:113: CoverageWarning: Couldn't parse '/Users/mckenzie/Documents/event2table/backend/services/hql/tests/test_join_builder.py': Couldn't use data file '/Users/mckenzie/Documents/event2table/.coverage': no such table: tracer (couldnt-parse); see https://coverage.readthedocs.io/en/7.13.4/messages.html#warning-couldnt-parse
  coverage._warn(msg, slug="couldnt-parse")
/Users/mckenzie/Documents/event2table/backend/venv/lib/python3.13/site-packages/coverage/report_core.py:113: CoverageWarning: Couldn't parse '/Users/mckenzie/Documents/event2table/backend/services/hql/tests/test_join_builder_full.py': Couldn't use data file '/Users/mckenzie/Documents/event2table/.coverage': no such table: tracer (couldnt-parse); see https://coverage.readthedocs.io/en/7.13.4/messages.html#warning-couldnt-parse
  coverage._warn(msg, slug="couldnt-parse")
/Users/mckenzie/Documents/event2table/backend/venv/lib/python3.13/site-packages/coverage/report_core.py:113: CoverageWarning: Couldn't parse '/Users/mckenzie/Documents/event2table/backend/services/hql/tests/test_join_union_complete.py': Couldn't use data file '/Users/mckenzie/Documents/event2table/.coverage': no such table: tracer (couldnt-parse); see https://coverage.readthedocs.io/en/7.13.4/messages.html#warning-couldnt-parse
  coverage._warn(msg, slug="couldnt-parse")
/Users/mckenzie/Documents/event2table/backend/venv/lib/python3.13/site-packages/coverage/report_core.py:113: CoverageWarning: Couldn't parse '/Users/mckenzie/Documents/event2table/backend/services/hql/tests/test_union_builder.py': Couldn't use data file '/Users/mckenzie/Documents/event2table/.coverage': no such table: tracer (couldnt-parse); see https://coverage.readthedocs.io/en/7.13.4/messages.html#warning-couldnt-parse
  coverage._warn(msg, slug="couldnt-parse")
/Users/mckenzie/Documents/event2table/backend/venv/lib/python3.13/site-packages/coverage/report_core.py:113: CoverageWarning: Couldn't parse '/Users/mckenzie/Documents/event2table/backend/services/hql/tests/test_where_builder_full.py': Couldn't use data file '/Users/mckenzie/Documents/event2table/.coverage': no such table: tracer (couldnt-parse); see https://coverage.readthedocs.io/en/7.13.4/messages.html#warning-couldnt-parse
  coverage._warn(msg, slug="couldnt-parse")
/Users/mckenzie/Documents/event2table/backend/venv/lib/python3.13/site-packages/coverage/report_core.py:113: CoverageWarning: Couldn't parse '/Users/mckenzie/Documents/event2table/backend/services/hql/validators/__init__.py': Couldn't use data file '/Users/mckenzie/Documents/event2table/.coverage': no such table: tracer (couldnt-parse); see https://coverage.readthedocs.io/en/7.13.4/messages.html#warning-couldnt-parse
  coverage._warn(msg, slug="couldnt-parse")
/Users/mckenzie/Documents/event2table/backend/venv/lib/python3.13/site-packages/coverage/report_core.py:113: CoverageWarning: Couldn't parse '/Users/mckenzie/Documents/event2table/backend/services/hql/validators/performance_analyzer.py': Couldn't use data file '/Users/mckenzie/Documents/event2table/.coverage': no such table: tracer (couldnt-parse); see https://coverage.readthedocs.io/en/7.13.4/messages.html#warning-couldnt-parse
  coverage._warn(msg, slug="couldnt-parse")
/Users/mckenzie/Documents/event2table/backend/venv/lib/python3.13/site-packages/coverage/report_core.py:113: CoverageWarning: Couldn't parse '/Users/mckenzie/Documents/event2table/backend/services/hql/validators/syntax_validator.py': Couldn't use data file '/Users/mckenzie/Documents/event2table/.coverage': no such table: tracer (couldnt-parse); see https://coverage.readthedocs.io/en/7.13.4/messages.html#warning-couldnt-parse
  coverage._warn(msg, slug="couldnt-parse")
/Users/mckenzie/Documents/event2table/backend/venv/lib/python3.13/site-packages/coverage/report_core.py:113: CoverageWarning: Couldn't parse '/Users/mckenzie/Documents/event2table/backend/services/hql/validators/test_performance_analyzer.py': Couldn't use data file '/Users/mckenzie/Documents/event2table/.coverage': no such table: tracer (couldnt-parse); see https://coverage.readthedocs.io/en/7.13.4/messages.html#warning-couldnt-parse
  coverage._warn(msg, slug="couldnt-parse")
/Users/mckenzie/Documents/event2table/backend/venv/lib/python3.13/site-packages/coverage/report_core.py:113: CoverageWarning: Couldn't parse '/Users/mckenzie/Documents/event2table/backend/services/hql/validators/test_performance_analyzer_extended.py': Couldn't use data file '/Users/mckenzie/Documents/event2table/.coverage': no such table: tracer (couldnt-parse); see https://coverage.readthedocs.io/en/7.13.4/messages.html#warning-couldnt-parse
  coverage._warn(msg, slug="couldnt-parse")
/Users/mckenzie/Documents/event2table/backend/venv/lib/python3.13/site-packages/coverage/report_core.py:113: CoverageWarning: Couldn't parse '/Users/mckenzie/Documents/event2table/backend/services/join_configs/__init__.py': Couldn't use data file '/Users/mckenzie/Documents/event2table/.coverage': no such table: tracer (couldnt-parse); see https://coverage.readthedocs.io/en/7.13.4/messages.html#warning-couldnt-parse
  coverage._warn(msg, slug="couldnt-parse")
/Users/mckenzie/Documents/event2table/backend/venv/lib/python3.13/site-packages/coverage/report_core.py:113: CoverageWarning: Couldn't parse '/Users/mckenzie/Documents/event2table/backend/services/join_configs/join_config_service.py': Couldn't use data file '/Users/mckenzie/Documents/event2table/.coverage': no such table: tracer (couldnt-parse); see https://coverage.readthedocs.io/en/7.13.4/messages.html#warning-couldnt-parse
  coverage._warn(msg, slug="couldnt-parse")
/Users/mckenzie/Documents/event2table/backend/venv/lib/python3.13/site-packages/coverage/report_core.py:113: CoverageWarning: Couldn't parse '/Users/mckenzie/Documents/event2table/backend/services/parameters/__init__.py': Couldn't use data file '/Users/mckenzie/Documents/event2table/.coverage': no such table: tracer (couldnt-parse); see https://coverage.readthedocs.io/en/7.13.4/messages.html#warning-couldnt-parse
  coverage._warn(msg, slug="couldnt-parse")
/Users/mckenzie/Documents/event2table/backend/venv/lib/python3.13/site-packages/coverage/report_core.py:113: CoverageWarning: Couldn't parse '/Users/mckenzie/Documents/event2table/backend/services/parameters/common_params.py': Couldn't use data file '/Users/mckenzie/Documents/event2table/.coverage': no such table: tracer (couldnt-parse); see https://coverage.readthedocs.io/en/7.13.4/messages.html#warning-couldnt-parse
  coverage._warn(msg, slug="couldnt-parse")
/Users/mckenzie/Documents/event2table/backend/venv/lib/python3.13/site-packages/coverage/report_core.py:113: CoverageWarning: Couldn't parse '/Users/mckenzie/Documents/event2table/backend/services/parameters/event_param_manager.py': Couldn't use data file '/Users/mckenzie/Documents/event2table/.coverage': no such table: tracer (couldnt-parse); see https://coverage.readthedocs.io/en/7.13.4/messages.html#warning-couldnt-parse
  coverage._warn(msg, slug="couldnt-parse")
/Users/mckenzie/Documents/event2table/backend/venv/lib/python3.13/site-packages/coverage/report_core.py:113: CoverageWarning: Couldn't parse '/Users/mckenzie/Documents/event2table/backend/services/parameters/param_library_manager.py': Couldn't use data file '/Users/mckenzie/Documents/event2table/.coverage': no such table: tracer (couldnt-parse); see https://coverage.readthedocs.io/en/7.13.4/messages.html#warning-couldnt-parse
  coverage._warn(msg, slug="couldnt-parse")
/Users/mckenzie/Documents/event2table/backend/venv/lib/python3.13/site-packages/coverage/report_core.py:113: CoverageWarning: Couldn't parse '/Users/mckenzie/Documents/event2table/backend/services/parameters/param_type_manager.py': Couldn't use data file '/Users/mckenzie/Documents/event2table/.coverage': no such table: tracer (couldnt-parse); see https://coverage.readthedocs.io/en/7.13.4/messages.html#warning-couldnt-parse
  coverage._warn(msg, slug="couldnt-parse")
/Users/mckenzie/Documents/event2table/backend/venv/lib/python3.13/site-packages/coverage/report_core.py:113: CoverageWarning: Couldn't parse '/Users/mckenzie/Documents/event2table/backend/services/parameters/parameter_aliases.py': Couldn't use data file '/Users/mckenzie/Documents/event2table/.coverage': no such table: tracer (couldnt-parse); see https://coverage.readthedocs.io/en/7.13.4/messages.html#warning-couldnt-parse
  coverage._warn(msg, slug="couldnt-parse")
/Users/mckenzie/Documents/event2table/backend/venv/lib/python3.13/site-packages/coverage/report_core.py:113: CoverageWarning: Couldn't parse '/Users/mckenzie/Documents/event2table/backend/services/parameters/parameter_app_service_enhanced.py': Couldn't use data file '/Users/mckenzie/Documents/event2table/.coverage': no such table: tracer (couldnt-parse); see https://coverage.readthedocs.io/en/7.13.4/messages.html#warning-couldnt-parse
  coverage._warn(msg, slug="couldnt-parse")
/Users/mckenzie/Documents/event2table/backend/venv/lib/python3.13/site-packages/coverage/report_core.py:113: CoverageWarning: Couldn't parse '/Users/mckenzie/Documents/event2table/backend/services/parameters/parameter_service.py': Couldn't use data file '/Users/mckenzie/Documents/event2table/.coverage': no such table: tracer (couldnt-parse); see https://coverage.readthedocs.io/en/7.13.4/messages.html#warning-couldnt-parse
  coverage._warn(msg, slug="couldnt-parse")
/Users/mckenzie/Documents/event2table/backend/venv/lib/python3.13/site-packages/coverage/report_core.py:113: CoverageWarning: Couldn't parse '/Users/mckenzie/Documents/event2table/backend/services/parameters/parameter_service_extended.py': Couldn't use data file '/Users/mckenzie/Documents/event2table/.coverage': no such table: tracer (couldnt-parse); see https://coverage.readthedocs.io/en/7.13.4/messages.html#warning-couldnt-parse
  coverage._warn(msg, slug="couldnt-parse")
/Users/mckenzie/Documents/event2table/backend/venv/lib/python3.13/site-packages/coverage/report_core.py:113: CoverageWarning: Couldn't parse '/Users/mckenzie/Documents/event2table/backend/test/conftest.py': Couldn't use data file '/Users/mckenzie/Documents/event2table/.coverage': no such table: tracer (couldnt-parse); see https://coverage.readthedocs.io/en/7.13.4/messages.html#warning-couldnt-parse
  coverage._warn(msg, slug="couldnt-parse")
/Users/mckenzie/Documents/event2table/backend/venv/lib/python3.13/site-packages/coverage/report_core.py:113: CoverageWarning: Couldn't parse '/Users/mckenzie/Documents/event2table/backend/test/unit/api/__init__.py': Couldn't use data file '/Users/mckenzie/Documents/event2table/.coverage': no such table: tracer (couldnt-parse); see https://coverage.readthedocs.io/en/7.13.4/messages.html#warning-couldnt-parse
  coverage._warn(msg, slug="couldnt-parse")
/Users/mckenzie/Documents/event2table/backend/venv/lib/python3.13/site-packages/coverage/report_core.py:113: CoverageWarning: Couldn't parse '/Users/mckenzie/Documents/event2table/backend/test/unit/api/test_api_comprehensive.py': Couldn't use data file '/Users/mckenzie/Documents/event2table/.coverage': no such table: tracer (couldnt-parse); see https://coverage.readthedocs.io/en/7.13.4/messages.html#warning-couldnt-parse
  coverage._warn(msg, slug="couldnt-parse")
/Users/mckenzie/Documents/event2table/backend/venv/lib/python3.13/site-packages/coverage/report_core.py:113: CoverageWarning: Couldn't parse '/Users/mckenzie/Documents/event2table/backend/test/unit/api/test_api_validation.py': Couldn't use data file '/Users/mckenzie/Documents/event2table/.coverage': no such table: tracer (couldnt-parse); see https://coverage.readthedocs.io/en/7.13.4/messages.html#warning-couldnt-parse
  coverage._warn(msg, slug="couldnt-parse")
/Users/mckenzie/Documents/event2table/backend/venv/lib/python3.13/site-packages/coverage/report_core.py:113: CoverageWarning: Couldn't parse '/Users/mckenzie/Documents/event2table/backend/test/unit/api/test_event_api_with_categories.py': Couldn't use data file '/Users/mckenzie/Documents/event2table/.coverage': no such table: tracer (couldnt-parse); see https://coverage.readthedocs.io/en/7.13.4/messages.html#warning-couldnt-parse
  coverage._warn(msg, slug="couldnt-parse")
/Users/mckenzie/Documents/event2table/backend/venv/lib/python3.13/site-packages/coverage/report_core.py:113: CoverageWarning: Couldn't parse '/Users/mckenzie/Documents/event2table/backend/test/unit/api/test_events_api.py': Couldn't use data file '/Users/mckenzie/Documents/event2table/.coverage': no such table: tracer (couldnt-parse); see https://coverage.readthedocs.io/en/7.13.4/messages.html#warning-couldnt-parse
  coverage._warn(msg, slug="couldnt-parse")
/Users/mckenzie/Documents/event2table/backend/venv/lib/python3.13/site-packages/coverage/report_core.py:113: CoverageWarning: Couldn't parse '/Users/mckenzie/Documents/event2table/backend/test/unit/api/test_games_api.py': Couldn't use data file '/Users/mckenzie/Documents/event2table/.coverage': no such table: tracer (couldnt-parse); see https://coverage.readthedocs.io/en/7.13.4/messages.html#warning-couldnt-parse
  coverage._warn(msg, slug="couldnt-parse")
/Users/mckenzie/Documents/event2table/backend/venv/lib/python3.13/site-packages/coverage/report_core.py:113: CoverageWarning: Couldn't parse '/Users/mckenzie/Documents/event2table/backend/test/unit/api/test_games_api_cached_performance.py': Couldn't use data file '/Users/mckenzie/Documents/event2table/.coverage': no such table: tracer (couldnt-parse); see https://coverage.readthedocs.io/en/7.13.4/messages.html#warning-couldnt-parse
  coverage._warn(msg, slug="couldnt-parse")
/Users/mckenzie/Documents/event2table/backend/venv/lib/python3.13/site-packages/coverage/report_core.py:113: CoverageWarning: Couldn't parse '/Users/mckenzie/Documents/event2table/backend/test/unit/api/test_games_api_fix.py': Couldn't use data file '/Users/mckenzie/Documents/event2table/.coverage': no such table: tracer (couldnt-parse); see https://coverage.readthedocs.io/en/7.13.4/messages.html#warning-couldnt-parse
  coverage._warn(msg, slug="couldnt-parse")
/Users/mckenzie/Documents/event2table/backend/venv/lib/python3.13/site-packages/coverage/report_core.py:113: CoverageWarning: Couldn't parse '/Users/mckenzie/Documents/event2table/backend/test/unit/api/test_games_api_performance.py': Couldn't use data file '/Users/mckenzie/Documents/event2table/.coverage': no such table: tracer (couldnt-parse); see https://coverage.readthedocs.io/en/7.13.4/messages.html#warning-couldnt-parse
  coverage._warn(msg, slug="couldnt-parse")
/Users/mckenzie/Documents/event2table/backend/venv/lib/python3.13/site-packages/coverage/report_core.py:113: CoverageWarning: Couldn't parse '/Users/mckenzie/Documents/event2table/backend/test/unit/api/test_games_delete_confirmation.py': Couldn't use data file '/Users/mckenzie/Documents/event2table/.coverage': no such table: tracer (couldnt-parse); see https://coverage.readthedocs.io/en/7.13.4/messages.html#warning-couldnt-parse
  coverage._warn(msg, slug="couldnt-parse")
/Users/mckenzie/Documents/event2table/backend/venv/lib/python3.13/site-packages/coverage/report_core.py:113: CoverageWarning: Couldn't parse '/Users/mckenzie/Documents/event2table/backend/test/unit/api/test_hql_history_enhancements.py': Couldn't use data file '/Users/mckenzie/Documents/event2table/.coverage': no such table: tracer (couldnt-parse); see https://coverage.readthedocs.io/en/7.13.4/messages.html#warning-couldnt-parse
  coverage._warn(msg, slug="couldnt-parse")
/Users/mckenzie/Documents/event2table/backend/venv/lib/python3.13/site-packages/coverage/report_core.py:113: CoverageWarning: Couldn't parse '/Users/mckenzie/Documents/event2table/backend/test/unit/backend/api/test_categories_api.py': Couldn't use data file '/Users/mckenzie/Documents/event2table/.coverage': no such table: tracer (couldnt-parse); see https://coverage.readthedocs.io/en/7.13.4/messages.html#warning-couldnt-parse
  coverage._warn(msg, slug="couldnt-parse")
/Users/mckenzie/Documents/event2table/backend/venv/lib/python3.13/site-packages/coverage/report_core.py:113: CoverageWarning: Couldn't parse '/Users/mckenzie/Documents/event2table/backend/test/unit/cache/test_invalidator_enhanced.py': Couldn't use data file '/Users/mckenzie/Documents/event2table/.coverage': no such table: tracer (couldnt-parse); see https://coverage.readthedocs.io/en/7.13.4/messages.html#warning-couldnt-parse
  coverage._warn(msg, slug="couldnt-parse")
/Users/mckenzie/Documents/event2table/backend/venv/lib/python3.13/site-packages/coverage/report_core.py:113: CoverageWarning: Couldn't parse '/Users/mckenzie/Documents/event2table/backend/test/unit/cache/test_protection_enhanced.py': Couldn't use data file '/Users/mckenzie/Documents/event2table/.coverage': no such table: tracer (couldnt-parse); see https://coverage.readthedocs.io/en/7.13.4/messages.html#warning-couldnt-parse
  coverage._warn(msg, slug="couldnt-parse")
/Users/mckenzie/Documents/event2table/backend/venv/lib/python3.13/site-packages/coverage/report_core.py:113: CoverageWarning: Couldn't parse '/Users/mckenzie/Documents/event2table/backend/test/unit/cache/test_statistics_enhanced.py': Couldn't use data file '/Users/mckenzie/Documents/event2table/.coverage': no such table: tracer (couldnt-parse); see https://coverage.readthedocs.io/en/7.13.4/messages.html#warning-couldnt-parse
  coverage._warn(msg, slug="couldnt-parse")
/Users/mckenzie/Documents/event2table/backend/venv/lib/python3.13/site-packages/coverage/report_core.py:113: CoverageWarning: Couldn't parse '/Users/mckenzie/Documents/event2table/backend/test/unit/canvas/canvas_service_test.py': Couldn't use data file '/Users/mckenzie/Documents/event2table/.coverage': no such table: tracer (couldnt-parse); see https://coverage.readthedocs.io/en/7.13.4/messages.html#warning-couldnt-parse
  coverage._warn(msg, slug="couldnt-parse")
/Users/mckenzie/Documents/event2table/backend/venv/lib/python3.13/site-packages/coverage/report_core.py:113: CoverageWarning: Couldn't parse '/Users/mckenzie/Documents/event2table/backend/test/unit/conftest.py': Couldn't use data file '/Users/mckenzie/Documents/event2table/.coverage': no such table: tracer (couldnt-parse); see https://coverage.readthedocs.io/en/7.13.4/messages.html#warning-couldnt-parse
  coverage._warn(msg, slug="couldnt-parse")
/Users/mckenzie/Documents/event2table/backend/venv/lib/python3.13/site-packages/coverage/report_core.py:113: CoverageWarning: Couldn't parse '/Users/mckenzie/Documents/event2table/backend/test/unit/core/__init__.py': Couldn't use data file '/Users/mckenzie/Documents/event2table/.coverage': no such table: tracer (couldnt-parse); see https://coverage.readthedocs.io/en/7.13.4/messages.html#warning-couldnt-parse
  coverage._warn(msg, slug="couldnt-parse")
/Users/mckenzie/Documents/event2table/backend/venv/lib/python3.13/site-packages/coverage/report_core.py:113: CoverageWarning: Couldn't parse '/Users/mckenzie/Documents/event2table/backend/test/unit/core/cache/__init__.py': Couldn't use data file '/Users/mckenzie/Documents/event2table/.coverage': no such table: tracer (couldnt-parse); see https://coverage.readthedocs.io/en/7.13.4/messages.html#warning-couldnt-parse
  coverage._warn(msg, slug="couldnt-parse")
/Users/mckenzie/Documents/event2table/backend/venv/lib/python3.13/site-packages/coverage/report_core.py:113: CoverageWarning: Couldn't parse '/Users/mckenzie/Documents/event2table/backend/test/unit/core/cache/test_cache_e2e.py': Couldn't use data file '/Users/mckenzie/Documents/event2table/.coverage': no such table: tracer (couldnt-parse); see https://coverage.readthedocs.io/en/7.13.4/messages.html#warning-couldnt-parse
  coverage._warn(msg, slug="couldnt-parse")
/Users/mckenzie/Documents/event2table/backend/venv/lib/python3.13/site-packages/coverage/report_core.py:113: CoverageWarning: Couldn't parse '/Users/mckenzie/Documents/event2table/backend/test/unit/core/cache/test_cache_performance.py': Couldn't use data file '/Users/mckenzie/Documents/event2table/.coverage': no such table: tracer (couldnt-parse); see https://coverage.readthedocs.io/en/7.13.4/messages.html#warning-couldnt-parse
  coverage._warn(msg, slug="couldnt-parse")
/Users/mckenzie/Documents/event2table/backend/venv/lib/python3.13/site-packages/coverage/report_core.py:113: CoverageWarning: Couldn't parse '/Users/mckenzie/Documents/event2table/backend/test/unit/core/cache/test_cache_protection.py': Couldn't use data file '/Users/mckenzie/Documents/event2table/.coverage': no such table: tracer (couldnt-parse); see https://coverage.readthedocs.io/en/7.13.4/messages.html#warning-couldnt-parse
  coverage._warn(msg, slug="couldnt-parse")
/Users/mckenzie/Documents/event2table/backend/venv/lib/python3.13/site-packages/coverage/report_core.py:113: CoverageWarning: Couldn't parse '/Users/mckenzie/Documents/event2table/backend/test/unit/core/cache/test_cache_simple.py': Couldn't use data file '/Users/mckenzie/Documents/event2table/.coverage': no such table: tracer (couldnt-parse); see https://coverage.readthedocs.io/en/7.13.4/messages.html#warning-couldnt-parse
  coverage._warn(msg, slug="couldnt-parse")
/Users/mckenzie/Documents/event2table/backend/venv/lib/python3.13/site-packages/coverage/report_core.py:113: CoverageWarning: Couldn't parse '/Users/mckenzie/Documents/event2table/backend/test/unit/core/cache/test_cache_system.py': Couldn't use data file '/Users/mckenzie/Documents/event2table/.coverage': no such table: tracer (couldnt-parse); see https://coverage.readthedocs.io/en/7.13.4/messages.html#warning-couldnt-parse
  coverage._warn(msg, slug="couldnt-parse")
/Users/mckenzie/Documents/event2table/backend/venv/lib/python3.13/site-packages/coverage/report_core.py:113: CoverageWarning: Couldn't parse '/Users/mckenzie/Documents/event2table/backend/test/unit/core/cache/test_hierarchical_cache.py': Couldn't use data file '/Users/mckenzie/Documents/event2table/.coverage': no such table: tracer (couldnt-parse); see https://coverage.readthedocs.io/en/7.13.4/messages.html#warning-couldnt-parse
  coverage._warn(msg, slug="couldnt-parse")
/Users/mckenzie/Documents/event2table/backend/venv/lib/python3.13/site-packages/coverage/report_core.py:113: CoverageWarning: Couldn't parse '/Users/mckenzie/Documents/event2table/backend/test/unit/core/cache/test_hql_v2_cache_performance.py': Couldn't use data file '/Users/mckenzie/Documents/event2table/.coverage': no such table: tracer (couldnt-parse); see https://coverage.readthedocs.io/en/7.13.4/messages.html#warning-couldnt-parse
  coverage._warn(msg, slug="couldnt-parse")
/Users/mckenzie/Documents/event2table/backend/venv/lib/python3.13/site-packages/coverage/report_core.py:113: CoverageWarning: Couldn't parse '/Users/mckenzie/Documents/event2table/backend/test/unit/core/cache/test_monitoring_enhanced.py': Couldn't use data file '/Users/mckenzie/Documents/event2table/.coverage': no such table: tracer (couldnt-parse); see https://coverage.readthedocs.io/en/7.13.4/messages.html#warning-couldnt-parse
  coverage._warn(msg, slug="couldnt-parse")
/Users/mckenzie/Documents/event2table/backend/venv/lib/python3.13/site-packages/coverage/report_core.py:113: CoverageWarning: Couldn't parse '/Users/mckenzie/Documents/event2table/backend/test/unit/core/database/__init__.py': Couldn't use data file '/Users/mckenzie/Documents/event2table/.coverage': no such table: tracer (couldnt-parse); see https://coverage.readthedocs.io/en/7.13.4/messages.html#warning-couldnt-parse
  coverage._warn(msg, slug="couldnt-parse")
/Users/mckenzie/Documents/event2table/backend/venv/lib/python3.13/site-packages/coverage/report_core.py:113: CoverageWarning: Couldn't parse '/Users/mckenzie/Documents/event2table/backend/test/unit/core/database/test_database.py': Couldn't use data file '/Users/mckenzie/Documents/event2table/.coverage': no such table: tracer (couldnt-parse); see https://coverage.readthedocs.io/en/7.13.4/messages.html#warning-couldnt-parse
  coverage._warn(msg, slug="couldnt-parse")
/Users/mckenzie/Documents/event2table/backend/venv/lib/python3.13/site-packages/coverage/report_core.py:113: CoverageWarning: Couldn't parse '/Users/mckenzie/Documents/event2table/backend/test/unit/core/database/test_database_module.py': Couldn't use data file '/Users/mckenzie/Documents/event2table/.coverage': no such table: tracer (couldnt-parse); see https://coverage.readthedocs.io/en/7.13.4/messages.html#warning-couldnt-parse
  coverage._warn(msg, slug="couldnt-parse")
/Users/mckenzie/Documents/event2table/backend/venv/lib/python3.13/site-packages/coverage/report_core.py:113: CoverageWarning: Couldn't parse '/Users/mckenzie/Documents/event2table/backend/test/unit/core/security/__init__.py': Couldn't use data file '/Users/mckenzie/Documents/event2table/.coverage': no such table: tracer (couldnt-parse); see https://coverage.readthedocs.io/en/7.13.4/messages.html#warning-couldnt-parse
  coverage._warn(msg, slug="couldnt-parse")
/Users/mckenzie/Documents/event2table/backend/venv/lib/python3.13/site-packages/coverage/report_core.py:113: CoverageWarning: Couldn't parse '/Users/mckenzie/Documents/event2table/backend/test/unit/core/security/test_crypto.py': Couldn't use data file '/Users/mckenzie/Documents/event2table/.coverage': no such table: tracer (couldnt-parse); see https://coverage.readthedocs.io/en/7.13.4/messages.html#warning-couldnt-parse
  coverage._warn(msg, slug="couldnt-parse")
/Users/mckenzie/Documents/event2table/backend/venv/lib/python3.13/site-packages/coverage/report_core.py:113: CoverageWarning: Couldn't parse '/Users/mckenzie/Documents/event2table/backend/test/unit/core/security/test_data_access.py': Couldn't use data file '/Users/mckenzie/Documents/event2table/.coverage': no such table: tracer (couldnt-parse); see https://coverage.readthedocs.io/en/7.13.4/messages.html#warning-couldnt-parse
  coverage._warn(msg, slug="couldnt-parse")
/Users/mckenzie/Documents/event2table/backend/venv/lib/python3.13/site-packages/coverage/report_core.py:113: CoverageWarning: Couldn't parse '/Users/mckenzie/Documents/event2table/backend/test/unit/core/security/test_security.py': Couldn't use data file '/Users/mckenzie/Documents/event2table/.coverage': no such table: tracer (couldnt-parse); see https://coverage.readthedocs.io/en/7.13.4/messages.html#warning-couldnt-parse
  coverage._warn(msg, slug="couldnt-parse")
/Users/mckenzie/Documents/event2table/backend/venv/lib/python3.13/site-packages/coverage/report_core.py:113: CoverageWarning: Couldn't parse '/Users/mckenzie/Documents/event2table/backend/test/unit/core/test_common.py': Couldn't use data file '/Users/mckenzie/Documents/event2table/.coverage': no such table: tracer (couldnt-parse); see https://coverage.readthedocs.io/en/7.13.4/messages.html#warning-couldnt-parse
  coverage._warn(msg, slug="couldnt-parse")
/Users/mckenzie/Documents/event2table/backend/venv/lib/python3.13/site-packages/coverage/report_core.py:113: CoverageWarning: Couldn't parse '/Users/mckenzie/Documents/event2table/backend/test/unit/core/test_core_utils.py': Couldn't use data file '/Users/mckenzie/Documents/event2table/.coverage': no such table: tracer (couldnt-parse); see https://coverage.readthedocs.io/en/7.13.4/messages.html#warning-couldnt-parse
  coverage._warn(msg, slug="couldnt-parse")
/Users/mckenzie/Documents/event2table/backend/venv/lib/python3.13/site-packages/coverage/report_core.py:113: CoverageWarning: Couldn't parse '/Users/mckenzie/Documents/event2table/backend/test/unit/core/test_environment_config.py': Couldn't use data file '/Users/mckenzie/Documents/event2table/.coverage': no such table: tracer (couldnt-parse); see https://coverage.readthedocs.io/en/7.13.4/messages.html#warning-couldnt-parse
  coverage._warn(msg, slug="couldnt-parse")
/Users/mckenzie/Documents/event2table/backend/venv/lib/python3.13/site-packages/coverage/report_core.py:113: CoverageWarning: Couldn't parse '/Users/mckenzie/Documents/event2table/backend/test/unit/core/test_graph_utils.py': Couldn't use data file '/Users/mckenzie/Documents/event2table/.coverage': no such table: tracer (couldnt-parse); see https://coverage.readthedocs.io/en/7.13.4/messages.html#warning-couldnt-parse
  coverage._warn(msg, slug="couldnt-parse")
/Users/mckenzie/Documents/event2table/backend/venv/lib/python3.13/site-packages/coverage/report_core.py:113: CoverageWarning: Couldn't parse '/Users/mckenzie/Documents/event2table/backend/test/unit/core/test_performance_modes.py': Couldn't use data file '/Users/mckenzie/Documents/event2table/.coverage': no such table: tracer (couldnt-parse); see https://coverage.readthedocs.io/en/7.13.4/messages.html#warning-couldnt-parse
  coverage._warn(msg, slug="couldnt-parse")
/Users/mckenzie/Documents/event2table/backend/venv/lib/python3.13/site-packages/coverage/report_core.py:113: CoverageWarning: Couldn't parse '/Users/mckenzie/Documents/event2table/backend/test/unit/core/test_sql_builder.py': Couldn't use data file '/Users/mckenzie/Documents/event2table/.coverage': no such table: tracer (couldnt-parse); see https://coverage.readthedocs.io/en/7.13.4/messages.html#warning-couldnt-parse
  coverage._warn(msg, slug="couldnt-parse")
/Users/mckenzie/Documents/event2table/backend/venv/lib/python3.13/site-packages/coverage/report_core.py:113: CoverageWarning: Couldn't parse '/Users/mckenzie/Documents/event2table/backend/test/unit/core/test_utils_comprehensive.py': Couldn't use data file '/Users/mckenzie/Documents/event2table/.coverage': no such table: tracer (couldnt-parse); see https://coverage.readthedocs.io/en/7.13.4/messages.html#warning-couldnt-parse
  coverage._warn(msg, slug="couldnt-parse")
/Users/mckenzie/Documents/event2table/backend/venv/lib/python3.13/site-packages/coverage/report_core.py:113: CoverageWarning: Couldn't parse '/Users/mckenzie/Documents/event2table/backend/test/unit/core/test_utils_extra.py': Couldn't use data file '/Users/mckenzie/Documents/event2table/.coverage': no such table: tracer (couldnt-parse); see https://coverage.readthedocs.io/en/7.13.4/messages.html#warning-couldnt-parse
  coverage._warn(msg, slug="couldnt-parse")
/Users/mckenzie/Documents/event2table/backend/venv/lib/python3.13/site-packages/coverage/report_core.py:113: CoverageWarning: Couldn't parse '/Users/mckenzie/Documents/event2table/backend/test/unit/diagnostics/__init__.py': Couldn't use data file '/Users/mckenzie/Documents/event2table/.coverage': no such table: tracer (couldnt-parse); see https://coverage.readthedocs.io/en/7.13.4/messages.html#warning-couldnt-parse
  coverage._warn(msg, slug="couldnt-parse")
/Users/mckenzie/Documents/event2table/backend/venv/lib/python3.13/site-packages/coverage/report_core.py:113: CoverageWarning: Couldn't parse '/Users/mckenzie/Documents/event2table/backend/test/unit/diagnostics/test_cache_warming.py': Couldn't use data file '/Users/mckenzie/Documents/event2table/.coverage': no such table: tracer (couldnt-parse); see https://coverage.readthedocs.io/en/7.13.4/messages.html#warning-couldnt-parse
  coverage._warn(msg, slug="couldnt-parse")
/Users/mckenzie/Documents/event2table/backend/venv/lib/python3.13/site-packages/coverage/report_core.py:113: CoverageWarning: Couldn't parse '/Users/mckenzie/Documents/event2table/backend/test/unit/diagnostics/test_canvas_api.py': Couldn't use data file '/Users/mckenzie/Documents/event2table/.coverage': no such table: tracer (couldnt-parse); see https://coverage.readthedocs.io/en/7.13.4/messages.html#warning-couldnt-parse
  coverage._warn(msg, slug="couldnt-parse")
/Users/mckenzie/Documents/event2table/backend/venv/lib/python3.13/site-packages/coverage/report_core.py:113: CoverageWarning: Couldn't parse '/Users/mckenzie/Documents/event2table/backend/test/unit/diagnostics/test_canvas_automation.py': Couldn't use data file '/Users/mckenzie/Documents/event2table/.coverage': no such table: tracer (couldnt-parse); see https://coverage.readthedocs.io/en/7.13.4/messages.html#warning-couldnt-parse
  coverage._warn(msg, slug="couldnt-parse")
/Users/mckenzie/Documents/event2table/backend/venv/lib/python3.13/site-packages/coverage/report_core.py:113: CoverageWarning: Couldn't parse '/Users/mckenzie/Documents/event2table/backend/test/unit/diagnostics/test_sql_optimizer_api.py': Couldn't use data file '/Users/mckenzie/Documents/event2table/.coverage': no such table: tracer (couldnt-parse); see https://coverage.readthedocs.io/en/7.13.4/messages.html#warning-couldnt-parse
  coverage._warn(msg, slug="couldnt-parse")
/Users/mckenzie/Documents/event2table/backend/venv/lib/python3.13/site-packages/coverage/report_core.py:113: CoverageWarning: Couldn't parse '/Users/mckenzie/Documents/event2table/backend/test/unit/event_node_builder/__init__.py': Couldn't use data file '/Users/mckenzie/Documents/event2table/.coverage': no such table: tracer (couldnt-parse); see https://coverage.readthedocs.io/en/7.13.4/messages.html#warning-couldnt-parse
  coverage._warn(msg, slug="couldnt-parse")
/Users/mckenzie/Documents/event2table/backend/venv/lib/python3.13/site-packages/coverage/report_core.py:113: CoverageWarning: Couldn't parse '/Users/mckenzie/Documents/event2table/backend/test/unit/event_node_builder/test_api_params.py': Couldn't use data file '/Users/mckenzie/Documents/event2table/.coverage': no such table: tracer (couldnt-parse); see https://coverage.readthedocs.io/en/7.13.4/messages.html#warning-couldnt-parse
  coverage._warn(msg, slug="couldnt-parse")
/Users/mckenzie/Documents/event2table/backend/venv/lib/python3.13/site-packages/coverage/report_core.py:113: CoverageWarning: Couldn't parse '/Users/mckenzie/Documents/event2table/backend/test/unit/gql_api/__init__.py': Couldn't use data file '/Users/mckenzie/Documents/event2table/.coverage': no such table: tracer (couldnt-parse); see https://coverage.readthedocs.io/en/7.13.4/messages.html#warning-couldnt-parse
  coverage._warn(msg, slug="couldnt-parse")
/Users/mckenzie/Documents/event2table/backend/venv/lib/python3.13/site-packages/coverage/report_core.py:113: CoverageWarning: Couldn't parse '/Users/mckenzie/Documents/event2table/backend/test/unit/gql_api/queries/test_join_config_consistency.py': Couldn't use data file '/Users/mckenzie/Documents/event2table/.coverage': no such table: tracer (couldnt-parse); see https://coverage.readthedocs.io/en/7.13.4/messages.html#warning-couldnt-parse
  coverage._warn(msg, slug="couldnt-parse")
/Users/mckenzie/Documents/event2table/backend/venv/lib/python3.13/site-packages/coverage/report_core.py:113: CoverageWarning: Couldn't parse '/Users/mckenzie/Documents/event2table/backend/test/unit/gql_api/resolvers/__init__.py': Couldn't use data file '/Users/mckenzie/Documents/event2table/.coverage': no such table: tracer (couldnt-parse); see https://coverage.readthedocs.io/en/7.13.4/messages.html#warning-couldnt-parse
  coverage._warn(msg, slug="couldnt-parse")
/Users/mckenzie/Documents/event2table/backend/venv/lib/python3.13/site-packages/coverage/report_core.py:113: CoverageWarning: Couldn't parse '/Users/mckenzie/Documents/event2table/backend/test/unit/gql_api/resolvers/test_parameter_resolvers.py': Couldn't use data file '/Users/mckenzie/Documents/event2table/.coverage': no such table: tracer (couldnt-parse); see https://coverage.readthedocs.io/en/7.13.4/messages.html#warning-couldnt-parse
  coverage._warn(msg, slug="couldnt-parse")
/Users/mckenzie/Documents/event2table/backend/venv/lib/python3.13/site-packages/coverage/report_core.py:113: CoverageWarning: Couldn't parse '/Users/mckenzie/Documents/event2table/backend/test/unit/gql_api/test_field_type_enum.py': Couldn't use data file '/Users/mckenzie/Documents/event2table/.coverage': no such table: tracer (couldnt-parse); see https://coverage.readthedocs.io/en/7.13.4/messages.html#warning-couldnt-parse
  coverage._warn(msg, slug="couldnt-parse")
/Users/mckenzie/Documents/event2table/backend/venv/lib/python3.13/site-packages/coverage/report_core.py:113: CoverageWarning: Couldn't parse '/Users/mckenzie/Documents/event2table/backend/test/unit/gql_api/test_join_type_enum.py': Couldn't use data file '/Users/mckenzie/Documents/event2table/.coverage': no such table: tracer (couldnt-parse); see https://coverage.readthedocs.io/en/7.13.4/messages.html#warning-couldnt-parse
  coverage._warn(msg, slug="couldnt-parse")
/Users/mckenzie/Documents/event2table/backend/venv/lib/python3.13/site-packages/coverage/report_core.py:113: CoverageWarning: Couldn't parse '/Users/mckenzie/Documents/event2table/backend/test/unit/gql_api/test_node_type_enum.py': Couldn't use data file '/Users/mckenzie/Documents/event2table/.coverage': no such table: tracer (couldnt-parse); see https://coverage.readthedocs.io/en/7.13.4/messages.html#warning-couldnt-parse
  coverage._warn(msg, slug="couldnt-parse")
/Users/mckenzie/Documents/event2table/backend/venv/lib/python3.13/site-packages/coverage/report_core.py:113: CoverageWarning: Couldn't parse '/Users/mckenzie/Documents/event2table/backend/test/unit/gql_api/test_v2_api.py': Couldn't use data file '/Users/mckenzie/Documents/event2table/.coverage': no such table: tracer (couldnt-parse); see https://coverage.readthedocs.io/en/7.13.4/messages.html#warning-couldnt-parse
  coverage._warn(msg, slug="couldnt-parse")
/Users/mckenzie/Documents/event2table/backend/venv/lib/python3.13/site-packages/coverage/report_core.py:113: CoverageWarning: Couldn't parse '/Users/mckenzie/Documents/event2table/backend/test/unit/graphql_tests/__init__.py': Couldn't use data file '/Users/mckenzie/Documents/event2table/.coverage': no such table: tracer (couldnt-parse); see https://coverage.readthedocs.io/en/7.13.4/messages.html#warning-couldnt-parse
  coverage._warn(msg, slug="couldnt-parse")
/Users/mckenzie/Documents/event2table/backend/venv/lib/python3.13/site-packages/coverage/report_core.py:113: CoverageWarning: Couldn't parse '/Users/mckenzie/Documents/event2table/backend/test/unit/graphql_tests/test_e2e.py': Couldn't use data file '/Users/mckenzie/Documents/event2table/.coverage': no such table: tracer (couldnt-parse); see https://coverage.readthedocs.io/en/7.13.4/messages.html#warning-couldnt-parse
  coverage._warn(msg, slug="couldnt-parse")
/Users/mckenzie/Documents/event2table/backend/venv/lib/python3.13/site-packages/coverage/report_core.py:113: CoverageWarning: Couldn't parse '/Users/mckenzie/Documents/event2table/backend/test/unit/graphql_tests/test_mutations.py': Couldn't use data file '/Users/mckenzie/Documents/event2table/.coverage': no such table: tracer (couldnt-parse); see https://coverage.readthedocs.io/en/7.13.4/messages.html#warning-couldnt-parse
  coverage._warn(msg, slug="couldnt-parse")
/Users/mckenzie/Documents/event2table/backend/venv/lib/python3.13/site-packages/coverage/report_core.py:113: CoverageWarning: Couldn't parse '/Users/mckenzie/Documents/event2table/backend/test/unit/graphql_tests/test_queries.py': Couldn't use data file '/Users/mckenzie/Documents/event2table/.coverage': no such table: tracer (couldnt-parse); see https://coverage.readthedocs.io/en/7.13.4/messages.html#warning-couldnt-parse
  coverage._warn(msg, slug="couldnt-parse")
/Users/mckenzie/Documents/event2table/backend/venv/lib/python3.13/site-packages/coverage/report_core.py:113: CoverageWarning: Couldn't parse '/Users/mckenzie/Documents/event2table/backend/test/unit/graphql_tests/test_schema.py': Couldn't use data file '/Users/mckenzie/Documents/event2table/.coverage': no such table: tracer (couldnt-parse); see https://coverage.readthedocs.io/en/7.13.4/messages.html#warning-couldnt-parse
  coverage._warn(msg, slug="couldnt-parse")
/Users/mckenzie/Documents/event2table/backend/venv/lib/python3.13/site-packages/coverage/report_core.py:113: CoverageWarning: Couldn't parse '/Users/mckenzie/Documents/event2table/backend/test/unit/integration/__init__.py': Couldn't use data file '/Users/mckenzie/Documents/event2table/.coverage': no such table: tracer (couldnt-parse); see https://coverage.readthedocs.io/en/7.13.4/messages.html#warning-couldnt-parse
  coverage._warn(msg, slug="couldnt-parse")
/Users/mckenzie/Documents/event2table/backend/venv/lib/python3.13/site-packages/coverage/report_core.py:113: CoverageWarning: Couldn't parse '/Users/mckenzie/Documents/event2table/backend/test/unit/integration/test_category_seed.py': Couldn't use data file '/Users/mckenzie/Documents/event2table/.coverage': no such table: tracer (couldnt-parse); see https://coverage.readthedocs.io/en/7.13.4/messages.html#warning-couldnt-parse
  coverage._warn(msg, slug="couldnt-parse")
/Users/mckenzie/Documents/event2table/backend/venv/lib/python3.13/site-packages/coverage/report_core.py:113: CoverageWarning: Couldn't parse '/Users/mckenzie/Documents/event2table/backend/test/unit/integration/test_db_isolation.py': Couldn't use data file '/Users/mckenzie/Documents/event2table/.coverage': no such table: tracer (couldnt-parse); see https://coverage.readthedocs.io/en/7.13.4/messages.html#warning-couldnt-parse
  coverage._warn(msg, slug="couldnt-parse")
/Users/mckenzie/Documents/event2table/backend/venv/lib/python3.13/site-packages/coverage/report_core.py:113: CoverageWarning: Couldn't parse '/Users/mckenzie/Documents/event2table/backend/test/unit/integration/test_init_db_with_categories.py': Couldn't use data file '/Users/mckenzie/Documents/event2table/.coverage': no such table: tracer (couldnt-parse); see https://coverage.readthedocs.io/en/7.13.4/messages.html#warning-couldnt-parse
  coverage._warn(msg, slug="couldnt-parse")
/Users/mckenzie/Documents/event2table/backend/venv/lib/python3.13/site-packages/coverage/report_core.py:113: CoverageWarning: Couldn't parse '/Users/mckenzie/Documents/event2table/backend/test/unit/integration/test_join_configs_game_gid.py': Couldn't use data file '/Users/mckenzie/Documents/event2table/.coverage': no such table: tracer (couldnt-parse); see https://coverage.readthedocs.io/en/7.13.4/messages.html#warning-couldnt-parse
  coverage._warn(msg, slug="couldnt-parse")
/Users/mckenzie/Documents/event2table/backend/venv/lib/python3.13/site-packages/coverage/report_core.py:113: CoverageWarning: Couldn't parse '/Users/mckenzie/Documents/event2table/backend/test/unit/integration/test_migrations.py': Couldn't use data file '/Users/mckenzie/Documents/event2table/.coverage': no such table: tracer (couldnt-parse); see https://coverage.readthedocs.io/en/7.13.4/messages.html#warning-couldnt-parse
  coverage._warn(msg, slug="couldnt-parse")
/Users/mckenzie/Documents/event2table/backend/venv/lib/python3.13/site-packages/coverage/report_core.py:113: CoverageWarning: Couldn't parse '/Users/mckenzie/Documents/event2table/backend/test/unit/models/test_entities.py': Couldn't use data file '/Users/mckenzie/Documents/event2table/.coverage': no such table: tracer (couldnt-parse); see https://coverage.readthedocs.io/en/7.13.4/messages.html#warning-couldnt-parse
  coverage._warn(msg, slug="couldnt-parse")
/Users/mckenzie/Documents/event2table/backend/venv/lib/python3.13/site-packages/coverage/report_core.py:113: CoverageWarning: Couldn't parse '/Users/mckenzie/Documents/event2table/backend/test/unit/models/test_game_entity_validation_fix.py': Couldn't use data file '/Users/mckenzie/Documents/event2table/.coverage': no such table: tracer (couldnt-parse); see https://coverage.readthedocs.io/en/7.13.4/messages.html#warning-couldnt-parse
  coverage._warn(msg, slug="couldnt-parse")
/Users/mckenzie/Documents/event2table/backend/venv/lib/python3.13/site-packages/coverage/report_core.py:113: CoverageWarning: Couldn't parse '/Users/mckenzie/Documents/event2table/backend/test/unit/performance/test_batch_operations.py': Couldn't use data file '/Users/mckenzie/Documents/event2table/.coverage': no such table: tracer (couldnt-parse); see https://coverage.readthedocs.io/en/7.13.4/messages.html#warning-couldnt-parse
  coverage._warn(msg, slug="couldnt-parse")
/Users/mckenzie/Documents/event2table/backend/venv/lib/python3.13/site-packages/coverage/report_core.py:113: CoverageWarning: Couldn't parse '/Users/mckenzie/Documents/event2table/backend/test/unit/performance/test_field_usage_performance.py': Couldn't use data file '/Users/mckenzie/Documents/event2table/.coverage': no such table: tracer (couldnt-parse); see https://coverage.readthedocs.io/en/7.13.4/messages.html#warning-couldnt-parse
  coverage._warn(msg, slug="couldnt-parse")
/Users/mckenzie/Documents/event2table/backend/venv/lib/python3.13/site-packages/coverage/report_core.py:113: CoverageWarning: Couldn't parse '/Users/mckenzie/Documents/event2table/backend/test/unit/performance/test_n1_query_detection.py': Couldn't use data file '/Users/mckenzie/Documents/event2table/.coverage': no such table: tracer (couldnt-parse); see https://coverage.readthedocs.io/en/7.13.4/messages.html#warning-couldnt-parse
  coverage._warn(msg, slug="couldnt-parse")
/Users/mckenzie/Documents/event2table/backend/venv/lib/python3.13/site-packages/coverage/report_core.py:113: CoverageWarning: Couldn't parse '/Users/mckenzie/Documents/event2table/backend/test/unit/repositories/__init__.py': Couldn't use data file '/Users/mckenzie/Documents/event2table/.coverage': no such table: tracer (couldnt-parse); see https://coverage.readthedocs.io/en/7.13.4/messages.html#warning-couldnt-parse
  coverage._warn(msg, slug="couldnt-parse")
/Users/mckenzie/Documents/event2table/backend/venv/lib/python3.13/site-packages/coverage/report_core.py:113: CoverageWarning: Couldn't parse '/Users/mckenzie/Documents/event2table/backend/test/unit/repositories/test_database_migration.py': Couldn't use data file '/Users/mckenzie/Documents/event2table/.coverage': no such table: tracer (couldnt-parse); see https://coverage.readthedocs.io/en/7.13.4/messages.html#warning-couldnt-parse
  coverage._warn(msg, slug="couldnt-parse")
/Users/mckenzie/Documents/event2table/backend/venv/lib/python3.13/site-packages/coverage/report_core.py:113: CoverageWarning: Couldn't parse '/Users/mckenzie/Documents/event2table/backend/test/unit/repositories/test_hql_template_repository.py': Couldn't use data file '/Users/mckenzie/Documents/event2table/.coverage': no such table: tracer (couldnt-parse); see https://coverage.readthedocs.io/en/7.13.4/messages.html#warning-couldnt-parse
  coverage._warn(msg, slug="couldnt-parse")
/Users/mckenzie/Documents/event2table/backend/venv/lib/python3.13/site-packages/coverage/report_core.py:113: CoverageWarning: Couldn't parse '/Users/mckenzie/Documents/event2table/backend/test/unit/schemas/__init__.py': Couldn't use data file '/Users/mckenzie/Documents/event2table/.coverage': no such table: tracer (couldnt-parse); see https://coverage.readthedocs.io/en/7.13.4/messages.html#warning-couldnt-parse
  coverage._warn(msg, slug="couldnt-parse")
/Users/mckenzie/Documents/event2table/backend/venv/lib/python3.13/site-packages/coverage/report_core.py:113: CoverageWarning: Couldn't parse '/Users/mckenzie/Documents/event2table/backend/test/unit/schemas/test_api_validation.py': Couldn't use data file '/Users/mckenzie/Documents/event2table/.coverage': no such table: tracer (couldnt-parse); see https://coverage.readthedocs.io/en/7.13.4/messages.html#warning-couldnt-parse
  coverage._warn(msg, slug="couldnt-parse")
/Users/mckenzie/Documents/event2table/backend/venv/lib/python3.13/site-packages/coverage/report_core.py:113: CoverageWarning: Couldn't parse '/Users/mckenzie/Documents/event2table/backend/test/unit/security/test_authorization.py': Couldn't use data file '/Users/mckenzie/Documents/event2table/.coverage': no such table: tracer (couldnt-parse); see https://coverage.readthedocs.io/en/7.13.4/messages.html#warning-couldnt-parse
  coverage._warn(msg, slug="couldnt-parse")
/Users/mckenzie/Documents/event2table/backend/venv/lib/python3.13/site-packages/coverage/report_core.py:113: CoverageWarning: Couldn't parse '/Users/mckenzie/Documents/event2table/backend/test/unit/security/test_bloom_filter_security.py': Couldn't use data file '/Users/mckenzie/Documents/event2table/.coverage': no such table: tracer (couldnt-parse); see https://coverage.readthedocs.io/en/7.13.4/messages.html#warning-couldnt-parse
  coverage._warn(msg, slug="couldnt-parse")
/Users/mckenzie/Documents/event2table/backend/venv/lib/python3.13/site-packages/coverage/report_core.py:113: CoverageWarning: Couldn't parse '/Users/mckenzie/Documents/event2table/backend/test/unit/security/test_error_message_leak.py': Couldn't use data file '/Users/mckenzie/Documents/event2table/.coverage': no such table: tracer (couldnt-parse); see https://coverage.readthedocs.io/en/7.13.4/messages.html#warning-couldnt-parse
  coverage._warn(msg, slug="couldnt-parse")
/Users/mckenzie/Documents/event2table/backend/venv/lib/python3.13/site-packages/coverage/report_core.py:113: CoverageWarning: Couldn't parse '/Users/mckenzie/Documents/event2table/backend/test/unit/security/test_input_validation.py': Couldn't use data file '/Users/mckenzie/Documents/event2table/.coverage': no such table: tracer (couldnt-parse); see https://coverage.readthedocs.io/en/7.13.4/messages.html#warning-couldnt-parse
  coverage._warn(msg, slug="couldnt-parse")
/Users/mckenzie/Documents/event2table/backend/venv/lib/python3.13/site-packages/coverage/report_core.py:113: CoverageWarning: Couldn't parse '/Users/mckenzie/Documents/event2table/backend/test/unit/security/test_path_validator.py': Couldn't use data file '/Users/mckenzie/Documents/event2table/.coverage': no such table: tracer (couldnt-parse); see https://coverage.readthedocs.io/en/7.13.4/messages.html#warning-couldnt-parse
  coverage._warn(msg, slug="couldnt-parse")
/Users/mckenzie/Documents/event2table/backend/venv/lib/python3.13/site-packages/coverage/report_core.py:113: CoverageWarning: Couldn't parse '/Users/mckenzie/Documents/event2table/backend/test/unit/security/test_redis_connection_manager.py': Couldn't use data file '/Users/mckenzie/Documents/event2table/.coverage': no such table: tracer (couldnt-parse); see https://coverage.readthedocs.io/en/7.13.4/messages.html#warning-couldnt-parse
  coverage._warn(msg, slug="couldnt-parse")
/Users/mckenzie/Documents/event2table/backend/venv/lib/python3.13/site-packages/coverage/report_core.py:113: CoverageWarning: Couldn't parse '/Users/mckenzie/Documents/event2table/backend/test/unit/security/test_sql_injection_protection.py': Couldn't use data file '/Users/mckenzie/Documents/event2table/.coverage': no such table: tracer (couldnt-parse); see https://coverage.readthedocs.io/en/7.13.4/messages.html#warning-couldnt-parse
  coverage._warn(msg, slug="couldnt-parse")
/Users/mckenzie/Documents/event2table/backend/venv/lib/python3.13/site-packages/coverage/report_core.py:113: CoverageWarning: Couldn't parse '/Users/mckenzie/Documents/event2table/backend/test/unit/security/test_xss_protection.py': Couldn't use data file '/Users/mckenzie/Documents/event2table/.coverage': no such table: tracer (couldnt-parse); see https://coverage.readthedocs.io/en/7.13.4/messages.html#warning-couldnt-parse
  coverage._warn(msg, slug="couldnt-parse")
/Users/mckenzie/Documents/event2table/backend/venv/lib/python3.13/site-packages/coverage/report_core.py:113: CoverageWarning: Couldn't parse '/Users/mckenzie/Documents/event2table/backend/test/unit/services/__init__.py': Couldn't use data file '/Users/mckenzie/Documents/event2table/.coverage': no such table: tracer (couldnt-parse); see https://coverage.readthedocs.io/en/7.13.4/messages.html#warning-couldnt-parse
  coverage._warn(msg, slug="couldnt-parse")
/Users/mckenzie/Documents/event2table/backend/venv/lib/python3.13/site-packages/coverage/report_core.py:113: CoverageWarning: Couldn't parse '/Users/mckenzie/Documents/event2table/backend/test/unit/services/canvas/__init__.py': Couldn't use data file '/Users/mckenzie/Documents/event2table/.coverage': no such table: tracer (couldnt-parse); see https://coverage.readthedocs.io/en/7.13.4/messages.html#warning-couldnt-parse
  coverage._warn(msg, slug="couldnt-parse")
/Users/mckenzie/Documents/event2table/backend/venv/lib/python3.13/site-packages/coverage/report_core.py:113: CoverageWarning: Couldn't parse '/Users/mckenzie/Documents/event2table/backend/test/unit/services/canvas/test_canvas_api.py': Couldn't use data file '/Users/mckenzie/Documents/event2table/.coverage': no such table: tracer (couldnt-parse); see https://coverage.readthedocs.io/en/7.13.4/messages.html#warning-couldnt-parse
  coverage._warn(msg, slug="couldnt-parse")
/Users/mckenzie/Documents/event2table/backend/venv/lib/python3.13/site-packages/coverage/report_core.py:113: CoverageWarning: Couldn't parse '/Users/mckenzie/Documents/event2table/backend/test/unit/services/canvas/test_canvas_automation.py': Couldn't use data file '/Users/mckenzie/Documents/event2table/.coverage': no such table: tracer (couldnt-parse); see https://coverage.readthedocs.io/en/7.13.4/messages.html#warning-couldnt-parse
  coverage._warn(msg, slug="couldnt-parse")
/Users/mckenzie/Documents/event2table/backend/venv/lib/python3.13/site-packages/coverage/report_core.py:113: CoverageWarning: Couldn't parse '/Users/mckenzie/Documents/event2table/backend/test/unit/services/events/__init__.py': Couldn't use data file '/Users/mckenzie/Documents/event2table/.coverage': no such table: tracer (couldnt-parse); see https://coverage.readthedocs.io/en/7.13.4/messages.html#warning-couldnt-parse
  coverage._warn(msg, slug="couldnt-parse")
/Users/mckenzie/Documents/event2table/backend/venv/lib/python3.13/site-packages/coverage/report_core.py:113: CoverageWarning: Couldn't parse '/Users/mckenzie/Documents/event2table/backend/test/unit/services/events/test_event_builder.py': Couldn't use data file '/Users/mckenzie/Documents/event2table/.coverage': no such table: tracer (couldnt-parse); see https://coverage.readthedocs.io/en/7.13.4/messages.html#warning-couldnt-parse
  coverage._warn(msg, slug="couldnt-parse")
/Users/mckenzie/Documents/event2table/backend/venv/lib/python3.13/site-packages/coverage/report_core.py:113: CoverageWarning: Couldn't parse '/Users/mckenzie/Documents/event2table/backend/test/unit/services/events/test_event_importer.py': Couldn't use data file '/Users/mckenzie/Documents/event2table/.coverage': no such table: tracer (couldnt-parse); see https://coverage.readthedocs.io/en/7.13.4/messages.html#warning-couldnt-parse
  coverage._warn(msg, slug="couldnt-parse")
/Users/mckenzie/Documents/event2table/backend/venv/lib/python3.13/site-packages/coverage/report_core.py:113: CoverageWarning: Couldn't parse '/Users/mckenzie/Documents/event2table/backend/test/unit/services/events/test_events_crud.py': Couldn't use data file '/Users/mckenzie/Documents/event2table/.coverage': no such table: tracer (couldnt-parse); see https://coverage.readthedocs.io/en/7.13.4/messages.html#warning-couldnt-parse
  coverage._warn(msg, slug="couldnt-parse")
/Users/mckenzie/Documents/event2table/backend/venv/lib/python3.13/site-packages/coverage/report_core.py:113: CoverageWarning: Couldn't parse '/Users/mckenzie/Documents/event2table/backend/test/unit/services/field_builder/test_field_builder_service.py': Couldn't use data file '/Users/mckenzie/Documents/event2table/.coverage': no such table: tracer (couldnt-parse); see https://coverage.readthedocs.io/en/7.13.4/messages.html#warning-couldnt-parse
  coverage._warn(msg, slug="couldnt-parse")
/Users/mckenzie/Documents/event2table/backend/venv/lib/python3.13/site-packages/coverage/report_core.py:113: CoverageWarning: Couldn't parse '/Users/mckenzie/Documents/event2table/backend/test/unit/services/hql/__init__.py': Couldn't use data file '/Users/mckenzie/Documents/event2table/.coverage': no such table: tracer (couldnt-parse); see https://coverage.readthedocs.io/en/7.13.4/messages.html#warning-couldnt-parse
  coverage._warn(msg, slug="couldnt-parse")
/Users/mckenzie/Documents/event2table/backend/venv/lib/python3.13/site-packages/coverage/report_core.py:113: CoverageWarning: Couldn't parse '/Users/mckenzie/Documents/event2table/backend/test/unit/services/hql/test_ddl_generator.py': Couldn't use data file '/Users/mckenzie/Documents/event2table/.coverage': no such table: tracer (couldnt-parse); see https://coverage.readthedocs.io/en/7.13.4/messages.html#warning-couldnt-parse
  coverage._warn(msg, slug="couldnt-parse")
/Users/mckenzie/Documents/event2table/backend/venv/lib/python3.13/site-packages/coverage/report_core.py:113: CoverageWarning: Couldn't parse '/Users/mckenzie/Documents/event2table/backend/test/unit/services/hql/test_dml_generator.py': Couldn't use data file '/Users/mckenzie/Documents/event2table/.coverage': no such table: tracer (couldnt-parse); see https://coverage.readthedocs.io/en/7.13.4/messages.html#warning-couldnt-parse
  coverage._warn(msg, slug="couldnt-parse")
/Users/mckenzie/Documents/event2table/backend/venv/lib/python3.13/site-packages/coverage/report_core.py:113: CoverageWarning: Couldn't parse '/Users/mckenzie/Documents/event2table/backend/test/unit/services/hql/test_dml_integration.py': Couldn't use data file '/Users/mckenzie/Documents/event2table/.coverage': no such table: tracer (couldnt-parse); see https://coverage.readthedocs.io/en/7.13.4/messages.html#warning-couldnt-parse
  coverage._warn(msg, slug="couldnt-parse")
[...]
backend/test/unit/core/cache/test_cache_performance.py                     287    266     7%   38-39, 49-73, 77-117, 124-160, 169-208, 217-273, 283-315, 323-378, 387-474, 478-493, 498-504, 508
backend/test/unit/core/cache/test_cache_protection.py                      173    164     5%   22-59, 64-160, 165-242, 247-278, 282
backend/test/unit/core/cache/test_cache_simple.py                           96     90     6%   22-162, 166
backend/test/unit/core/cache/test_cache_system.py                           44     29    34%   18-19, 23-24, 28-30, 34-35, 39-41, 45-46, 50-52, 56-57, 61-63, 67-69, 73-74, 78-81
backend/test/unit/core/cache/test_hierarchical_cache.py                    154    124    19%   33, 37, 42-48, 52-58, 63-72, 77-83, 88-98, 103-118, 123-130, 135-143, 147-163, 168-180, 188-203, 213-225, 230-242, 247-272, 277-303, 308-312
backend/test/unit/core/cache/test_hql_v2_cache_performance.py              103     91    12%   22-81, 86-121, 127-161, 166-194, 198-229, 233-263, 276-316
backend/test/unit/core/cache/test_monitoring_enhanced.py                   132    106    20%   28-34, 38-45, 49-56, 60-67, 71-80, 84-97, 101-113, 122-141, 145-150, 154-159, 163-168, 172-187, 191-204, 208-221, 230-239, 244-249, 253-259, 263
backend/test/unit/core/database/__init__.py                                  0      0   100%
backend/test/unit/core/database/test_database.py                            72     45    38%   24-33, 37-46, 57, 66-77, 82-88, 93-103, 113-131, 137-155
backend/test/unit/core/database/test_database_module.py                     37     22    41%   25-26, 32-35, 41-45, 51-54, 66-68, 73-79
backend/test/unit/core/security/__init__.py                                  0      0   100%
backend/test/unit/core/security/test_crypto.py                             135    106    21%   25-32, 36-42, 46-51, 55-60, 64-67, 71-77, 81-90, 94-100, 104-116, 120-126, 130-142, 146-158, 162-174, 178-181, 189-193, 197-201, 205-211, 215-221, 229-233, 237-239, 243-247, 251-255
backend/test/unit/core/security/test_data_access.py                        147    118    20%   28-31, 37-40, 46-62, 72-74, 80-82, 89-104, 114-127, 137-149, 159-167, 177-187, 197-207, 217-229, 239-245, 255-265, 275-280, 290-300, 310-316, 326-331, 340-364, 373-379, 388-406, 411
backend/test/unit/core/security/test_security.py                            60     42    30%   17, 27, 32-42, 47-57, 61-72, 81, 86-93, 101-106, 110
backend/test/unit/core/test_common.py                                      161    126    22%   20-41, 47, 55-65, 69-77, 81-89, 93-100, 104-120, 124-132, 140-151, 155-162, 166-171, 175-187, 195-199, 203-206, 210-213, 217-221, 225-229, 237-242, 246-251, 255-261, 265-270, 278-293, 297-307, 311-322, 326-336, 340-348
backend/test/unit/core/test_core_utils.py                                   87     62    29%   30-42, 47-48, 54-65, 74-85, 90-99, 107-116, 120-128, 132-135, 143-153, 157-166, 170-171, 176-178
backend/test/unit/core/test_environment_config.py                           70     49    30%   25-31, 35-42, 46-53, 57-64, 72-76, 80-89, 93-102, 107-125, 133-137, 141-144, 148-151, 155
backend/test/unit/core/test_graph_utils.py                                 172    135    22%   21-35, 43-55, 59-63, 67-83, 91-102, 106-117, 121-134, 138-145, 149-159, 167-179, 183-188, 196-227, 231-251, 255-259, 263-277, 285-298, 302-310, 314-324, 328-339, 347-363, 367-381, 385-389, 397-411, 415-429, 433-444, 452-470, 474-490, 494-518
backend/test/unit/core/test_performance_modes.py                           138    126     9%   21-67, 72-110, 115-141, 146-191, 196-219, 224-240, 245-281, 286-314, 318-319
backend/test/unit/core/test_sql_builder.py                                 167    127    24%   21-25, 29-33, 37-41, 45-49, 53-57, 61-65, 69-73, 77-84, 88-92, 96-106, 110-120, 128-132, 136-140, 144-149, 153-157, 161-165, 173-182, 190-199, 203-211, 215-225, 229-237, 241-254, 262-268, 272-278, 282-288, 292-298, 302-308, 312-317, 321-328, 336-342, 346-355, 359-363, 367-373, 377-387
backend/test/unit/core/test_utils_comprehensive.py                          63     44    30%   28-31, 36-38, 43-45, 50-52, 57-59, 64-67, 73-74, 85-92, 98-104, 109-116, 122-130, 136-138, 145-153
backend/test/unit/core/test_utils_extra.py                                  56     39    30%   22-26, 30-34, 38-41, 45-47, 51-55, 63-68, 72-74, 78-81, 90-95, 99-110
backend/test/unit/diagnostics/__init__.py                                    0      0   100%
backend/test/unit/diagnostics/test_cache_warming.py                         51     42    18%   23-68, 71-78
backend/test/unit/diagnostics/test_canvas_api.py                            69     62    10%   17-36, 40-75, 78-111, 114-122
backend/test/unit/diagnostics/test_canvas_automation.py                    132    112    15%   14-15, 24-54, 58-60, 64-66, 70-90, 94-98, 102-122, 126-136, 140-159, 163-170, 174-181, 185-204, 208-228, 232-246, 249-251
backend/test/unit/diagnostics/test_sql_optimizer_api.py                    116    105     9%   19-32, 37-71, 76-110, 115-134, 139-170, 174
backend/test/unit/event_node_builder/__init__.py                             0      0   100%
backend/test/unit/event_node_builder/test_api_params.py                    169    138    18%   26-29, 35, 42-60, 69-88, 92-100, 104-107, 112-123, 128-140, 148-159, 167-188, 194-232, 236-243, 251-256, 261-267, 273, 281-283, 287-293, 297, 301
backend/test/unit/gql_api/__init__.py                                        0      0   100%
backend/test/unit/gql_api/queries/test_join_config_consistency.py           30     25    17%   20-50, 57-64, 72-85
backend/test/unit/gql_api/resolvers/__init__.py                              0      0   100%
backend/test/unit/gql_api/resolvers/test_parameter_resolvers.py             86     71    17%   36-58, 68-122, 132-151, 161-175, 185-198, 208-219, 225-228, 234-237
backend/test/unit/gql_api/test_field_type_enum.py                           19     13    32%   45-62, 74, 93-106, 112
backend/test/unit/gql_api/test_join_type_enum.py                            23     16    30%   35-47, 65-77, 95-107, 118-120, 126
backend/test/unit/gql_api/test_node_type_enum.py                            29     21    28%   35-47, 65-77, 98-110, 121-123, 134-146, 152
backend/test/unit/gql_api/test_v2_api.py                                   104     88    15%   22-52, 57-95, 104-157, 166-207, 212-239, 248-296, 300
backend/test/unit/graphql_tests/__init__.py                                  0      0   100%
backend/test/unit/graphql_tests/test_e2e.py                                 83     69    17%   19-42, 46-64, 68-82, 90-111, 115-130, 138-180, 185-207
backend/test/unit/graphql_tests/test_mutations.py                           19      9    53%   17-42, 50-69, 78-113
backend/test/unit/graphql_tests/test_queries.py                             29     15    48%   17-33, 38-52, 57-69, 78-92, 97-111
backend/test/unit/graphql_tests/test_schema.py                              29     20    31%   16-17, 21-22, 26-29, 33-36, 40-43, 47-50
backend/test/unit/integration/__init__.py                                    0      0   100%
backend/test/unit/integration/test_category_seed.py                        106     93    12%   26-40, 45-128, 133-192, 197-222, 226-227
backend/test/unit/integration/test_db_isolation.py                          43      2    95%   57-58
backend/test/unit/integration/test_init_db_with_categories.py              118    104    12%   27-93, 98-168, 173-197, 201-202
backend/test/unit/integration/test_join_configs_game_gid.py                 61     54    11%   21-79, 83-156
backend/test/unit/integration/test_migrations.py                           170    143    16%   27-33, 38-42, 46-48, 52-57, 61-64, 69-77, 81-101, 105-155, 162-172, 179-189, 196-206, 213-224, 231-256, 260-323, 328-381, 389-391, 395-399, 403-408, 412
backend/test/unit/models/test_entities.py                                  140    106    24%   36-42, 47-51, 55-57, 63-65, 73-98, 102-117, 121-122, 126-127, 131-136, 140-153, 166-171, 175-181, 185-186, 190-191, 195-199, 212-224, 228-229, 239-249, 253-254, 258-259, 272-281, 285-288, 301-305, 309-313, 317-324
backend/test/unit/models/test_game_entity_validation_fix.py                 72     62    14%   38-61, 66-97, 102-139, 144-169, 174-193
backend/test/unit/performance/test_batch_operations.py                     181    164     9%   51-110, 123-195, 225-299, 325-372, 388-411, 418-434, 441-457, 488-533
backend/test/unit/performance/test_field_usage_performance.py               98     81    17%   44-80, 90-100, 110-120, 130-172, 183-214, 223-234, 243-266, 301, 311, 326, 330
backend/test/unit/performance/test_n1_query_detection.py                   161    147     9%   45-104, 115-142, 158-230, 241-351, 357-369, 375-389, 431-460, 465
backend/test/unit/repositories/__init__.py                                   0      0   100%
backend/test/unit/repositories/test_database_migration.py                  293    253    14%   21-25, 29-37, 41-47, 51-56, 64-76, 80-94, 98-109, 113-126, 130-142, 146-159, 163-176, 180-193, 197-210, 214-244, 248-261, 265-278, 282-295, 299-322, 326-356, 364-369, 373-380, 384-395, 399-407, 411-425, 434-458, 462-482, 491-561, 567-640
backend/test/unit/repositories/test_hql_template_repository.py              77     60    22%   17-21, 26-38, 43-66, 71-90, 95-107, 112-124, 129-147, 151-167, 172-193, 198-213, 218-228, 233-249, 253-254
backend/test/unit/schemas/__init__.py                                        0      0   100%
backend/test/unit/schemas/test_api_validation.py                            66     46    30%   31, 35-37, 41-43, 47-52, 56-65, 69-77, 81-98, 102-119, 123-130, 135-140, 144-162, 166
backend/test/unit/security/test_authorization.py                           182    153    16%   34-53, 69-89, 104-119, 134-149, 169-185, 201-220, 231-248, 263-283, 298-316, 334-358, 377-493, 508, 520, 536, 547, 563, 567
backend/test/unit/security/test_bloom_filter_security.py                   134    107    20%   32-39, 44-49, 53-76, 81-93, 98-107, 112-128, 132-148, 152-156, 160-169, 173-182, 187-202, 206-219, 223-234, 242-271, 279-290, 298-330
backend/test/unit/security/test_error_message_leak.py                      102     92    10%   26-86, 95-148, 157-187, 194-219, 227-245, 253-267, 275-297, 303
backend/test/unit/security/test_input_validation.py                         48     40    17%   23-48, 55-91, 98-127, 134-143, 150-164
backend/test/unit/security/test_path_validator.py                          106     79    25%   26-34, 38-48, 52-55, 59-62, 66-73, 78-80, 86-92, 96-98, 103-104, 108-110, 114-116, 120-122, 126-127, 131-132, 136-139, 143-150, 154-155, 163-182, 186-191, 195-204
backend/test/unit/security/test_redis_connection_manager.py                130     98    25%   31, 40-43, 49-58, 64-77, 83-96, 102-109, 113-115, 122-125, 134-141, 145-154, 169-192, 202-219, 229-258
backend/test/unit/security/test_sql_injection_protection.py                263    252     4%   35-266, 275-340, 349-396, 412-469, 478-530, 535
backend/test/unit/security/test_xss_protection.py                           46     33    28%   28-41, 54-76, 95-126, 139-152, 164-192, 203-226
backend/test/unit/services/__init__.py                                       0      0   100%
backend/test/unit/services/canvas/__init__.py                                0      0   100%
backend/test/unit/services/canvas/test_canvas_api.py                        69     62    10%   17-36, 40-75, 78-111, 114-122
backend/test/unit/services/canvas/test_canvas_automation.py                132    112    15%   14-15, 24-54, 58-60, 64-66, 70-90, 94-98, 102-122, 126-136, 140-159, 163-170, 174-181, 185-204, 208-228, 232-246, 249-251
backend/test/unit/services/events/__init__.py                                0      0   100%
backend/test/unit/services/events/test_event_builder.py                    107     83    22%   18-24, 28-33, 37-42, 46-50, 54-62, 66-83, 87-95, 99-107, 111-119, 123-132, 136-145, 153-171, 175-191, 199-203, 207-211, 215-219, 223-228, 236-262
backend/test/unit/services/events/test_event_importer.py                    77     55    29%   20, 26-27, 33-34, 40, 54-90, 99-104, 113-140, 149-163, 172-193, 202-231, 244-255
backend/test/unit/services/events/test_events_crud.py                      234    186    21%   25-41, 49-57, 61-66, 70-75, 79-83, 87-92, 96-100, 104-108, 112-129, 133-140, 144-151, 155-163, 167-174, 178-186, 190-198, 202-209, 217-231, 235-247, 251-263, 267-281, 285-296, 300-312, 322-350, 355-361, 366-377, 382-393, 398-409, 414-428, 433-452, 457-481, 490-530
backend/test/unit/services/field_builder/test_field_builder_service.py      66     51    23%   50-72, 85-107, 111-118, 122-139, 154-170, 180-198, 202
backend/test/unit/services/hql/__init__.py                                   0      0   100%
backend/test/unit/services/hql/test_ddl_generator.py                       212    170    20%   23, 27-35, 39-50, 54-62, 66-86, 90-100, 104-109, 114-123, 127-130, 134-141, 145-153, 157-168, 173-205, 210-215, 220-223, 228-244, 249-256, 261-268, 272-277, 281-308, 313-322, 326-329, 337, 341-342, 346-347, 352-354, 358-361, 365-370, 374-386, 394, 399-424, 429-451, 456
backend/test/unit/services/hql/test_dml_generator.py                       169    126    25%   33-43, 47-59, 63-73, 77-86, 90-98, 102-120, 128-139, 143-151, 155-165, 173-176, 184-187, 195-198, 206-209, 217-220, 228-231, 239-242, 250-253, 261-264, 276-286, 290-298, 302-316, 320-321, 333-340, 344-352, 360-368, 372-384, 388-406, 410-425, 433-458, 462-481, 485
backend/test/unit/services/hql/test_dml_integration.py                      53     40    25%   24-63, 69-96, 102-133, 139-168, 172
backend/test/unit/services/hql/test_field_builder.py                       199    160    20%   18-31, 36-52, 57-72, 81-97, 102-116, 121-135, 140-157, 166-182, 187-203, 208-224, 233-247, 252-266, 271-286, 291-308, 317-342, 347-362, 367-384, 393-399, 404-409, 414-419, 424-433, 438-443, 448-453, 458-463, 472-483, 488-506, 511-523, 528-542, 547-560
backend/test/unit/services/hql/test_hql_api_fix.py                         134    122     9%   17-56, 60-87, 91-126, 130-177, 181-214, 218-260, 264-309, 312-313
backend/test/unit/services/hql/test_hql_generator_verification.py          181    169     7%   15-40, 44-64, 68-96, 100-154, 158-223, 227-310, 313
backend/test/unit/services/hql/test_hql_preview_v2_api.py                  216    181    16%   26-74, 78-94, 98-114, 122-154, 162-176, 180-197, 201-224, 228-245, 252-269, 273-281, 285-299, 303-318, 326-333, 337-347, 355-379, 387-442, 447-480, 484-497, 501-514, 519-561, 565-585, 596-645, 650
backend/test/unit/services/hql/test_hql_v2_incremental.py                   81     62    23%   27-47, 59-75, 79-100, 104-127, 131-152, 156-177, 185-221, 225
backend/test/unit/services/hql/test_join_builder.py                        116     90    22%   18-40, 46-67, 72-93, 98-109, 114-133, 142-172, 177-209, 218-235, 245-249, 254-262, 267-276, 281-300, 305-327, 336-345, 350-359, 364-374, 379-414, 419-447
backend/test/unit/services/hql/test_union_builder.py                       163    128    21%   18-37, 42-60, 65-82, 91-107, 112-131, 140-159, 164-182, 187-204, 213-244, 249-280, 289-308, 317-332, 341-346, 351-358, 363-372, 381-402, 407-424, 429-430, 435-436, 441-442, 451-455, 460-464, 473-477
backend/test/unit/services/hql/test_where_builder.py                       212    166    22%   20-32, 37-48, 53-64, 69-80, 85-96, 101-112, 121-133, 138-149, 154-165, 174-188, 193-204, 209-220, 225-233, 238-246, 255-266, 271-282, 291-304, 309-324, 334-355, 360-373, 382-393, 398-412, 417-430, 439-445, 450-459, 468-478, 483-495, 500-510, 515-525, 530-541, 550-561, 566-577, 582-592
backend/test/unit/services/parameters/__init__.py                            0      0   100%
backend/test/unit/services/parameters/test_batch_queries.py                 75     65    13%   30-107, 117-158, 167-182, 191-205
backend/test/unit/services/parameters/test_common_params.py                130    119     8%   33-47, 55-59, 63-115, 119-183, 187-242, 250-295
backend/test/unit/services/parameters/test_param_library_api.py             76     62    18%   29-33, 45-65, 76-83, 94-99, 110-115, 126-162, 174-214, 218
backend/test/unit/services/parameters/test_param_library_manager.py         64     45    30%   21, 26, 31-34, 38-40, 57-88, 93-105, 110-122, 126-131, 135-138, 142-149, 155-159
backend/test/unit/services/parameters/test_parameters_api_game_gid.py       73     60    18%   26-56, 64-91, 99-112, 120-132, 140-152, 160-171, 175
backend/test/unit/services/parameters/test_parameters_performance.py       202    183     9%   44-50, 58-162, 166-205, 216-239, 249-278, 291-349, 353-374, 383-400, 404
backend/test/unit/skills/__init__.py                                         0      0   100%
backend/test/unit/skills/test_parallel_audit.py                            135    106    21%   26-29, 33-36, 55-64, 68-85, 93-102, 106-118, 122-147, 151-166, 174-182, 186-203, 207-230, 239-268, 272-297, 301
backend/test/unit/utils/test_business_helpers.py                           193    131    32%   55-57, 61-64, 70-72, 76-78, 82-84, 88-90, 98-100, 104-106, 110-119, 127-129, 133-135, 139-147, 151, 164-169, 173-183, 191-196, 200-226, 239-240, 244-245, 249-250, 254-255, 263-264, 268-269, 282-283, 287, 291, 299-301, 305-306, 314, 318-319, 323, 327-329, 342-343, 347-350, 354-356, 364-365, 369-372, 385-386, 390-392, 400-401, 405-406, 419-422, 426-427, 431
backend/test_canvas_service.py                                             107    107     0%   13-171
backend/test_parameters_api.py                                              19     19     0%   4-37
backend/test_prediction_accuracy_demo.py                                    86     86     0%   12-164
backend/tests/__init__.py                                                    0      0   100%
backend/tests/conftest.py                                                  119    119     0%   8-371
backend/tests/performance/__init__.py                                        0      0   100%
backend/tests/performance/test_cache_performance_simple.py                 110    110     0%   9-196
backend/tests/run_tests_direct.py                                            9      9     0%   9-23
backend/tests/test_events_graphql.py                                        80     80     0%   7-266
backend/tests/test_games_graphql.py                                         82     82     0%   7-281
backend/tests/test_graphql_schema.py                                        49     49     0%   7-118
backend/tests/test_performance_comparison.py                               113    113     0%   7-244
backend/tests/unit/__init__.py                                               0      0   100%
backend/tests/unit/cache/__init__.py                                         0      0   100%
backend/tests/unit/cache/test_cache_key_validator.py                       106    106     0%   13-288
backend/tests/unit/cache/test_set_raw_method.py                            150    150     0%   17-318
backend/tests/unit/models/__init__.py                                        0      0   100%
backend/tests/unit/models/test_event_entity.py                             191    191     0%   14-495
backend/tests/unit/models/test_game_entity.py                              169    169     0%   14-433
backend/tests/unit/models/test_parameter_entity.py                         187    187     0%   14-526
backend/tests/unit/services/__init__.py                                      0      0   100%
------------------------------------------------------------------------------------------------------
TOTAL                                                                    40957  33377    19%

=========================== short test summary info ============================
ERROR backend/test/unit/api/test_games_api_fix.py
!!!!!!!!!!!!!!!!!!!! Interrupted: 1 error during collection !!!!!!!!!!!!!!!!!!!!
================== 25 warnings, 1 error in 138.64s (0:02:18) ===================
