============================= test session starts ==============================
platform darwin -- Python 3.14.2, pytest-9.0.2, pluggy-1.6.0 -- /usr/local/opt/python@3.14/bin/python3.14
cachedir: .pytest_cache
rootdir: /Users/mckenzie/Documents/event2table
configfile: pytest.ini
plugins: mock-3.15.1, flask-1.3.0, cov-7.0.0
collecting ... collected 450 items

test/unit/backend_tests/diagnostics/test_cache_warming.py::test_cache_warming PASSED [  0%]
test/unit/backend_tests/diagnostics/test_canvas_api.py::test_get_flow PASSED [  0%]
test/unit/backend_tests/diagnostics/test_canvas_api.py::test_save_flow PASSED [  0%]
test/unit/backend_tests/diagnostics/test_sql_optimizer_api.py::test_sql_optimizer_module PASSED [  0%]
test/unit/backend_tests/diagnostics/test_sql_optimizer_api.py::test_parser PASSED [  1%]
test/unit/backend_tests/diagnostics/test_sql_optimizer_api.py::test_optimizer PASSED [  1%]
test/unit/backend_tests/diagnostics/test_sql_optimizer_api.py::test_empty_hql PASSED [  1%]
test/unit/backend_tests/integration/test_api_categories.py::TestCategoriesAPIList::test_list_categories_success ERROR [  1%]
test/unit/backend_tests/integration/test_api_categories.py::TestCategoriesAPICreate::test_create_category_missing_name ERROR [  2%]
test/unit/backend_tests/integration/test_api_categories.py::TestCategoriesAPIGet::test_get_category_not_found ERROR [  2%]
test/unit/backend_tests/integration/test_api_events.py::TestEventsAPIList::test_list_events_requires_game_gid ERROR [  2%]
test/unit/backend_tests/integration/test_api_events.py::TestEventsAPIList::test_list_events_with_game_gid ERROR [  2%]
test/unit/backend_tests/integration/test_api_events.py::TestEventsAPICreate::test_create_event_missing_fields ERROR [  2%]
test/unit/backend_tests/integration/test_api_events.py::TestEventsAPIGet::test_get_event_not_found ERROR [  3%]
test/unit/backend_tests/integration/test_api_games.py::TestGamesAPIList::test_list_games_success ERROR [  3%]
test/unit/backend_tests/integration/test_api_games.py::TestGamesAPIList::test_list_games_includes_statistics ERROR [  3%]
test/unit/backend_tests/integration/test_api_games.py::TestGamesAPICreate::test_create_game_missing_fields ERROR [  3%]
test/unit/backend_tests/integration/test_api_games.py::TestGamesAPICreate::test_create_game_invalid_gid ERROR [  4%]
test/unit/backend_tests/integration/test_api_games.py::TestGamesAPICreate::test_create_game_empty_ods_db ERROR [  4%]
test/unit/backend_tests/integration/test_api_games.py::TestGamesAPIGet::test_get_game_success ERROR [  4%]
test/unit/backend_tests/integration/test_api_games.py::TestGamesAPIGet::test_get_game_not_found ERROR [  4%]
test/unit/backend_tests/test_api_comprehensive.py::TestGamesAPI::test_01_list_games PASSED [  4%]
test/unit/backend_tests/test_api_comprehensive.py::TestGamesAPI::test_02_create_game_success PASSED [  5%]
test/unit/backend_tests/test_api_comprehensive.py::TestGamesAPI::test_03_create_game_duplicate_gid FAILED [  5%]
test/unit/backend_tests/test_api_comprehensive.py::TestGamesAPI::test_04_create_game_missing_fields PASSED [  5%]
test/unit/backend_tests/test_api_comprehensive.py::TestGamesAPI::test_05_set_game_context PASSED [  5%]
test/unit/backend_tests/test_api_comprehensive.py::TestEventsAPI::test_01_list_events_no_filter PASSED [  6%]
test/unit/backend_tests/test_api_comprehensive.py::TestEventsAPI::test_02_list_events_with_game_filter PASSED [  6%]
test/unit/backend_tests/test_api_comprehensive.py::TestEventsAPI::test_03_list_events_pagination PASSED [  6%]
test/unit/backend_tests/test_api_comprehensive.py::TestEventsAPI::test_04_list_events_search PASSED [  6%]
test/unit/backend_tests/test_api_comprehensive.py::TestEventsAPI::test_05_get_event_detail PASSED [  6%]
test/unit/backend_tests/test_api_comprehensive.py::TestEventsAPI::test_06_get_event_detail_not_found PASSED [  7%]
test/unit/backend_tests/test_api_comprehensive.py::TestEventsAPI::test_07_get_event_params PASSED [  7%]
test/unit/backend_tests/test_api_comprehensive.py::TestEventsAPI::test_08_create_event_success PASSED [  7%]
test/unit/backend_tests/test_api_comprehensive.py::TestParametersAPI::test_01_get_all_parameters PASSED [  7%]
test/unit/backend_tests/test_api_comprehensive.py::TestParametersAPI::test_02_get_parameters_stats PASSED [  8%]
test/unit/backend_tests/test_api_comprehensive.py::TestParametersAPI::test_03_search_parameters PASSED [  8%]
test/unit/backend_tests/test_api_comprehensive.py::TestParametersAPI::test_04_update_parameter_display_name SKIPPEDnted) [  8%]
test/unit/backend_tests/test_api_comprehensive.py::TestParametersAPI::test_05_validate_parameters PASSED [  8%]
test/unit/backend_tests/test_api_comprehensive.py::TestCommonParamsAPI::test_01_get_common_params FAILED [  8%]
test/unit/backend_tests/test_api_comprehensive.py::TestCommonParamsAPI::test_02_sync_common_params PASSED [  9%]
test/unit/backend_tests/test_api_comprehensive.py::TestCommonParamsAPI::test_03_delete_common_param PASSED [  9%]
test/unit/backend_tests/test_api_comprehensive.py::TestCommonParamsAPI::test_04_bulk_delete_common_params PASSED [  9%]
test/unit/backend_tests/test_api_comprehensive.py::TestHQLGenerationAPI::test_01_generate_hql_no_selection PASSED [  9%]
test/unit/backend_tests/test_api_comprehensive.py::TestHQLGenerationAPI::test_02_generate_hql_with_event PASSED [ 10%]
test/unit/backend_tests/test_api_comprehensive.py::TestHQLGenerationAPI::test_03_get_hql_by_id PASSED [ 10%]
test/unit/backend_tests/test_api_comprehensive.py::TestHQLGenerationAPI::test_04_deactivate_hql PASSED [ 10%]
test/unit/backend_tests/test_api_comprehensive.py::TestHQLGenerationAPI::test_05_activate_hql PASSED [ 10%]
test/unit/backend_tests/test_api_comprehensive.py::TestBulkOperationsAPI::test_01_bulk_delete_events FAILED [ 10%]
test/unit/backend_tests/test_api_comprehensive.py::TestBulkOperationsAPI::test_02_bulk_update_category FAILED [ 11%]
test/unit/backend_tests/test_api_comprehensive.py::TestBulkOperationsAPI::test_03_bulk_toggle_common_params FAILED [ 11%]
test/unit/backend_tests/test_api_comprehensive.py::TestBulkOperationsAPI::test_04_bulk_export_events FAILED [ 11%]
test/unit/backend_tests/test_api_comprehensive.py::TestBulkOperationsAPI::test_05_bulk_validate_parameters FAILED [ 11%]
test/unit/backend_tests/test_api_comprehensive.py::TestCanvasAPI::test_01_canvas_health PASSED [ 12%]
test/unit/backend_tests/test_api_comprehensive.py::TestCanvasAPI::test_02_canvas_validate_valid_json PASSED [ 12%]
test/unit/backend_tests/test_api_comprehensive.py::TestCanvasAPI::test_03_canvas_validate_invalid_json PASSED [ 12%]
test/unit/backend_tests/test_api_comprehensive.py::TestCanvasAPI::test_04_canvas_prepare PASSED [ 12%]
test/unit/backend_tests/test_api_comprehensive.py::TestCanvasAPI::test_05_canvas_preview_results PASSED [ 12%]
test/unit/backend_tests/test_api_comprehensive.py::TestCacheMonitorAPI::test_01_cache_status PASSED [ 13%]
test/unit/backend_tests/test_api_comprehensive.py::TestCacheMonitorAPI::test_02_cache_keys PASSED [ 13%]
test/unit/backend_tests/test_api_comprehensive.py::TestCacheMonitorAPI::test_03_cache_clear PASSED [ 13%]
test/unit/backend_tests/test_api_comprehensive.py::TestEventNodesAPI::test_01_list_event_nodes PASSED [ 13%]
test/unit/backend_tests/test_api_comprehensive.py::TestEventNodesAPI::test_02_get_event_node PASSED [ 14%]
test/unit/backend_tests/test_api_comprehensive.py::TestEventNodesAPI::test_03_create_event_node PASSED [ 14%]
test/unit/backend_tests/test_api_comprehensive.py::TestEventNodesAPI::test_04_update_event_node PASSED [ 14%]
test/unit/backend_tests/test_api_comprehensive.py::TestEventNodesAPI::test_05_delete_event_node PASSED [ 14%]
test/unit/backend_tests/test_api_comprehensive.py::TestParameterAliasesAPI::test_01_list_parameter_aliases PASSED [ 14%]
test/unit/backend_tests/test_api_comprehensive.py::TestParameterAliasesAPI::test_02_create_parameter_alias PASSED [ 15%]
test/unit/backend_tests/test_api_comprehensive.py::TestParameterAliasesAPI::test_03_update_parameter_alias PASSED [ 15%]
test/unit/backend_tests/test_api_comprehensive.py::TestParameterAliasesAPI::test_04_set_preferred_alias PASSED [ 15%]
test/unit/backend_tests/test_api_comprehensive.py::TestParameterAliasesAPI::test_05_update_param_display_name PASSED [ 15%]
test/unit/backend_tests/test_api_comprehensive.py::TestIntegrationScenarios::test_01_full_event_workflow PASSED [ 16%]
test/unit/backend_tests/test_api_comprehensive.py::TestIntegrationScenarios::test_02_search_and_export_workflow SKIPPED [ 16%]
test/unit/backend_tests/test_api_comprehensive.py::TestIntegrationScenarios::test_03_canvas_to_hql_workflow SKIPPED [ 16%]
test/unit/backend_tests/test_api_comprehensive.py::TestErrorHandling::test_01_invalid_json PASSED [ 16%]
test/unit/backend_tests/test_api_comprehensive.py::TestErrorHandling::test_02_missing_required_fields PASSED [ 16%]
test/unit/backend_tests/test_api_comprehensive.py::TestErrorHandling::test_03_not_found_resource PASSED [ 17%]
test/unit/backend_tests/test_api_comprehensive.py::TestErrorHandling::test_04_invalid_game_context PASSED [ 17%]
test/unit/backend_tests/test_api_comprehensive.py::TestErrorHandling::test_05_invalid_pagination_params PASSED [ 17%]
test/unit/backend_tests/test_api_comprehensive.py::TestSecurityAndValidation::test_01_sql_injection_prevention PASSED [ 17%]
test/unit/backend_tests/test_api_comprehensive.py::TestSecurityAndValidation::test_02_xss_prevention PASSED [ 18%]
test/unit/backend_tests/test_api_comprehensive.py::TestSecurityAndValidation::test_03_large_payload_handling PASSED [ 18%]
test/unit/backend_tests/test_api_validation.py::TestAPIParameterValidation::test_api_response_format_consistency PASSED [ 18%]
test/unit/backend_tests/test_api_validation.py::TestAPIParameterValidation::test_create_event_invalid_game_id PASSED [ 18%]
test/unit/backend_tests/test_api_validation.py::TestAPIParameterValidation::test_create_event_invalid_json PASSED [ 18%]
test/unit/backend_tests/test_api_validation.py::TestAPIParameterValidation::test_create_event_missing_required_field PASSED [ 19%]
test/unit/backend_tests/test_api_validation.py::TestAPIParameterValidation::test_events_api_invalid_game_id PASSED [ 19%]
test/unit/backend_tests/test_api_validation.py::TestAPIParameterValidation::test_events_api_invalid_page_number PASSED [ 19%]
test/unit/backend_tests/test_api_validation.py::TestAPIParameterValidation::test_events_api_invalid_per_page PASSED [ 19%]
test/unit/backend_tests/test_api_validation.py::TestAPIParameterValidation::test_events_api_per_page_too_large PASSED [ 20%]
test/unit/backend_tests/test_api_validation.py::TestAPIParameterValidation::test_events_api_sql_injection_attempt PASSED [ 20%]
test/unit/backend_tests/test_api_validation.py::TestAPIParameterValidation::test_games_api_pagination_edge_cases PASSED [ 20%]
test/unit/backend_tests/test_cache_e2e.py::test_api_cache_performance PASSED [ 20%]
test/unit/backend_tests/test_cache_protection.py::test_ttl_jitter PASSED [ 20%]
test/unit/backend_tests/test_cache_protection.py::test_empty_cache PASSED [ 21%]
test/unit/backend_tests/test_cache_protection.py::test_combined_protection PASSED [ 21%]
test/unit/backend_tests/test_cache_simple.py::test_cache_basic_functionality PASSED [ 21%]
test/unit/backend_tests/test_canvas_processor.py::TestGenerateMockResults::test_generate_mock_results_with_string_field PASSED [ 21%]
test/unit/backend_tests/test_canvas_processor.py::TestGenerateMockResults::test_generate_mock_results_with_multiple_fields PASSED [ 22%]
test/unit/backend_tests/test_canvas_processor.py::TestGenerateMockResults::test_generate_mock_results_default_limit PASSED [ 22%]
test/unit/backend_tests/test_canvas_processor.py::TestGenerateMockResults::test_generate_mock_results_empty_fields FAILED [ 22%]
test/unit/backend_tests/test_canvas_processor.py::TestGenerateMockResults::test_generate_mock_results_includes_execution_time PASSED [ 22%]
test/unit/backend_tests/test_canvas_processor.py::TestCanvasHealthCheck::test_health_check_returns_healthy_status PASSED [ 22%]
test/unit/backend_tests/test_canvas_processor.py::TestCanvasValidationEndpoint::test_validate_flow_success FAILED [ 23%]
test/unit/backend_tests/test_canvas_processor.py::TestCanvasValidationEndpoint::test_validate_flow_with_connections FAILED [ 23%]
test/unit/backend_tests/test_canvas_processor.py::TestCanvasValidationEndpoint::test_validate_flow_missing_body FAILED [ 23%]
test/unit/backend_tests/test_canvas_processor.py::TestCanvasValidationEndpoint::test_validate_flow_with_errors FAILED [ 23%]
test/unit/backend_tests/test_canvas_processor.py::TestCanvasValidationEndpoint::test_validate_flow_exception_handling FAILED [ 24%]
test/unit/backend_tests/test_canvas_processor.py::TestCanvasPrepareGeneration::test_prepare_generation_success FAILED [ 24%]
test/unit/backend_tests/test_canvas_processor.py::TestCanvasPrepareGeneration::test_prepare_generation_missing_body FAILED [ 24%]
test/unit/backend_tests/test_canvas_processor.py::TestCanvasPrepareGeneration::test_prepare_generation_failure FAILED [ 24%]
test/unit/backend_tests/test_canvas_processor.py::TestCanvasPrepareGeneration::test_prepare_generation_exception_handling FAILED [ 24%]
test/unit/backend_tests/test_canvas_processor.py::TestCanvasPreviewResults::test_preview_results_success FAILED [ 25%]
test/unit/backend_tests/test_canvas_processor.py::TestCanvasPreviewResults::test_preview_results_missing_body FAILED [ 25%]
test/unit/backend_tests/test_canvas_processor.py::TestCanvasPreviewResults::test_preview_results_empty_sql FAILED [ 25%]
test/unit/backend_tests/test_canvas_processor.py::TestCanvasPreviewResults::test_preview_results_default_limit PASSED [ 25%]
test/unit/backend_tests/test_canvas_processor.py::TestCanvasPreviewResults::test_preview_results_custom_limit FAILED [ 26%]
test/unit/backend_tests/test_canvas_processor.py::TestCanvasPreviewResults::test_preview_results_exception_handling FAILED [ 26%]
test/unit/backend_tests/test_canvas_processor.py::TestCanvasNodeCanvasRoute::test_node_canvas_with_game_gid FAILED [ 26%]
test/unit/backend_tests/test_canvas_processor.py::TestCanvasNodeCanvasRoute::test_node_canvas_without_game_gid FAILED [ 26%]
test/unit/backend_tests/test_canvas_processor.py::TestCanvasNodeCanvasRoute::test_node_canvas_with_invalid_game_gid FAILED [ 26%]
test/unit/backend_tests/test_canvas_processor.py::TestCanvasNodeCanvasRoute::test_node_canvas_sets_session FAILED [ 27%]
test/unit/backend_tests/test_canvas_processor.py::TestCanvasBackwardCompatibility::test_game_id_to_game_gid_redirect FAILED [ 27%]
test/unit/backend_tests/test_canvas_processor.py::TestCanvasBackwardCompatibility::test_validate_flow_accepts_connections FAILED [ 27%]
test/unit/backend_tests/test_common.py::TestValidateFormFields::test_validate_all_required_fields_present PASSED [ 27%]
test/unit/backend_tests/test_common.py::TestValidateFormFields::test_validate_missing_required_field PASSED [ 28%]
test/unit/backend_tests/test_common.py::TestValidateFormFields::test_validate_fields_with_stripping PASSED [ 28%]
test/unit/backend_tests/test_common.py::TestValidateFormFields::test_validate_empty_field PASSED [ 28%]
test/unit/backend_tests/test_common.py::TestValidateFormFields::test_validate_custom_error_message PASSED [ 28%]
test/unit/backend_tests/test_common.py::TestValidateFormFields::test_validate_optional_fields PASSED [ 28%]
test/unit/backend_tests/test_common.py::TestParseFormListFields::test_parse_array_fields PASSED [ 29%]
test/unit/backend_tests/test_common.py::TestParseFormListFields::test_parse_with_stripping PASSED [ 29%]
test/unit/backend_tests/test_common.py::TestParseFormListFields::test_parse_empty_array PASSED [ 29%]
test/unit/backend_tests/test_common.py::TestParseFormListFields::test_parse_multiple_fields PASSED [ 29%]
test/unit/backend_tests/test_common.py::TestClearEntityCaches::test_clear_event_cache PASSED [ 30%]
test/unit/backend_tests/test_common.py::TestClearEntityCaches::test_clear_game_cache PASSED [ 30%]
test/unit/backend_tests/test_common.py::TestClearEntityCaches::test_clear_parameter_cache PASSED [ 30%]
test/unit/backend_tests/test_common.py::TestClearEntityCaches::test_clear_unknown_entity_type PASSED [ 30%]
test/unit/backend_tests/test_common.py::TestClearEntityCaches::test_clear_cache_with_error_handling PASSED [ 30%]
test/unit/backend_tests/test_common.py::TestGetReferenceData::test_get_games_data PASSED [ 31%]
test/unit/backend_tests/test_common.py::TestGetReferenceData::test_get_event_categories PASSED [ 31%]
test/unit/backend_tests/test_common.py::TestGetReferenceData::test_get_multiple_data_types PASSED [ 31%]
test/unit/backend_tests/test_common.py::TestGetReferenceData::test_get_unknown_data_type PASSED [ 31%]
test/unit/backend_tests/test_common.py::TestGenerateDWDTableNames::test_generate_table_names_basic PASSED [ 32%]
test/unit/backend_tests/test_common.py::TestGenerateDWDTableNames::test_generate_table_names_overwrite_ods_db PASSED [ 32%]
test/unit/backend_tests/test_common.py::TestGenerateDWDTableNames::test_generate_table_names_overseas_game PASSED [ 32%]
test/unit/backend_tests/test_common.py::TestGenerateDWDTableNames::test_generate_table_names_with_dots_in_event_name PASSED [ 32%]
test/unit/backend_tests/test_common.py::TestGenerateDWDTableNames::test_generate_table_names_consistency PASSED [ 32%]
test/unit/backend_tests/test_context_manager.py::TestCategorizeObservations::test_categorize_backend_observation FAILED [ 33%]
test/unit/backend_tests/test_context_manager.py::TestCategorizeObservations::test_categorize_frontend_observation FAILED [ 33%]
test/unit/backend_tests/test_context_manager.py::TestCategorizeObservations::test_categorize_testing_observation FAILED [ 33%]
test/unit/backend_tests/test_context_manager.py::TestCategorizeObservations::test_categorize_docs_observation FAILED [ 33%]
test/unit/backend_tests/test_context_manager.py::TestCategorizeObservations::test_categorize_general_observation FAILED [ 34%]
test/unit/backend_tests/test_context_manager.py::TestCategorizeObservations::test_categorize_mixed_files_backend_dominant FAILED [ 34%]
test/unit/backend_tests/test_context_manager.py::TestCategorizeObservations::test_categorize_considers_both_modified_and_read FAILED [ 34%]
test/unit/backend_tests/test_context_manager.py::TestCategorizeObservations::test_categorize_handles_missing_fields_gracefully FAILED [ 34%]
test/unit/backend_tests/test_context_manager.py::TestMarkdownGeneration::test_generate_backend_context_file_structure FAILED [ 34%]
test/unit/backend_tests/test_context_manager.py::TestMarkdownGeneration::test_markdown_includes_observation_summary_table FAILED [ 35%]
test/unit/backend_tests/test_context_manager.py::TestMarkdownGeneration::test_markdown_sorts_observations_by_time_descending FAILED [ 35%]
test/unit/backend_tests/test_context_manager.py::TestMarkdownGeneration::test_markdown_includes_type_emoji_mapping FAILED [ 35%]
test/unit/backend_tests/test_context_manager.py::TestMarkdownGeneration::test_markdown_limits_file_list_in_summary FAILED [ 35%]
test/unit/backend_tests/test_context_manager.py::TestMarkdownGeneration::test_markdown_includes_metadata_header FAILED [ 36%]
test/unit/backend_tests/test_context_manager.py::TestMCPIntegration::test_fetch_recent_observations_calls_search FAILED [ 36%]
test/unit/backend_tests/test_context_manager.py::TestMCPIntegration::test_fetch_observation_details_by_ids FAILED [ 36%]
test/unit/backend_tests/test_context_manager.py::TestMCPIntegration::test_context_manager_full_workflow FAILED [ 36%]
test/unit/backend_tests/test_crypto.py::TestSecureHasher::test_hash_string_sha256 PASSED [ 36%]
test/unit/backend_tests/test_crypto.py::TestSecureHasher::test_hash_string_consistency PASSED [ 37%]
test/unit/backend_tests/test_crypto.py::TestSecureHasher::test_hash_string_different_inputs PASSED [ 37%]
test/unit/backend_tests/test_crypto.py::TestSecureHasher::test_hash_string_sha512 PASSED [ 37%]
test/unit/backend_tests/test_crypto.py::TestSecureHasher::test_hash_string_unsupported_algorithm PASSED [ 37%]
test/unit/backend_tests/test_crypto.py::TestSecureHasher::test_hash_object_simple_dict PASSED [ 38%]
test/unit/backend_tests/test_crypto.py::TestSecureHasher::test_hash_object_dict_sort_keys PASSED [ 38%]
test/unit/backend_tests/test_crypto.py::TestSecureHasher::test_hash_object_list PASSED [ 38%]
test/unit/backend_tests/test_crypto.py::TestSecureHasher::test_hash_object_nested_structure PASSED [ 38%]
test/unit/backend_tests/test_crypto.py::TestSecureHasher::test_hash_object_consistency PASSED [ 38%]
test/unit/backend_tests/test_crypto.py::TestSecureHasher::test_hash_file_small_file PASSED [ 39%]
test/unit/backend_tests/test_crypto.py::TestSecureHasher::test_hash_file_large_file PASSED [ 39%]
test/unit/backend_tests/test_crypto.py::TestSecureHasher::test_hash_file_consistency PASSED [ 39%]
test/unit/backend_tests/test_crypto.py::TestSecureHasher::test_hash_file_not_found PASSED [ 39%]
test/unit/backend_tests/test_crypto.py::TestConvenienceFunctions::test_compute_hash_string PASSED [ 40%]
test/unit/backend_tests/test_crypto.py::TestConvenienceFunctions::test_compute_hash_object PASSED [ 40%]
test/unit/backend_tests/test_crypto.py::TestConvenienceFunctions::test_compute_cache_key PASSED [ 40%]
test/unit/backend_tests/test_crypto.py::TestConvenienceFunctions::test_compute_cache_key_consistency PASSED [ 40%]
test/unit/backend_tests/test_crypto.py::TestSecurityProperties::test_avoids_md5 PASSED [ 40%]
test/unit/backend_tests/test_crypto.py::TestSecurityProperties::test_default_algorithm_is_secure PASSED [ 41%]
test/unit/backend_tests/test_crypto.py::TestSecurityProperties::test_sha256_output_length PASSED [ 41%]
test/unit/backend_tests/test_crypto.py::TestSecurityProperties::test_sha512_output_length PASSED [ 41%]
test/unit/backend_tests/test_data_access.py::TestGenericRepository::test_games_repository_exists PASSED [ 41%]
test/unit/backend_tests/test_data_access.py::TestGenericRepository::test_log_events_repository_exists PASSED [ 42%]
test/unit/backend_tests/test_data_access.py::TestGenericRepository::test_repository_has_required_methods PASSED [ 42%]
test/unit/backend_tests/test_data_access.py::TestGenericRepository::test_find_by_id_returns_none_for_nonexistent PASSED [ 42%]
test/unit/backend_tests/test_data_access.py::TestGenericRepository::test_exists_returns_false_for_nonexistent PASSED [ 42%]
test/unit/backend_tests/test_data_access.py::TestGenericRepository::test_all_predefined_repositories_have_correct_structure PASSED [ 42%]
test/unit/backend_tests/test_data_access.py::TestGenericRepository::test_find_where_with_single_condition PASSED [ 43%]
test/unit/backend_tests/test_data_access.py::TestGenericRepository::test_find_where_with_order_by PASSED [ 43%]
test/unit/backend_tests/test_data_access.py::TestGenericRepository::test_find_where_with_limit PASSED [ 43%]
test/unit/backend_tests/test_data_access.py::TestGenericRepository::test_find_where_with_multiple_conditions PASSED [ 43%]
test/unit/backend_tests/test_data_access.py::TestGenericRepository::test_find_first_where_returns_single_record PASSED [ 44%]
test/unit/backend_tests/test_data_access.py::TestGenericRepository::test_find_by_ids_returns_multiple_records PASSED [ 44%]
test/unit/backend_tests/test_data_access.py::TestGenericRepository::test_find_by_ids_with_empty_list PASSED [ 44%]
test/unit/backend_tests/test_data_access.py::TestGenericRepository::test_delete_batch_deletes_multiple_records PASSED [ 44%]
test/unit/backend_tests/test_data_access.py::TestGenericRepository::test_delete_batch_with_empty_list PASSED [ 44%]
test/unit/backend_tests/test_data_access.py::TestGenericRepository::test_update_batch_updates_multiple_records PASSED [ 45%]
test/unit/backend_tests/test_data_access.py::TestGenericRepository::test_update_batch_with_empty_updates PASSED [ 45%]
test/unit/backend_tests/test_data_access.py::TestGenericRepository::test_update_batch_with_empty_ids PASSED [ 45%]
test/unit/backend_tests/test_data_access.py::TestGenericRepository::test_create_batch_creates_multiple_records PASSED [ 45%]
test/unit/backend_tests/test_data_access.py::TestGenericRepository::test_create_batch_with_empty_list PASSED [ 46%]
test/unit/backend_tests/test_data_access.py::TestGenericRepository::test_create_batch_with_partial_fields PASSED [ 46%]
test/unit/backend_tests/test_graph_utils.py::TestBuildGraphFromEdges::test_build_simple_graph PASSED [ 46%]
test/unit/backend_tests/test_graph_utils.py::TestBuildGraphFromEdges::test_build_graph_with_missing_nodes PASSED [ 46%]
test/unit/backend_tests/test_graph_utils.py::TestBuildGraphFromEdges::test_build_empty_graph PASSED [ 46%]
test/unit/backend_tests/test_graph_utils.py::TestBuildGraphFromEdges::test_build_graph_with_multiple_edges PASSED [ 47%]
test/unit/backend_tests/test_graph_utils.py::TestBFSTraversal::test_bfs_simple_path PASSED [ 47%]
test/unit/backend_tests/test_graph_utils.py::TestBFSTraversal::test_bfs_multiple_start_nodes PASSED [ 47%]
test/unit/backend_tests/test_graph_utils.py::TestBFSTraversal::test_bfs_disconnected_graph PASSED [ 47%]
test/unit/backend_tests/test_graph_utils.py::TestBFSTraversal::test_bfs_empty_graph PASSED [ 48%]
test/unit/backend_tests/test_graph_utils.py::TestBFSTraversal::test_bfs_cycle_handling PASSED [ 48%]
test/unit/backend_tests/test_graph_utils.py::TestDFSTraversal::test_dfs_simple_path PASSED [ 48%]
test/unit/backend_tests/test_graph_utils.py::TestDFSTraversal::test_dfs_empty_graph PASSED [ 48%]
test/unit/backend_tests/test_graph_utils.py::TestFindIsolatedNodes::test_find_isolated_simple PASSED [ 48%]
test/unit/backend_tests/test_graph_utils.py::TestFindIsolatedNodes::test_find_isolated_with_ignore_types PASSED [ 49%]
test/unit/backend_tests/test_graph_utils.py::TestFindIsolatedNodes::test_find_isolated_empty_nodes PASSED [ 49%]
test/unit/backend_tests/test_graph_utils.py::TestFindIsolatedNodes::test_find_isolated_all_connected PASSED [ 49%]
test/unit/backend_tests/test_graph_utils.py::TestDetectCyclesDFS::test_detect_simple_cycle PASSED [ 49%]
test/unit/backend_tests/test_graph_utils.py::TestDetectCyclesDFS::test_detect_self_loop PASSED [ 50%]
test/unit/backend_tests/test_graph_utils.py::TestDetectCyclesDFS::test_detect_no_cycles PASSED [ 50%]
test/unit/backend_tests/test_graph_utils.py::TestDetectCyclesDFS::test_detect_multiple_cycles PASSED [ 50%]
test/unit/backend_tests/test_graph_utils.py::TestCountNodeConnections::test_count_connections_simple PASSED [ 50%]
test/unit/backend_tests/test_graph_utils.py::TestCountNodeConnections::test_count_connections_with_bidirectional PASSED [ 50%]
test/unit/backend_tests/test_graph_utils.py::TestCountNodeConnections::test_count_connections_empty PASSED [ 51%]
test/unit/backend_tests/test_graph_utils.py::TestFindStartNodes::test_find_start_simple PASSED [ 51%]
test/unit/backend_tests/test_graph_utils.py::TestFindStartNodes::test_find_start_multiple PASSED [ 51%]
test/unit/backend_tests/test_graph_utils.py::TestFindStartNodes::test_find_start_with_ignore_types PASSED [ 51%]
test/unit/backend_tests/test_graph_utils.py::TestFindEndNodes::test_find_end_simple PASSED [ 52%]
test/unit/backend_tests/test_graph_utils.py::TestFindEndNodes::test_find_end_with_actual_end PASSED [ 52%]
test/unit/backend_tests/test_graph_utils.py::TestFindEndNodes::test_find_end_multiple PASSED [ 52%]
test/unit/backend_tests/test_hierarchical_cache.py::TestHierarchicalCache::test_cache_invalidation PASSED [ 52%]
test/unit/backend_tests/test_hierarchical_cache.py::TestHierarchicalCache::test_decorator_cached_hierarchical PASSED [ 52%]
test/unit/backend_tests/test_hierarchical_cache.py::TestHierarchicalCache::test_l1_cache_expiration PASSED [ 53%]
test/unit/backend_tests/test_hierarchical_cache.py::TestHierarchicalCache::test_l1_cache_hit PASSED [ 53%]
test/unit/backend_tests/test_hierarchical_cache.py::TestHierarchicalCache::test_l1_cache_set_and_get PASSED [ 53%]
test/unit/backend_tests/test_hierarchical_cache.py::TestHierarchicalCache::test_l1_lru_eviction PASSED [ 53%]
test/unit/backend_tests/test_hierarchical_cache.py::TestHierarchicalCache::test_l2_cache_hit_with_l1_warmup PASSED [ 54%]
test/unit/backend_tests/test_hierarchical_cache.py::TestHierarchicalCache::test_l2_cache_miss PASSED [ 54%]
test/unit/backend_tests/test_hierarchical_cache.py::TestHierarchicalCache::test_pattern_invalidation PASSED [ 54%]
test/unit/backend_tests/test_hierarchical_cache.py::TestHierarchicalCache::test_stats_reset PASSED [ 54%]
test/unit/backend_tests/test_hierarchical_cache.py::TestCacheWarmer::test_periodic_warmup_thread PASSED [ 54%]
test/unit/backend_tests/test_hierarchical_cache.py::TestCacheWarmer::test_warmup_games PASSED [ 55%]
test/unit/backend_tests/test_hierarchical_cache.py::TestCacheWarmer::test_warmup_hot_events PASSED [ 55%]
test/unit/backend_tests/test_hql_preview_api.py::test_hql_preview_contains_partition_filter ERROR [ 55%]
test/unit/backend_tests/test_hql_preview_api.py::test_hql_preview_uses_correct_table_name ERROR [ 55%]
test/unit/backend_tests/test_hql_preview_api.py::test_hql_preview_uses_event_not_event_name ERROR [ 56%]
test/unit/backend_tests/test_hql_preview_api.py::test_hql_preview_supports_param_fields ERROR [ 56%]
test/unit/backend_tests/test_hql_preview_v2_api.py::TestHQLPreviewV2API::test_generate_endpoint_basic ERROR [ 56%]
test/unit/backend_tests/test_hql_preview_v2_api.py::TestHQLPreviewV2API::test_generate_endpoint_missing_events ERROR [ 56%]
test/unit/backend_tests/test_hql_preview_v2_api.py::TestHQLPreviewV2API::test_generate_endpoint_missing_fields ERROR [ 56%]
test/unit/backend_tests/test_hql_preview_v2_api.py::TestHQLPreviewV2APIDebug::test_generate_debug_endpoint ERROR [ 57%]
test/unit/backend_tests/test_hql_preview_v2_api.py::TestHQLPreviewV2APIValidate::test_validate_valid_hql ERROR [ 57%]
test/unit/backend_tests/test_hql_preview_v2_api.py::TestHQLPreviewV2APIValidate::test_validate_missing_select ERROR [ 57%]
test/unit/backend_tests/test_hql_preview_v2_api.py::TestHQLPreviewV2APIValidate::test_validate_missing_partition_filter ERROR [ 57%]
test/unit/backend_tests/test_hql_preview_v2_api.py::TestHQLPreviewV2APIValidate::test_validate_unmatched_parentheses ERROR [ 58%]
test/unit/backend_tests/test_hql_preview_v2_api.py::TestHQLPreviewV2APIValidate::test_validate_select_star_warning ERROR [ 58%]
test/unit/backend_tests/test_hql_preview_v2_api.py::TestHQLPreviewV2APIValidate::test_validate_missing_hql_parameter ERROR [ 58%]
test/unit/backend_tests/test_hql_preview_v2_api.py::TestHQLPreviewV2APIValidate::test_validate_empty_hql ERROR [ 58%]
test/unit/backend_tests/test_hql_preview_v2_api.py::TestHQLPreviewV2APIValidate::test_validate_missing_from ERROR [ 58%]
test/unit/backend_tests/test_hql_preview_v2_api.py::TestHQLPreviewV2APIRecommend::test_recommend_fields_all ERROR [ 59%]
test/unit/backend_tests/test_hql_preview_v2_api.py::TestHQLPreviewV2APIRecommend::test_recommend_fields_partial ERROR [ 59%]
test/unit/backend_tests/test_hql_preview_v2_api.py::TestHQLPreviewV2APIStatus::test_api_status ERROR [ 59%]
test/unit/backend_tests/test_hql_preview_v2_api.py::TestHQLPreviewV2APIIncremental::test_incremental_generate_first_time ERROR [ 59%]
test/unit/backend_tests/test_hql_preview_v2_api.py::TestHQLPreviewV2APIIncremental::test_incremental_generate_with_previous_hql ERROR [ 60%]
test/unit/backend_tests/test_hql_preview_v2_api.py::TestHQLPreviewV2APIIncremental::test_incremental_generate_missing_events ERROR [ 60%]
test/unit/backend_tests/test_hql_preview_v2_api.py::TestHQLPreviewV2APIIncremental::test_incremental_generate_missing_fields ERROR [ 60%]
test/unit/backend_tests/test_hql_preview_v2_api.py::TestHQLPreviewV2APIIncremental::test_incremental_generate_with_field_changes ERROR [ 60%]
test/unit/backend_tests/test_hql_preview_v2_api.py::TestHQLPreviewV2APIIncremental::test_incremental_generate_performance_tracking ERROR [ 60%]
test/unit/backend_tests/test_hql_v1_v2_comparison.py::TestHQLV1V2Comparison::test_single_event_output_consistency ERROR [ 61%]
test/unit/backend_tests/test_hql_v1_v2_comparison.py::TestHQLV1V2Comparison::test_param_fields_consistency ERROR [ 61%]
test/unit/backend_tests/test_hql_v1_v2_comparison.py::TestHQLV1V2Comparison::test_where_conditions_consistency ERROR [ 61%]
test/unit/backend_tests/test_hql_v1_v2_comparison.py::TestHQLV1V2Comparison::test_performance_not_regressed ERROR [ 61%]
test/unit/backend_tests/test_hql_v1_v2_comparison.py::TestHQLV1V2Comparison::test_table_name_format_consistency ERROR [ 62%]
test/unit/backend_tests/test_hql_v1_v2_comparison.py::TestHQLV1V2Comparison::test_partition_filter_consistency ERROR [ 62%]
test/unit/backend_tests/test_hql_v1_v2_comparison.py::TestHQLV1V2Comparison::test_error_handling_consistency ERROR [ 62%]
test/unit/backend_tests/test_hql_v1_v2_comparison.py::TestHQLV2PerformanceAnalysis::test_analyze_simple_hql ERROR [ 62%]
test/unit/backend_tests/test_hql_v1_v2_comparison.py::TestHQLV2PerformanceAnalysis::test_analyze_select_star_hql ERROR [ 62%]
test/unit/backend_tests/test_hql_v1_v2_comparison.py::TestHQLV2PerformanceAnalysis::test_analyze_missing_partition_filter ERROR [ 63%]
test/unit/backend_tests/test_hql_v1_v2_comparison.py::TestHQLV2PerformanceAnalysis::test_analyze_complex_join_hql ERROR [ 63%]
test/unit/backend_tests/test_hql_v1_v2_comparison.py::TestHQLV2PerformanceAnalysis::test_analyze_missing_hql ERROR [ 63%]
test/unit/backend_tests/test_hql_v1_v2_comparison.py::TestHQLV2PerformanceAnalysis::test_analyze_empty_hql ERROR [ 63%]
test/unit/backend_tests/test_hql_v1_v2_comparison.py::TestHQLV2PerformanceAnalysis::test_analyze_returns_optimization_suggestions ERROR [ 64%]
test/unit/backend_tests/test_hql_v1_v2_comparison.py::TestHQLV2PerformanceAnalysis::test_performance_summary ERROR [ 64%]
test/unit/backend_tests/test_hql_v2_cache_performance.py::TestHQLV2CachePerformance::test_cache_hit_on_second_request ERROR [ 64%]
test/unit/backend_tests/test_hql_v2_cache_performance.py::TestHQLV2CachePerformance::test_cache_miss_on_different_config ERROR [ 64%]
test/unit/backend_tests/test_hql_v2_cache_performance.py::TestHQLV2CachePerformance::test_cache_stats_api ERROR [ 64%]
test/unit/backend_tests/test_hql_v2_cache_performance.py::TestHQLV2CachePerformance::test_cache_clear_api ERROR [ 65%]
test/unit/backend_tests/test_hql_v2_cache_performance.py::TestHQLV2CachePerformance::test_performance_with_included_options ERROR [ 65%]
test/unit/backend_tests/test_hql_v2_cache_performance.py::TestHQLV2CachePerformance::test_cache_includes_performance_data ERROR [ 65%]
test/unit/backend_tests/test_migrations.py::TestDatabaseMigrations::test_all_required_tables_exist PASSED [ 65%]
test/unit/backend_tests/test_migrations.py::TestDatabaseMigrations::test_migration_from_v0_to_v18 FAILED [ 66%]
test/unit/backend_tests/test_migrations.py::TestDatabaseMigrations::test_migration_is_idempotent FAILED [ 66%]
test/unit/backend_tests/test_migrations.py::TestDatabaseMigrations::test_migration_v18_game_gid PASSED [ 66%]
test/unit/backend_tests/test_migrations.py::TestDatabaseMigrations::test_migration_v1_category_id PASSED [ 66%]
test/unit/backend_tests/test_migrations.py::TestDatabaseMigrations::test_migration_v2_event_category_relations PASSED [ 66%]
test/unit/backend_tests/test_migrations.py::TestDatabaseMigrations::test_migration_v3_include_in_common_params PASSED [ 67%]
test/unit/backend_tests/test_migrations.py::TestDatabaseMigrations::test_migration_v4_icon_path PASSED [ 67%]
test/unit/backend_tests/test_migrations.py::TestDatabaseMigrations::test_migration_v5_edit_tracking PASSED [ 67%]
test/unit/backend_tests/test_migrations.py::TestDatabaseMigrations::test_migration_v6_parameter_management PASSED [ 67%]
test/unit/backend_tests/test_migrations.py::TestMigrationManager::test_migration_manager_exists SKIPPED [ 68%]
test/unit/backend_tests/test_param_library_api.py::test_check_param_library_existing_parameter ERROR [ 68%]
test/unit/backend_tests/test_param_library_api.py::test_check_param_library_nonexistent_parameter ERROR [ 68%]
test/unit/backend_tests/test_param_library_api.py::test_check_param_library_missing_params ERROR [ 68%]
test/unit/backend_tests/test_param_library_api.py::test_check_param_library_missing_template_id ERROR [ 68%]
test/unit/backend_tests/test_param_library_api.py::test_link_to_library_success ERROR [ 69%]
test/unit/backend_tests/test_param_library_api.py::test_batch_check_param_library ERROR [ 69%]
test/unit/backend_tests/test_parameters_api_game_gid.py::test_parameters_all_uses_game_gid ERROR [ 69%]
test/unit/backend_tests/test_parameters_api_game_gid.py::test_parameter_details_uses_game_gid ERROR [ 69%]
test/unit/backend_tests/test_parameters_api_game_gid.py::test_parameter_stats_uses_game_gid ERROR [ 70%]
test/unit/backend_tests/test_parameters_api_game_gid.py::test_parameter_search_uses_game_gid ERROR [ 70%]
test/unit/backend_tests/test_parameters_api_game_gid.py::test_common_parameters_uses_game_gid ERROR [ 70%]
test/unit/backend_tests/test_parameters_api_game_gid.py::test_parameter_validate_uses_game_gid ERROR [ 70%]
test/unit/backend_tests/test_performance_benchmark.py::TestFormValidationPerformance::test_validate_form_fields_1000_iterations PASSED [ 70%]
test/unit/backend_tests/test_performance_benchmark.py::TestAggregateSQLPerformance::test_build_aggregate_sql_1000_iterations PASSED [ 71%]
test/unit/backend_tests/test_performance_benchmark.py::TestAggregateSQLPerformance::test_multiple_aggregate_functions FAILED [ 71%]
test/unit/backend_tests/test_performance_benchmark.py::TestGraphTraversalPerformance::test_find_isolated_nodes_100_nodes FAILED [ 71%]
test/unit/backend_tests/test_performance_benchmark.py::TestGraphTraversalPerformance::test_bfs_traversal_performance PASSED [ 71%]
test/unit/backend_tests/test_performance_benchmark.py::TestBusinessProcessPerformance::test_event_creation_with_common_utils FAILED [ 72%]
test/unit/backend_tests/test_performance_benchmark.py::TestBusinessProcessPerformance::test_canvas_validation_with_graph_utils PASSED [ 72%]
test/unit/backend_tests/test_performance_benchmark.py::TestBusinessProcessPerformance::test_hql_generation_with_sql_builder PASSED [ 72%]
test/unit/backend_tests/test_performance_benchmark.py::TestCachePerformance::test_cache_hit_performance FAILED [ 72%]
test/unit/backend_tests/test_performance_benchmark.py::TestCachePerformance::test_lru_eviction_performance FAILED [ 72%]
test/unit/backend_tests/test_performance_benchmark.py::TestPerformanceReport::test_generate_comprehensive_report PASSED [ 73%]
test/unit/backend_tests/test_performance_modes.py::test_performance_mode_detection PASSED [ 73%]
test/unit/backend_tests/test_performance_modes.py::test_performance_mode_switching PASSED [ 73%]
test/unit/backend_tests/test_performance_modes.py::test_performance_history_tracking PASSED [ 73%]
test/unit/backend_tests/test_performance_modes.py::test_css_class_management PASSED [ 74%]
test/unit/backend_tests/test_performance_modes.py::test_performance_thresholds PASSED [ 74%]
test/unit/backend_tests/test_performance_modes.py::test_auto_detection_interval PASSED [ 74%]
test/unit/backend_tests/test_sql_builder.py::TestAggregateFunctionBuilder::test_build_count PASSED [ 74%]
test/unit/backend_tests/test_sql_builder.py::TestAggregateFunctionBuilder::test_build_count_with_wildcard PASSED [ 74%]
test/unit/backend_tests/test_sql_builder.py::TestAggregateFunctionBuilder::test_build_sum PASSED [ 75%]
test/unit/backend_tests/test_sql_builder.py::TestAggregateFunctionBuilder::test_build_avg PASSED [ 75%]
test/unit/backend_tests/test_sql_builder.py::TestAggregateFunctionBuilder::test_build_min PASSED [ 75%]
test/unit/backend_tests/test_sql_builder.py::TestAggregateFunctionBuilder::test_build_max PASSED [ 75%]
test/unit/backend_tests/test_sql_builder.py::TestAggregateFunctionBuilder::test_build_count_distinct PASSED [ 76%]
test/unit/backend_tests/test_sql_builder.py::TestAggregateFunctionBuilder::test_build_case_insensitive PASSED [ 76%]
test/unit/backend_tests/test_sql_builder.py::TestAggregateFunctionBuilder::test_build_unknown_function PASSED [ 76%]
test/unit/backend_tests/test_sql_builder.py::TestAggregateFunctionBuilder::test_custom_builder PASSED [ 76%]
test/unit/backend_tests/test_sql_builder.py::TestAggregateFunctionBuilder::test_register_aggregate_function PASSED [ 76%]
test/unit/backend_tests/test_sql_builder.py::TestGetFieldName::test_get_fieldname_key PASSED [ 77%]
test/unit/backend_tests/test_sql_builder.py::TestGetFieldName::test_get_fallback_key PASSED [ 77%]
test/unit/backend_tests/test_sql_builder.py::TestGetFieldName::test_get_fieldname_priority PASSED [ 77%]
test/unit/backend_tests/test_sql_builder.py::TestGetFieldName::test_get_custom_fallback PASSED [ 77%]
test/unit/backend_tests/test_sql_builder.py::TestGetFieldName::test_get_fieldname_empty PASSED [ 78%]
test/unit/backend_tests/test_sql_builder.py::TestNormalizeFieldList::test_normalize_simple_fields PASSED [ 78%]
test/unit/backend_tests/test_sql_builder.py::TestNormalizeFieldList::test_normalize_with_fieldname_key PASSED [ 78%]
test/unit/backend_tests/test_sql_builder.py::TestNormalizeFieldList::test_normalize_with_name_key PASSED [ 78%]
test/unit/backend_tests/test_sql_builder.py::TestNormalizeFieldList::test_normalize_default_values PASSED [ 78%]
test/unit/backend_tests/test_sql_builder.py::TestNormalizeFieldList::test_normalize_with_fieldtype PASSED [ 79%]
test/unit/backend_tests/test_sql_builder.py::TestNormalizeFieldList::test_normalize_multiple_fields PASSED [ 79%]
test/unit/backend_tests/test_sql_builder.py::TestJoinBuilder::test_build_inner_join PASSED [ 79%]
test/unit/backend_tests/test_sql_builder.py::TestJoinBuilder::test_build_left_join PASSED [ 79%]
test/unit/backend_tests/test_sql_builder.py::TestJoinBuilder::test_build_right_join PASSED [ 80%]
test/unit/backend_tests/test_sql_builder.py::TestJoinBuilder::test_build_full_join PASSED [ 80%]
test/unit/backend_tests/test_sql_builder.py::TestJoinBuilder::test_build_cross_join PASSED [ 80%]
test/unit/backend_tests/test_sql_builder.py::TestJoinBuilder::test_build_join_case_insensitive PASSED [ 80%]
test/unit/backend_tests/test_sql_builder.py::TestJoinBuilder::test_build_join_default_inner PASSED [ 80%]
test/unit/backend_tests/test_sql_builder.py::TestGroupByBuilder::test_build_group_by_single_field PASSED [ 81%]
test/unit/backend_tests/test_sql_builder.py::TestGroupByBuilder::test_build_group_by_multiple_fields PASSED [ 81%]
test/unit/backend_tests/test_sql_builder.py::TestGroupByBuilder::test_build_group_by_empty_fields PASSED [ 81%]
test/unit/backend_tests/test_sql_builder.py::TestGroupByBuilder::test_build_group_by_with_name_key PASSED [ 81%]
test/unit/backend_tests/test_sql_builder.py::TestGroupByBuilder::test_build_group_by_with_empty_fieldnames PASSED [ 82%]
test/unit/backend_tests/unit/test_cache_system.py::TestCacheKeyBuilder::test_build_no_params PASSED [ 82%]
test/unit/backend_tests/unit/test_cache_system.py::TestCacheKeyBuilder::test_build_with_params PASSED [ 82%]
test/unit/backend_tests/unit/test_cache_system.py::TestCacheKeyBuilder::test_build_param_ordering PASSED [ 82%]
test/unit/backend_tests/unit/test_cache_system.py::TestCacheKeyBuilder::test_build_with_string_params PASSED [ 82%]
test/unit/backend_tests/unit/test_cache_system.py::TestCacheKeyBuilder::test_build_pattern_no_params PASSED [ 83%]
test/unit/backend_tests/unit/test_cache_system.py::TestCacheKeyBuilder::test_build_prefix_constant PASSED [ 83%]
test/unit/backend_tests/unit/test_cache_system.py::TestCacheKeyBuilder::test_build_multiple_params PASSED [ 83%]
test/unit/backend_tests/unit/test_cache_system.py::TestCacheKeyBuilder::test_build_with_special_chars PASSED [ 83%]
test/unit/backend_tests/unit/test_cache_system.py::TestCacheKeyBuilder::test_build_consistency PASSED [ 84%]
test/unit/backend_tests/unit/test_cache_system.py::TestCacheKeyBuilder::test_build_different_params PASSED [ 84%]
test/unit/backend_tests/unit/test_cache_system.py::TestCacheKeyBuilder::test_cache_key_prefix PASSED [ 84%]
test/unit/backend_tests/unit/test_cache_system.py::TestCacheKeyBuilder::test_cache_key_namespace PASSED [ 84%]
test/unit/backend_tests/unit/test_core_utils.py::TestFetchFunctions::test_fetch_one_as_dict_success PASSED [ 84%]
test/unit/backend_tests/unit/test_core_utils.py::TestFetchFunctions::test_fetch_one_as_dict_not_found PASSED [ 85%]
test/unit/backend_tests/unit/test_core_utils.py::TestFetchFunctions::test_fetch_all_as_dict PASSED [ 85%]
test/unit/backend_tests/unit/test_core_utils.py::TestExecuteWrite::test_execute_write_insert PASSED [ 85%]
test/unit/backend_tests/unit/test_core_utils.py::TestExecuteWrite::test_execute_write_update PASSED [ 85%]
test/unit/backend_tests/unit/test_core_utils.py::TestJSONResponses::test_json_success_response ERROR [ 86%]
test/unit/backend_tests/unit/test_core_utils.py::TestJSONResponses::test_json_error_response ERROR [ 86%]
test/unit/backend_tests/unit/test_core_utils.py::TestJSONResponses::test_json_error_response_with_code ERROR [ 86%]
test/unit/backend_tests/unit/test_core_utils.py::TestValidationFunctions::test_validate_json_request_success PASSED [ 86%]
test/unit/backend_tests/unit/test_core_utils.py::TestValidationFunctions::test_validate_json_request_missing_field PASSED [ 86%]
test/unit/backend_tests/unit/test_core_utils.py::TestValidationFunctions::test_safe_int_convert_valid PASSED [ 87%]
test/unit/backend_tests/unit/test_core_utils.py::TestValidationFunctions::test_safe_int_convert_invalid PASSED [ 87%]
test/unit/backend_tests/unit/test_database.py::TestDatabaseConnection::test_get_db_connection PASSED [ 87%]
test/unit/backend_tests/unit/test_database.py::TestDatabaseConnection::test_get_db_connection_singleton PASSED [ 87%]
test/unit/backend_tests/unit/test_database.py::TestDatabaseInit::test_init_db_creates_tables SKIPPED [ 88%]
test/unit/backend_tests/unit/test_database.py::TestDatabaseOperations::test_execute_write_insert PASSED [ 88%]
test/unit/backend_tests/unit/test_database.py::TestDatabaseOperations::test_execute_write_delete PASSED [ 88%]
test/unit/backend_tests/unit/test_database.py::TestDatabaseOperations::test_execute_write_update PASSED [ 88%]
test/unit/backend_tests/unit/test_database.py::TestDatabaseTransactions::test_transaction_commit PASSED [ 88%]
test/unit/backend_tests/unit/test_database.py::TestDatabaseTransactions::test_transaction_rollback PASSED [ 89%]
test/unit/backend_tests/unit/test_database_migration.py::TestMigrationRegistry::test_registry_exists PASSED [ 89%]
test/unit/backend_tests/unit/test_database_migration.py::TestMigrationRegistry::test_registry_has_version_1_migration PASSED [ 89%]
test/unit/backend_tests/unit/test_database_migration.py::TestMigrationRegistry::test_registry_migrations_are_sequential PASSED [ 89%]
test/unit/backend_tests/unit/test_database_migration.py::TestMigrationRegistry::test_each_migration_has_required_methods PASSED [ 90%]
test/unit/backend_tests/unit/test_database_migration.py::TestMigrationClasses::test_migration_1_adds_category_id_column PASSED [ 90%]
test/unit/backend_tests/unit/test_database_migration.py::TestMigrationClasses::test_migration_2_creates_event_category_relations_table PASSED [ 90%]
test/unit/backend_tests/unit/test_database_migration.py::TestMigrationClasses::test_migration_3_adds_include_in_common_params_column PASSED [ 90%]
test/unit/backend_tests/unit/test_database_migration.py::TestMigrationClasses::test_migration_6_creates_param_templates_table PASSED [ 90%]
test/unit/backend_tests/unit/test_database_migration.py::TestMigrationClasses::test_migration_6_inserts_predefined_templates PASSED [ 91%]
test/unit/backend_tests/unit/test_database_migration.py::TestMigrationClasses::test_migration_6_creates_param_library_table PASSED [ 91%]
test/unit/backend_tests/unit/test_database_migration.py::TestMigrationClasses::test_migration_6_creates_event_params_table PASSED [ 91%]
test/unit/backend_tests/unit/test_database_migration.py::TestMigrationClasses::test_migration_6_creates_param_versions_table PASSED [ 91%]
test/unit/backend_tests/unit/test_database_migration.py::TestMigrationClasses::test_migration_6_creates_param_configs_table PASSED [ 92%]
test/unit/backend_tests/unit/test_database_migration.py::TestMigrationClasses::test_migration_6_renames_old_parameters_table PASSED [ 92%]
test/unit/backend_tests/unit/test_database_migration.py::TestMigrationClasses::test_migration_7_creates_param_validation_rules_table PASSED [ 92%]
test/unit/backend_tests/unit/test_database_migration.py::TestMigrationClasses::test_migration_7_creates_batch_import_records_table PASSED [ 92%]
test/unit/backend_tests/unit/test_database_migration.py::TestMigrationClasses::test_migration_7_creates_batch_import_details_table PASSED [ 92%]
test/unit/backend_tests/unit/test_database_migration.py::TestMigrationClasses::test_migration_18_adds_game_gid_column PASSED [ 93%]
test/unit/backend_tests/unit/test_database_migration.py::TestMigrationClasses::test_migration_18_migrates_existing_data PASSED [ 93%]
test/unit/backend_tests/unit/test_database_migration.py::TestMigrationRunner::test_runner_gets_current_version PASSED [ 93%]
test/unit/backend_tests/unit/test_database_migration.py::TestMigrationRunner::test_runner_migrates_from_zero_to_target PASSED [ 93%]
test/unit/backend_tests/unit/test_database_migration.py::TestMigrationRunner::test_runner_skips_already_applied_migrations PASSED [ 94%]
test/unit/backend_tests/unit/test_database_migration.py::TestMigrationRunner::test_runner_migrates_incrementally PASSED [ 94%]
test/unit/backend_tests/unit/test_database_migration.py::TestMigrationRunner::test_runner_updates_version_after_migration PASSED [ 94%]
test/unit/backend_tests/unit/test_database_migration.py::TestMigrationIntegration::test_full_migration_from_zero_to_latest PASSED [ 94%]
test/unit/backend_tests/unit/test_database_migration.py::TestMigrationIntegration::test_migration_is_idempotent PASSED [ 94%]
test/unit/backend_tests/unit/test_environment_config.py::TestEnvironmentDetection::test_default_environment_returns_production_db PASSED [ 95%]
test/unit/backend_tests/unit/test_environment_config.py::TestEnvironmentDetection::test_testing_environment_returns_test_db PASSED [ 95%]
test/unit/backend_tests/unit/test_environment_config.py::TestEnvironmentDetection::test_development_environment_returns_dev_db PASSED [ 95%]
test/unit/backend_tests/unit/test_environment_config.py::TestEnvironmentDetection::test_environment_case_insensitive PASSED [ 95%]
test/unit/backend_tests/unit/test_environment_config.py::TestDatabaseIsolation::test_production_db_exists_as_file PASSED [ 96%]
test/unit/backend_tests/unit/test_environment_config.py::TestDatabaseIsolation::test_test_db_separate_from_production PASSED [ 96%]
test/unit/backend_tests/unit/test_environment_config.py::TestDatabaseIsolation::test_dev_db_separate_from_production PASSED [ 96%]
test/unit/backend_tests/unit/test_environment_config.py::TestDatabaseIsolation::test_all_three_environments_use_different_dbs PASSED [ 96%]
test/unit/backend_tests/unit/test_environment_config.py::TestEnvironmentFiles::test_env_test_file_should_exist FAILED [ 96%]
test/unit/backend_tests/unit/test_environment_config.py::TestEnvironmentFiles::test_env_development_file_should_exist FAILED [ 97%]
test/unit/backend_tests/unit/test_environment_config.py::TestEnvironmentFiles::test_env_production_file_should_exist FAILED [ 97%]
test/unit/backend_tests/unit/test_join_configs_game_gid.py::TestJoinConfigsGameGidMigration::test_join_configs_should_use_game_gid_not_game_id PASSED [ 97%]
test/unit/backend_tests/unit/test_join_configs_game_gid.py::TestJoinConfigsGameGidMigration::test_join_configs_migration_to_game_gid PASSED [ 97%]
test/unit/backend_tests/unit/test_utils_extra.py::TestSuccessResponse::test_success_response_basic PASSED [ 98%]
test/unit/backend_tests/unit/test_utils_extra.py::TestSuccessResponse::test_success_response_with_data PASSED [ 98%]
test/unit/backend_tests/unit/test_utils_extra.py::TestSuccessResponse::test_success_response_with_message PASSED [ 98%]
test/unit/backend_tests/unit/test_utils_extra.py::TestSuccessResponse::test_success_response_with_status_code PASSED [ 98%]
test/unit/backend_tests/unit/test_utils_extra.py::TestSuccessResponse::test_success_response_with_extra_fields PASSED [ 98%]
test/unit/backend_tests/unit/test_utils_extra.py::TestErrorResponse::test_error_response_basic PASSED [ 99%]
test/unit/backend_tests/unit/test_utils_extra.py::TestErrorResponse::test_error_response_with_status_code PASSED [ 99%]
test/unit/backend_tests/unit/test_utils_extra.py::TestErrorResponse::test_error_response_with_extra_fields PASSED [ 99%]
test/unit/backend_tests/unit/test_utils_extra.py::TestUtilityFunctions::test_timestamp_format PASSED [ 99%]
test/unit/backend_tests/unit/test_utils_extra.py::TestUtilityFunctions::test_response_structure PASSED [100%]

==================================== ERRORS ====================================
_____ ERROR at setup of TestCategoriesAPIList.test_list_categories_success _____
/Users/mckenzie/Documents/event2table/test/unit/backend/conftest.py:84: in app
    ???
E   ModuleNotFoundError: No module named 'backend.services.categories'
---------------------------- Captured stdout setup -----------------------------
2026-02-11 00:42:32 - backend.core.database.database - INFO - Creating hql_statements table...
2026-02-11 00:42:32 - backend.core.database.database - INFO - hql_statements table created successfully
2026-02-11 00:42:32 - backend.core.database.database - INFO - Migrating database from version 0 to 19...
2026-02-11 00:42:32 - backend.core.database.database - INFO - Migration v4: Adding icon_path column to games...
2026-02-11 00:42:32 - backend.core.database.database - INFO - Migration v4 completed: icon_path column added to games
2026-02-11 00:42:32 - backend.core.database.database - INFO - Migration v5: Adding is_user_edited column...
2026-02-11 00:42:33 - backend.core.database.database - INFO - Migration v5: Adding edit_notes column...
2026-02-11 00:42:33 - backend.core.database.database - INFO - Migration v5: Adding original_content column...
2026-02-11 00:42:33 - backend.core.database.database - INFO - Migration v5 completed: edit tracking fields added to hql_statements
2026-02-11 00:42:33 - backend.core.database.database - INFO - Migration v6: Starting parameter management refactoring...
2026-02-11 00:42:33 - backend.core.database.database - INFO - Migration v6: param_templates table created
2026-02-11 00:42:33 - backend.core.database.database - INFO - Migration v6: predefined type templates inserted
2026-02-11 00:42:33 - backend.core.database.database - INFO - Migration v6: param_library table created
2026-02-11 00:42:33 - backend.core.database.database - INFO - Migration v6: event_params table created
2026-02-11 00:42:33 - backend.core.database.database - INFO - Migration v6: param_versions table created
2026-02-11 00:42:33 - backend.core.database.database - INFO - Migration v6: param_configs table created
2026-02-11 00:42:33 - backend.core.database.database - INFO - Migration v6: migrated 0 parameters from parameters table
2026-02-11 00:42:33 - backend.core.database.database - INFO - Migration v6: extracted 0 common parameters to library
2026-02-11 00:42:33 - backend.core.database.database - INFO - Migration v6: marked 0 parameters as from library
2026-02-11 00:42:33 - backend.core.database.database - INFO - Migration v6: renamed old parameters table to parameters_old_v5
2026-02-11 00:42:33 - backend.core.database.database - INFO - Migration v6 completed: parameter management refactoring finished
2026-02-11 00:42:33 - backend.core.database.database - INFO - Migration v7: Starting parameter validation and batch operations...
2026-02-11 00:42:33 - backend.core.database.database - INFO - Migration v7: created param_validation_rules table
2026-02-11 00:42:33 - backend.core.database.database - INFO - Migration v7: created batch_import_records table
2026-02-11 00:42:33 - backend.core.database.database - INFO - Migration v7: created batch_import_details table
2026-02-11 00:42:33 - backend.core.database.database - INFO - Migration v7: created indexes for param_validation_rules
2026-02-11 00:42:33 - backend.core.database.database - INFO - Migration v7: created indexes for batch_import tables
2026-02-11 00:42:33 - backend.core.database.database - INFO - Migration v7 completed: validation rules and batch operations created
2026-02-11 00:42:33 - backend.core.database.database - INFO - Migration v8: Starting parameter dependencies...
2026-02-11 00:42:33 - backend.core.database.database - INFO - Migration v8: created param_dependencies table
2026-02-11 00:42:33 - backend.core.database.database - INFO - Migration v8: created indexes for param_dependencies
2026-02-11 00:42:33 - backend.core.database.database - INFO - Migration v8 completed: parameter dependencies created
2026-02-11 00:42:33 - backend.core.database.database - INFO - Migration v9: Enhanced HQL generation features...
2026-02-11 00:42:33 - backend.core.database.database - INFO - Migration v9: Adding join_type column to join_configs...
2026-02-11 00:42:33 - backend.core.database.database - INFO - Migration v9: Adding where_conditions column to join_configs...
2026-02-11 00:42:33 - backend.core.database.database - INFO - Migration v9: Adding field_mappings column to join_configs...
2026-02-11 00:42:33 - backend.core.database.database - INFO - Migration v9: Adding description column to join_configs...
2026-02-11 00:42:33 - backend.core.database.database - INFO - Migration v9: Adding game_id column to join_configs...
2026-02-11 00:42:33 - backend.core.database.database - INFO - Migration v9: Migrating existing join_configs to new format...
2026-02-11 00:42:33 - backend.core.database.database - INFO - Migration v9: Migrated 0 existing join_configs to new format
2026-02-11 00:42:33 - backend.core.database.database - INFO - Migration v9: Creating hql_generation_templates table...
2026-02-11 00:42:33 - backend.core.database.database - INFO - Migration v9: hql_generation_templates table created with default templates
2026-02-11 00:42:33 - backend.core.database.database - INFO - Migration v9: Creating field_selection_presets table...
2026-02-11 00:42:33 - backend.core.database.database - INFO - Migration v9: field_selection_presets table created
2026-02-11 00:42:33 - backend.core.database.database - INFO - Migration v9: Creating indexes for enhanced HQL generation...
2026-02-11 00:42:33 - backend.core.database.database - INFO - Migration v9: indexes created
2026-02-11 00:42:33 - backend.core.database.database - INFO - Migration v9 completed: Enhanced HQL generation features added
2026-02-11 00:42:33 - backend.core.database.database - INFO - Migration v10: Adding array parameter hierarchy support...
2026-02-11 00:42:33 - backend.core.database.database - INFO - Migration v10: Adding child_params column to param_configs...
2026-02-11 00:42:33 - backend.core.database.database - INFO - Migration v10: Adding array_element_structure column to param_configs...
2026-02-11 00:42:33 - backend.core.database.database - INFO - Migration v10: param_configs table extended with hierarchy fields
2026-02-11 00:42:33 - backend.core.database.database - INFO - Migration v10: Creating indexes for parameter hierarchy...
2026-02-11 00:42:33 - backend.core.database.database - INFO - Migration v10: index idx_event_params_event_template created
2026-02-11 00:42:33 - backend.core.database.database - INFO - Migration v10 completed: array parameter hierarchy support added
2026-02-11 00:42:33 - backend.core.database.database - INFO - Migration v11: Adding field builder support...
2026-02-11 00:42:33 - backend.core.database.database - INFO - Migration v11: Adding field_mapping_v2 column to join_configs...
2026-02-11 00:42:33 - backend.core.database.database - INFO - Migration v11: field_mapping_v2 column added
2026-02-11 00:42:33 - backend.core.database.database - INFO - Migration v11: Creating node_templates table...
2026-02-11 00:42:33 - backend.core.database.database - INFO - Migration v11: node_templates table created
2026-02-11 00:42:33 - backend.core.database.database - INFO - Migration v11: Creating flow_templates table...
2026-02-11 00:42:33 - backend.core.database.database - INFO - Migration v11: flow_templates table created
2026-02-11 00:42:33 - backend.core.database.database - INFO - Migration v11: Creating indexes for node and flow templates...
2026-02-11 00:42:33 - backend.core.database.database - INFO - Migration v11: indexes created
2026-02-11 00:42:33 - backend.core.database.database - INFO - Migration v11: field_mapping_v2 index created
2026-02-11 00:42:33 - backend.core.database.database - INFO - Migration v11 completed: field builder support added
2026-02-11 00:42:33 - backend.core.database.database - INFO - Migration v12: Adding flow_templates table...
2026-02-11 00:42:33 - backend.core.database.database - INFO - Migration v12: flow_templates table exists, checking structure...
2026-02-11 00:42:33 - backend.core.database.database - INFO - Migration v12: Adding game_id column...
2026-02-11 00:42:33 - backend.core.database.database - INFO - Migration v12: game_id column added
2026-02-11 00:42:33 - backend.core.database.database - INFO - Migration v12: Adding is_active column...
2026-02-11 00:42:33 - backend.core.database.database - INFO - Migration v12: is_active column added
2026-02-11 00:42:33 - backend.core.database.database - INFO - Migration v12: Adding version column...
2026-02-11 00:42:33 - backend.core.database.database - INFO - Migration v12: version column added
2026-02-11 00:42:33 - backend.core.database.database - INFO - Migration v12: Adding name column (alongside flow_name)...
2026-02-11 00:42:33 - backend.core.database.database - INFO - Migration v12: name column added
2026-02-11 00:42:33 - backend.core.database.database - INFO - Migration v12: game_id index created
2026-02-11 00:42:33 - backend.core.database.database - INFO - Migration v12: updated_at index created
2026-02-11 00:42:33 - backend.core.database.database - INFO - Migration v12 completed: flow templates support added
2026-02-11 00:42:33 - backend.core.database.database - INFO - Migration v13: Adding event_nodes and parameter_aliases tables...
2026-02-11 00:42:33 - backend.core.database.database - INFO - Migration v13: indexes created
2026-02-11 00:42:33 - backend.core.database.database - INFO - Migration v13 completed: event nodes and parameter aliases support added
2026-02-11 00:42:33 - backend.core.database.database - INFO - Migration v14: Adding field name mappings support...
2026-02-11 00:42:33 - backend.core.database.database - INFO - Migration v14: Creating field_name_mappings table...
2026-02-11 00:42:33 - backend.core.database.database - INFO - Migration v14: field_name_mappings table created
2026-02-11 00:42:33 - backend.core.database.database - INFO - Migration v14: Creating field_name_history table...
2026-02-11 00:42:33 - backend.core.database.database - INFO - Migration v14: field_name_history table created
2026-02-11 00:42:33 - backend.core.database.database - INFO - Migration v14: indexes created
2026-02-11 00:42:33 - backend.core.database.database - INFO - Migration v14 completed: field name mappings support added
2026-02-11 00:42:33 - backend.core.database.database - INFO - Migration v15: Creating event_node_configs table...
2026-02-11 00:42:33 - backend.core.database.database - INFO - Migration v15: created event_node_configs table
2026-02-11 00:42:33 - backend.core.database.database - INFO - Migration v15: indexes created
2026-02-11 00:42:33 - backend.core.database.database - INFO - Migration v15 completed: event node builder support added
2026-02-11 00:42:33 - backend.core.database.database - INFO - Migration v16: Creating async_tasks table...
2026-02-11 00:42:33 - backend.core.database.database - INFO - Migration v16: Creating async_tasks table...
2026-02-11 00:42:33 - backend.core.database.database - INFO - Migration v16: async_tasks table created
2026-02-11 00:42:33 - backend.core.database.database - INFO - Migration v16: async_tasks indexes created
2026-02-11 00:42:33 - backend.core.database.database - INFO - Migration v16 completed: async task system support added
2026-02-11 00:42:33 - backend.core.database.database - INFO - Migration v17: Adding display_name column to common_params...
2026-02-11 00:42:33 - backend.core.database.database - INFO - Migration v17: display_name column added
2026-02-11 00:42:33 - backend.core.database.database - INFO - Migration v17 completed: common_params display_name support added
2026-02-11 00:42:33 - backend.core.database.database - INFO - Migration v18: Adding game_gid column to log_events...
2026-02-11 00:42:33 - backend.core.database.database - INFO - Migration v18: Adding game_gid column to log_events...
2026-02-11 00:42:33 - backend.core.database.database - INFO - Migration v18: Migrating existing data to game_gid...
2026-02-11 00:42:33 - backend.core.database.database - INFO - Migration v18: game_gid column added and data migrated
2026-02-11 00:42:33 - backend.core.database.database - INFO - Migration v18 completed: log_events game_gid support added
2026-02-11 00:42:33 - backend.core.database.database - INFO - Migration v19: Adding json_path column to event_params...
2026-02-11 00:42:33 - backend.core.database.database - INFO - Migration v19: Adding json_path column to event_params...
2026-02-11 00:42:33 - backend.core.database.database - INFO - Migration v19: json_path column added to event_params
2026-02-11 00:42:33 - backend.core.database.database - INFO - Migration v19 completed: event_params json_path support added
2026-02-11 00:42:33 - backend.core.database.database - INFO - Database migration completed successfully. Version: 19
------------------------------ Captured log setup ------------------------------
INFO     backend.core.database.database:database.py:81 Creating hql_statements table...
INFO     backend.core.database.database:database.py:96 hql_statements table created successfully
INFO     backend.core.database.database:database.py:1478 Migrating database from version 0 to 19...
INFO     backend.core.database.database:database.py:1540 Migration v4: Adding icon_path column to games...
INFO     backend.core.database.database:database.py:1542 Migration v4 completed: icon_path column added to games
INFO     backend.core.database.database:database.py:1551 Migration v5: Adding is_user_edited column...
INFO     backend.core.database.database:database.py:1557 Migration v5: Adding edit_notes column...
INFO     backend.core.database.database:database.py:1561 Migration v5: Adding original_content column...
INFO     backend.core.database.database:database.py:1565 Migration v5 completed: edit tracking fields added to hql_statements
INFO     backend.core.database.database:database.py:1569 Migration v6: Starting parameter management refactoring...
INFO     backend.core.database.database:database.py:1588 Migration v6: param_templates table created
INFO     backend.core.database.database:database.py:1703 Migration v6: predefined type templates inserted
INFO     backend.core.database.database:database.py:1722 Migration v6: param_library table created
INFO     backend.core.database.database:database.py:1746 Migration v6: event_params table created
INFO     backend.core.database.database:database.py:1766 Migration v6: param_versions table created
INFO     backend.core.database.database:database.py:1783 Migration v6: param_configs table created
INFO     backend.core.database.database:database.py:1820 Migration v6: migrated 0 parameters from parameters table
INFO     backend.core.database.database:database.py:1842 Migration v6: extracted 0 common parameters to library
INFO     backend.core.database.database:database.py:1859 Migration v6: marked 0 parameters as from library
INFO     backend.core.database.database:database.py:1877 Migration v6: renamed old parameters table to parameters_old_v5
INFO     backend.core.database.database:database.py:1880 Migration v6 completed: parameter management refactoring finished
INFO     backend.core.database.database:database.py:1884 Migration v7: Starting parameter validation and batch operations...
INFO     backend.core.database.database:database.py:1900 Migration v7: created param_validation_rules table
INFO     backend.core.database.database:database.py:1919 Migration v7: created batch_import_records table
INFO     backend.core.database.database:database.py:1935 Migration v7: created batch_import_details table
INFO     backend.core.database.database:database.py:1946 Migration v7: created indexes for param_validation_rules
INFO     backend.core.database.database:database.py:1957 Migration v7: created indexes for batch_import tables
INFO     backend.core.database.database:database.py:1960 Migration v7 completed: validation rules and batch operations created
INFO     backend.core.database.database:database.py:1964 Migration v8: Starting parameter dependencies...
INFO     backend.core.database.database:database.py:1982 Migration v8: created param_dependencies table
INFO     backend.core.database.database:database.py:1997 Migration v8: created indexes for param_dependencies
INFO     backend.core.database.database:database.py:2000 Migration v8 completed: parameter dependencies created
INFO     backend.core.database.database:database.py:2004 Migration v9: Enhanced HQL generation features...
INFO     backend.core.database.database:database.py:2011 Migration v9: Adding join_type column to join_configs...
INFO     backend.core.database.database:database.py:2015 Migration v9: Adding where_conditions column to join_configs...
INFO     backend.core.database.database:database.py:2019 Migration v9: Adding field_mappings column to join_configs...
INFO     backend.core.database.database:database.py:2023 Migration v9: Adding description column to join_configs...
INFO     backend.core.database.database:database.py:2027 Migration v9: Adding game_id column to join_configs...
INFO     backend.core.database.database:database.py:2031 Migration v9: Migrating existing join_configs to new format...
INFO     backend.core.database.database:database.py:2046 Migration v9: Migrated 0 existing join_configs to new format
INFO     backend.core.database.database:database.py:2055 Migration v9: Creating hql_generation_templates table...
INFO     backend.core.database.database:database.py:2121 Migration v9: hql_generation_templates table created with default templates
INFO     backend.core.database.database:database.py:2130 Migration v9: Creating field_selection_presets table...
INFO     backend.core.database.database:database.py:2144 Migration v9: field_selection_presets table created
INFO     backend.core.database.database:database.py:2147 Migration v9: Creating indexes for enhanced HQL generation...
INFO     backend.core.database.database:database.py:2163 Migration v9: indexes created
INFO     backend.core.database.database:database.py:2166 Migration v9 completed: Enhanced HQL generation features added
INFO     backend.core.database.database:database.py:2170 Migration v10: Adding array parameter hierarchy support...
INFO     backend.core.database.database:database.py:2181 Migration v10: Adding child_params column to param_configs...
INFO     backend.core.database.database:database.py:2185 Migration v10: Adding array_element_structure column to param_configs...
INFO     backend.core.database.database:database.py:2192 Migration v10: param_configs table extended with hierarchy fields
INFO     backend.core.database.database:database.py:2195 Migration v10: Creating indexes for parameter hierarchy...
INFO     backend.core.database.database:database.py:2200 Migration v10: index idx_event_params_event_template created
INFO     backend.core.database.database:database.py:2203 Migration v10 completed: array parameter hierarchy support added
INFO     backend.core.database.database:database.py:2207 Migration v11: Adding field builder support...
INFO     backend.core.database.database:database.py:2214 Migration v11: Adding field_mapping_v2 column to join_configs...
INFO     backend.core.database.database:database.py:2216 Migration v11: field_mapping_v2 column added
INFO     backend.core.database.database:database.py:2223 Migration v11: Creating node_templates table...
INFO     backend.core.database.database:database.py:2236 Migration v11: node_templates table created
INFO     backend.core.database.database:database.py:2243 Migration v11: Creating flow_templates table...
INFO     backend.core.database.database:database.py:2256 Migration v11: flow_templates table created
INFO     backend.core.database.database:database.py:2259 Migration v11: Creating indexes for node and flow templates...
INFO     backend.core.database.database:database.py:2272 Migration v11: indexes created
INFO     backend.core.database.database:database.py:2279 Migration v11: field_mapping_v2 index created
INFO     backend.core.database.database:database.py:2282 Migration v11 completed: field builder support added
INFO     backend.core.database.database:database.py:2286 Migration v12: Adding flow_templates table...
INFO     backend.core.database.database:database.py:2296 Migration v12: flow_templates table exists, checking structure...
INFO     backend.core.database.database:database.py:2302 Migration v12: Adding game_id column...
INFO     backend.core.database.database:database.py:2306 Migration v12: game_id column added
INFO     backend.core.database.database:database.py:2309 Migration v12: Adding is_active column...
INFO     backend.core.database.database:database.py:2313 Migration v12: is_active column added
INFO     backend.core.database.database:database.py:2316 Migration v12: Adding version column...
INFO     backend.core.database.database:database.py:2320 Migration v12: version column added
INFO     backend.core.database.database:database.py:2326 Migration v12: Adding name column (alongside flow_name)...
INFO     backend.core.database.database:database.py:2329 Migration v12: name column added
INFO     backend.core.database.database:database.py:2357 Migration v12: game_id index created
INFO     backend.core.database.database:database.py:2366 Migration v12: updated_at index created
INFO     backend.core.database.database:database.py:2371 Migration v12 completed: flow templates support added
INFO     backend.core.database.database:database.py:2375 Migration v13: Adding event_nodes and parameter_aliases tables...
INFO     backend.core.database.database:database.py:2442 Migration v13: indexes created
INFO     backend.core.database.database:database.py:2447 Migration v13 completed: event nodes and parameter aliases support added
INFO     backend.core.database.database:database.py:2451 Migration v14: Adding field name mappings support...
INFO     backend.core.database.database:database.py:2458 Migration v14: Creating field_name_mappings table...
INFO     backend.core.database.database:database.py:2473 Migration v14: field_name_mappings table created
INFO     backend.core.database.database:database.py:2480 Migration v14: Creating field_name_history table...
INFO     backend.core.database.database:database.py:2490 Migration v14: field_name_history table created
INFO     backend.core.database.database:database.py:2506 Migration v14: indexes created
INFO     backend.core.database.database:database.py:2511 Migration v14 completed: field name mappings support added
INFO     backend.core.database.database:database.py:2515 Migration v15: Creating event_node_configs table...
INFO     backend.core.database.database:database.py:2533 Migration v15: created event_node_configs table
INFO     backend.core.database.database:database.py:2549 Migration v15: indexes created
INFO     backend.core.database.database:database.py:2554 Migration v15 completed: event node builder support added
INFO     backend.core.database.database:database.py:2558 Migration v16: Creating async_tasks table...
INFO     backend.core.database.database:database.py:2564 Migration v16: Creating async_tasks table...
INFO     backend.core.database.database:database.py:2580 Migration v16: async_tasks table created
INFO     backend.core.database.database:database.py:2596 Migration v16: async_tasks indexes created
INFO     backend.core.database.database:database.py:2601 Migration v16 completed: async task system support added
INFO     backend.core.database.database:database.py:2605 Migration v17: Adding display_name column to common_params...
INFO     backend.core.database.database:database.py:2619 Migration v17: display_name column added
INFO     backend.core.database.database:database.py:2626 Migration v17 completed: common_params display_name support added
INFO     backend.core.database.database:database.py:2630 Migration v18: Adding game_gid column to log_events...
INFO     backend.core.database.database:database.py:2637 Migration v18: Adding game_gid column to log_events...
INFO     backend.core.database.database:database.py:2641 Migration v18: Migrating existing data to game_gid...
INFO     backend.core.database.database:database.py:2657 Migration v18: game_gid column added and data migrated
INFO     backend.core.database.database:database.py:2665 Migration v18 completed: log_events game_gid support added
INFO     backend.core.database.database:database.py:2669 Migration v19: Adding json_path column to event_params...
INFO     backend.core.database.database:database.py:2676 Migration v19: Adding json_path column to event_params...
INFO     backend.core.database.database:database.py:2685 Migration v19: json_path column added to event_params
INFO     backend.core.database.database:database.py:2693 Migration v19 completed: event_params json_path support added
INFO     backend.core.database.database:database.py:2698 Database migration completed successfully. Version: 19
_ ERROR at setup of TestCategoriesAPICreate.test_create_category_missing_name __
/Users/mckenzie/Documents/event2table/test/unit/backend/conftest.py:84: in app
    ???
E   ModuleNotFoundError: No module named 'backend.services.categories'
______ ERROR at setup of TestCategoriesAPIGet.test_get_category_not_found ______
/Users/mckenzie/Documents/event2table/test/unit/backend/conftest.py:84: in app
    ???
E   ModuleNotFoundError: No module named 'backend.services.categories'
____ ERROR at setup of TestEventsAPIList.test_list_events_requires_game_gid ____
/Users/mckenzie/Documents/event2table/test/unit/backend/conftest.py:84: in app
    ???
E   ModuleNotFoundError: No module named 'backend.services.categories'
______ ERROR at setup of TestEventsAPIList.test_list_events_with_game_gid ______
/Users/mckenzie/Documents/event2table/test/unit/backend/conftest.py:84: in app
    ???
E   ModuleNotFoundError: No module named 'backend.services.categories'
____ ERROR at setup of TestEventsAPICreate.test_create_event_missing_fields ____
/Users/mckenzie/Documents/event2table/test/unit/backend/conftest.py:84: in app
    ???
E   ModuleNotFoundError: No module named 'backend.services.categories'
_________ ERROR at setup of TestEventsAPIGet.test_get_event_not_found __________
/Users/mckenzie/Documents/event2table/test/unit/backend/conftest.py:84: in app
    ???
E   ModuleNotFoundError: No module named 'backend.services.categories'
__________ ERROR at setup of TestGamesAPIList.test_list_games_success __________
/Users/mckenzie/Documents/event2table/test/unit/backend/conftest.py:84: in app
    ???
E   ModuleNotFoundError: No module named 'backend.services.categories'
____ ERROR at setup of TestGamesAPIList.test_list_games_includes_statistics ____
/Users/mckenzie/Documents/event2table/test/unit/backend/conftest.py:84: in app
    ???
E   ModuleNotFoundError: No module named 'backend.services.categories'
_____ ERROR at setup of TestGamesAPICreate.test_create_game_missing_fields _____
/Users/mckenzie/Documents/event2table/test/unit/backend/conftest.py:84: in app
    ???
E   ModuleNotFoundError: No module named 'backend.services.categories'
______ ERROR at setup of TestGamesAPICreate.test_create_game_invalid_gid _______
/Users/mckenzie/Documents/event2table/test/unit/backend/conftest.py:84: in app
    ???
E   ModuleNotFoundError: No module named 'backend.services.categories'
______ ERROR at setup of TestGamesAPICreate.test_create_game_empty_ods_db ______
/Users/mckenzie/Documents/event2table/test/unit/backend/conftest.py:84: in app
    ???
E   ModuleNotFoundError: No module named 'backend.services.categories'
___________ ERROR at setup of TestGamesAPIGet.test_get_game_success ____________
/Users/mckenzie/Documents/event2table/test/unit/backend/conftest.py:84: in app
    ???
E   ModuleNotFoundError: No module named 'backend.services.categories'
__________ ERROR at setup of TestGamesAPIGet.test_get_game_not_found ___________
/Users/mckenzie/Documents/event2table/test/unit/backend/conftest.py:84: in app
    ???
E   ModuleNotFoundError: No module named 'backend.services.categories'
_________ ERROR at setup of test_hql_preview_contains_partition_filter _________
/Users/mckenzie/Documents/event2table/test/unit/backend/conftest.py:84: in app
    ???
E   ModuleNotFoundError: No module named 'backend.services.categories'
__________ ERROR at setup of test_hql_preview_uses_correct_table_name __________
/Users/mckenzie/Documents/event2table/test/unit/backend/conftest.py:84: in app
    ???
E   ModuleNotFoundError: No module named 'backend.services.categories'
_________ ERROR at setup of test_hql_preview_uses_event_not_event_name _________
/Users/mckenzie/Documents/event2table/test/unit/backend/conftest.py:84: in app
    ???
E   ModuleNotFoundError: No module named 'backend.services.categories'
___________ ERROR at setup of test_hql_preview_supports_param_fields ___________
/Users/mckenzie/Documents/event2table/test/unit/backend/conftest.py:84: in app
    ???
E   ModuleNotFoundError: No module named 'backend.services.categories'
______ ERROR at setup of TestHQLPreviewV2API.test_generate_endpoint_basic ______
/Users/mckenzie/Documents/event2table/test/unit/backend/conftest.py:84: in app
    ???
E   ModuleNotFoundError: No module named 'backend.services.categories'
---------------------------- Captured stdout setup -----------------------------
 V2 id=1  id=2
_ ERROR at setup of TestHQLPreviewV2API.test_generate_endpoint_missing_events __
/Users/mckenzie/Documents/event2table/test/unit/backend/conftest.py:84: in app
    ???
E   ModuleNotFoundError: No module named 'backend.services.categories'
_ ERROR at setup of TestHQLPreviewV2API.test_generate_endpoint_missing_fields __
/Users/mckenzie/Documents/event2table/test/unit/backend/conftest.py:84: in app
    ???
E   ModuleNotFoundError: No module named 'backend.services.categories'
___ ERROR at setup of TestHQLPreviewV2APIDebug.test_generate_debug_endpoint ____
/Users/mckenzie/Documents/event2table/test/unit/backend/conftest.py:84: in app
    ???
E   ModuleNotFoundError: No module named 'backend.services.categories'
____ ERROR at setup of TestHQLPreviewV2APIValidate.test_validate_valid_hql _____
/Users/mckenzie/Documents/event2table/test/unit/backend/conftest.py:84: in app
    ???
E   ModuleNotFoundError: No module named 'backend.services.categories'
__ ERROR at setup of TestHQLPreviewV2APIValidate.test_validate_missing_select __
/Users/mckenzie/Documents/event2table/test/unit/backend/conftest.py:84: in app
    ???
E   ModuleNotFoundError: No module named 'backend.services.categories'
_ ERROR at setup of TestHQLPreviewV2APIValidate.test_validate_missing_partition_filter _
/Users/mckenzie/Documents/event2table/test/unit/backend/conftest.py:84: in app
    ???
E   ModuleNotFoundError: No module named 'backend.services.categories'
_ ERROR at setup of TestHQLPreviewV2APIValidate.test_validate_unmatched_parentheses _
/Users/mckenzie/Documents/event2table/test/unit/backend/conftest.py:84: in app
    ???
E   ModuleNotFoundError: No module named 'backend.services.categories'
_ ERROR at setup of TestHQLPreviewV2APIValidate.test_validate_select_star_warning _
/Users/mckenzie/Documents/event2table/test/unit/backend/conftest.py:84: in app
    ???
E   ModuleNotFoundError: No module named 'backend.services.categories'
_ ERROR at setup of TestHQLPreviewV2APIValidate.test_validate_missing_hql_parameter _
/Users/mckenzie/Documents/event2table/test/unit/backend/conftest.py:84: in app
    ???
E   ModuleNotFoundError: No module named 'backend.services.categories'
____ ERROR at setup of TestHQLPreviewV2APIValidate.test_validate_empty_hql _____
/Users/mckenzie/Documents/event2table/test/unit/backend/conftest.py:84: in app
    ???
E   ModuleNotFoundError: No module named 'backend.services.categories'
___ ERROR at setup of TestHQLPreviewV2APIValidate.test_validate_missing_from ___
/Users/mckenzie/Documents/event2table/test/unit/backend/conftest.py:84: in app
    ???
E   ModuleNotFoundError: No module named 'backend.services.categories'
___ ERROR at setup of TestHQLPreviewV2APIRecommend.test_recommend_fields_all ___
/Users/mckenzie/Documents/event2table/test/unit/backend/conftest.py:84: in app
    ???
E   ModuleNotFoundError: No module named 'backend.services.categories'
_ ERROR at setup of TestHQLPreviewV2APIRecommend.test_recommend_fields_partial _
/Users/mckenzie/Documents/event2table/test/unit/backend/conftest.py:84: in app
    ???
E   ModuleNotFoundError: No module named 'backend.services.categories'
_________ ERROR at setup of TestHQLPreviewV2APIStatus.test_api_status __________
/Users/mckenzie/Documents/event2table/test/unit/backend/conftest.py:84: in app
    ???
E   ModuleNotFoundError: No module named 'backend.services.categories'
_ ERROR at setup of TestHQLPreviewV2APIIncremental.test_incremental_generate_first_time _
/Users/mckenzie/Documents/event2table/test/unit/backend/conftest.py:84: in app
    ???
E   ModuleNotFoundError: No module named 'backend.services.categories'
_ ERROR at setup of TestHQLPreviewV2APIIncremental.test_incremental_generate_with_previous_hql _
/Users/mckenzie/Documents/event2table/test/unit/backend/conftest.py:84: in app
    ???
E   ModuleNotFoundError: No module named 'backend.services.categories'
_ ERROR at setup of TestHQLPreviewV2APIIncremental.test_incremental_generate_missing_events _
/Users/mckenzie/Documents/event2table/test/unit/backend/conftest.py:84: in app
    ???
E   ModuleNotFoundError: No module named 'backend.services.categories'
_ ERROR at setup of TestHQLPreviewV2APIIncremental.test_incremental_generate_missing_fields _
/Users/mckenzie/Documents/event2table/test/unit/backend/conftest.py:84: in app
    ???
E   ModuleNotFoundError: No module named 'backend.services.categories'
_ ERROR at setup of TestHQLPreviewV2APIIncremental.test_incremental_generate_with_field_changes _
/Users/mckenzie/Documents/event2table/test/unit/backend/conftest.py:84: in app
    ???
E   ModuleNotFoundError: No module named 'backend.services.categories'
_ ERROR at setup of TestHQLPreviewV2APIIncremental.test_incremental_generate_performance_tracking _
/Users/mckenzie/Documents/event2table/test/unit/backend/conftest.py:84: in app
    ???
E   ModuleNotFoundError: No module named 'backend.services.categories'
_ ERROR at setup of TestHQLV1V2Comparison.test_single_event_output_consistency _
/Users/mckenzie/Documents/event2table/test/unit/backend/conftest.py:84: in app
    ???
E   ModuleNotFoundError: No module named 'backend.services.categories'
---------------------------- Captured stdout setup -----------------------------
 V1 vs V2game_gid=10000147, event_id=1
____ ERROR at setup of TestHQLV1V2Comparison.test_param_fields_consistency _____
/Users/mckenzie/Documents/event2table/test/unit/backend/conftest.py:84: in app
    ???
E   ModuleNotFoundError: No module named 'backend.services.categories'
__ ERROR at setup of TestHQLV1V2Comparison.test_where_conditions_consistency ___
/Users/mckenzie/Documents/event2table/test/unit/backend/conftest.py:84: in app
    ???
E   ModuleNotFoundError: No module named 'backend.services.categories'
____ ERROR at setup of TestHQLV1V2Comparison.test_performance_not_regressed ____
/Users/mckenzie/Documents/event2table/test/unit/backend/conftest.py:84: in app
    ???
E   ModuleNotFoundError: No module named 'backend.services.categories'
__ ERROR at setup of TestHQLV1V2Comparison.test_table_name_format_consistency __
/Users/mckenzie/Documents/event2table/test/unit/backend/conftest.py:84: in app
    ???
E   ModuleNotFoundError: No module named 'backend.services.categories'
__ ERROR at setup of TestHQLV1V2Comparison.test_partition_filter_consistency ___
/Users/mckenzie/Documents/event2table/test/unit/backend/conftest.py:84: in app
    ???
E   ModuleNotFoundError: No module named 'backend.services.categories'
___ ERROR at setup of TestHQLV1V2Comparison.test_error_handling_consistency ____
/Users/mckenzie/Documents/event2table/test/unit/backend/conftest.py:84: in app
    ???
E   ModuleNotFoundError: No module named 'backend.services.categories'
____ ERROR at setup of TestHQLV2PerformanceAnalysis.test_analyze_simple_hql ____
/Users/mckenzie/Documents/event2table/test/unit/backend/conftest.py:84: in app
    ???
E   ModuleNotFoundError: No module named 'backend.services.categories'
_ ERROR at setup of TestHQLV2PerformanceAnalysis.test_analyze_select_star_hql __
/Users/mckenzie/Documents/event2table/test/unit/backend/conftest.py:84: in app
    ???
E   ModuleNotFoundError: No module named 'backend.services.categories'
_ ERROR at setup of TestHQLV2PerformanceAnalysis.test_analyze_missing_partition_filter _
/Users/mckenzie/Documents/event2table/test/unit/backend/conftest.py:84: in app
    ???
E   ModuleNotFoundError: No module named 'backend.services.categories'
_ ERROR at setup of TestHQLV2PerformanceAnalysis.test_analyze_complex_join_hql _
/Users/mckenzie/Documents/event2table/test/unit/backend/conftest.py:84: in app
    ???
E   ModuleNotFoundError: No module named 'backend.services.categories'
___ ERROR at setup of TestHQLV2PerformanceAnalysis.test_analyze_missing_hql ____
/Users/mckenzie/Documents/event2table/test/unit/backend/conftest.py:84: in app
    ???
E   ModuleNotFoundError: No module named 'backend.services.categories'
____ ERROR at setup of TestHQLV2PerformanceAnalysis.test_analyze_empty_hql _____
/Users/mckenzie/Documents/event2table/test/unit/backend/conftest.py:84: in app
    ???
E   ModuleNotFoundError: No module named 'backend.services.categories'
_ ERROR at setup of TestHQLV2PerformanceAnalysis.test_analyze_returns_optimization_suggestions _
/Users/mckenzie/Documents/event2table/test/unit/backend/conftest.py:84: in app
    ???
E   ModuleNotFoundError: No module named 'backend.services.categories'
___ ERROR at setup of TestHQLV2PerformanceAnalysis.test_performance_summary ____
/Users/mckenzie/Documents/event2table/test/unit/backend/conftest.py:84: in app
    ???
E   ModuleNotFoundError: No module named 'backend.services.categories'
_ ERROR at setup of TestHQLV2CachePerformance.test_cache_hit_on_second_request _
/Users/mckenzie/Documents/event2table/test/unit/backend/conftest.py:84: in app
    ???
E   ModuleNotFoundError: No module named 'backend.services.categories'
---------------------------- Captured stdout setup -----------------------------
 game_gid=10000147, event_id=1
_ ERROR at setup of TestHQLV2CachePerformance.test_cache_miss_on_different_config _
/Users/mckenzie/Documents/event2table/test/unit/backend/conftest.py:84: in app
    ???
E   ModuleNotFoundError: No module named 'backend.services.categories'
_______ ERROR at setup of TestHQLV2CachePerformance.test_cache_stats_api _______
/Users/mckenzie/Documents/event2table/test/unit/backend/conftest.py:84: in app
    ???
E   ModuleNotFoundError: No module named 'backend.services.categories'
_______ ERROR at setup of TestHQLV2CachePerformance.test_cache_clear_api _______
/Users/mckenzie/Documents/event2table/test/unit/backend/conftest.py:84: in app
    ???
E   ModuleNotFoundError: No module named 'backend.services.categories'
_ ERROR at setup of TestHQLV2CachePerformance.test_performance_with_included_options _
/Users/mckenzie/Documents/event2table/test/unit/backend/conftest.py:84: in app
    ???
E   ModuleNotFoundError: No module named 'backend.services.categories'
_ ERROR at setup of TestHQLV2CachePerformance.test_cache_includes_performance_data _
/Users/mckenzie/Documents/event2table/test/unit/backend/conftest.py:84: in app
    ???
E   ModuleNotFoundError: No module named 'backend.services.categories'
________ ERROR at setup of test_check_param_library_existing_parameter _________
/Users/mckenzie/Documents/event2table/test/unit/backend/conftest.py:84: in app
    ???
E   ModuleNotFoundError: No module named 'backend.services.categories'
_______ ERROR at setup of test_check_param_library_nonexistent_parameter _______
/Users/mckenzie/Documents/event2table/test/unit/backend/conftest.py:84: in app
    ???
E   ModuleNotFoundError: No module named 'backend.services.categories'
__________ ERROR at setup of test_check_param_library_missing_params ___________
/Users/mckenzie/Documents/event2table/test/unit/backend/conftest.py:84: in app
    ???
E   ModuleNotFoundError: No module named 'backend.services.categories'
________ ERROR at setup of test_check_param_library_missing_template_id ________
/Users/mckenzie/Documents/event2table/test/unit/backend/conftest.py:84: in app
    ???
E   ModuleNotFoundError: No module named 'backend.services.categories'
________________ ERROR at setup of test_link_to_library_success ________________
/Users/mckenzie/Documents/event2table/test/unit/backend/conftest.py:84: in app
    ???
E   ModuleNotFoundError: No module named 'backend.services.categories'
_______________ ERROR at setup of test_batch_check_param_library _______________
/Users/mckenzie/Documents/event2table/test/unit/backend/conftest.py:84: in app
    ???
E   ModuleNotFoundError: No module named 'backend.services.categories'
_____________ ERROR at setup of test_parameters_all_uses_game_gid ______________
/Users/mckenzie/Documents/event2table/test/unit/backend/conftest.py:84: in app
    ???
E   ModuleNotFoundError: No module named 'backend.services.categories'
____________ ERROR at setup of test_parameter_details_uses_game_gid ____________
/Users/mckenzie/Documents/event2table/test/unit/backend/conftest.py:84: in app
    ???
E   ModuleNotFoundError: No module named 'backend.services.categories'
_____________ ERROR at setup of test_parameter_stats_uses_game_gid _____________
/Users/mckenzie/Documents/event2table/test/unit/backend/conftest.py:84: in app
    ???
E   ModuleNotFoundError: No module named 'backend.services.categories'
____________ ERROR at setup of test_parameter_search_uses_game_gid _____________
/Users/mckenzie/Documents/event2table/test/unit/backend/conftest.py:84: in app
    ???
E   ModuleNotFoundError: No module named 'backend.services.categories'
____________ ERROR at setup of test_common_parameters_uses_game_gid ____________
/Users/mckenzie/Documents/event2table/test/unit/backend/conftest.py:84: in app
    ???
E   ModuleNotFoundError: No module named 'backend.services.categories'
___________ ERROR at setup of test_parameter_validate_uses_game_gid ____________
/Users/mckenzie/Documents/event2table/test/unit/backend/conftest.py:84: in app
    ???
E   ModuleNotFoundError: No module named 'backend.services.categories'
________ ERROR at setup of TestJSONResponses.test_json_success_response ________
/Users/mckenzie/Documents/event2table/test/unit/backend/conftest.py:84: in app
    ???
E   ModuleNotFoundError: No module named 'backend.services.categories'
_________ ERROR at setup of TestJSONResponses.test_json_error_response _________
/Users/mckenzie/Documents/event2table/test/unit/backend/conftest.py:84: in app
    ???
E   ModuleNotFoundError: No module named 'backend.services.categories'
____ ERROR at setup of TestJSONResponses.test_json_error_response_with_code ____
/Users/mckenzie/Documents/event2table/test/unit/backend/conftest.py:84: in app
    ???
E   ModuleNotFoundError: No module named 'backend.services.categories'
=================================== FAILURES ===================================
________________ TestGamesAPI.test_03_create_game_duplicate_gid ________________
test/unit/backend_tests/test_api_comprehensive.py:274: in test_03_create_game_duplicate_gid
    self.assertEqual(response.status_code, 409)  # 409 Conflict for duplicate GID
    ^^^^^^^^^^^^^^^^^^^^^^^^^^^^^^^^^^^^^^^^^^^
E   AssertionError: 200 != 409
________________ TestCommonParamsAPI.test_01_get_common_params _________________
test/unit/backend_tests/test_api_comprehensive.py:468: in test_01_get_common_params
    self.assertIn(response.status_code, [200, 302])  # May redirect
    ^^^^^^^^^^^^^^^^^^^^^^^^^^^^^^^^^^^^^^^^^^^^^^^
E   AssertionError: 404 not found in [200, 302]
_______________ TestBulkOperationsAPI.test_01_bulk_delete_events _______________
test/unit/backend_tests/test_api_comprehensive.py:608: in test_01_bulk_delete_events
    self.assert_response_success(response)
test/unit/backend_tests/test_api_comprehensive.py:220: in assert_response_success
    self.assertEqual(
E   AssertionError: 404 != 200 : Expected 200, got 404
______________ TestBulkOperationsAPI.test_02_bulk_update_category ______________
test/unit/backend_tests/test_api_comprehensive.py:618: in test_02_bulk_update_category
    self.assert_response_success(response)
test/unit/backend_tests/test_api_comprehensive.py:220: in assert_response_success
    self.assertEqual(
E   AssertionError: 404 != 200 : Expected 200, got 404
___________ TestBulkOperationsAPI.test_03_bulk_toggle_common_params ____________
test/unit/backend_tests/test_api_comprehensive.py:628: in test_03_bulk_toggle_common_params
    self.assert_response_success(response)
test/unit/backend_tests/test_api_comprehensive.py:220: in assert_response_success
    self.assertEqual(
E   AssertionError: 404 != 200 : Expected 200, got 404
_______________ TestBulkOperationsAPI.test_04_bulk_export_events _______________
test/unit/backend_tests/test_api_comprehensive.py:638: in test_04_bulk_export_events
    self.assert_response_success(response)
test/unit/backend_tests/test_api_comprehensive.py:220: in assert_response_success
    self.assertEqual(
E   AssertionError: 404 != 200 : Expected 200, got 404
____________ TestBulkOperationsAPI.test_05_bulk_validate_parameters ____________
test/unit/backend_tests/test_api_comprehensive.py:648: in test_05_bulk_validate_parameters
    self.assert_response_success(response)
test/unit/backend_tests/test_api_comprehensive.py:220: in assert_response_success
    self.assertEqual(
E   AssertionError: 404 != 200 : Expected 200, got 404
_______ TestGenerateMockResults.test_generate_mock_results_empty_fields ________
test/unit/backend_tests/test_canvas_processor.py:72: in test_generate_mock_results_empty_fields
    assert result['row_count'] == 0
E   assert 3 == 0
___________ TestCanvasValidationEndpoint.test_validate_flow_success ____________
/usr/local/Cellar/python@3.14/3.14.2/Frameworks/Python.framework/Versions/3.14/lib/python3.14/unittest/mock.py:1429: in patched
    with self.decoration_helper(patched,
/usr/local/Cellar/python@3.14/3.14.2/Frameworks/Python.framework/Versions/3.14/lib/python3.14/contextlib.py:141: in __enter__
    return next(self.gen)
           ^^^^^^^^^^^^^^
/usr/local/Cellar/python@3.14/3.14.2/Frameworks/Python.framework/Versions/3.14/lib/python3.14/unittest/mock.py:1411: in decoration_helper
    arg = exit_stack.enter_context(patching)
          ^^^^^^^^^^^^^^^^^^^^^^^^^^^^^^^^^^
/usr/local/Cellar/python@3.14/3.14.2/Frameworks/Python.framework/Versions/3.14/lib/python3.14/contextlib.py:530: in enter_context
    result = _enter(cm)
             ^^^^^^^^^^
/usr/local/Cellar/python@3.14/3.14.2/Frameworks/Python.framework/Versions/3.14/lib/python3.14/unittest/mock.py:1487: in __enter__
    self.target = self.getter()
                  ^^^^^^^^^^^^^
/usr/local/Cellar/python@3.14/3.14.2/Frameworks/Python.framework/Versions/3.14/lib/python3.14/pkgutil.py:473: in resolve_name
    result = getattr(result, p)
             ^^^^^^^^^^^^^^^^^^
E   AttributeError: module 'backend.services' has no attribute 'node'
_______ TestCanvasValidationEndpoint.test_validate_flow_with_connections _______
/usr/local/Cellar/python@3.14/3.14.2/Frameworks/Python.framework/Versions/3.14/lib/python3.14/unittest/mock.py:1429: in patched
    with self.decoration_helper(patched,
/usr/local/Cellar/python@3.14/3.14.2/Frameworks/Python.framework/Versions/3.14/lib/python3.14/contextlib.py:141: in __enter__
    return next(self.gen)
           ^^^^^^^^^^^^^^
/usr/local/Cellar/python@3.14/3.14.2/Frameworks/Python.framework/Versions/3.14/lib/python3.14/unittest/mock.py:1411: in decoration_helper
    arg = exit_stack.enter_context(patching)
          ^^^^^^^^^^^^^^^^^^^^^^^^^^^^^^^^^^
/usr/local/Cellar/python@3.14/3.14.2/Frameworks/Python.framework/Versions/3.14/lib/python3.14/contextlib.py:530: in enter_context
    result = _enter(cm)
             ^^^^^^^^^^
/usr/local/Cellar/python@3.14/3.14.2/Frameworks/Python.framework/Versions/3.14/lib/python3.14/unittest/mock.py:1487: in __enter__
    self.target = self.getter()
                  ^^^^^^^^^^^^^
/usr/local/Cellar/python@3.14/3.14.2/Frameworks/Python.framework/Versions/3.14/lib/python3.14/pkgutil.py:473: in resolve_name
    result = getattr(result, p)
             ^^^^^^^^^^^^^^^^^^
E   AttributeError: module 'backend.services' has no attribute 'node'
_________ TestCanvasValidationEndpoint.test_validate_flow_missing_body _________
/usr/local/Cellar/python@3.14/3.14.2/Frameworks/Python.framework/Versions/3.14/lib/python3.14/unittest/mock.py:1429: in patched
    with self.decoration_helper(patched,
/usr/local/Cellar/python@3.14/3.14.2/Frameworks/Python.framework/Versions/3.14/lib/python3.14/contextlib.py:141: in __enter__
    return next(self.gen)
           ^^^^^^^^^^^^^^
/usr/local/Cellar/python@3.14/3.14.2/Frameworks/Python.framework/Versions/3.14/lib/python3.14/unittest/mock.py:1411: in decoration_helper
    arg = exit_stack.enter_context(patching)
          ^^^^^^^^^^^^^^^^^^^^^^^^^^^^^^^^^^
/usr/local/Cellar/python@3.14/3.14.2/Frameworks/Python.framework/Versions/3.14/lib/python3.14/contextlib.py:530: in enter_context
    result = _enter(cm)
             ^^^^^^^^^^
/usr/local/Cellar/python@3.14/3.14.2/Frameworks/Python.framework/Versions/3.14/lib/python3.14/unittest/mock.py:1487: in __enter__
    self.target = self.getter()
                  ^^^^^^^^^^^^^
/usr/local/Cellar/python@3.14/3.14.2/Frameworks/Python.framework/Versions/3.14/lib/python3.14/pkgutil.py:473: in resolve_name
    result = getattr(result, p)
             ^^^^^^^^^^^^^^^^^^
E   AttributeError: module 'backend.services' has no attribute 'node'
_________ TestCanvasValidationEndpoint.test_validate_flow_with_errors __________
/usr/local/Cellar/python@3.14/3.14.2/Frameworks/Python.framework/Versions/3.14/lib/python3.14/unittest/mock.py:1429: in patched
    with self.decoration_helper(patched,
/usr/local/Cellar/python@3.14/3.14.2/Frameworks/Python.framework/Versions/3.14/lib/python3.14/contextlib.py:141: in __enter__
    return next(self.gen)
           ^^^^^^^^^^^^^^
/usr/local/Cellar/python@3.14/3.14.2/Frameworks/Python.framework/Versions/3.14/lib/python3.14/unittest/mock.py:1411: in decoration_helper
    arg = exit_stack.enter_context(patching)
          ^^^^^^^^^^^^^^^^^^^^^^^^^^^^^^^^^^
/usr/local/Cellar/python@3.14/3.14.2/Frameworks/Python.framework/Versions/3.14/lib/python3.14/contextlib.py:530: in enter_context
    result = _enter(cm)
             ^^^^^^^^^^
/usr/local/Cellar/python@3.14/3.14.2/Frameworks/Python.framework/Versions/3.14/lib/python3.14/unittest/mock.py:1487: in __enter__
    self.target = self.getter()
                  ^^^^^^^^^^^^^
/usr/local/Cellar/python@3.14/3.14.2/Frameworks/Python.framework/Versions/3.14/lib/python3.14/pkgutil.py:473: in resolve_name
    result = getattr(result, p)
             ^^^^^^^^^^^^^^^^^^
E   AttributeError: module 'backend.services' has no attribute 'node'
______ TestCanvasValidationEndpoint.test_validate_flow_exception_handling ______
/usr/local/Cellar/python@3.14/3.14.2/Frameworks/Python.framework/Versions/3.14/lib/python3.14/unittest/mock.py:1429: in patched
    with self.decoration_helper(patched,
/usr/local/Cellar/python@3.14/3.14.2/Frameworks/Python.framework/Versions/3.14/lib/python3.14/contextlib.py:141: in __enter__
    return next(self.gen)
           ^^^^^^^^^^^^^^
/usr/local/Cellar/python@3.14/3.14.2/Frameworks/Python.framework/Versions/3.14/lib/python3.14/unittest/mock.py:1411: in decoration_helper
    arg = exit_stack.enter_context(patching)
          ^^^^^^^^^^^^^^^^^^^^^^^^^^^^^^^^^^
/usr/local/Cellar/python@3.14/3.14.2/Frameworks/Python.framework/Versions/3.14/lib/python3.14/contextlib.py:530: in enter_context
    result = _enter(cm)
             ^^^^^^^^^^
/usr/local/Cellar/python@3.14/3.14.2/Frameworks/Python.framework/Versions/3.14/lib/python3.14/unittest/mock.py:1487: in __enter__
    self.target = self.getter()
                  ^^^^^^^^^^^^^
/usr/local/Cellar/python@3.14/3.14.2/Frameworks/Python.framework/Versions/3.14/lib/python3.14/pkgutil.py:473: in resolve_name
    result = getattr(result, p)
             ^^^^^^^^^^^^^^^^^^
E   AttributeError: module 'backend.services' has no attribute 'node'
_________ TestCanvasPrepareGeneration.test_prepare_generation_success __________
/usr/local/Cellar/python@3.14/3.14.2/Frameworks/Python.framework/Versions/3.14/lib/python3.14/unittest/mock.py:1429: in patched
    with self.decoration_helper(patched,
/usr/local/Cellar/python@3.14/3.14.2/Frameworks/Python.framework/Versions/3.14/lib/python3.14/contextlib.py:141: in __enter__
    return next(self.gen)
           ^^^^^^^^^^^^^^
/usr/local/Cellar/python@3.14/3.14.2/Frameworks/Python.framework/Versions/3.14/lib/python3.14/unittest/mock.py:1411: in decoration_helper
    arg = exit_stack.enter_context(patching)
          ^^^^^^^^^^^^^^^^^^^^^^^^^^^^^^^^^^
/usr/local/Cellar/python@3.14/3.14.2/Frameworks/Python.framework/Versions/3.14/lib/python3.14/contextlib.py:530: in enter_context
    result = _enter(cm)
             ^^^^^^^^^^
/usr/local/Cellar/python@3.14/3.14.2/Frameworks/Python.framework/Versions/3.14/lib/python3.14/unittest/mock.py:1487: in __enter__
    self.target = self.getter()
                  ^^^^^^^^^^^^^
/usr/local/Cellar/python@3.14/3.14.2/Frameworks/Python.framework/Versions/3.14/lib/python3.14/pkgutil.py:473: in resolve_name
    result = getattr(result, p)
             ^^^^^^^^^^^^^^^^^^
E   AttributeError: module 'backend.services' has no attribute 'node'
_______ TestCanvasPrepareGeneration.test_prepare_generation_missing_body _______
/usr/local/Cellar/python@3.14/3.14.2/Frameworks/Python.framework/Versions/3.14/lib/python3.14/unittest/mock.py:1429: in patched
    with self.decoration_helper(patched,
/usr/local/Cellar/python@3.14/3.14.2/Frameworks/Python.framework/Versions/3.14/lib/python3.14/contextlib.py:141: in __enter__
    return next(self.gen)
           ^^^^^^^^^^^^^^
/usr/local/Cellar/python@3.14/3.14.2/Frameworks/Python.framework/Versions/3.14/lib/python3.14/unittest/mock.py:1411: in decoration_helper
    arg = exit_stack.enter_context(patching)
          ^^^^^^^^^^^^^^^^^^^^^^^^^^^^^^^^^^
/usr/local/Cellar/python@3.14/3.14.2/Frameworks/Python.framework/Versions/3.14/lib/python3.14/contextlib.py:530: in enter_context
    result = _enter(cm)
             ^^^^^^^^^^
/usr/local/Cellar/python@3.14/3.14.2/Frameworks/Python.framework/Versions/3.14/lib/python3.14/unittest/mock.py:1487: in __enter__
    self.target = self.getter()
                  ^^^^^^^^^^^^^
/usr/local/Cellar/python@3.14/3.14.2/Frameworks/Python.framework/Versions/3.14/lib/python3.14/pkgutil.py:473: in resolve_name
    result = getattr(result, p)
             ^^^^^^^^^^^^^^^^^^
E   AttributeError: module 'backend.services' has no attribute 'node'
_________ TestCanvasPrepareGeneration.test_prepare_generation_failure __________
/usr/local/Cellar/python@3.14/3.14.2/Frameworks/Python.framework/Versions/3.14/lib/python3.14/unittest/mock.py:1429: in patched
    with self.decoration_helper(patched,
/usr/local/Cellar/python@3.14/3.14.2/Frameworks/Python.framework/Versions/3.14/lib/python3.14/contextlib.py:141: in __enter__
    return next(self.gen)
           ^^^^^^^^^^^^^^
/usr/local/Cellar/python@3.14/3.14.2/Frameworks/Python.framework/Versions/3.14/lib/python3.14/unittest/mock.py:1411: in decoration_helper
    arg = exit_stack.enter_context(patching)
          ^^^^^^^^^^^^^^^^^^^^^^^^^^^^^^^^^^
/usr/local/Cellar/python@3.14/3.14.2/Frameworks/Python.framework/Versions/3.14/lib/python3.14/contextlib.py:530: in enter_context
    result = _enter(cm)
             ^^^^^^^^^^
/usr/local/Cellar/python@3.14/3.14.2/Frameworks/Python.framework/Versions/3.14/lib/python3.14/unittest/mock.py:1487: in __enter__
    self.target = self.getter()
                  ^^^^^^^^^^^^^
/usr/local/Cellar/python@3.14/3.14.2/Frameworks/Python.framework/Versions/3.14/lib/python3.14/pkgutil.py:473: in resolve_name
    result = getattr(result, p)
             ^^^^^^^^^^^^^^^^^^
E   AttributeError: module 'backend.services' has no attribute 'node'
____ TestCanvasPrepareGeneration.test_prepare_generation_exception_handling ____
/usr/local/Cellar/python@3.14/3.14.2/Frameworks/Python.framework/Versions/3.14/lib/python3.14/unittest/mock.py:1429: in patched
    with self.decoration_helper(patched,
/usr/local/Cellar/python@3.14/3.14.2/Frameworks/Python.framework/Versions/3.14/lib/python3.14/contextlib.py:141: in __enter__
    return next(self.gen)
           ^^^^^^^^^^^^^^
/usr/local/Cellar/python@3.14/3.14.2/Frameworks/Python.framework/Versions/3.14/lib/python3.14/unittest/mock.py:1411: in decoration_helper
    arg = exit_stack.enter_context(patching)
          ^^^^^^^^^^^^^^^^^^^^^^^^^^^^^^^^^^
/usr/local/Cellar/python@3.14/3.14.2/Frameworks/Python.framework/Versions/3.14/lib/python3.14/contextlib.py:530: in enter_context
    result = _enter(cm)
             ^^^^^^^^^^
/usr/local/Cellar/python@3.14/3.14.2/Frameworks/Python.framework/Versions/3.14/lib/python3.14/unittest/mock.py:1487: in __enter__
    self.target = self.getter()
                  ^^^^^^^^^^^^^
/usr/local/Cellar/python@3.14/3.14.2/Frameworks/Python.framework/Versions/3.14/lib/python3.14/pkgutil.py:473: in resolve_name
    result = getattr(result, p)
             ^^^^^^^^^^^^^^^^^^
E   AttributeError: module 'backend.services' has no attribute 'node'
____________ TestCanvasPreviewResults.test_preview_results_success _____________
/usr/local/Cellar/python@3.14/3.14.2/Frameworks/Python.framework/Versions/3.14/lib/python3.14/unittest/mock.py:1429: in patched
    with self.decoration_helper(patched,
/usr/local/Cellar/python@3.14/3.14.2/Frameworks/Python.framework/Versions/3.14/lib/python3.14/contextlib.py:141: in __enter__
    return next(self.gen)
           ^^^^^^^^^^^^^^
/usr/local/Cellar/python@3.14/3.14.2/Frameworks/Python.framework/Versions/3.14/lib/python3.14/unittest/mock.py:1411: in decoration_helper
    arg = exit_stack.enter_context(patching)
          ^^^^^^^^^^^^^^^^^^^^^^^^^^^^^^^^^^
/usr/local/Cellar/python@3.14/3.14.2/Frameworks/Python.framework/Versions/3.14/lib/python3.14/contextlib.py:530: in enter_context
    result = _enter(cm)
             ^^^^^^^^^^
/usr/local/Cellar/python@3.14/3.14.2/Frameworks/Python.framework/Versions/3.14/lib/python3.14/unittest/mock.py:1487: in __enter__
    self.target = self.getter()
                  ^^^^^^^^^^^^^
/usr/local/Cellar/python@3.14/3.14.2/Frameworks/Python.framework/Versions/3.14/lib/python3.14/pkgutil.py:473: in resolve_name
    result = getattr(result, p)
             ^^^^^^^^^^^^^^^^^^
E   AttributeError: module 'backend.services' has no attribute 'node'
__________ TestCanvasPreviewResults.test_preview_results_missing_body __________
/usr/local/Cellar/python@3.14/3.14.2/Frameworks/Python.framework/Versions/3.14/lib/python3.14/unittest/mock.py:1429: in patched
    with self.decoration_helper(patched,
/usr/local/Cellar/python@3.14/3.14.2/Frameworks/Python.framework/Versions/3.14/lib/python3.14/contextlib.py:141: in __enter__
    return next(self.gen)
           ^^^^^^^^^^^^^^
/usr/local/Cellar/python@3.14/3.14.2/Frameworks/Python.framework/Versions/3.14/lib/python3.14/unittest/mock.py:1411: in decoration_helper
    arg = exit_stack.enter_context(patching)
          ^^^^^^^^^^^^^^^^^^^^^^^^^^^^^^^^^^
/usr/local/Cellar/python@3.14/3.14.2/Frameworks/Python.framework/Versions/3.14/lib/python3.14/contextlib.py:530: in enter_context
    result = _enter(cm)
             ^^^^^^^^^^
/usr/local/Cellar/python@3.14/3.14.2/Frameworks/Python.framework/Versions/3.14/lib/python3.14/unittest/mock.py:1487: in __enter__
    self.target = self.getter()
                  ^^^^^^^^^^^^^
/usr/local/Cellar/python@3.14/3.14.2/Frameworks/Python.framework/Versions/3.14/lib/python3.14/pkgutil.py:473: in resolve_name
    result = getattr(result, p)
             ^^^^^^^^^^^^^^^^^^
E   AttributeError: module 'backend.services' has no attribute 'node'
___________ TestCanvasPreviewResults.test_preview_results_empty_sql ____________
/usr/local/Cellar/python@3.14/3.14.2/Frameworks/Python.framework/Versions/3.14/lib/python3.14/unittest/mock.py:1429: in patched
    with self.decoration_helper(patched,
/usr/local/Cellar/python@3.14/3.14.2/Frameworks/Python.framework/Versions/3.14/lib/python3.14/contextlib.py:141: in __enter__
    return next(self.gen)
           ^^^^^^^^^^^^^^
/usr/local/Cellar/python@3.14/3.14.2/Frameworks/Python.framework/Versions/3.14/lib/python3.14/unittest/mock.py:1411: in decoration_helper
    arg = exit_stack.enter_context(patching)
          ^^^^^^^^^^^^^^^^^^^^^^^^^^^^^^^^^^
/usr/local/Cellar/python@3.14/3.14.2/Frameworks/Python.framework/Versions/3.14/lib/python3.14/contextlib.py:530: in enter_context
    result = _enter(cm)
             ^^^^^^^^^^
/usr/local/Cellar/python@3.14/3.14.2/Frameworks/Python.framework/Versions/3.14/lib/python3.14/unittest/mock.py:1487: in __enter__
    self.target = self.getter()
                  ^^^^^^^^^^^^^
/usr/local/Cellar/python@3.14/3.14.2/Frameworks/Python.framework/Versions/3.14/lib/python3.14/pkgutil.py:473: in resolve_name
    result = getattr(result, p)
             ^^^^^^^^^^^^^^^^^^
E   AttributeError: module 'backend.services' has no attribute 'node'
__________ TestCanvasPreviewResults.test_preview_results_custom_limit __________
/usr/local/Cellar/python@3.14/3.14.2/Frameworks/Python.framework/Versions/3.14/lib/python3.14/unittest/mock.py:1429: in patched
    with self.decoration_helper(patched,
/usr/local/Cellar/python@3.14/3.14.2/Frameworks/Python.framework/Versions/3.14/lib/python3.14/contextlib.py:141: in __enter__
    return next(self.gen)
           ^^^^^^^^^^^^^^
/usr/local/Cellar/python@3.14/3.14.2/Frameworks/Python.framework/Versions/3.14/lib/python3.14/unittest/mock.py:1411: in decoration_helper
    arg = exit_stack.enter_context(patching)
          ^^^^^^^^^^^^^^^^^^^^^^^^^^^^^^^^^^
/usr/local/Cellar/python@3.14/3.14.2/Frameworks/Python.framework/Versions/3.14/lib/python3.14/contextlib.py:530: in enter_context
    result = _enter(cm)
             ^^^^^^^^^^
/usr/local/Cellar/python@3.14/3.14.2/Frameworks/Python.framework/Versions/3.14/lib/python3.14/unittest/mock.py:1487: in __enter__
    self.target = self.getter()
                  ^^^^^^^^^^^^^
/usr/local/Cellar/python@3.14/3.14.2/Frameworks/Python.framework/Versions/3.14/lib/python3.14/pkgutil.py:473: in resolve_name
    result = getattr(result, p)
             ^^^^^^^^^^^^^^^^^^
E   AttributeError: module 'backend.services' has no attribute 'node'
_______ TestCanvasPreviewResults.test_preview_results_exception_handling _______
/usr/local/Cellar/python@3.14/3.14.2/Frameworks/Python.framework/Versions/3.14/lib/python3.14/unittest/mock.py:1429: in patched
    with self.decoration_helper(patched,
/usr/local/Cellar/python@3.14/3.14.2/Frameworks/Python.framework/Versions/3.14/lib/python3.14/contextlib.py:141: in __enter__
    return next(self.gen)
           ^^^^^^^^^^^^^^
/usr/local/Cellar/python@3.14/3.14.2/Frameworks/Python.framework/Versions/3.14/lib/python3.14/unittest/mock.py:1411: in decoration_helper
    arg = exit_stack.enter_context(patching)
          ^^^^^^^^^^^^^^^^^^^^^^^^^^^^^^^^^^
/usr/local/Cellar/python@3.14/3.14.2/Frameworks/Python.framework/Versions/3.14/lib/python3.14/contextlib.py:530: in enter_context
    result = _enter(cm)
             ^^^^^^^^^^
/usr/local/Cellar/python@3.14/3.14.2/Frameworks/Python.framework/Versions/3.14/lib/python3.14/unittest/mock.py:1487: in __enter__
    self.target = self.getter()
                  ^^^^^^^^^^^^^
/usr/local/Cellar/python@3.14/3.14.2/Frameworks/Python.framework/Versions/3.14/lib/python3.14/pkgutil.py:473: in resolve_name
    result = getattr(result, p)
             ^^^^^^^^^^^^^^^^^^
E   AttributeError: module 'backend.services' has no attribute 'node'
___________ TestCanvasNodeCanvasRoute.test_node_canvas_with_game_gid ___________
/usr/local/Cellar/python@3.14/3.14.2/Frameworks/Python.framework/Versions/3.14/lib/python3.14/unittest/mock.py:1429: in patched
    with self.decoration_helper(patched,
/usr/local/Cellar/python@3.14/3.14.2/Frameworks/Python.framework/Versions/3.14/lib/python3.14/contextlib.py:141: in __enter__
    return next(self.gen)
           ^^^^^^^^^^^^^^
/usr/local/Cellar/python@3.14/3.14.2/Frameworks/Python.framework/Versions/3.14/lib/python3.14/unittest/mock.py:1411: in decoration_helper
    arg = exit_stack.enter_context(patching)
          ^^^^^^^^^^^^^^^^^^^^^^^^^^^^^^^^^^
/usr/local/Cellar/python@3.14/3.14.2/Frameworks/Python.framework/Versions/3.14/lib/python3.14/contextlib.py:530: in enter_context
    result = _enter(cm)
             ^^^^^^^^^^
/usr/local/Cellar/python@3.14/3.14.2/Frameworks/Python.framework/Versions/3.14/lib/python3.14/unittest/mock.py:1487: in __enter__
    self.target = self.getter()
                  ^^^^^^^^^^^^^
/usr/local/Cellar/python@3.14/3.14.2/Frameworks/Python.framework/Versions/3.14/lib/python3.14/pkgutil.py:473: in resolve_name
    result = getattr(result, p)
             ^^^^^^^^^^^^^^^^^^
E   AttributeError: module 'backend.services' has no attribute 'node'
_________ TestCanvasNodeCanvasRoute.test_node_canvas_without_game_gid __________
/usr/local/Cellar/python@3.14/3.14.2/Frameworks/Python.framework/Versions/3.14/lib/python3.14/unittest/mock.py:1429: in patched
    with self.decoration_helper(patched,
/usr/local/Cellar/python@3.14/3.14.2/Frameworks/Python.framework/Versions/3.14/lib/python3.14/contextlib.py:141: in __enter__
    return next(self.gen)
           ^^^^^^^^^^^^^^
/usr/local/Cellar/python@3.14/3.14.2/Frameworks/Python.framework/Versions/3.14/lib/python3.14/unittest/mock.py:1411: in decoration_helper
    arg = exit_stack.enter_context(patching)
          ^^^^^^^^^^^^^^^^^^^^^^^^^^^^^^^^^^
/usr/local/Cellar/python@3.14/3.14.2/Frameworks/Python.framework/Versions/3.14/lib/python3.14/contextlib.py:530: in enter_context
    result = _enter(cm)
             ^^^^^^^^^^
/usr/local/Cellar/python@3.14/3.14.2/Frameworks/Python.framework/Versions/3.14/lib/python3.14/unittest/mock.py:1487: in __enter__
    self.target = self.getter()
                  ^^^^^^^^^^^^^
/usr/local/Cellar/python@3.14/3.14.2/Frameworks/Python.framework/Versions/3.14/lib/python3.14/pkgutil.py:473: in resolve_name
    result = getattr(result, p)
             ^^^^^^^^^^^^^^^^^^
E   AttributeError: module 'backend.services' has no attribute 'node'
_______ TestCanvasNodeCanvasRoute.test_node_canvas_with_invalid_game_gid _______
/usr/local/Cellar/python@3.14/3.14.2/Frameworks/Python.framework/Versions/3.14/lib/python3.14/unittest/mock.py:1429: in patched
    with self.decoration_helper(patched,
/usr/local/Cellar/python@3.14/3.14.2/Frameworks/Python.framework/Versions/3.14/lib/python3.14/contextlib.py:141: in __enter__
    return next(self.gen)
           ^^^^^^^^^^^^^^
/usr/local/Cellar/python@3.14/3.14.2/Frameworks/Python.framework/Versions/3.14/lib/python3.14/unittest/mock.py:1411: in decoration_helper
    arg = exit_stack.enter_context(patching)
          ^^^^^^^^^^^^^^^^^^^^^^^^^^^^^^^^^^
/usr/local/Cellar/python@3.14/3.14.2/Frameworks/Python.framework/Versions/3.14/lib/python3.14/contextlib.py:530: in enter_context
    result = _enter(cm)
             ^^^^^^^^^^
/usr/local/Cellar/python@3.14/3.14.2/Frameworks/Python.framework/Versions/3.14/lib/python3.14/unittest/mock.py:1487: in __enter__
    self.target = self.getter()
                  ^^^^^^^^^^^^^
/usr/local/Cellar/python@3.14/3.14.2/Frameworks/Python.framework/Versions/3.14/lib/python3.14/pkgutil.py:473: in resolve_name
    result = getattr(result, p)
             ^^^^^^^^^^^^^^^^^^
E   AttributeError: module 'backend.services' has no attribute 'node'
___________ TestCanvasNodeCanvasRoute.test_node_canvas_sets_session ____________
/usr/local/Cellar/python@3.14/3.14.2/Frameworks/Python.framework/Versions/3.14/lib/python3.14/unittest/mock.py:1429: in patched
    with self.decoration_helper(patched,
/usr/local/Cellar/python@3.14/3.14.2/Frameworks/Python.framework/Versions/3.14/lib/python3.14/contextlib.py:141: in __enter__
    return next(self.gen)
           ^^^^^^^^^^^^^^
/usr/local/Cellar/python@3.14/3.14.2/Frameworks/Python.framework/Versions/3.14/lib/python3.14/unittest/mock.py:1411: in decoration_helper
    arg = exit_stack.enter_context(patching)
          ^^^^^^^^^^^^^^^^^^^^^^^^^^^^^^^^^^
/usr/local/Cellar/python@3.14/3.14.2/Frameworks/Python.framework/Versions/3.14/lib/python3.14/contextlib.py:530: in enter_context
    result = _enter(cm)
             ^^^^^^^^^^
/usr/local/Cellar/python@3.14/3.14.2/Frameworks/Python.framework/Versions/3.14/lib/python3.14/unittest/mock.py:1487: in __enter__
    self.target = self.getter()
                  ^^^^^^^^^^^^^
/usr/local/Cellar/python@3.14/3.14.2/Frameworks/Python.framework/Versions/3.14/lib/python3.14/pkgutil.py:473: in resolve_name
    result = getattr(result, p)
             ^^^^^^^^^^^^^^^^^^
E   AttributeError: module 'backend.services' has no attribute 'node'
______ TestCanvasBackwardCompatibility.test_game_id_to_game_gid_redirect _______
/usr/local/Cellar/python@3.14/3.14.2/Frameworks/Python.framework/Versions/3.14/lib/python3.14/unittest/mock.py:1429: in patched
    with self.decoration_helper(patched,
/usr/local/Cellar/python@3.14/3.14.2/Frameworks/Python.framework/Versions/3.14/lib/python3.14/contextlib.py:141: in __enter__
    return next(self.gen)
           ^^^^^^^^^^^^^^
/usr/local/Cellar/python@3.14/3.14.2/Frameworks/Python.framework/Versions/3.14/lib/python3.14/unittest/mock.py:1411: in decoration_helper
    arg = exit_stack.enter_context(patching)
          ^^^^^^^^^^^^^^^^^^^^^^^^^^^^^^^^^^
/usr/local/Cellar/python@3.14/3.14.2/Frameworks/Python.framework/Versions/3.14/lib/python3.14/contextlib.py:530: in enter_context
    result = _enter(cm)
             ^^^^^^^^^^
/usr/local/Cellar/python@3.14/3.14.2/Frameworks/Python.framework/Versions/3.14/lib/python3.14/unittest/mock.py:1487: in __enter__
    self.target = self.getter()
                  ^^^^^^^^^^^^^
/usr/local/Cellar/python@3.14/3.14.2/Frameworks/Python.framework/Versions/3.14/lib/python3.14/pkgutil.py:473: in resolve_name
    result = getattr(result, p)
             ^^^^^^^^^^^^^^^^^^
E   AttributeError: module 'backend.services' has no attribute 'node'
____ TestCanvasBackwardCompatibility.test_validate_flow_accepts_connections ____
/usr/local/Cellar/python@3.14/3.14.2/Frameworks/Python.framework/Versions/3.14/lib/python3.14/unittest/mock.py:1429: in patched
    with self.decoration_helper(patched,
/usr/local/Cellar/python@3.14/3.14.2/Frameworks/Python.framework/Versions/3.14/lib/python3.14/contextlib.py:141: in __enter__
    return next(self.gen)
           ^^^^^^^^^^^^^^
/usr/local/Cellar/python@3.14/3.14.2/Frameworks/Python.framework/Versions/3.14/lib/python3.14/unittest/mock.py:1411: in decoration_helper
    arg = exit_stack.enter_context(patching)
          ^^^^^^^^^^^^^^^^^^^^^^^^^^^^^^^^^^
/usr/local/Cellar/python@3.14/3.14.2/Frameworks/Python.framework/Versions/3.14/lib/python3.14/contextlib.py:530: in enter_context
    result = _enter(cm)
             ^^^^^^^^^^
/usr/local/Cellar/python@3.14/3.14.2/Frameworks/Python.framework/Versions/3.14/lib/python3.14/unittest/mock.py:1487: in __enter__
    self.target = self.getter()
                  ^^^^^^^^^^^^^
/usr/local/Cellar/python@3.14/3.14.2/Frameworks/Python.framework/Versions/3.14/lib/python3.14/pkgutil.py:473: in resolve_name
    result = getattr(result, p)
             ^^^^^^^^^^^^^^^^^^
E   AttributeError: module 'backend.services' has no attribute 'node'
________ TestCategorizeObservations.test_categorize_backend_observation ________
test/unit/backend_tests/test_context_manager.py:27: in test_categorize_backend_observation
    from backend.core.context_manager import categorize_observation
E   ModuleNotFoundError: No module named 'backend.core.context_manager'
_______ TestCategorizeObservations.test_categorize_frontend_observation ________
test/unit/backend_tests/test_context_manager.py:38: in test_categorize_frontend_observation
    from backend.core.context_manager import categorize_observation
E   ModuleNotFoundError: No module named 'backend.core.context_manager'
________ TestCategorizeObservations.test_categorize_testing_observation ________
test/unit/backend_tests/test_context_manager.py:49: in test_categorize_testing_observation
    from backend.core.context_manager import categorize_observation
E   ModuleNotFoundError: No module named 'backend.core.context_manager'
_________ TestCategorizeObservations.test_categorize_docs_observation __________
test/unit/backend_tests/test_context_manager.py:60: in test_categorize_docs_observation
    from backend.core.context_manager import categorize_observation
E   ModuleNotFoundError: No module named 'backend.core.context_manager'
________ TestCategorizeObservations.test_categorize_general_observation ________
test/unit/backend_tests/test_context_manager.py:71: in test_categorize_general_observation
    from backend.core.context_manager import categorize_observation
E   ModuleNotFoundError: No module named 'backend.core.context_manager'
___ TestCategorizeObservations.test_categorize_mixed_files_backend_dominant ____
test/unit/backend_tests/test_context_manager.py:82: in test_categorize_mixed_files_backend_dominant
    from backend.core.context_manager import categorize_observation
E   ModuleNotFoundError: No module named 'backend.core.context_manager'
_ TestCategorizeObservations.test_categorize_considers_both_modified_and_read __
test/unit/backend_tests/test_context_manager.py:97: in test_categorize_considers_both_modified_and_read
    from backend.core.context_manager import categorize_observation
E   ModuleNotFoundError: No module named 'backend.core.context_manager'
_ TestCategorizeObservations.test_categorize_handles_missing_fields_gracefully _
test/unit/backend_tests/test_context_manager.py:108: in test_categorize_handles_missing_fields_gracefully
    from backend.core.context_manager import categorize_observation
E   ModuleNotFoundError: No module named 'backend.core.context_manager'
_____ TestMarkdownGeneration.test_generate_backend_context_file_structure ______
test/unit/backend_tests/test_context_manager.py:124: in test_generate_backend_context_file_structure
    from backend.core.context_manager import generate_context_markdown
E   ModuleNotFoundError: No module named 'backend.core.context_manager'
___ TestMarkdownGeneration.test_markdown_includes_observation_summary_table ____
test/unit/backend_tests/test_context_manager.py:146: in test_markdown_includes_observation_summary_table
    from backend.core.context_manager import generate_context_markdown
E   ModuleNotFoundError: No module named 'backend.core.context_manager'
__ TestMarkdownGeneration.test_markdown_sorts_observations_by_time_descending __
test/unit/backend_tests/test_context_manager.py:165: in test_markdown_sorts_observations_by_time_descending
    from backend.core.context_manager import generate_context_markdown
E   ModuleNotFoundError: No module named 'backend.core.context_manager'
_______ TestMarkdownGeneration.test_markdown_includes_type_emoji_mapping _______
test/unit/backend_tests/test_context_manager.py:194: in test_markdown_includes_type_emoji_mapping
    from backend.core.context_manager import generate_context_markdown
E   ModuleNotFoundError: No module named 'backend.core.context_manager'
_______ TestMarkdownGeneration.test_markdown_limits_file_list_in_summary _______
test/unit/backend_tests/test_context_manager.py:220: in test_markdown_limits_file_list_in_summary
    from backend.core.context_manager import generate_context_markdown
E   ModuleNotFoundError: No module named 'backend.core.context_manager'
________ TestMarkdownGeneration.test_markdown_includes_metadata_header _________
test/unit/backend_tests/test_context_manager.py:237: in test_markdown_includes_metadata_header
    from backend.core.context_manager import generate_context_markdown
E   ModuleNotFoundError: No module named 'backend.core.context_manager'
________ TestMCPIntegration.test_fetch_recent_observations_calls_search ________
test/unit/backend_tests/test_context_manager.py:263: in test_fetch_recent_observations_calls_search
    from backend.core.context_manager import fetch_recent_observations
E   ModuleNotFoundError: No module named 'backend.core.context_manager'
___________ TestMCPIntegration.test_fetch_observation_details_by_ids ___________
test/unit/backend_tests/test_context_manager.py:278: in test_fetch_observation_details_by_ids
    from backend.core.context_manager import fetch_observation_details
E   ModuleNotFoundError: No module named 'backend.core.context_manager'
____________ TestMCPIntegration.test_context_manager_full_workflow _____________
test/unit/backend_tests/test_context_manager.py:297: in test_context_manager_full_workflow
    from backend.core.context_manager import ContextManager
E   ModuleNotFoundError: No module named 'backend.core.context_manager'
_____________ TestDatabaseMigrations.test_migration_from_v0_to_v18 _____________
test/unit/backend_tests/test_migrations.py:73: in test_migration_from_v0_to_v18
    self.assertEqual(version, 18, "Database should be at version 18")
E   AssertionError: 19 != 18 : Database should be at version 18
----------------------------- Captured stdout call -----------------------------
2026-02-11 00:43:10 - backend.core.database.database - INFO - Database is empty, initializing...
2026-02-11 00:43:10 - backend.core.database.database - INFO - Creating hql_statements table...
2026-02-11 00:43:10 - backend.core.database.database - INFO - hql_statements table created successfully
2026-02-11 00:43:10 - backend.core.database.database - INFO - Initialized database with 13 tables
2026-02-11 00:43:10 - backend.core.database.database - INFO - Migrating database from version 0 to 19...
2026-02-11 00:43:10 - backend.core.database.database - INFO - Migration v4: Adding icon_path column to games...
2026-02-11 00:43:10 - backend.core.database.database - INFO - Migration v4 completed: icon_path column added to games
2026-02-11 00:43:10 - backend.core.database.database - INFO - Migration v5: Adding is_user_edited column...
2026-02-11 00:43:10 - backend.core.database.database - INFO - Migration v5: Adding edit_notes column...
2026-02-11 00:43:10 - backend.core.database.database - INFO - Migration v5: Adding original_content column...
2026-02-11 00:43:10 - backend.core.database.database - INFO - Migration v5 completed: edit tracking fields added to hql_statements
2026-02-11 00:43:10 - backend.core.database.database - INFO - Migration v6: Starting parameter management refactoring...
2026-02-11 00:43:10 - backend.core.database.database - INFO - Migration v6: param_templates table created
2026-02-11 00:43:10 - backend.core.database.database - INFO - Migration v6: predefined type templates inserted
2026-02-11 00:43:10 - backend.core.database.database - INFO - Migration v6: param_library table created
2026-02-11 00:43:10 - backend.core.database.database - INFO - Migration v6: event_params table created
2026-02-11 00:43:10 - backend.core.database.database - INFO - Migration v6: param_versions table created
2026-02-11 00:43:10 - backend.core.database.database - INFO - Migration v6: param_configs table created
2026-02-11 00:43:10 - backend.core.database.database - INFO - Migration v6: migrated 0 parameters from parameters table
2026-02-11 00:43:10 - backend.core.database.database - INFO - Migration v6: extracted 0 common parameters to library
2026-02-11 00:43:10 - backend.core.database.database - INFO - Migration v6: marked 0 parameters as from library
2026-02-11 00:43:10 - backend.core.database.database - INFO - Migration v6: renamed old parameters table to parameters_old_v5
2026-02-11 00:43:10 - backend.core.database.database - INFO - Migration v6 completed: parameter management refactoring finished
2026-02-11 00:43:10 - backend.core.database.database - INFO - Migration v7: Starting parameter validation and batch operations...
2026-02-11 00:43:10 - backend.core.database.database - INFO - Migration v7: created param_validation_rules table
2026-02-11 00:43:10 - backend.core.database.database - INFO - Migration v7: created batch_import_records table
2026-02-11 00:43:10 - backend.core.database.database - INFO - Migration v7: created batch_import_details table
2026-02-11 00:43:10 - backend.core.database.database - INFO - Migration v7: created indexes for param_validation_rules
2026-02-11 00:43:10 - backend.core.database.database - INFO - Migration v7: created indexes for batch_import tables
2026-02-11 00:43:10 - backend.core.database.database - INFO - Migration v7 completed: validation rules and batch operations created
2026-02-11 00:43:10 - backend.core.database.database - INFO - Migration v8: Starting parameter dependencies...
2026-02-11 00:43:10 - backend.core.database.database - INFO - Migration v8: created param_dependencies table
2026-02-11 00:43:10 - backend.core.database.database - INFO - Migration v8: created indexes for param_dependencies
2026-02-11 00:43:10 - backend.core.database.database - INFO - Migration v8 completed: parameter dependencies created
2026-02-11 00:43:10 - backend.core.database.database - INFO - Migration v9: Enhanced HQL generation features...
2026-02-11 00:43:10 - backend.core.database.database - INFO - Migration v9: Adding join_type column to join_configs...
2026-02-11 00:43:10 - backend.core.database.database - INFO - Migration v9: Adding where_conditions column to join_configs...
2026-02-11 00:43:10 - backend.core.database.database - INFO - Migration v9: Adding field_mappings column to join_configs...
2026-02-11 00:43:10 - backend.core.database.database - INFO - Migration v9: Adding description column to join_configs...
2026-02-11 00:43:10 - backend.core.database.database - INFO - Migration v9: Adding game_id column to join_configs...
2026-02-11 00:43:10 - backend.core.database.database - INFO - Migration v9: Migrating existing join_configs to new format...
2026-02-11 00:43:10 - backend.core.database.database - INFO - Migration v9: Migrated 0 existing join_configs to new format
2026-02-11 00:43:10 - backend.core.database.database - INFO - Migration v9: Creating hql_generation_templates table...
2026-02-11 00:43:10 - backend.core.database.database - INFO - Migration v9: hql_generation_templates table created with default templates
2026-02-11 00:43:10 - backend.core.database.database - INFO - Migration v9: Creating field_selection_presets table...
2026-02-11 00:43:10 - backend.core.database.database - INFO - Migration v9: field_selection_presets table created
2026-02-11 00:43:10 - backend.core.database.database - INFO - Migration v9: Creating indexes for enhanced HQL generation...
2026-02-11 00:43:10 - backend.core.database.database - INFO - Migration v9: indexes created
2026-02-11 00:43:10 - backend.core.database.database - INFO - Migration v9 completed: Enhanced HQL generation features added
2026-02-11 00:43:10 - backend.core.database.database - INFO - Migration v10: Adding array parameter hierarchy support...
2026-02-11 00:43:10 - backend.core.database.database - INFO - Migration v10: Adding child_params column to param_configs...
2026-02-11 00:43:10 - backend.core.database.database - INFO - Migration v10: Adding array_element_structure column to param_configs...
2026-02-11 00:43:10 - backend.core.database.database - INFO - Migration v10: param_configs table extended with hierarchy fields
2026-02-11 00:43:10 - backend.core.database.database - INFO - Migration v10: Creating indexes for parameter hierarchy...
2026-02-11 00:43:10 - backend.core.database.database - INFO - Migration v10: index idx_event_params_event_template created
2026-02-11 00:43:10 - backend.core.database.database - INFO - Migration v10 completed: array parameter hierarchy support added
2026-02-11 00:43:10 - backend.core.database.database - INFO - Migration v11: Adding field builder support...
2026-02-11 00:43:10 - backend.core.database.database - INFO - Migration v11: Adding field_mapping_v2 column to join_configs...
2026-02-11 00:43:10 - backend.core.database.database - INFO - Migration v11: field_mapping_v2 column added
2026-02-11 00:43:10 - backend.core.database.database - INFO - Migration v11: Creating node_templates table...
2026-02-11 00:43:10 - backend.core.database.database - INFO - Migration v11: node_templates table created
2026-02-11 00:43:10 - backend.core.database.database - INFO - Migration v11: Creating flow_templates table...
2026-02-11 00:43:10 - backend.core.database.database - INFO - Migration v11: flow_templates table created
2026-02-11 00:43:10 - backend.core.database.database - INFO - Migration v11: Creating indexes for node and flow templates...
2026-02-11 00:43:10 - backend.core.database.database - INFO - Migration v11: indexes created
2026-02-11 00:43:10 - backend.core.database.database - INFO - Migration v11: field_mapping_v2 index created
2026-02-11 00:43:10 - backend.core.database.database - INFO - Migration v11 completed: field builder support added
2026-02-11 00:43:10 - backend.core.database.database - INFO - Migration v12: Adding flow_templates table...
2026-02-11 00:43:10 - backend.core.database.database - INFO - Migration v12: flow_templates table exists, checking structure...
2026-02-11 00:43:10 - backend.core.database.database - INFO - Migration v12: Adding game_id column...
2026-02-11 00:43:10 - backend.core.database.database - INFO - Migration v12: game_id column added
2026-02-11 00:43:10 - backend.core.database.database - INFO - Migration v12: Adding is_active column...
2026-02-11 00:43:10 - backend.core.database.database - INFO - Migration v12: is_active column added
2026-02-11 00:43:10 - backend.core.database.database - INFO - Migration v12: Adding version column...
2026-02-11 00:43:10 - backend.core.database.database - INFO - Migration v12: version column added
2026-02-11 00:43:10 - backend.core.database.database - INFO - Migration v12: Adding name column (alongside flow_name)...
2026-02-11 00:43:10 - backend.core.database.database - INFO - Migration v12: name column added
2026-02-11 00:43:10 - backend.core.database.database - INFO - Migration v12: game_id index created
2026-02-11 00:43:10 - backend.core.database.database - INFO - Migration v12: updated_at index created
2026-02-11 00:43:10 - backend.core.database.database - INFO - Migration v12 completed: flow templates support added
2026-02-11 00:43:10 - backend.core.database.database - INFO - Migration v13: Adding event_nodes and parameter_aliases tables...
2026-02-11 00:43:10 - backend.core.database.database - INFO - Migration v13: indexes created
2026-02-11 00:43:10 - backend.core.database.database - INFO - Migration v13 completed: event nodes and parameter aliases support added
2026-02-11 00:43:10 - backend.core.database.database - INFO - Migration v14: Adding field name mappings support...
2026-02-11 00:43:10 - backend.core.database.database - INFO - Migration v14: Creating field_name_mappings table...
2026-02-11 00:43:10 - backend.core.database.database - INFO - Migration v14: field_name_mappings table created
2026-02-11 00:43:10 - backend.core.database.database - INFO - Migration v14: Creating field_name_history table...
2026-02-11 00:43:10 - backend.core.database.database - INFO - Migration v14: field_name_history table created
2026-02-11 00:43:10 - backend.core.database.database - INFO - Migration v14: indexes created
2026-02-11 00:43:10 - backend.core.database.database - INFO - Migration v14 completed: field name mappings support added
2026-02-11 00:43:10 - backend.core.database.database - INFO - Migration v15: Creating event_node_configs table...
2026-02-11 00:43:10 - backend.core.database.database - INFO - Migration v15: created event_node_configs table
2026-02-11 00:43:10 - backend.core.database.database - INFO - Migration v15: indexes created
2026-02-11 00:43:10 - backend.core.database.database - INFO - Migration v15 completed: event node builder support added
2026-02-11 00:43:10 - backend.core.database.database - INFO - Migration v16: Creating async_tasks table...
2026-02-11 00:43:10 - backend.core.database.database - INFO - Migration v16: Creating async_tasks table...
2026-02-11 00:43:10 - backend.core.database.database - INFO - Migration v16: async_tasks table created
2026-02-11 00:43:10 - backend.core.database.database - INFO - Migration v16: async_tasks indexes created
2026-02-11 00:43:10 - backend.core.database.database - INFO - Migration v16 completed: async task system support added
2026-02-11 00:43:10 - backend.core.database.database - INFO - Migration v17: Adding display_name column to common_params...
2026-02-11 00:43:10 - backend.core.database.database - INFO - Migration v17: display_name column added
2026-02-11 00:43:10 - backend.core.database.database - INFO - Migration v17 completed: common_params display_name support added
2026-02-11 00:43:10 - backend.core.database.database - INFO - Migration v18: Adding game_gid column to log_events...
2026-02-11 00:43:10 - backend.core.database.database - INFO - Migration v18: Adding game_gid column to log_events...
2026-02-11 00:43:10 - backend.core.database.database - INFO - Migration v18: Migrating existing data to game_gid...
2026-02-11 00:43:10 - backend.core.database.database - INFO - Migration v18: game_gid column added and data migrated
2026-02-11 00:43:10 - backend.core.database.database - INFO - Migration v18 completed: log_events game_gid support added
2026-02-11 00:43:10 - backend.core.database.database - INFO - Migration v19: Adding json_path column to event_params...
2026-02-11 00:43:10 - backend.core.database.database - INFO - Migration v19: Adding json_path column to event_params...
2026-02-11 00:43:10 - backend.core.database.database - INFO - Migration v19: json_path column added to event_params
2026-02-11 00:43:10 - backend.core.database.database - INFO - Migration v19 completed: event_params json_path support added
2026-02-11 00:43:10 - backend.core.database.database - INFO - Database migration completed successfully. Version: 19
------------------------------ Captured log call -------------------------------
INFO     backend.core.database.database:database.py:1455 Database is empty, initializing...
INFO     backend.core.database.database:database.py:81 Creating hql_statements table...
INFO     backend.core.database.database:database.py:96 hql_statements table created successfully
INFO     backend.core.database.database:database.py:1466 Initialized database with 13 tables
INFO     backend.core.database.database:database.py:1478 Migrating database from version 0 to 19...
INFO     backend.core.database.database:database.py:1540 Migration v4: Adding icon_path column to games...
INFO     backend.core.database.database:database.py:1542 Migration v4 completed: icon_path column added to games
INFO     backend.core.database.database:database.py:1551 Migration v5: Adding is_user_edited column...
INFO     backend.core.database.database:database.py:1557 Migration v5: Adding edit_notes column...
INFO     backend.core.database.database:database.py:1561 Migration v5: Adding original_content column...
INFO     backend.core.database.database:database.py:1565 Migration v5 completed: edit tracking fields added to hql_statements
INFO     backend.core.database.database:database.py:1569 Migration v6: Starting parameter management refactoring...
INFO     backend.core.database.database:database.py:1588 Migration v6: param_templates table created
INFO     backend.core.database.database:database.py:1703 Migration v6: predefined type templates inserted
INFO     backend.core.database.database:database.py:1722 Migration v6: param_library table created
INFO     backend.core.database.database:database.py:1746 Migration v6: event_params table created
INFO     backend.core.database.database:database.py:1766 Migration v6: param_versions table created
INFO     backend.core.database.database:database.py:1783 Migration v6: param_configs table created
INFO     backend.core.database.database:database.py:1820 Migration v6: migrated 0 parameters from parameters table
INFO     backend.core.database.database:database.py:1842 Migration v6: extracted 0 common parameters to library
INFO     backend.core.database.database:database.py:1859 Migration v6: marked 0 parameters as from library
INFO     backend.core.database.database:database.py:1877 Migration v6: renamed old parameters table to parameters_old_v5
INFO     backend.core.database.database:database.py:1880 Migration v6 completed: parameter management refactoring finished
INFO     backend.core.database.database:database.py:1884 Migration v7: Starting parameter validation and batch operations...
INFO     backend.core.database.database:database.py:1900 Migration v7: created param_validation_rules table
INFO     backend.core.database.database:database.py:1919 Migration v7: created batch_import_records table
INFO     backend.core.database.database:database.py:1935 Migration v7: created batch_import_details table
INFO     backend.core.database.database:database.py:1946 Migration v7: created indexes for param_validation_rules
INFO     backend.core.database.database:database.py:1957 Migration v7: created indexes for batch_import tables
INFO     backend.core.database.database:database.py:1960 Migration v7 completed: validation rules and batch operations created
INFO     backend.core.database.database:database.py:1964 Migration v8: Starting parameter dependencies...
INFO     backend.core.database.database:database.py:1982 Migration v8: created param_dependencies table
INFO     backend.core.database.database:database.py:1997 Migration v8: created indexes for param_dependencies
INFO     backend.core.database.database:database.py:2000 Migration v8 completed: parameter dependencies created
INFO     backend.core.database.database:database.py:2004 Migration v9: Enhanced HQL generation features...
INFO     backend.core.database.database:database.py:2011 Migration v9: Adding join_type column to join_configs...
INFO     backend.core.database.database:database.py:2015 Migration v9: Adding where_conditions column to join_configs...
INFO     backend.core.database.database:database.py:2019 Migration v9: Adding field_mappings column to join_configs...
INFO     backend.core.database.database:database.py:2023 Migration v9: Adding description column to join_configs...
INFO     backend.core.database.database:database.py:2027 Migration v9: Adding game_id column to join_configs...
INFO     backend.core.database.database:database.py:2031 Migration v9: Migrating existing join_configs to new format...
INFO     backend.core.database.database:database.py:2046 Migration v9: Migrated 0 existing join_configs to new format
INFO     backend.core.database.database:database.py:2055 Migration v9: Creating hql_generation_templates table...
INFO     backend.core.database.database:database.py:2121 Migration v9: hql_generation_templates table created with default templates
INFO     backend.core.database.database:database.py:2130 Migration v9: Creating field_selection_presets table...
INFO     backend.core.database.database:database.py:2144 Migration v9: field_selection_presets table created
INFO     backend.core.database.database:database.py:2147 Migration v9: Creating indexes for enhanced HQL generation...
INFO     backend.core.database.database:database.py:2163 Migration v9: indexes created
INFO     backend.core.database.database:database.py:2166 Migration v9 completed: Enhanced HQL generation features added
INFO     backend.core.database.database:database.py:2170 Migration v10: Adding array parameter hierarchy support...
INFO     backend.core.database.database:database.py:2181 Migration v10: Adding child_params column to param_configs...
INFO     backend.core.database.database:database.py:2185 Migration v10: Adding array_element_structure column to param_configs...
INFO     backend.core.database.database:database.py:2192 Migration v10: param_configs table extended with hierarchy fields
INFO     backend.core.database.database:database.py:2195 Migration v10: Creating indexes for parameter hierarchy...
INFO     backend.core.database.database:database.py:2200 Migration v10: index idx_event_params_event_template created
INFO     backend.core.database.database:database.py:2203 Migration v10 completed: array parameter hierarchy support added
INFO     backend.core.database.database:database.py:2207 Migration v11: Adding field builder support...
INFO     backend.core.database.database:database.py:2214 Migration v11: Adding field_mapping_v2 column to join_configs...
INFO     backend.core.database.database:database.py:2216 Migration v11: field_mapping_v2 column added
INFO     backend.core.database.database:database.py:2223 Migration v11: Creating node_templates table...
INFO     backend.core.database.database:database.py:2236 Migration v11: node_templates table created
INFO     backend.core.database.database:database.py:2243 Migration v11: Creating flow_templates table...
INFO     backend.core.database.database:database.py:2256 Migration v11: flow_templates table created
INFO     backend.core.database.database:database.py:2259 Migration v11: Creating indexes for node and flow templates...
INFO     backend.core.database.database:database.py:2272 Migration v11: indexes created
INFO     backend.core.database.database:database.py:2279 Migration v11: field_mapping_v2 index created
INFO     backend.core.database.database:database.py:2282 Migration v11 completed: field builder support added
INFO     backend.core.database.database:database.py:2286 Migration v12: Adding flow_templates table...
INFO     backend.core.database.database:database.py:2296 Migration v12: flow_templates table exists, checking structure...
INFO     backend.core.database.database:database.py:2302 Migration v12: Adding game_id column...
INFO     backend.core.database.database:database.py:2306 Migration v12: game_id column added
INFO     backend.core.database.database:database.py:2309 Migration v12: Adding is_active column...
INFO     backend.core.database.database:database.py:2313 Migration v12: is_active column added
INFO     backend.core.database.database:database.py:2316 Migration v12: Adding version column...
INFO     backend.core.database.database:database.py:2320 Migration v12: version column added
INFO     backend.core.database.database:database.py:2326 Migration v12: Adding name column (alongside flow_name)...
INFO     backend.core.database.database:database.py:2329 Migration v12: name column added
INFO     backend.core.database.database:database.py:2357 Migration v12: game_id index created
INFO     backend.core.database.database:database.py:2366 Migration v12: updated_at index created
INFO     backend.core.database.database:database.py:2371 Migration v12 completed: flow templates support added
INFO     backend.core.database.database:database.py:2375 Migration v13: Adding event_nodes and parameter_aliases tables...
INFO     backend.core.database.database:database.py:2442 Migration v13: indexes created
INFO     backend.core.database.database:database.py:2447 Migration v13 completed: event nodes and parameter aliases support added
INFO     backend.core.database.database:database.py:2451 Migration v14: Adding field name mappings support...
INFO     backend.core.database.database:database.py:2458 Migration v14: Creating field_name_mappings table...
INFO     backend.core.database.database:database.py:2473 Migration v14: field_name_mappings table created
INFO     backend.core.database.database:database.py:2480 Migration v14: Creating field_name_history table...
INFO     backend.core.database.database:database.py:2490 Migration v14: field_name_history table created
INFO     backend.core.database.database:database.py:2506 Migration v14: indexes created
INFO     backend.core.database.database:database.py:2511 Migration v14 completed: field name mappings support added
INFO     backend.core.database.database:database.py:2515 Migration v15: Creating event_node_configs table...
INFO     backend.core.database.database:database.py:2533 Migration v15: created event_node_configs table
INFO     backend.core.database.database:database.py:2549 Migration v15: indexes created
INFO     backend.core.database.database:database.py:2554 Migration v15 completed: event node builder support added
INFO     backend.core.database.database:database.py:2558 Migration v16: Creating async_tasks table...
INFO     backend.core.database.database:database.py:2564 Migration v16: Creating async_tasks table...
INFO     backend.core.database.database:database.py:2580 Migration v16: async_tasks table created
INFO     backend.core.database.database:database.py:2596 Migration v16: async_tasks indexes created
INFO     backend.core.database.database:database.py:2601 Migration v16 completed: async task system support added
INFO     backend.core.database.database:database.py:2605 Migration v17: Adding display_name column to common_params...
INFO     backend.core.database.database:database.py:2619 Migration v17: display_name column added
INFO     backend.core.database.database:database.py:2626 Migration v17 completed: common_params display_name support added
INFO     backend.core.database.database:database.py:2630 Migration v18: Adding game_gid column to log_events...
INFO     backend.core.database.database:database.py:2637 Migration v18: Adding game_gid column to log_events...
INFO     backend.core.database.database:database.py:2641 Migration v18: Migrating existing data to game_gid...
INFO     backend.core.database.database:database.py:2657 Migration v18: game_gid column added and data migrated
INFO     backend.core.database.database:database.py:2665 Migration v18 completed: log_events game_gid support added
INFO     backend.core.database.database:database.py:2669 Migration v19: Adding json_path column to event_params...
INFO     backend.core.database.database:database.py:2676 Migration v19: Adding json_path column to event_params...
INFO     backend.core.database.database:database.py:2685 Migration v19: json_path column added to event_params
INFO     backend.core.database.database:database.py:2693 Migration v19 completed: event_params json_path support added
INFO     backend.core.database.database:database.py:2698 Database migration completed successfully. Version: 19
_____________ TestDatabaseMigrations.test_migration_is_idempotent ______________
test/unit/backend_tests/test_migrations.py:98: in test_migration_is_idempotent
    self.assertEqual(version2, 18, "Database should remain at version 18")
E   AssertionError: 19 != 18 : Database should remain at version 18
----------------------------- Captured stdout call -----------------------------
2026-02-11 00:43:10 - backend.core.database.database - INFO - Database is empty, initializing...
2026-02-11 00:43:10 - backend.core.database.database - INFO - Creating hql_statements table...
2026-02-11 00:43:10 - backend.core.database.database - INFO - hql_statements table created successfully
2026-02-11 00:43:10 - backend.core.database.database - INFO - Initialized database with 13 tables
2026-02-11 00:43:10 - backend.core.database.database - INFO - Migrating database from version 0 to 19...
2026-02-11 00:43:10 - backend.core.database.database - INFO - Migration v4: Adding icon_path column to games...
2026-02-11 00:43:10 - backend.core.database.database - INFO - Migration v4 completed: icon_path column added to games
2026-02-11 00:43:10 - backend.core.database.database - INFO - Migration v5: Adding is_user_edited column...
2026-02-11 00:43:10 - backend.core.database.database - INFO - Migration v5: Adding edit_notes column...
2026-02-11 00:43:10 - backend.core.database.database - INFO - Migration v5: Adding original_content column...
2026-02-11 00:43:10 - backend.core.database.database - INFO - Migration v5 completed: edit tracking fields added to hql_statements
2026-02-11 00:43:10 - backend.core.database.database - INFO - Migration v6: Starting parameter management refactoring...
2026-02-11 00:43:10 - backend.core.database.database - INFO - Migration v6: param_templates table created
2026-02-11 00:43:10 - backend.core.database.database - INFO - Migration v6: predefined type templates inserted
2026-02-11 00:43:10 - backend.core.database.database - INFO - Migration v6: param_library table created
2026-02-11 00:43:10 - backend.core.database.database - INFO - Migration v6: event_params table created
2026-02-11 00:43:10 - backend.core.database.database - INFO - Migration v6: param_versions table created
2026-02-11 00:43:10 - backend.core.database.database - INFO - Migration v6: param_configs table created
2026-02-11 00:43:10 - backend.core.database.database - INFO - Migration v6: migrated 0 parameters from parameters table
2026-02-11 00:43:10 - backend.core.database.database - INFO - Migration v6: extracted 0 common parameters to library
2026-02-11 00:43:10 - backend.core.database.database - INFO - Migration v6: marked 0 parameters as from library
2026-02-11 00:43:10 - backend.core.database.database - INFO - Migration v6: renamed old parameters table to parameters_old_v5
2026-02-11 00:43:10 - backend.core.database.database - INFO - Migration v6 completed: parameter management refactoring finished
2026-02-11 00:43:10 - backend.core.database.database - INFO - Migration v7: Starting parameter validation and batch operations...
2026-02-11 00:43:10 - backend.core.database.database - INFO - Migration v7: created param_validation_rules table
2026-02-11 00:43:10 - backend.core.database.database - INFO - Migration v7: created batch_import_records table
2026-02-11 00:43:10 - backend.core.database.database - INFO - Migration v7: created batch_import_details table
2026-02-11 00:43:10 - backend.core.database.database - INFO - Migration v7: created indexes for param_validation_rules
2026-02-11 00:43:11 - backend.core.database.database - INFO - Migration v7: created indexes for batch_import tables
2026-02-11 00:43:11 - backend.core.database.database - INFO - Migration v7 completed: validation rules and batch operations created
2026-02-11 00:43:11 - backend.core.database.database - INFO - Migration v8: Starting parameter dependencies...
2026-02-11 00:43:11 - backend.core.database.database - INFO - Migration v8: created param_dependencies table
2026-02-11 00:43:11 - backend.core.database.database - INFO - Migration v8: created indexes for param_dependencies
2026-02-11 00:43:11 - backend.core.database.database - INFO - Migration v8 completed: parameter dependencies created
2026-02-11 00:43:11 - backend.core.database.database - INFO - Migration v9: Enhanced HQL generation features...
2026-02-11 00:43:11 - backend.core.database.database - INFO - Migration v9: Adding join_type column to join_configs...
2026-02-11 00:43:11 - backend.core.database.database - INFO - Migration v9: Adding where_conditions column to join_configs...
2026-02-11 00:43:11 - backend.core.database.database - INFO - Migration v9: Adding field_mappings column to join_configs...
2026-02-11 00:43:11 - backend.core.database.database - INFO - Migration v9: Adding description column to join_configs...
2026-02-11 00:43:11 - backend.core.database.database - INFO - Migration v9: Adding game_id column to join_configs...
2026-02-11 00:43:11 - backend.core.database.database - INFO - Migration v9: Migrating existing join_configs to new format...
2026-02-11 00:43:11 - backend.core.database.database - INFO - Migration v9: Migrated 0 existing join_configs to new format
2026-02-11 00:43:11 - backend.core.database.database - INFO - Migration v9: Creating hql_generation_templates table...
2026-02-11 00:43:11 - backend.core.database.database - INFO - Migration v9: hql_generation_templates table created with default templates
2026-02-11 00:43:11 - backend.core.database.database - INFO - Migration v9: Creating field_selection_presets table...
2026-02-11 00:43:11 - backend.core.database.database - INFO - Migration v9: field_selection_presets table created
2026-02-11 00:43:11 - backend.core.database.database - INFO - Migration v9: Creating indexes for enhanced HQL generation...
2026-02-11 00:43:11 - backend.core.database.database - INFO - Migration v9: indexes created
2026-02-11 00:43:11 - backend.core.database.database - INFO - Migration v9 completed: Enhanced HQL generation features added
2026-02-11 00:43:11 - backend.core.database.database - INFO - Migration v10: Adding array parameter hierarchy support...
2026-02-11 00:43:11 - backend.core.database.database - INFO - Migration v10: Adding child_params column to param_configs...
2026-02-11 00:43:11 - backend.core.database.database - INFO - Migration v10: Adding array_element_structure column to param_configs...
2026-02-11 00:43:11 - backend.core.database.database - INFO - Migration v10: param_configs table extended with hierarchy fields
2026-02-11 00:43:11 - backend.core.database.database - INFO - Migration v10: Creating indexes for parameter hierarchy...
2026-02-11 00:43:11 - backend.core.database.database - INFO - Migration v10: index idx_event_params_event_template created
2026-02-11 00:43:11 - backend.core.database.database - INFO - Migration v10 completed: array parameter hierarchy support added
2026-02-11 00:43:11 - backend.core.database.database - INFO - Migration v11: Adding field builder support...
2026-02-11 00:43:11 - backend.core.database.database - INFO - Migration v11: Adding field_mapping_v2 column to join_configs...
2026-02-11 00:43:11 - backend.core.database.database - INFO - Migration v11: field_mapping_v2 column added
2026-02-11 00:43:11 - backend.core.database.database - INFO - Migration v11: Creating node_templates table...
2026-02-11 00:43:11 - backend.core.database.database - INFO - Migration v11: node_templates table created
2026-02-11 00:43:11 - backend.core.database.database - INFO - Migration v11: Creating flow_templates table...
2026-02-11 00:43:11 - backend.core.database.database - INFO - Migration v11: flow_templates table created
2026-02-11 00:43:11 - backend.core.database.database - INFO - Migration v11: Creating indexes for node and flow templates...
2026-02-11 00:43:11 - backend.core.database.database - INFO - Migration v11: indexes created
2026-02-11 00:43:11 - backend.core.database.database - INFO - Migration v11: field_mapping_v2 index created
2026-02-11 00:43:11 - backend.core.database.database - INFO - Migration v11 completed: field builder support added
2026-02-11 00:43:11 - backend.core.database.database - INFO - Migration v12: Adding flow_templates table...
2026-02-11 00:43:11 - backend.core.database.database - INFO - Migration v12: flow_templates table exists, checking structure...
2026-02-11 00:43:11 - backend.core.database.database - INFO - Migration v12: Adding game_id column...
2026-02-11 00:43:11 - backend.core.database.database - INFO - Migration v12: game_id column added
2026-02-11 00:43:11 - backend.core.database.database - INFO - Migration v12: Adding is_active column...
2026-02-11 00:43:11 - backend.core.database.database - INFO - Migration v12: is_active column added
2026-02-11 00:43:11 - backend.core.database.database - INFO - Migration v12: Adding version column...
2026-02-11 00:43:11 - backend.core.database.database - INFO - Migration v12: version column added
2026-02-11 00:43:11 - backend.core.database.database - INFO - Migration v12: Adding name column (alongside flow_name)...
2026-02-11 00:43:11 - backend.core.database.database - INFO - Migration v12: name column added
2026-02-11 00:43:11 - backend.core.database.database - INFO - Migration v12: game_id index created
2026-02-11 00:43:11 - backend.core.database.database - INFO - Migration v12: updated_at index created
2026-02-11 00:43:11 - backend.core.database.database - INFO - Migration v12 completed: flow templates support added
2026-02-11 00:43:11 - backend.core.database.database - INFO - Migration v13: Adding event_nodes and parameter_aliases tables...
2026-02-11 00:43:11 - backend.core.database.database - INFO - Migration v13: indexes created
2026-02-11 00:43:11 - backend.core.database.database - INFO - Migration v13 completed: event nodes and parameter aliases support added
2026-02-11 00:43:11 - backend.core.database.database - INFO - Migration v14: Adding field name mappings support...
2026-02-11 00:43:11 - backend.core.database.database - INFO - Migration v14: Creating field_name_mappings table...
2026-02-11 00:43:11 - backend.core.database.database - INFO - Migration v14: field_name_mappings table created
2026-02-11 00:43:11 - backend.core.database.database - INFO - Migration v14: Creating field_name_history table...
2026-02-11 00:43:11 - backend.core.database.database - INFO - Migration v14: field_name_history table created
2026-02-11 00:43:11 - backend.core.database.database - INFO - Migration v14: indexes created
2026-02-11 00:43:11 - backend.core.database.database - INFO - Migration v14 completed: field name mappings support added
2026-02-11 00:43:11 - backend.core.database.database - INFO - Migration v15: Creating event_node_configs table...
2026-02-11 00:43:11 - backend.core.database.database - INFO - Migration v15: created event_node_configs table
2026-02-11 00:43:11 - backend.core.database.database - INFO - Migration v15: indexes created
2026-02-11 00:43:11 - backend.core.database.database - INFO - Migration v15 completed: event node builder support added
2026-02-11 00:43:11 - backend.core.database.database - INFO - Migration v16: Creating async_tasks table...
2026-02-11 00:43:11 - backend.core.database.database - INFO - Migration v16: Creating async_tasks table...
2026-02-11 00:43:11 - backend.core.database.database - INFO - Migration v16: async_tasks table created
2026-02-11 00:43:11 - backend.core.database.database - INFO - Migration v16: async_tasks indexes created
2026-02-11 00:43:11 - backend.core.database.database - INFO - Migration v16 completed: async task system support added
2026-02-11 00:43:11 - backend.core.database.database - INFO - Migration v17: Adding display_name column to common_params...
2026-02-11 00:43:11 - backend.core.database.database - INFO - Migration v17: display_name column added
2026-02-11 00:43:11 - backend.core.database.database - INFO - Migration v17 completed: common_params display_name support added
2026-02-11 00:43:11 - backend.core.database.database - INFO - Migration v18: Adding game_gid column to log_events...
2026-02-11 00:43:11 - backend.core.database.database - INFO - Migration v18: Adding game_gid column to log_events...
2026-02-11 00:43:11 - backend.core.database.database - INFO - Migration v18: Migrating existing data to game_gid...
2026-02-11 00:43:11 - backend.core.database.database - INFO - Migration v18: game_gid column added and data migrated
2026-02-11 00:43:11 - backend.core.database.database - INFO - Migration v18 completed: log_events game_gid support added
2026-02-11 00:43:11 - backend.core.database.database - INFO - Migration v19: Adding json_path column to event_params...
2026-02-11 00:43:11 - backend.core.database.database - INFO - Migration v19: Adding json_path column to event_params...
2026-02-11 00:43:11 - backend.core.database.database - INFO - Migration v19: json_path column added to event_params
2026-02-11 00:43:11 - backend.core.database.database - INFO - Migration v19 completed: event_params json_path support added
2026-02-11 00:43:11 - backend.core.database.database - INFO - Database migration completed successfully. Version: 19
2026-02-11 00:43:11 - backend.core.database.database - INFO - Database is up to date (version 19)
------------------------------ Captured log call -------------------------------
INFO     backend.core.database.database:database.py:1455 Database is empty, initializing...
INFO     backend.core.database.database:database.py:81 Creating hql_statements table...
INFO     backend.core.database.database:database.py:96 hql_statements table created successfully
INFO     backend.core.database.database:database.py:1466 Initialized database with 13 tables
INFO     backend.core.database.database:database.py:1478 Migrating database from version 0 to 19...
INFO     backend.core.database.database:database.py:1540 Migration v4: Adding icon_path column to games...
INFO     backend.core.database.database:database.py:1542 Migration v4 completed: icon_path column added to games
INFO     backend.core.database.database:database.py:1551 Migration v5: Adding is_user_edited column...
INFO     backend.core.database.database:database.py:1557 Migration v5: Adding edit_notes column...
INFO     backend.core.database.database:database.py:1561 Migration v5: Adding original_content column...
INFO     backend.core.database.database:database.py:1565 Migration v5 completed: edit tracking fields added to hql_statements
INFO     backend.core.database.database:database.py:1569 Migration v6: Starting parameter management refactoring...
INFO     backend.core.database.database:database.py:1588 Migration v6: param_templates table created
INFO     backend.core.database.database:database.py:1703 Migration v6: predefined type templates inserted
INFO     backend.core.database.database:database.py:1722 Migration v6: param_library table created
INFO     backend.core.database.database:database.py:1746 Migration v6: event_params table created
INFO     backend.core.database.database:database.py:1766 Migration v6: param_versions table created
INFO     backend.core.database.database:database.py:1783 Migration v6: param_configs table created
INFO     backend.core.database.database:database.py:1820 Migration v6: migrated 0 parameters from parameters table
INFO     backend.core.database.database:database.py:1842 Migration v6: extracted 0 common parameters to library
INFO     backend.core.database.database:database.py:1859 Migration v6: marked 0 parameters as from library
INFO     backend.core.database.database:database.py:1877 Migration v6: renamed old parameters table to parameters_old_v5
INFO     backend.core.database.database:database.py:1880 Migration v6 completed: parameter management refactoring finished
INFO     backend.core.database.database:database.py:1884 Migration v7: Starting parameter validation and batch operations...
INFO     backend.core.database.database:database.py:1900 Migration v7: created param_validation_rules table
INFO     backend.core.database.database:database.py:1919 Migration v7: created batch_import_records table
INFO     backend.core.database.database:database.py:1935 Migration v7: created batch_import_details table
INFO     backend.core.database.database:database.py:1946 Migration v7: created indexes for param_validation_rules
INFO     backend.core.database.database:database.py:1957 Migration v7: created indexes for batch_import tables
INFO     backend.core.database.database:database.py:1960 Migration v7 completed: validation rules and batch operations created
INFO     backend.core.database.database:database.py:1964 Migration v8: Starting parameter dependencies...
INFO     backend.core.database.database:database.py:1982 Migration v8: created param_dependencies table
INFO     backend.core.database.database:database.py:1997 Migration v8: created indexes for param_dependencies
INFO     backend.core.database.database:database.py:2000 Migration v8 completed: parameter dependencies created
INFO     backend.core.database.database:database.py:2004 Migration v9: Enhanced HQL generation features...
INFO     backend.core.database.database:database.py:2011 Migration v9: Adding join_type column to join_configs...
INFO     backend.core.database.database:database.py:2015 Migration v9: Adding where_conditions column to join_configs...
INFO     backend.core.database.database:database.py:2019 Migration v9: Adding field_mappings column to join_configs...
INFO     backend.core.database.database:database.py:2023 Migration v9: Adding description column to join_configs...
INFO     backend.core.database.database:database.py:2027 Migration v9: Adding game_id column to join_configs...
INFO     backend.core.database.database:database.py:2031 Migration v9: Migrating existing join_configs to new format...
INFO     backend.core.database.database:database.py:2046 Migration v9: Migrated 0 existing join_configs to new format
INFO     backend.core.database.database:database.py:2055 Migration v9: Creating hql_generation_templates table...
INFO     backend.core.database.database:database.py:2121 Migration v9: hql_generation_templates table created with default templates
INFO     backend.core.database.database:database.py:2130 Migration v9: Creating field_selection_presets table...
INFO     backend.core.database.database:database.py:2144 Migration v9: field_selection_presets table created
INFO     backend.core.database.database:database.py:2147 Migration v9: Creating indexes for enhanced HQL generation...
INFO     backend.core.database.database:database.py:2163 Migration v9: indexes created
INFO     backend.core.database.database:database.py:2166 Migration v9 completed: Enhanced HQL generation features added
INFO     backend.core.database.database:database.py:2170 Migration v10: Adding array parameter hierarchy support...
INFO     backend.core.database.database:database.py:2181 Migration v10: Adding child_params column to param_configs...
INFO     backend.core.database.database:database.py:2185 Migration v10: Adding array_element_structure column to param_configs...
INFO     backend.core.database.database:database.py:2192 Migration v10: param_configs table extended with hierarchy fields
INFO     backend.core.database.database:database.py:2195 Migration v10: Creating indexes for parameter hierarchy...
INFO     backend.core.database.database:database.py:2200 Migration v10: index idx_event_params_event_template created
INFO     backend.core.database.database:database.py:2203 Migration v10 completed: array parameter hierarchy support added
INFO     backend.core.database.database:database.py:2207 Migration v11: Adding field builder support...
INFO     backend.core.database.database:database.py:2214 Migration v11: Adding field_mapping_v2 column to join_configs...
INFO     backend.core.database.database:database.py:2216 Migration v11: field_mapping_v2 column added
INFO     backend.core.database.database:database.py:2223 Migration v11: Creating node_templates table...
INFO     backend.core.database.database:database.py:2236 Migration v11: node_templates table created
INFO     backend.core.database.database:database.py:2243 Migration v11: Creating flow_templates table...
INFO     backend.core.database.database:database.py:2256 Migration v11: flow_templates table created
INFO     backend.core.database.database:database.py:2259 Migration v11: Creating indexes for node and flow templates...
INFO     backend.core.database.database:database.py:2272 Migration v11: indexes created
INFO     backend.core.database.database:database.py:2279 Migration v11: field_mapping_v2 index created
INFO     backend.core.database.database:database.py:2282 Migration v11 completed: field builder support added
INFO     backend.core.database.database:database.py:2286 Migration v12: Adding flow_templates table...
INFO     backend.core.database.database:database.py:2296 Migration v12: flow_templates table exists, checking structure...
INFO     backend.core.database.database:database.py:2302 Migration v12: Adding game_id column...
INFO     backend.core.database.database:database.py:2306 Migration v12: game_id column added
INFO     backend.core.database.database:database.py:2309 Migration v12: Adding is_active column...
INFO     backend.core.database.database:database.py:2313 Migration v12: is_active column added
INFO     backend.core.database.database:database.py:2316 Migration v12: Adding version column...
INFO     backend.core.database.database:database.py:2320 Migration v12: version column added
INFO     backend.core.database.database:database.py:2326 Migration v12: Adding name column (alongside flow_name)...
INFO     backend.core.database.database:database.py:2329 Migration v12: name column added
INFO     backend.core.database.database:database.py:2357 Migration v12: game_id index created
INFO     backend.core.database.database:database.py:2366 Migration v12: updated_at index created
INFO     backend.core.database.database:database.py:2371 Migration v12 completed: flow templates support added
INFO     backend.core.database.database:database.py:2375 Migration v13: Adding event_nodes and parameter_aliases tables...
INFO     backend.core.database.database:database.py:2442 Migration v13: indexes created
INFO     backend.core.database.database:database.py:2447 Migration v13 completed: event nodes and parameter aliases support added
INFO     backend.core.database.database:database.py:2451 Migration v14: Adding field name mappings support...
INFO     backend.core.database.database:database.py:2458 Migration v14: Creating field_name_mappings table...
INFO     backend.core.database.database:database.py:2473 Migration v14: field_name_mappings table created
INFO     backend.core.database.database:database.py:2480 Migration v14: Creating field_name_history table...
INFO     backend.core.database.database:database.py:2490 Migration v14: field_name_history table created
INFO     backend.core.database.database:database.py:2506 Migration v14: indexes created
INFO     backend.core.database.database:database.py:2511 Migration v14 completed: field name mappings support added
INFO     backend.core.database.database:database.py:2515 Migration v15: Creating event_node_configs table...
INFO     backend.core.database.database:database.py:2533 Migration v15: created event_node_configs table
INFO     backend.core.database.database:database.py:2549 Migration v15: indexes created
INFO     backend.core.database.database:database.py:2554 Migration v15 completed: event node builder support added
INFO     backend.core.database.database:database.py:2558 Migration v16: Creating async_tasks table...
INFO     backend.core.database.database:database.py:2564 Migration v16: Creating async_tasks table...
INFO     backend.core.database.database:database.py:2580 Migration v16: async_tasks table created
INFO     backend.core.database.database:database.py:2596 Migration v16: async_tasks indexes created
INFO     backend.core.database.database:database.py:2601 Migration v16 completed: async task system support added
INFO     backend.core.database.database:database.py:2605 Migration v17: Adding display_name column to common_params...
INFO     backend.core.database.database:database.py:2619 Migration v17: display_name column added
INFO     backend.core.database.database:database.py:2626 Migration v17 completed: common_params display_name support added
INFO     backend.core.database.database:database.py:2630 Migration v18: Adding game_gid column to log_events...
INFO     backend.core.database.database:database.py:2637 Migration v18: Adding game_gid column to log_events...
INFO     backend.core.database.database:database.py:2641 Migration v18: Migrating existing data to game_gid...
INFO     backend.core.database.database:database.py:2657 Migration v18: game_gid column added and data migrated
INFO     backend.core.database.database:database.py:2665 Migration v18 completed: log_events game_gid support added
INFO     backend.core.database.database:database.py:2669 Migration v19: Adding json_path column to event_params...
INFO     backend.core.database.database:database.py:2676 Migration v19: Adding json_path column to event_params...
INFO     backend.core.database.database:database.py:2685 Migration v19: json_path column added to event_params
INFO     backend.core.database.database:database.py:2693 Migration v19 completed: event_params json_path support added
INFO     backend.core.database.database:database.py:2698 Database migration completed successfully. Version: 19
INFO     backend.core.database.database:database.py:1474 Database is up to date (version 19)
________ TestAggregateSQLPerformance.test_multiple_aggregate_functions _________
test/unit/backend_tests/test_performance_benchmark.py:277: in test_multiple_aggregate_functions
    assert variance < 20, f" {variance:.2f}%  20%"
E   AssertionError:  1217.65%  20%
E   assert 1217.6470588235295 < 20
----------------------------- Captured stdout call -----------------------------

============================================================

============================================================
COUNT               : 0.0017ms
SUM                 : 0.0224ms
AVG                 : 0.0018ms
MIN                 : 0.0018ms
MAX                 : 0.0037ms
COUNT_DISTINCT      : 0.0018ms

: 1217.65%
_______ TestGraphTraversalPerformance.test_find_isolated_nodes_100_nodes _______
test/unit/backend_tests/test_performance_benchmark.py:307: in test_find_isolated_nodes_100_nodes
    assert stats['avg_ms'] < 5.0, f" {stats['avg_ms']}ms  5.0ms"
E   AssertionError:  5.1173ms  5.0ms
E   assert 5.1173 < 5.0
----------------------------- Captured stdout call -----------------------------

============================================================
find_isolated_nodes() - 100100
============================================================
: 1.3549ms
: 37.2323ms
: 5.1173ms
: 2.8110ms
: 6.4706ms
: 511.7313ms
_____ TestBusinessProcessPerformance.test_event_creation_with_common_utils _____
test/unit/backend_tests/test_performance_benchmark.py:381: in test_event_creation_with_common_utils
    stats = benchmark.run(event_creation_flow, iterations=100)
            ^^^^^^^^^^^^^^^^^^^^^^^^^^^^^^^^^^^^^^^^^^^^^^^^^^
test/unit/backend_tests/test_performance_benchmark.py:92: in run
    func(**kwargs)
test/unit/backend_tests/test_performance_benchmark.py:374: in event_creation_flow
    list_fields = parse_form_list_fields(['param_name', 'param_type'])
                  ^^^^^^^^^^^^^^^^^^^^^^^^^^^^^^^^^^^^^^^^^^^^^^^^^^^^
backend/core/common.py:118: in parse_form_list_fields
    values = request.form.getlist(f"{field_name}[]")
             ^^^^^^^^^^^^^^^^^^^^
E   AttributeError: 'dict' object has no attribute 'getlist'
_______________ TestCachePerformance.test_cache_hit_performance ________________
test/unit/backend_tests/test_performance_benchmark.py:540: in test_cache_hit_performance
    assert speedup >= 10, f" {speedup:.2f}x  10x"
E   AssertionError:  1.00x  10x
E   assert 1.0 >= 10
----------------------------- Captured stdout call -----------------------------

============================================================

============================================================
: 0.0011ms ()
:   0.0011ms ()
:     1.00x
______________ TestCachePerformance.test_lru_eviction_performance ______________
test/unit/backend_tests/test_performance_benchmark.py:576: in test_lru_eviction_performance
    assert stability_ratio < 20, f"/ = {stability_ratio:.2f}%  20%"
E   AssertionError: / = 460.30%  20%
E   assert 460.2964531498147 < 20
----------------------------- Captured stdout call -----------------------------

============================================================
LRU - 100
============================================================
: 0.1956ms
: 35.1383ms
: 0.7556ms
: 0.3640ms
: 3.4780ms
_____________ TestEnvironmentFiles.test_env_test_file_should_exist _____________
test/unit/backend_tests/unit/test_environment_config.py:137: in test_env_test_file_should_exist
    assert env_test.exists(), ".env.test file not found"
E   AssertionError: .env.test file not found
E   assert False
E    +  where False = exists()
E    +    where exists = PosixPath('/Users/mckenzie/Documents/event2table/.env.test').exists
_________ TestEnvironmentFiles.test_env_development_file_should_exist __________
test/unit/backend_tests/unit/test_environment_config.py:144: in test_env_development_file_should_exist
    assert env_dev.exists(), ".env.development file not found"
E   AssertionError: .env.development file not found
E   assert False
E    +  where False = exists()
E    +    where exists = PosixPath('/Users/mckenzie/Documents/event2table/.env.development').exists
__________ TestEnvironmentFiles.test_env_production_file_should_exist __________
test/unit/backend_tests/unit/test_environment_config.py:151: in test_env_production_file_should_exist
    assert env_prod.exists(), ".env.production file not found"
E   AssertionError: .env.production file not found
E   assert False
E    +  where False = exists()
E    +    where exists = PosixPath('/Users/mckenzie/Documents/event2table/.env.production').exists
=========================== short test summary info ============================
FAILED test/unit/backend_tests/test_api_comprehensive.py::TestGamesAPI::test_03_create_game_duplicate_gid - AssertionError: 200 != 409
FAILED test/unit/backend_tests/test_api_comprehensive.py::TestCommonParamsAPI::test_01_get_common_params - AssertionError: 404 not found in [200, 302]
FAILED test/unit/backend_tests/test_api_comprehensive.py::TestBulkOperationsAPI::test_01_bulk_delete_events - AssertionError: 404 != 200 : Expected 200, got 404
FAILED test/unit/backend_tests/test_api_comprehensive.py::TestBulkOperationsAPI::test_02_bulk_update_category - AssertionError: 404 != 200 : Expected 200, got 404
FAILED test/unit/backend_tests/test_api_comprehensive.py::TestBulkOperationsAPI::test_03_bulk_toggle_common_params - AssertionError: 404 != 200 : Expected 200, got 404
FAILED test/unit/backend_tests/test_api_comprehensive.py::TestBulkOperationsAPI::test_04_bulk_export_events - AssertionError: 404 != 200 : Expected 200, got 404
FAILED test/unit/backend_tests/test_api_comprehensive.py::TestBulkOperationsAPI::test_05_bulk_validate_parameters - AssertionError: 404 != 200 : Expected 200, got 404
FAILED test/unit/backend_tests/test_canvas_processor.py::TestGenerateMockResults::test_generate_mock_results_empty_fields - assert 3 == 0
FAILED test/unit/backend_tests/test_canvas_processor.py::TestCanvasValidationEndpoint::test_validate_flow_success - AttributeError: module 'backend.services' has no attribute 'node'
FAILED test/unit/backend_tests/test_canvas_processor.py::TestCanvasValidationEndpoint::test_validate_flow_with_connections - AttributeError: module 'backend.services' has no attribute 'node'
FAILED test/unit/backend_tests/test_canvas_processor.py::TestCanvasValidationEndpoint::test_validate_flow_missing_body - AttributeError: module 'backend.services' has no attribute 'node'
FAILED test/unit/backend_tests/test_canvas_processor.py::TestCanvasValidationEndpoint::test_validate_flow_with_errors - AttributeError: module 'backend.services' has no attribute 'node'
FAILED test/unit/backend_tests/test_canvas_processor.py::TestCanvasValidationEndpoint::test_validate_flow_exception_handling - AttributeError: module 'backend.services' has no attribute 'node'
FAILED test/unit/backend_tests/test_canvas_processor.py::TestCanvasPrepareGeneration::test_prepare_generation_success - AttributeError: module 'backend.services' has no attribute 'node'
FAILED test/unit/backend_tests/test_canvas_processor.py::TestCanvasPrepareGeneration::test_prepare_generation_missing_body - AttributeError: module 'backend.services' has no attribute 'node'
FAILED test/unit/backend_tests/test_canvas_processor.py::TestCanvasPrepareGeneration::test_prepare_generation_failure - AttributeError: module 'backend.services' has no attribute 'node'
FAILED test/unit/backend_tests/test_canvas_processor.py::TestCanvasPrepareGeneration::test_prepare_generation_exception_handling - AttributeError: module 'backend.services' has no attribute 'node'
FAILED test/unit/backend_tests/test_canvas_processor.py::TestCanvasPreviewResults::test_preview_results_success - AttributeError: module 'backend.services' has no attribute 'node'
FAILED test/unit/backend_tests/test_canvas_processor.py::TestCanvasPreviewResults::test_preview_results_missing_body - AttributeError: module 'backend.services' has no attribute 'node'
FAILED test/unit/backend_tests/test_canvas_processor.py::TestCanvasPreviewResults::test_preview_results_empty_sql - AttributeError: module 'backend.services' has no attribute 'node'
FAILED test/unit/backend_tests/test_canvas_processor.py::TestCanvasPreviewResults::test_preview_results_custom_limit - AttributeError: module 'backend.services' has no attribute 'node'
FAILED test/unit/backend_tests/test_canvas_processor.py::TestCanvasPreviewResults::test_preview_results_exception_handling - AttributeError: module 'backend.services' has no attribute 'node'
FAILED test/unit/backend_tests/test_canvas_processor.py::TestCanvasNodeCanvasRoute::test_node_canvas_with_game_gid - AttributeError: module 'backend.services' has no attribute 'node'
FAILED test/unit/backend_tests/test_canvas_processor.py::TestCanvasNodeCanvasRoute::test_node_canvas_without_game_gid - AttributeError: module 'backend.services' has no attribute 'node'
FAILED test/unit/backend_tests/test_canvas_processor.py::TestCanvasNodeCanvasRoute::test_node_canvas_with_invalid_game_gid - AttributeError: module 'backend.services' has no attribute 'node'
FAILED test/unit/backend_tests/test_canvas_processor.py::TestCanvasNodeCanvasRoute::test_node_canvas_sets_session - AttributeError: module 'backend.services' has no attribute 'node'
FAILED test/unit/backend_tests/test_canvas_processor.py::TestCanvasBackwardCompatibility::test_game_id_to_game_gid_redirect - AttributeError: module 'backend.services' has no attribute 'node'
FAILED test/unit/backend_tests/test_canvas_processor.py::TestCanvasBackwardCompatibility::test_validate_flow_accepts_connections - AttributeError: module 'backend.services' has no attribute 'node'
FAILED test/unit/backend_tests/test_context_manager.py::TestCategorizeObservations::test_categorize_backend_observation - ModuleNotFoundError: No module named 'backend.core.context_manager'
FAILED test/unit/backend_tests/test_context_manager.py::TestCategorizeObservations::test_categorize_frontend_observation - ModuleNotFoundError: No module named 'backend.core.context_manager'
FAILED test/unit/backend_tests/test_context_manager.py::TestCategorizeObservations::test_categorize_testing_observation - ModuleNotFoundError: No module named 'backend.core.context_manager'
FAILED test/unit/backend_tests/test_context_manager.py::TestCategorizeObservations::test_categorize_docs_observation - ModuleNotFoundError: No module named 'backend.core.context_manager'
FAILED test/unit/backend_tests/test_context_manager.py::TestCategorizeObservations::test_categorize_general_observation - ModuleNotFoundError: No module named 'backend.core.context_manager'
FAILED test/unit/backend_tests/test_context_manager.py::TestCategorizeObservations::test_categorize_mixed_files_backend_dominant - ModuleNotFoundError: No module named 'backend.core.context_manager'
FAILED test/unit/backend_tests/test_context_manager.py::TestCategorizeObservations::test_categorize_considers_both_modified_and_read - ModuleNotFoundError: No module named 'backend.core.context_manager'
FAILED test/unit/backend_tests/test_context_manager.py::TestCategorizeObservations::test_categorize_handles_missing_fields_gracefully - ModuleNotFoundError: No module named 'backend.core.context_manager'
FAILED test/unit/backend_tests/test_context_manager.py::TestMarkdownGeneration::test_generate_backend_context_file_structure - ModuleNotFoundError: No module named 'backend.core.context_manager'
FAILED test/unit/backend_tests/test_context_manager.py::TestMarkdownGeneration::test_markdown_includes_observation_summary_table - ModuleNotFoundError: No module named 'backend.core.context_manager'
FAILED test/unit/backend_tests/test_context_manager.py::TestMarkdownGeneration::test_markdown_sorts_observations_by_time_descending - ModuleNotFoundError: No module named 'backend.core.context_manager'
FAILED test/unit/backend_tests/test_context_manager.py::TestMarkdownGeneration::test_markdown_includes_type_emoji_mapping - ModuleNotFoundError: No module named 'backend.core.context_manager'
FAILED test/unit/backend_tests/test_context_manager.py::TestMarkdownGeneration::test_markdown_limits_file_list_in_summary - ModuleNotFoundError: No module named 'backend.core.context_manager'
FAILED test/unit/backend_tests/test_context_manager.py::TestMarkdownGeneration::test_markdown_includes_metadata_header - ModuleNotFoundError: No module named 'backend.core.context_manager'
FAILED test/unit/backend_tests/test_context_manager.py::TestMCPIntegration::test_fetch_recent_observations_calls_search - ModuleNotFoundError: No module named 'backend.core.context_manager'
FAILED test/unit/backend_tests/test_context_manager.py::TestMCPIntegration::test_fetch_observation_details_by_ids - ModuleNotFoundError: No module named 'backend.core.context_manager'
FAILED test/unit/backend_tests/test_context_manager.py::TestMCPIntegration::test_context_manager_full_workflow - ModuleNotFoundError: No module named 'backend.core.context_manager'
FAILED test/unit/backend_tests/test_migrations.py::TestDatabaseMigrations::test_migration_from_v0_to_v18 - AssertionError: 19 != 18 : Database should be at version 18
FAILED test/unit/backend_tests/test_migrations.py::TestDatabaseMigrations::test_migration_is_idempotent - AssertionError: 19 != 18 : Database should remain at version 18
FAILED test/unit/backend_tests/test_performance_benchmark.py::TestAggregateSQLPerformance::test_multiple_aggregate_functions - AssertionError:  1217.65%  20%
assert 1217.6470588235295 < 20
FAILED test/unit/backend_tests/test_performance_benchmark.py::TestGraphTraversalPerformance::test_find_isolated_nodes_100_nodes - AssertionError:  5.1173ms  5.0ms
assert 5.1173 < 5.0
FAILED test/unit/backend_tests/test_performance_benchmark.py::TestBusinessProcessPerformance::test_event_creation_with_common_utils - AttributeError: 'dict' object has no attribute 'getlist'
FAILED test/unit/backend_tests/test_performance_benchmark.py::TestCachePerformance::test_cache_hit_performance - AssertionError:  1.00x  10x
assert 1.0 >= 10
FAILED test/unit/backend_tests/test_performance_benchmark.py::TestCachePerformance::test_lru_eviction_performance - AssertionError: / = 460.30%  20%
assert 460.2964531498147 < 20
FAILED test/unit/backend_tests/unit/test_environment_config.py::TestEnvironmentFiles::test_env_test_file_should_exist - AssertionError: .env.test file not found
assert False
 +  where False = exists()
 +    where exists = PosixPath('/Users/mckenzie/Documents/event2table/.env.test').exists
FAILED test/unit/backend_tests/unit/test_environment_config.py::TestEnvironmentFiles::test_env_development_file_should_exist - AssertionError: .env.development file not found
assert False
 +  where False = exists()
 +    where exists = PosixPath('/Users/mckenzie/Documents/event2table/.env.development').exists
FAILED test/unit/backend_tests/unit/test_environment_config.py::TestEnvironmentFiles::test_env_production_file_should_exist - AssertionError: .env.production file not found
assert False
 +  where False = exists()
 +    where exists = PosixPath('/Users/mckenzie/Documents/event2table/.env.production').exists
ERROR test/unit/backend_tests/integration/test_api_categories.py::TestCategoriesAPIList::test_list_categories_success - ModuleNotFoundError: No module named 'backend.services.categories'
ERROR test/unit/backend_tests/integration/test_api_categories.py::TestCategoriesAPICreate::test_create_category_missing_name - ModuleNotFoundError: No module named 'backend.services.categories'
ERROR test/unit/backend_tests/integration/test_api_categories.py::TestCategoriesAPIGet::test_get_category_not_found - ModuleNotFoundError: No module named 'backend.services.categories'
ERROR test/unit/backend_tests/integration/test_api_events.py::TestEventsAPIList::test_list_events_requires_game_gid - ModuleNotFoundError: No module named 'backend.services.categories'
ERROR test/unit/backend_tests/integration/test_api_events.py::TestEventsAPIList::test_list_events_with_game_gid - ModuleNotFoundError: No module named 'backend.services.categories'
ERROR test/unit/backend_tests/integration/test_api_events.py::TestEventsAPICreate::test_create_event_missing_fields - ModuleNotFoundError: No module named 'backend.services.categories'
ERROR test/unit/backend_tests/integration/test_api_events.py::TestEventsAPIGet::test_get_event_not_found - ModuleNotFoundError: No module named 'backend.services.categories'
ERROR test/unit/backend_tests/integration/test_api_games.py::TestGamesAPIList::test_list_games_success - ModuleNotFoundError: No module named 'backend.services.categories'
ERROR test/unit/backend_tests/integration/test_api_games.py::TestGamesAPIList::test_list_games_includes_statistics - ModuleNotFoundError: No module named 'backend.services.categories'
ERROR test/unit/backend_tests/integration/test_api_games.py::TestGamesAPICreate::test_create_game_missing_fields - ModuleNotFoundError: No module named 'backend.services.categories'
ERROR test/unit/backend_tests/integration/test_api_games.py::TestGamesAPICreate::test_create_game_invalid_gid - ModuleNotFoundError: No module named 'backend.services.categories'
ERROR test/unit/backend_tests/integration/test_api_games.py::TestGamesAPICreate::test_create_game_empty_ods_db - ModuleNotFoundError: No module named 'backend.services.categories'
ERROR test/unit/backend_tests/integration/test_api_games.py::TestGamesAPIGet::test_get_game_success - ModuleNotFoundError: No module named 'backend.services.categories'
ERROR test/unit/backend_tests/integration/test_api_games.py::TestGamesAPIGet::test_get_game_not_found - ModuleNotFoundError: No module named 'backend.services.categories'
ERROR test/unit/backend_tests/test_hql_preview_api.py::test_hql_preview_contains_partition_filter - ModuleNotFoundError: No module named 'backend.services.categories'
ERROR test/unit/backend_tests/test_hql_preview_api.py::test_hql_preview_uses_correct_table_name - ModuleNotFoundError: No module named 'backend.services.categories'
ERROR test/unit/backend_tests/test_hql_preview_api.py::test_hql_preview_uses_event_not_event_name - ModuleNotFoundError: No module named 'backend.services.categories'
ERROR test/unit/backend_tests/test_hql_preview_api.py::test_hql_preview_supports_param_fields - ModuleNotFoundError: No module named 'backend.services.categories'
ERROR test/unit/backend_tests/test_hql_preview_v2_api.py::TestHQLPreviewV2API::test_generate_endpoint_basic - ModuleNotFoundError: No module named 'backend.services.categories'
ERROR test/unit/backend_tests/test_hql_preview_v2_api.py::TestHQLPreviewV2API::test_generate_endpoint_missing_events - ModuleNotFoundError: No module named 'backend.services.categories'
ERROR test/unit/backend_tests/test_hql_preview_v2_api.py::TestHQLPreviewV2API::test_generate_endpoint_missing_fields - ModuleNotFoundError: No module named 'backend.services.categories'
ERROR test/unit/backend_tests/test_hql_preview_v2_api.py::TestHQLPreviewV2APIDebug::test_generate_debug_endpoint - ModuleNotFoundError: No module named 'backend.services.categories'
ERROR test/unit/backend_tests/test_hql_preview_v2_api.py::TestHQLPreviewV2APIValidate::test_validate_valid_hql - ModuleNotFoundError: No module named 'backend.services.categories'
ERROR test/unit/backend_tests/test_hql_preview_v2_api.py::TestHQLPreviewV2APIValidate::test_validate_missing_select - ModuleNotFoundError: No module named 'backend.services.categories'
ERROR test/unit/backend_tests/test_hql_preview_v2_api.py::TestHQLPreviewV2APIValidate::test_validate_missing_partition_filter - ModuleNotFoundError: No module named 'backend.services.categories'
ERROR test/unit/backend_tests/test_hql_preview_v2_api.py::TestHQLPreviewV2APIValidate::test_validate_unmatched_parentheses - ModuleNotFoundError: No module named 'backend.services.categories'
ERROR test/unit/backend_tests/test_hql_preview_v2_api.py::TestHQLPreviewV2APIValidate::test_validate_select_star_warning - ModuleNotFoundError: No module named 'backend.services.categories'
ERROR test/unit/backend_tests/test_hql_preview_v2_api.py::TestHQLPreviewV2APIValidate::test_validate_missing_hql_parameter - ModuleNotFoundError: No module named 'backend.services.categories'
ERROR test/unit/backend_tests/test_hql_preview_v2_api.py::TestHQLPreviewV2APIValidate::test_validate_empty_hql - ModuleNotFoundError: No module named 'backend.services.categories'
ERROR test/unit/backend_tests/test_hql_preview_v2_api.py::TestHQLPreviewV2APIValidate::test_validate_missing_from - ModuleNotFoundError: No module named 'backend.services.categories'
ERROR test/unit/backend_tests/test_hql_preview_v2_api.py::TestHQLPreviewV2APIRecommend::test_recommend_fields_all - ModuleNotFoundError: No module named 'backend.services.categories'
ERROR test/unit/backend_tests/test_hql_preview_v2_api.py::TestHQLPreviewV2APIRecommend::test_recommend_fields_partial - ModuleNotFoundError: No module named 'backend.services.categories'
ERROR test/unit/backend_tests/test_hql_preview_v2_api.py::TestHQLPreviewV2APIStatus::test_api_status - ModuleNotFoundError: No module named 'backend.services.categories'
ERROR test/unit/backend_tests/test_hql_preview_v2_api.py::TestHQLPreviewV2APIIncremental::test_incremental_generate_first_time - ModuleNotFoundError: No module named 'backend.services.categories'
ERROR test/unit/backend_tests/test_hql_preview_v2_api.py::TestHQLPreviewV2APIIncremental::test_incremental_generate_with_previous_hql - ModuleNotFoundError: No module named 'backend.services.categories'
ERROR test/unit/backend_tests/test_hql_preview_v2_api.py::TestHQLPreviewV2APIIncremental::test_incremental_generate_missing_events - ModuleNotFoundError: No module named 'backend.services.categories'
ERROR test/unit/backend_tests/test_hql_preview_v2_api.py::TestHQLPreviewV2APIIncremental::test_incremental_generate_missing_fields - ModuleNotFoundError: No module named 'backend.services.categories'
ERROR test/unit/backend_tests/test_hql_preview_v2_api.py::TestHQLPreviewV2APIIncremental::test_incremental_generate_with_field_changes - ModuleNotFoundError: No module named 'backend.services.categories'
ERROR test/unit/backend_tests/test_hql_preview_v2_api.py::TestHQLPreviewV2APIIncremental::test_incremental_generate_performance_tracking - ModuleNotFoundError: No module named 'backend.services.categories'
ERROR test/unit/backend_tests/test_hql_v1_v2_comparison.py::TestHQLV1V2Comparison::test_single_event_output_consistency - ModuleNotFoundError: No module named 'backend.services.categories'
ERROR test/unit/backend_tests/test_hql_v1_v2_comparison.py::TestHQLV1V2Comparison::test_param_fields_consistency - ModuleNotFoundError: No module named 'backend.services.categories'
ERROR test/unit/backend_tests/test_hql_v1_v2_comparison.py::TestHQLV1V2Comparison::test_where_conditions_consistency - ModuleNotFoundError: No module named 'backend.services.categories'
ERROR test/unit/backend_tests/test_hql_v1_v2_comparison.py::TestHQLV1V2Comparison::test_performance_not_regressed - ModuleNotFoundError: No module named 'backend.services.categories'
ERROR test/unit/backend_tests/test_hql_v1_v2_comparison.py::TestHQLV1V2Comparison::test_table_name_format_consistency - ModuleNotFoundError: No module named 'backend.services.categories'
ERROR test/unit/backend_tests/test_hql_v1_v2_comparison.py::TestHQLV1V2Comparison::test_partition_filter_consistency - ModuleNotFoundError: No module named 'backend.services.categories'
ERROR test/unit/backend_tests/test_hql_v1_v2_comparison.py::TestHQLV1V2Comparison::test_error_handling_consistency - ModuleNotFoundError: No module named 'backend.services.categories'
ERROR test/unit/backend_tests/test_hql_v1_v2_comparison.py::TestHQLV2PerformanceAnalysis::test_analyze_simple_hql - ModuleNotFoundError: No module named 'backend.services.categories'
ERROR test/unit/backend_tests/test_hql_v1_v2_comparison.py::TestHQLV2PerformanceAnalysis::test_analyze_select_star_hql - ModuleNotFoundError: No module named 'backend.services.categories'
ERROR test/unit/backend_tests/test_hql_v1_v2_comparison.py::TestHQLV2PerformanceAnalysis::test_analyze_missing_partition_filter - ModuleNotFoundError: No module named 'backend.services.categories'
ERROR test/unit/backend_tests/test_hql_v1_v2_comparison.py::TestHQLV2PerformanceAnalysis::test_analyze_complex_join_hql - ModuleNotFoundError: No module named 'backend.services.categories'
ERROR test/unit/backend_tests/test_hql_v1_v2_comparison.py::TestHQLV2PerformanceAnalysis::test_analyze_missing_hql - ModuleNotFoundError: No module named 'backend.services.categories'
ERROR test/unit/backend_tests/test_hql_v1_v2_comparison.py::TestHQLV2PerformanceAnalysis::test_analyze_empty_hql - ModuleNotFoundError: No module named 'backend.services.categories'
ERROR test/unit/backend_tests/test_hql_v1_v2_comparison.py::TestHQLV2PerformanceAnalysis::test_analyze_returns_optimization_suggestions - ModuleNotFoundError: No module named 'backend.services.categories'
ERROR test/unit/backend_tests/test_hql_v1_v2_comparison.py::TestHQLV2PerformanceAnalysis::test_performance_summary - ModuleNotFoundError: No module named 'backend.services.categories'
ERROR test/unit/backend_tests/test_hql_v2_cache_performance.py::TestHQLV2CachePerformance::test_cache_hit_on_second_request - ModuleNotFoundError: No module named 'backend.services.categories'
ERROR test/unit/backend_tests/test_hql_v2_cache_performance.py::TestHQLV2CachePerformance::test_cache_miss_on_different_config - ModuleNotFoundError: No module named 'backend.services.categories'
ERROR test/unit/backend_tests/test_hql_v2_cache_performance.py::TestHQLV2CachePerformance::test_cache_stats_api - ModuleNotFoundError: No module named 'backend.services.categories'
ERROR test/unit/backend_tests/test_hql_v2_cache_performance.py::TestHQLV2CachePerformance::test_cache_clear_api - ModuleNotFoundError: No module named 'backend.services.categories'
ERROR test/unit/backend_tests/test_hql_v2_cache_performance.py::TestHQLV2CachePerformance::test_performance_with_included_options - ModuleNotFoundError: No module named 'backend.services.categories'
ERROR test/unit/backend_tests/test_hql_v2_cache_performance.py::TestHQLV2CachePerformance::test_cache_includes_performance_data - ModuleNotFoundError: No module named 'backend.services.categories'
ERROR test/unit/backend_tests/test_param_library_api.py::test_check_param_library_existing_parameter - ModuleNotFoundError: No module named 'backend.services.categories'
ERROR test/unit/backend_tests/test_param_library_api.py::test_check_param_library_nonexistent_parameter - ModuleNotFoundError: No module named 'backend.services.categories'
ERROR test/unit/backend_tests/test_param_library_api.py::test_check_param_library_missing_params - ModuleNotFoundError: No module named 'backend.services.categories'
ERROR test/unit/backend_tests/test_param_library_api.py::test_check_param_library_missing_template_id - ModuleNotFoundError: No module named 'backend.services.categories'
ERROR test/unit/backend_tests/test_param_library_api.py::test_link_to_library_success - ModuleNotFoundError: No module named 'backend.services.categories'
ERROR test/unit/backend_tests/test_param_library_api.py::test_batch_check_param_library - ModuleNotFoundError: No module named 'backend.services.categories'
ERROR test/unit/backend_tests/test_parameters_api_game_gid.py::test_parameters_all_uses_game_gid - ModuleNotFoundError: No module named 'backend.services.categories'
ERROR test/unit/backend_tests/test_parameters_api_game_gid.py::test_parameter_details_uses_game_gid - ModuleNotFoundError: No module named 'backend.services.categories'
ERROR test/unit/backend_tests/test_parameters_api_game_gid.py::test_parameter_stats_uses_game_gid - ModuleNotFoundError: No module named 'backend.services.categories'
ERROR test/unit/backend_tests/test_parameters_api_game_gid.py::test_parameter_search_uses_game_gid - ModuleNotFoundError: No module named 'backend.services.categories'
ERROR test/unit/backend_tests/test_parameters_api_game_gid.py::test_common_parameters_uses_game_gid - ModuleNotFoundError: No module named 'backend.services.categories'
ERROR test/unit/backend_tests/test_parameters_api_game_gid.py::test_parameter_validate_uses_game_gid - ModuleNotFoundError: No module named 'backend.services.categories'
ERROR test/unit/backend_tests/unit/test_core_utils.py::TestJSONResponses::test_json_success_response - ModuleNotFoundError: No module named 'backend.services.categories'
ERROR test/unit/backend_tests/unit/test_core_utils.py::TestJSONResponses::test_json_error_response - ModuleNotFoundError: No module named 'backend.services.categories'
ERROR test/unit/backend_tests/unit/test_core_utils.py::TestJSONResponses::test_json_error_response_with_code - ModuleNotFoundError: No module named 'backend.services.categories'
====== 55 failed, 315 passed, 5 skipped, 8 warnings, 75 errors in 52.96s =======
