============================= test session starts ==============================
platform darwin -- Python 3.14.2, pytest-9.0.2, pluggy-1.6.0 -- /usr/local/opt/python@3.14/bin/python3.14
cachedir: .pytest_cache
rootdir: /Users/mckenzie/Documents/event2table
configfile: pytest.ini
plugins: mock-3.15.1, flask-1.3.0, cov-7.0.0
collecting ... collected 450 items / 14 errors

==================================== ERRORS ====================================
_ ERROR collecting test/unit/backend_tests/diagnostics/archive/test_canvas_nodes.py _
ImportError while importing test module '/Users/mckenzie/Documents/event2table/test/unit/backend_tests/diagnostics/archive/test_canvas_nodes.py'.
Hint: make sure your test modules/packages have valid Python names.
Traceback:
/usr/local/lib/python3.14/site-packages/_pytest/python.py:507: in importtestmodule
    mod = import_path(
/usr/local/lib/python3.14/site-packages/_pytest/pathlib.py:587: in import_path
    importlib.import_module(module_name)
/usr/local/Cellar/python@3.14/3.14.2/Frameworks/Python.framework/Versions/3.14/lib/python3.14/importlib/__init__.py:88: in import_module
    return _bootstrap._gcd_import(name[level:], package, level)
           ^^^^^^^^^^^^^^^^^^^^^^^^^^^^^^^^^^^^^^^^^^^^^^^^^^^^
<frozen importlib._bootstrap>:1398: in _gcd_import
    ???
<frozen importlib._bootstrap>:1371: in _find_and_load
    ???
<frozen importlib._bootstrap>:1342: in _find_and_load_unlocked
    ???
<frozen importlib._bootstrap>:938: in _load_unlocked
    ???
/usr/local/lib/python3.14/site-packages/_pytest/assertion/rewrite.py:197: in exec_module
    exec(co, module.__dict__)
test/unit/backend_tests/diagnostics/archive/test_canvas_nodes.py:13: in <module>
    from backend.services.flows import generate_hql_from_graph
E   ModuleNotFoundError: No module named 'backend.services.flows'
------------------------------- Captured stdout --------------------------------
Root conftest: Added /Users/mckenzie/Documents/event2table to sys.path
_ ERROR collecting test/unit/backend_tests/diagnostics/archive/test_event_nodes_complete.py _
ImportError while importing test module '/Users/mckenzie/Documents/event2table/test/unit/backend_tests/diagnostics/archive/test_event_nodes_complete.py'.
Hint: make sure your test modules/packages have valid Python names.
Traceback:
/usr/local/lib/python3.14/site-packages/_pytest/python.py:507: in importtestmodule
    mod = import_path(
/usr/local/lib/python3.14/site-packages/_pytest/pathlib.py:587: in import_path
    importlib.import_module(module_name)
/usr/local/Cellar/python@3.14/3.14.2/Frameworks/Python.framework/Versions/3.14/lib/python3.14/importlib/__init__.py:88: in import_module
    return _bootstrap._gcd_import(name[level:], package, level)
           ^^^^^^^^^^^^^^^^^^^^^^^^^^^^^^^^^^^^^^^^^^^^^^^^^^^^
<frozen importlib._bootstrap>:1398: in _gcd_import
    ???
<frozen importlib._bootstrap>:1371: in _find_and_load
    ???
<frozen importlib._bootstrap>:1342: in _find_and_load_unlocked
    ???
<frozen importlib._bootstrap>:938: in _load_unlocked
    ???
/usr/local/lib/python3.14/site-packages/_pytest/assertion/rewrite.py:197: in exec_module
    exec(co, module.__dict__)
test/unit/backend_tests/diagnostics/archive/test_event_nodes_complete.py:21: in <module>
    from playwright.sync_api import sync_playwright, expect
E   ModuleNotFoundError: No module named 'playwright'
_ ERROR collecting test/unit/backend_tests/diagnostics/archive/test_join_fix.py _
ImportError while importing test module '/Users/mckenzie/Documents/event2table/test/unit/backend_tests/diagnostics/archive/test_join_fix.py'.
Hint: make sure your test modules/packages have valid Python names.
Traceback:
/usr/local/lib/python3.14/site-packages/_pytest/python.py:507: in importtestmodule
    mod = import_path(
/usr/local/lib/python3.14/site-packages/_pytest/pathlib.py:587: in import_path
    importlib.import_module(module_name)
/usr/local/Cellar/python@3.14/3.14.2/Frameworks/Python.framework/Versions/3.14/lib/python3.14/importlib/__init__.py:88: in import_module
    return _bootstrap._gcd_import(name[level:], package, level)
           ^^^^^^^^^^^^^^^^^^^^^^^^^^^^^^^^^^^^^^^^^^^^^^^^^^^^
<frozen importlib._bootstrap>:1398: in _gcd_import
    ???
<frozen importlib._bootstrap>:1371: in _find_and_load
    ???
<frozen importlib._bootstrap>:1342: in _find_and_load_unlocked
    ???
<frozen importlib._bootstrap>:938: in _load_unlocked
    ???
/usr/local/lib/python3.14/site-packages/_pytest/assertion/rewrite.py:197: in exec_module
    exec(co, module.__dict__)
test/unit/backend_tests/diagnostics/archive/test_join_fix.py:20: in <module>
    from backend.services.flows import generate_hql_from_graph
E   ModuleNotFoundError: No module named 'backend.services.flows'
_ ERROR collecting test/unit/backend_tests/diagnostics/archive/test_join_hql.py _
ImportError while importing test module '/Users/mckenzie/Documents/event2table/test/unit/backend_tests/diagnostics/archive/test_join_hql.py'.
Hint: make sure your test modules/packages have valid Python names.
Traceback:
/usr/local/lib/python3.14/site-packages/_pytest/python.py:507: in importtestmodule
    mod = import_path(
/usr/local/lib/python3.14/site-packages/_pytest/pathlib.py:587: in import_path
    importlib.import_module(module_name)
/usr/local/Cellar/python@3.14/3.14.2/Frameworks/Python.framework/Versions/3.14/lib/python3.14/importlib/__init__.py:88: in import_module
    return _bootstrap._gcd_import(name[level:], package, level)
           ^^^^^^^^^^^^^^^^^^^^^^^^^^^^^^^^^^^^^^^^^^^^^^^^^^^^
<frozen importlib._bootstrap>:1398: in _gcd_import
    ???
<frozen importlib._bootstrap>:1371: in _find_and_load
    ???
<frozen importlib._bootstrap>:1342: in _find_and_load_unlocked
    ???
<frozen importlib._bootstrap>:938: in _load_unlocked
    ???
/usr/local/lib/python3.14/site-packages/_pytest/assertion/rewrite.py:197: in exec_module
    exec(co, module.__dict__)
test/unit/backend_tests/diagnostics/archive/test_join_hql.py:13: in <module>
    from modules import flows
E   ModuleNotFoundError: No module named 'modules'
_ ERROR collecting test/unit/backend_tests/diagnostics/archive/test_union_all_fix.py _
ImportError while importing test module '/Users/mckenzie/Documents/event2table/test/unit/backend_tests/diagnostics/archive/test_union_all_fix.py'.
Hint: make sure your test modules/packages have valid Python names.
Traceback:
/usr/local/lib/python3.14/site-packages/_pytest/python.py:507: in importtestmodule
    mod = import_path(
/usr/local/lib/python3.14/site-packages/_pytest/pathlib.py:587: in import_path
    importlib.import_module(module_name)
/usr/local/Cellar/python@3.14/3.14.2/Frameworks/Python.framework/Versions/3.14/lib/python3.14/importlib/__init__.py:88: in import_module
    return _bootstrap._gcd_import(name[level:], package, level)
           ^^^^^^^^^^^^^^^^^^^^^^^^^^^^^^^^^^^^^^^^^^^^^^^^^^^^
<frozen importlib._bootstrap>:1398: in _gcd_import
    ???
<frozen importlib._bootstrap>:1371: in _find_and_load
    ???
<frozen importlib._bootstrap>:1342: in _find_and_load_unlocked
    ???
<frozen importlib._bootstrap>:938: in _load_unlocked
    ???
/usr/local/lib/python3.14/site-packages/_pytest/assertion/rewrite.py:197: in exec_module
    exec(co, module.__dict__)
test/unit/backend_tests/diagnostics/archive/test_union_all_fix.py:11: in <module>
    from backend.services.flows import generate_hql_from_graph, _validate_and_align_fields
E   ModuleNotFoundError: No module named 'backend.services.flows'
_ ERROR collecting test/unit/backend_tests/integration/test_create_batch_integration.py _
ImportError while importing test module '/Users/mckenzie/Documents/event2table/test/unit/backend_tests/integration/test_create_batch_integration.py'.
Hint: make sure your test modules/packages have valid Python names.
Traceback:
/usr/local/lib/python3.14/site-packages/_pytest/python.py:507: in importtestmodule
    mod = import_path(
/usr/local/lib/python3.14/site-packages/_pytest/pathlib.py:587: in import_path
    importlib.import_module(module_name)
/usr/local/Cellar/python@3.14/3.14.2/Frameworks/Python.framework/Versions/3.14/lib/python3.14/importlib/__init__.py:88: in import_module
    return _bootstrap._gcd_import(name[level:], package, level)
           ^^^^^^^^^^^^^^^^^^^^^^^^^^^^^^^^^^^^^^^^^^^^^^^^^^^^
<frozen importlib._bootstrap>:1398: in _gcd_import
    ???
<frozen importlib._bootstrap>:1371: in _find_and_load
    ???
<frozen importlib._bootstrap>:1342: in _find_and_load_unlocked
    ???
<frozen importlib._bootstrap>:938: in _load_unlocked
    ???
/usr/local/lib/python3.14/site-packages/_pytest/assertion/rewrite.py:197: in exec_module
    exec(co, module.__dict__)
test/unit/backend_tests/integration/test_create_batch_integration.py:10: in <module>
    from backend.services.bulk_operations.batch_import_manager import batch_import_manager
E   ModuleNotFoundError: No module named 'backend.services.bulk_operations'
______ ERROR collecting test/unit/backend_tests/test_dashboard_change.py _______
ImportError while importing test module '/Users/mckenzie/Documents/event2table/test/unit/backend_tests/test_dashboard_change.py'.
Hint: make sure your test modules/packages have valid Python names.
Traceback:
/usr/local/lib/python3.14/site-packages/_pytest/python.py:507: in importtestmodule
    mod = import_path(
/usr/local/lib/python3.14/site-packages/_pytest/pathlib.py:587: in import_path
    importlib.import_module(module_name)
/usr/local/Cellar/python@3.14/3.14.2/Frameworks/Python.framework/Versions/3.14/lib/python3.14/importlib/__init__.py:88: in import_module
    return _bootstrap._gcd_import(name[level:], package, level)
           ^^^^^^^^^^^^^^^^^^^^^^^^^^^^^^^^^^^^^^^^^^^^^^^^^^^^
<frozen importlib._bootstrap>:1398: in _gcd_import
    ???
<frozen importlib._bootstrap>:1371: in _find_and_load
    ???
<frozen importlib._bootstrap>:1342: in _find_and_load_unlocked
    ???
<frozen importlib._bootstrap>:938: in _load_unlocked
    ???
/usr/local/lib/python3.14/site-packages/_pytest/assertion/rewrite.py:197: in exec_module
    exec(co, module.__dict__)
test/unit/backend_tests/test_dashboard_change.py:8: in <module>
    from automation_runner import TestTracker
E   ModuleNotFoundError: No module named 'automation_runner'
_________ ERROR collecting test/unit/backend_tests/test_events_crud.py _________
ImportError while importing test module '/Users/mckenzie/Documents/event2table/test/unit/backend_tests/test_events_crud.py'.
Hint: make sure your test modules/packages have valid Python names.
Traceback:
/usr/local/lib/python3.14/site-packages/_pytest/python.py:507: in importtestmodule
    mod = import_path(
/usr/local/lib/python3.14/site-packages/_pytest/pathlib.py:587: in import_path
    importlib.import_module(module_name)
/usr/local/Cellar/python@3.14/3.14.2/Frameworks/Python.framework/Versions/3.14/lib/python3.14/importlib/__init__.py:88: in import_module
    return _bootstrap._gcd_import(name[level:], package, level)
           ^^^^^^^^^^^^^^^^^^^^^^^^^^^^^^^^^^^^^^^^^^^^^^^^^^^^
<frozen importlib._bootstrap>:1398: in _gcd_import
    ???
<frozen importlib._bootstrap>:1371: in _find_and_load
    ???
<frozen importlib._bootstrap>:1342: in _find_and_load_unlocked
    ???
<frozen importlib._bootstrap>:938: in _load_unlocked
    ???
/usr/local/lib/python3.14/site-packages/_pytest/assertion/rewrite.py:197: in exec_module
    exec(co, module.__dict__)
test/unit/backend_tests/test_events_crud.py:12: in <module>
    from backend.models.events import (
backend/models/events.py:38: in <module>
    from backend.middleware.validation import validate_event_input, log_request_details
E   ModuleNotFoundError: No module named 'backend.middleware'
_____ ERROR collecting test/unit/backend_tests/test_hql_v2_incremental.py ______
ImportError while importing test module '/Users/mckenzie/Documents/event2table/test/unit/backend_tests/test_hql_v2_incremental.py'.
Hint: make sure your test modules/packages have valid Python names.
Traceback:
/usr/local/lib/python3.14/site-packages/_pytest/python.py:507: in importtestmodule
    mod = import_path(
/usr/local/lib/python3.14/site-packages/_pytest/pathlib.py:587: in import_path
    importlib.import_module(module_name)
/usr/local/Cellar/python@3.14/3.14.2/Frameworks/Python.framework/Versions/3.14/lib/python3.14/importlib/__init__.py:88: in import_module
    return _bootstrap._gcd_import(name[level:], package, level)
           ^^^^^^^^^^^^^^^^^^^^^^^^^^^^^^^^^^^^^^^^^^^^^^^^^^^^
<frozen importlib._bootstrap>:1398: in _gcd_import
    ???
<frozen importlib._bootstrap>:1371: in _find_and_load
    ???
<frozen importlib._bootstrap>:1342: in _find_and_load_unlocked
    ???
<frozen importlib._bootstrap>:938: in _load_unlocked
    ???
/usr/local/lib/python3.14/site-packages/_pytest/assertion/rewrite.py:197: in exec_module
    exec(co, module.__dict__)
test/unit/backend_tests/test_hql_v2_incremental.py:11: in <module>
    from backend.services.hql_v2.core.incremental_generator import (
E   ModuleNotFoundError: No module named 'backend.services.hql_v2'
_____ ERROR collecting test/unit/backend_tests/test_hql_v2_integration.py ______
ImportError while importing test module '/Users/mckenzie/Documents/event2table/test/unit/backend_tests/test_hql_v2_integration.py'.
Hint: make sure your test modules/packages have valid Python names.
Traceback:
/usr/local/lib/python3.14/site-packages/_pytest/python.py:507: in importtestmodule
    mod = import_path(
/usr/local/lib/python3.14/site-packages/_pytest/pathlib.py:587: in import_path
    importlib.import_module(module_name)
/usr/local/Cellar/python@3.14/3.14.2/Frameworks/Python.framework/Versions/3.14/lib/python3.14/importlib/__init__.py:88: in import_module
    return _bootstrap._gcd_import(name[level:], package, level)
           ^^^^^^^^^^^^^^^^^^^^^^^^^^^^^^^^^^^^^^^^^^^^^^^^^^^^
<frozen importlib._bootstrap>:1398: in _gcd_import
    ???
<frozen importlib._bootstrap>:1371: in _find_and_load
    ???
<frozen importlib._bootstrap>:1342: in _find_and_load_unlocked
    ???
<frozen importlib._bootstrap>:938: in _load_unlocked
    ???
/usr/local/lib/python3.14/site-packages/_pytest/assertion/rewrite.py:197: in exec_module
    exec(co, module.__dict__)
test/unit/backend_tests/test_hql_v2_integration.py:17: in <module>
    from backend.services.hql_v2.models.event import Event, Field, Condition
E   ModuleNotFoundError: No module named 'backend.services.hql_v2'
___________ ERROR collecting test/unit/backend_tests/test_phase2.py ____________
ImportError while importing test module '/Users/mckenzie/Documents/event2table/test/unit/backend_tests/test_phase2.py'.
Hint: make sure your test modules/packages have valid Python names.
Traceback:
/usr/local/lib/python3.14/site-packages/_pytest/python.py:507: in importtestmodule
    mod = import_path(
/usr/local/lib/python3.14/site-packages/_pytest/pathlib.py:587: in import_path
    importlib.import_module(module_name)
/usr/local/Cellar/python@3.14/3.14.2/Frameworks/Python.framework/Versions/3.14/lib/python3.14/importlib/__init__.py:88: in import_module
    return _bootstrap._gcd_import(name[level:], package, level)
           ^^^^^^^^^^^^^^^^^^^^^^^^^^^^^^^^^^^^^^^^^^^^^^^^^^^^
<frozen importlib._bootstrap>:1398: in _gcd_import
    ???
<frozen importlib._bootstrap>:1371: in _find_and_load
    ???
<frozen importlib._bootstrap>:1342: in _find_and_load_unlocked
    ???
<frozen importlib._bootstrap>:938: in _load_unlocked
    ???
/usr/local/lib/python3.14/site-packages/_pytest/assertion/rewrite.py:197: in exec_module
    exec(co, module.__dict__)
test/unit/backend_tests/test_phase2.py:20: in <module>
    from backend.services.sql_optimizer.optimizer import SQLOptimizer
E   ModuleNotFoundError: No module named 'backend.services.sql_optimizer'
________ ERROR collecting test/unit/backend_tests/test_sql_optimizer.py ________
ImportError while importing test module '/Users/mckenzie/Documents/event2table/test/unit/backend_tests/test_sql_optimizer.py'.
Hint: make sure your test modules/packages have valid Python names.
Traceback:
/usr/local/lib/python3.14/site-packages/_pytest/python.py:507: in importtestmodule
    mod = import_path(
/usr/local/lib/python3.14/site-packages/_pytest/pathlib.py:587: in import_path
    importlib.import_module(module_name)
/usr/local/Cellar/python@3.14/3.14.2/Frameworks/Python.framework/Versions/3.14/lib/python3.14/importlib/__init__.py:88: in import_module
    return _bootstrap._gcd_import(name[level:], package, level)
           ^^^^^^^^^^^^^^^^^^^^^^^^^^^^^^^^^^^^^^^^^^^^^^^^^^^^
<frozen importlib._bootstrap>:1398: in _gcd_import
    ???
<frozen importlib._bootstrap>:1371: in _find_and_load
    ???
<frozen importlib._bootstrap>:1342: in _find_and_load_unlocked
    ???
<frozen importlib._bootstrap>:938: in _load_unlocked
    ???
/usr/local/lib/python3.14/site-packages/_pytest/assertion/rewrite.py:197: in exec_module
    exec(co, module.__dict__)
test/unit/backend_tests/test_sql_optimizer.py:15: in <module>
    from backend.services.sql_optimizer.optimizer import SQLOptimizer
E   ModuleNotFoundError: No module named 'backend.services.sql_optimizer'
_____ ERROR collecting test/unit/backend_tests/unit/test_event_builder.py ______
ImportError while importing test module '/Users/mckenzie/Documents/event2table/test/unit/backend_tests/unit/test_event_builder.py'.
Hint: make sure your test modules/packages have valid Python names.
Traceback:
/usr/local/lib/python3.14/site-packages/_pytest/python.py:507: in importtestmodule
    mod = import_path(
/usr/local/lib/python3.14/site-packages/_pytest/pathlib.py:587: in import_path
    importlib.import_module(module_name)
/usr/local/Cellar/python@3.14/3.14.2/Frameworks/Python.framework/Versions/3.14/lib/python3.14/importlib/__init__.py:88: in import_module
    return _bootstrap._gcd_import(name[level:], package, level)
           ^^^^^^^^^^^^^^^^^^^^^^^^^^^^^^^^^^^^^^^^^^^^^^^^^^^^
<frozen importlib._bootstrap>:1398: in _gcd_import
    ???
<frozen importlib._bootstrap>:1371: in _find_and_load
    ???
<frozen importlib._bootstrap>:1342: in _find_and_load_unlocked
    ???
<frozen importlib._bootstrap>:938: in _load_unlocked
    ???
/usr/local/lib/python3.14/site-packages/_pytest/assertion/rewrite.py:197: in exec_module
    exec(co, module.__dict__)
test/unit/backend_tests/unit/test_event_builder.py:10: in <module>
    from backend.models.events import EventBuilder, EventData
backend/models/events.py:38: in <module>
    from backend.middleware.validation import validate_event_input, log_request_details
E   ModuleNotFoundError: No module named 'backend.middleware'
_ ERROR collecting test/unit/backend_tests/unit/test_event_nodes_migration.py __
ImportError while importing test module '/Users/mckenzie/Documents/event2table/test/unit/backend_tests/unit/test_event_nodes_migration.py'.
Hint: make sure your test modules/packages have valid Python names.
Traceback:
/usr/local/lib/python3.14/site-packages/_pytest/python.py:507: in importtestmodule
    mod = import_path(
/usr/local/lib/python3.14/site-packages/_pytest/pathlib.py:587: in import_path
    importlib.import_module(module_name)
/usr/local/Cellar/python@3.14/3.14.2/Frameworks/Python.framework/Versions/3.14/lib/python3.14/importlib/__init__.py:88: in import_module
    return _bootstrap._gcd_import(name[level:], package, level)
           ^^^^^^^^^^^^^^^^^^^^^^^^^^^^^^^^^^^^^^^^^^^^^^^^^^^^
<frozen importlib._bootstrap>:1398: in _gcd_import
    ???
<frozen importlib._bootstrap>:1371: in _find_and_load
    ???
<frozen importlib._bootstrap>:1342: in _find_and_load_unlocked
    ???
<frozen importlib._bootstrap>:938: in _load_unlocked
    ???
/usr/local/lib/python3.14/site-packages/_pytest/assertion/rewrite.py:197: in exec_module
    exec(co, module.__dict__)
test/unit/backend_tests/unit/test_event_nodes_migration.py:20: in <module>
    from scripts.fix_event_nodes_game_gid import migrate_event_nodes_game_gid, verify_migration
E   ModuleNotFoundError: No module named 'scripts.fix_event_nodes_game_gid'
=========================== short test summary info ============================
ERROR test/unit/backend_tests/diagnostics/archive/test_canvas_nodes.py
ERROR test/unit/backend_tests/diagnostics/archive/test_event_nodes_complete.py
ERROR test/unit/backend_tests/diagnostics/archive/test_join_fix.py
ERROR test/unit/backend_tests/diagnostics/archive/test_join_hql.py
ERROR test/unit/backend_tests/diagnostics/archive/test_union_all_fix.py
ERROR test/unit/backend_tests/integration/test_create_batch_integration.py
ERROR test/unit/backend_tests/test_dashboard_change.py
ERROR test/unit/backend_tests/test_events_crud.py
ERROR test/unit/backend_tests/test_hql_v2_incremental.py
ERROR test/unit/backend_tests/test_hql_v2_integration.py
ERROR test/unit/backend_tests/test_phase2.py
ERROR test/unit/backend_tests/test_sql_optimizer.py
ERROR test/unit/backend_tests/unit/test_event_builder.py
ERROR test/unit/backend_tests/unit/test_event_nodes_migration.py
!!!!!!!!!!!!!!!!!!! Interrupted: 14 errors during collection !!!!!!!!!!!!!!!!!!!
======================== 1 warning, 14 errors in 21.00s ========================
