backend/core/cache/capacity_monitor.py:112: error: Returning Any from function declared to return "float | None"  [no-any-return]
backend/core/cache/capacity_monitor.py:168: error: Incompatible types in assignment (expression has type "str", target has type "int | None")  [assignment]
backend/core/cache/capacity_monitor.py:170: error: Incompatible types in assignment (expression has type "float", target has type "int | None")  [assignment]
backend/core/cache/capacity_monitor.py:175: error: Incompatible types in assignment (expression has type "str", target has type "int | None")  [assignment]
backend/core/cache/capacity_monitor.py:177: error: Incompatible types in assignment (expression has type "float", target has type "int | None")  [assignment]
backend/core/cache/capacity_monitor.py:219: error: Need type annotation for "prometheus_metrics"  [var-annotated]
backend/core/cache/capacity_monitor.py:257: error: Returning Any from function declared to return "float"  [no-any-return]
backend/core/cache/capacity_monitor.py:282: error: Returning Any from function declared to return "float"  [no-any-return]
backend/core/cache/capacity_monitor.py:333: error: Returning Any from function declared to return "float"  [no-any-return]
backend/core/cache/capacity_monitor.py:530: error: Incompatible types in assignment (expression has type "Thread", variable has type "None")  [assignment]
backend/core/cache/capacity_monitor.py:535: error: "None" has no attribute "start"  [attr-defined]
backend/core/cache/cache_system.py:301: error: Argument "key" to "min" has incompatible type overloaded function; expected "Callable[[str], SupportsDunderLT[Any] | SupportsDunderGT[Any]]"  [arg-type]
backend/core/cache/cache_system.py:413: error: Need type annotation for "pattern_constraints" (hint: "pattern_constraints: Dict[<type>, <type>] = ...")  [var-annotated]
backend/core/cache/cache_system.py:450: error: Incompatible types in assignment (expression has type "float", variable has type "int")  [assignment]
backend/core/cache/cache_system.py:514: error: "Flask" has no attribute "cache"  [attr-defined]
backend/core/cache/cache_system.py:637: error: Argument after ** must be a mapping, not "object"  [arg-type]
backend/core/cache/cache_system.py:687: error: "Flask" has no attribute "cache"  [attr-defined]
backend/core/cache/cache_system.py:806: error: Need type annotation for "patterns"  [var-annotated]
backend/core/cache/cache_system.py:867: error: "Flask" has no attribute "cache"  [attr-defined]
backend/core/cache/statistics.py:61: error: Need type annotation for "response_times"  [var-annotated]
backend/core/cache/statistics.py:301: error: Need type annotation for "trend_data"  [var-annotated]
backend/core/cache/invalidator.py:304: error: Incompatible default for argument "game_gid" (default has type "None", argument has type "int")  [assignment]
backend/core/cache/invalidator.py:304: note: PEP 484 prohibits implicit Optional. Accordingly, mypy has changed its default to no_implicit_optional=True
backend/core/cache/invalidator.py:304: note: Use https://github.com/hauntsaninja/no_implicit_optional to automatically upgrade your codebase
backend/core/cache/invalidator.py:320: error: Incompatible default for argument "game_gid" (default has type "None", argument has type "int")  [assignment]
backend/core/cache/invalidator.py:320: note: PEP 484 prohibits implicit Optional. Accordingly, mypy has changed its default to no_implicit_optional=True
backend/core/cache/invalidator.py:320: note: Use https://github.com/hauntsaninja/no_implicit_optional to automatically upgrade your codebase
backend/core/cache/bloom_filter_enhanced.py:178: error: Incompatible types in assignment (expression has type "float", variable has type "None")  [assignment]
backend/core/cache/bloom_filter_enhanced.py:416: error: Incompatible types in assignment (expression has type "float", variable has type "None")  [assignment]
backend/core/cache/bloom_filter_enhanced.py:433: error: Incompatible types in assignment (expression has type "str", target has type "int | None")  [assignment]
backend/core/cache/bloom_filter_enhanced.py:436: error: Incompatible types in assignment (expression has type "float", target has type "int | None")  [assignment]
backend/core/cache/tests/test_consistency.py:165: error: Need type annotation for "results"  [var-annotated]
backend/core/cache/cache_hierarchical.py:290: error: Argument "key" to "min" has incompatible type overloaded function; expected "Callable[[str], SupportsDunderLT[Any] | SupportsDunderGT[Any]]"  [arg-type]
backend/core/cache/cache_hierarchical.py:399: error: Need type annotation for "pattern_constraints" (hint: "pattern_constraints: Dict[<type>, <type>] = ...")  [var-annotated]
backend/core/cache/cache_hierarchical.py:435: error: Incompatible types in assignment (expression has type "float", variable has type "int")  [assignment]
backend/core/cache/degradation.py:29: error: Incompatible types in assignment (expression has type "None", variable has type "HierarchicalCache")  [assignment]
backend/core/cache/degradation.py:30: error: Cannot assign to a type  [misc]
backend/core/cache/degradation.py:30: error: Incompatible types in assignment (expression has type "None", variable has type "type[CacheKeyBuilder]")  [assignment]
backend/core/cache/degradation.py:31: error: Incompatible types in assignment (expression has type "None", variable has type "Callable[[], Any]")  [assignment]
backend/core/cache/degradation.py:32: error: Cannot assign to a type  [misc]
backend/core/cache/degradation.py:32: error: Incompatible types in assignment (expression has type "type[Exception]", variable has type "type[RedisError]")  [assignment]
backend/core/cache/degradation.py:119: error: Incompatible types in assignment (expression has type "float", variable has type "int")  [assignment]
backend/core/cache/degradation.py:187: error: Incompatible types in assignment (expression has type "float", target has type "int")  [assignment]
backend/core/cache/degradation.py:196: error: Incompatible types in assignment (expression has type "float", target has type "int")  [assignment]
backend/core/cache/intelligent_warmer.py:30: error: Incompatible types in assignment (expression has type "None", variable has type "HierarchicalCache")  [assignment]
backend/core/cache/intelligent_warmer.py:31: error: Cannot assign to a type  [misc]
backend/core/cache/intelligent_warmer.py:31: error: Incompatible types in assignment (expression has type "None", variable has type "type[CacheKeyBuilder]")  [assignment]
backend/core/cache/intelligent_warmer.py:32: error: Incompatible types in assignment (expression has type "None", variable has type "Callable[[], Any]")  [assignment]
backend/core/cache/intelligent_warmer.py:47: error: Need type annotation for "buffer"  [var-annotated]
backend/core/cache/intelligent_warmer.py:124: error: Need type annotation for "key_scores"  [var-annotated]
backend/core/cache/intelligent_warmer.py:240: error: Need type annotation for "key_frequency"  [var-annotated]
backend/core/cache/intelligent_warmer.py:376: error: Unsupported operand types for / ("int" and "None")  [operator]
backend/core/cache/intelligent_warmer.py:376: note: Right operand is of type "int | None"
backend/core/cache/tests/test_degradation.py:242: error: Incompatible types in assignment (expression has type "float", variable has type "int")  [assignment]
backend/core/cache/tests/test_degradation.py:246: error: Incompatible types in assignment (expression has type "float", variable has type "int")  [assignment]
backend/core/cache/tests/test_degradation.py:259: error: Incompatible types in assignment (expression has type "float", variable has type "int")  [assignment]
backend/core/cache/tests/test_degradation.py:283: error: Incompatible types in assignment (expression has type "float", variable has type "int")  [assignment]
backend/core/cache/tests/test_degradation.py:370: error: Incompatible types in assignment (expression has type "float", variable has type "int")  [assignment]
