============================= test session starts ==============================
platform darwin -- Python 3.9.6, pytest-7.4.3, pluggy-1.6.0 -- /Users/mckenzie/Documents/event2table/backend/venv/bin/python3
cachedir: .pytest_cache
rootdir: /Users/mckenzie/Documents/event2table
configfile: pytest.ini
plugins: cov-4.1.0
collecting ... collected 233 items

backend/core/cache/tests/test_bloom_filter_enhanced.py::TestBloomFilterBasicOperations::test_add_to_bloom_filter PASSED [  0%]
backend/core/cache/tests/test_bloom_filter_enhanced.py::TestBloomFilterBasicOperations::test_contains_key PASSED [  0%]
backend/core/cache/tests/test_bloom_filter_enhanced.py::TestBloomFilterBasicOperations::test_add_multiple_keys PASSED [  1%]
backend/core/cache/tests/test_bloom_filter_enhanced.py::TestBloomFilterBasicOperations::test_add_many_with_duplicates PASSED [  1%]
backend/core/cache/tests/test_bloom_filter_enhanced.py::TestBloomFilterBasicOperations::test_false_positives_exist PASSED [  2%]
backend/core/cache/tests/test_bloom_filter_enhanced.py::TestBloomFilterPersistence::test_save_and_load_from_disk PASSED [  2%]
backend/core/cache/tests/test_bloom_filter_enhanced.py::TestBloomFilterPersistence::test_persistence_creates_directory PASSED [  3%]
backend/core/cache/tests/test_bloom_filter_enhanced.py::TestBloomFilterPersistence::test_load_from_corrupted_file PASSED [  3%]
backend/core/cache/tests/test_bloom_filter_enhanced.py::TestBloomFilterPersistence::test_no_persistence_file_creates_new PASSED [  3%]
backend/core/cache/tests/test_bloom_filter_enhanced.py::TestBloomFilterCapacity::test_capacity_stats PASSED [  4%]
backend/core/cache/tests/test_bloom_filter_enhanced.py::TestBloomFilterCapacity::test_capacity_after_adding_items PASSED [  4%]
backend/core/cache/tests/test_bloom_filter_enhanced.py::TestBloomFilterCapacity::test_capacity_alert_threshold PASSED [  5%]
backend/core/cache/tests/test_bloom_filter_enhanced.py::TestBloomFilterCapacity::test_clear_bloom_filter PASSED [  5%]
backend/core/cache/tests/test_bloom_filter_enhanced.py::TestBloomFilterCapacity::test_stats_contains_rebuild_info PASSED [  6%]
backend/core/cache/tests/test_bloom_filter_enhanced.py::TestBloomFilterThreadSafety::test_concurrent_adds PASSED [  6%]
backend/core/cache/tests/test_bloom_filter_enhanced.py::TestBloomFilterThreadSafety::test_concurrent_contains PASSED [  6%]
backend/core/cache/tests/test_bloom_filter_enhanced.py::TestBloomFilterThreadSafety::test_concurrent_mixed_operations PASSED [  7%]
backend/core/cache/tests/test_bloom_filter_enhanced.py::TestBloomFilterEdgeCases::test_empty_string_key PASSED [  7%]
backend/core/cache/tests/test_bloom_filter_enhanced.py::TestBloomFilterEdgeCases::test_special_characters_in_key PASSED [  8%]
backend/core/cache/tests/test_bloom_filter_enhanced.py::TestBloomFilterEdgeCases::test_very_long_key PASSED [  8%]
backend/core/cache/tests/test_bloom_filter_enhanced.py::TestBloomFilterEdgeCases::test_unicode_normalization PASSED [  9%]
backend/core/cache/tests/test_bloom_filter_enhanced.py::TestBloomFilterEdgeCases::test_case_sensitivity PASSED [  9%]
backend/core/cache/tests/test_bloom_filter_enhanced.py::TestBloomFilterEdgeCases::test_repr_method PASSED [  9%]
backend/core/cache/tests/test_bloom_filter_enhanced.py::TestBloomFilterEdgeCases::test_context_manager PASSED [ 10%]
backend/core/cache/tests/test_bloom_filter_enhanced.py::TestBloomFilterEdgeCases::test_force_save_and_force_rebuild PASSED [ 10%]
backend/core/cache/tests/test_bloom_filter_enhanced.py::TestBloomFilterStatistics::test_age_increases_over_time PASSED [ 11%]
backend/core/cache/tests/test_bloom_filter_enhanced.py::TestBloomFilterStatistics::test_rebuild_count_increases PASSED [ 11%]
backend/core/cache/tests/test_bloom_filter_enhanced.py::TestBloomFilterStatistics::test_error_rate_configuration PASSED [ 12%]
backend/core/cache/tests/test_bloom_filter_enhanced.py::TestBloomFilterErrorHandling::test_load_invalid_type_from_disk PASSED [ 12%]
backend/core/cache/tests/test_bloom_filter_enhanced.py::TestBloomFilterErrorHandling::test_save_to_unwritable_directory PASSED [ 12%]
backend/core/cache/tests/test_bloom_filter_enhanced.py::TestBloomFilterErrorHandling::test_add_exception_handling PASSED [ 13%]
backend/core/cache/tests/test_bloom_filter_enhanced.py::TestBloomFilterErrorHandling::test_contains_exception_handling PASSED [ 13%]
backend/core/cache/tests/test_bloom_filter_enhanced.py::TestBloomFilterErrorHandling::test_get_stats_exception_handling PASSED [ 14%]
backend/core/cache/tests/test_bloom_filter_enhanced.py::TestBloomFilterErrorHandling::test_clear_exception_handling PASSED [ 14%]
backend/core/cache/tests/test_bloom_filter_enhanced.py::TestBloomFilterRebuild::test_rebuild_with_no_redis_keys PASSED [ 15%]
backend/core/cache/tests/test_bloom_filter_enhanced.py::TestBloomFilterRebuild::test_rebuild_stats_structure PASSED [ 15%]
backend/core/cache/tests/test_bloom_filter_enhanced.py::TestBloomFilterRebuild::test_last_rebuild_timestamp PASSED [ 15%]
backend/core/cache/tests/test_bloom_filter_enhanced.py::TestBloomFilterPersistenceWorker::test_periodic_persistence PASSED [ 16%]
backend/core/cache/tests/test_bloom_filter_enhanced.py::TestBloomFilterPersistenceWorker::test_last_persistence_timestamp PASSED [ 16%]
backend/core/cache/tests/test_bloom_filter_enhanced.py::TestBloomFilterGlobalInstance::test_get_global_bloom_filter PASSED [ 17%]
backend/core/cache/tests/test_bloom_filter_enhanced.py::TestBloomFilterGlobalInstance::test_shutdown_global_bloom_filter PASSED [ 17%]
backend/core/cache/tests/test_bloom_filter_enhanced.py::TestBloomFilterScalability::test_scalable_bloom_filter_growth PASSED [ 18%]
backend/core/cache/tests/test_bloom_filter_enhanced.py::TestBloomFilterScalability::test_large_capacity PASSED [ 18%]
backend/core/cache/tests/test_bloom_filter_enhanced.py::TestBloomFilterConfiguration::test_custom_error_rate PASSED [ 18%]
backend/core/cache/tests/test_bloom_filter_enhanced.py::TestBloomFilterConfiguration::test_custom_rebuild_interval PASSED [ 19%]
backend/core/cache/tests/test_bloom_filter_enhanced.py::TestBloomFilterConfiguration::test_custom_persistence_interval PASSED [ 19%]
backend/core/cache/tests/test_bloom_filter_enhanced.py::TestBloomFilterRebuildEdgeCases::test_rebuild_from_cache_with_redis_error PASSED [ 20%]
backend/core/cache/tests/test_bloom_filter_enhanced.py::TestBloomFilterRebuildEdgeCases::test_rebuild_updates_filter PASSED [ 20%]
backend/core/cache/tests/test_bloom_filter_enhanced.py::TestBloomFilterRebuildEdgeCases::test_rebuild_with_unicode_keys PASSED [ 21%]
backend/core/cache/tests/test_bloom_filter_enhanced.py::TestBloomFilterAddManyEdgeCases::test_add_many_with_exception PASSED [ 21%]
backend/core/cache/tests/test_bloom_filter_enhanced.py::TestBloomFilterCoverageEdgeCases::test_contains_with_exception PASSED [ 21%]
backend/core/cache/tests/test_bloom_filter_enhanced.py::TestBloomFilterCoverageEdgeCases::test_get_stats_with_exception PASSED [ 22%]
backend/core/cache/tests/test_bloom_filter_enhanced.py::TestBloomFilterCoverageEdgeCases::test_check_capacity_with_exception PASSED [ 22%]
backend/core/cache/tests/test_bloom_filter_enhanced.py::TestBloomFilterCoverageEdgeCases::test_clear_with_exception PASSED [ 23%]
backend/core/cache/tests/test_bloom_filter_enhanced.py::TestBloomFilterCoverageEdgeCases::test_persistence_worker_exception PASSED [ 23%]
backend/core/cache/tests/test_bloom_filter_enhanced.py::TestBloomFilterCoverageEdgeCases::test_rebuild_worker_exception PASSED [ 24%]
backend/core/cache/tests/test_capacity_monitor.py::TestCapacityTrendPredictor::test_init PASSED [ 24%]
backend/core/cache/tests/test_capacity_monitor.py::TestCapacityTrendPredictor::test_add_sample PASSED [ 24%]
backend/core/cache/tests/test_capacity_monitor.py::TestCapacityTrendPredictor::test_window_size_limit PASSED [ 25%]
backend/core/cache/tests/test_capacity_monitor.py::TestCapacityTrendPredictor::test_predict_exhaustion_insufficient_data PASSED [ 25%]
backend/core/cache/tests/test_capacity_monitor.py::TestCapacityTrendPredictor::test_predict_exhaustion_no_growth PASSED [ 26%]
backend/core/cache/tests/test_capacity_monitor.py::TestCapacityTrendPredictor::test_predict_exhaustion_with_growth PASSED [ 26%]
backend/core/cache/tests/test_capacity_monitor.py::TestCapacityTrendPredictor::test_predict_exhaustion_with_invalid_data PASSED [ 27%]
backend/core/cache/tests/test_capacity_monitor.py::TestCapacityTrendPredictor::test_predict_exhaustion_negative_slope PASSED [ 27%]
backend/core/cache/tests/test_capacity_monitor.py::TestCapacityTrendPredictor::test_predict_exhaustion_denominator_zero PASSED [ 27%]
backend/core/cache/tests/test_capacity_monitor.py::TestCapacityTrendPredictor::test_predict_exhaustion_exception_handling PASSED [ 28%]
backend/core/cache/tests/test_capacity_monitor.py::TestCapacityTrendPredictor::test_predict_l1_exhaustion PASSED [ 28%]
backend/core/cache/tests/test_capacity_monitor.py::TestCapacityTrendPredictor::test_predict_l2_exhaustion PASSED [ 29%]
backend/core/cache/tests/test_capacity_monitor.py::TestCapacityTrendPredictor::test_get_trend_stats PASSED [ 29%]
backend/core/cache/tests/test_capacity_monitor.py::TestCacheCapacityMonitor::test_init PASSED [ 30%]
backend/core/cache/tests/test_capacity_monitor.py::TestCacheCapacityMonitor::test_get_l1_usage_empty PASSED [ 30%]
backend/core/cache/tests/test_capacity_monitor.py::TestCacheCapacityMonitor::test_get_l1_usage_half_full PASSED [ 30%]
backend/core/cache/tests/test_capacity_monitor.py::TestCacheCapacityMonitor::test_get_l1_usage_full PASSED [ 31%]
backend/core/cache/tests/test_capacity_monitor.py::TestCacheCapacityMonitor::test_get_l2_usage_no_redis PASSED [ 31%]
backend/core/cache/tests/test_capacity_monitor.py::TestCacheCapacityMonitor::test_get_l2_usage_with_redis_no_maxmemory PASSED [ 32%]
backend/core/cache/tests/test_capacity_monitor.py::TestCacheCapacityMonitor::test_get_l2_usage_with_redis_exception PASSED [ 32%]
backend/core/cache/tests/test_capacity_monitor.py::TestCacheCapacityMonitor::test_get_redis_memory_stats_no_redis PASSED [ 33%]
backend/core/cache/tests/test_capacity_monitor.py::TestCacheCapacityMonitor::test_get_redis_memory_stats_with_redis PASSED [ 33%]
backend/core/cache/tests/test_capacity_monitor.py::TestCacheCapacityMonitor::test_get_redis_memory_stats_exception PASSED [ 33%]
backend/core/cache/tests/test_capacity_monitor.py::TestCacheCapacityMonitor::test_calculate_memory_percentage_no_maxmemory PASSED [ 34%]
backend/core/cache/tests/test_capacity_monitor.py::TestCacheCapacityMonitor::test_calculate_memory_percentage_with_maxmemory PASSED [ 34%]
backend/core/cache/tests/test_capacity_monitor.py::TestCacheCapacityMonitor::test_monitor_l1_capacity_normal PASSED [ 35%]
backend/core/cache/tests/test_capacity_monitor.py::TestCacheCapacityMonitor::test_monitor_l1_capacity_warning PASSED [ 35%]
backend/core/cache/tests/test_capacity_monitor.py::TestCacheCapacityMonitor::test_monitor_l1_capacity_critical PASSED [ 36%]
backend/core/cache/tests/test_capacity_monitor.py::TestCacheCapacityMonitor::test_auto_expand_l1 PASSED [ 36%]
backend/core/cache/tests/test_capacity_monitor.py::TestCacheCapacityMonitor::test_monitor_l2_capacity_normal PASSED [ 36%]
backend/core/cache/tests/test_capacity_monitor.py::TestCacheCapacityMonitor::test_monitor_l2_capacity_warning PASSED [ 37%]
backend/core/cache/tests/test_capacity_monitor.py::TestCacheCapacityMonitor::test_monitor_l2_capacity_critical PASSED [ 37%]
backend/core/cache/tests/test_capacity_monitor.py::TestCacheCapacityMonitor::test_monitor_l2_capacity_with_stats PASSED [ 38%]
backend/core/cache/tests/test_capacity_monitor.py::TestCacheCapacityMonitor::test_check_capacity_predictions_no_alert PASSED [ 38%]
backend/core/cache/tests/test_capacity_monitor.py::TestCacheCapacityMonitor::test_check_capacity_predictions_with_alert PASSED [ 39%]
backend/core/cache/tests/test_capacity_monitor.py::TestCacheCapacityMonitor::test_get_capacity_report PASSED [ 39%]
backend/core/cache/tests/test_capacity_monitor.py::TestCacheCapacityMonitor::test_get_prometheus_metrics PASSED [ 39%]
backend/core/cache/tests/test_capacity_monitor.py::TestCacheCapacityMonitor::test_get_prometheus_metrics_with_l2 PASSED [ 40%]
backend/core/cache/tests/test_capacity_monitor.py::TestCacheCapacityMonitor::test_get_prometheus_metrics_with_predictions PASSED [ 40%]
backend/core/cache/tests/test_capacity_monitor.py::TestCacheCapacityMonitor::test_monitoring_thread_start_stop PASSED [ 41%]
backend/core/cache/tests/test_capacity_monitor.py::TestCacheCapacityMonitor::test_monitoring_interval PASSED [ 41%]
backend/core/cache/tests/test_capacity_monitor.py::TestCacheCapacityMonitor::test_monitoring_loop_exception_handling PASSED [ 42%]
backend/core/cache/tests/test_capacity_monitor.py::TestCacheCapacityMonitor::test_l1_usage_zero_capacity PASSED [ 42%]
backend/core/cache/tests/test_capacity_monitor.py::TestGlobalFunctions::test_get_capacity_monitor_before_init PASSED [ 42%]
backend/core/cache/tests/test_capacity_monitor.py::TestGlobalFunctions::test_init_capacity_monitor PASSED [ 43%]
backend/core/cache/tests/test_capacity_monitor.py::TestGlobalFunctions::test_get_capacity_monitor_after_init PASSED [ 43%]
backend/core/cache/tests/test_capacity_monitor.py::TestGlobalFunctions::test_init_capacity_monitor_singleton PASSED [ 44%]
backend/core/cache/tests/test_capacity_monitor.py::TestGlobalFunctions::test_init_capacity_monitor_auto_start PASSED [ 44%]
backend/core/cache/tests/test_consistency.py::TestCacheReadWriteLock::test_read_lock_acquire_release PASSED [ 45%]
backend/core/cache/tests/test_consistency.py::TestCacheReadWriteLock::test_write_lock_exclusivity PASSED [ 45%]
backend/core/cache/tests/test_consistency.py::TestCacheReadWriteLock::test_concurrent_readers PASSED [ 45%]
backend/core/cache/tests/test_consistency.py::TestCacheReadWriteLock::test_write_lock_blocks_concurrent_writers PASSED [ 46%]
backend/core/cache/tests/test_consistency.py::TestCacheReadWriteLock::test_cleanup_lock PASSED [ 46%]
backend/core/cache/tests/test_consistency.py::TestCacheReadWriteLock::test_cleanup_nonexistent_lock PASSED [ 47%]
backend/core/cache/tests/test_consistency.py::TestCacheReadWriteLock::test_get_lock_stats PASSED [ 47%]
backend/core/cache/tests/test_consistency.py::TestCacheReadWriteLock::test_multiple_keys_independent_locks PASSED [ 48%]
backend/core/cache/tests/test_consistency.py::TestCacheReadWriteLock::test_write_lock_initializes_on_demand PASSED [ 48%]
backend/core/cache/tests/test_consistency.py::TestCacheReadWriteLock::test_read_lock_reentrancy PASSED [ 48%]
backend/core/cache/tests/test_consistency.py::TestCacheReadWriteLock::test_write_lock_with_active_reader_logs_warning PASSED [ 49%]
backend/core/cache/tests/test_degradation.py::TestNormalModeCacheGet::test_normal_mode_cache_get_success PASSED [ 49%]
backend/core/cache/tests/test_degradation.py::TestNormalModeCacheGet::test_normal_mode_cache_get_miss PASSED [ 50%]
backend/core/cache/tests/test_degradation.py::TestRedisFailureDegradation::test_redis_connection_error_triggers_degradation PASSED [ 50%]
backend/core/cache/tests/test_degradation.py::TestRedisFailureDegradation::test_redis_timeout_triggers_degradation PASSED [ 51%]
backend/core/cache/tests/test_degradation.py::TestRedisFailureDegradation::test_degraded_mode_uses_l1_only PASSED [ 51%]
backend/core/cache/tests/test_degradation.py::TestHealthCheck::test_health_check_success PASSED [ 51%]
backend/core/cache/tests/test_degradation.py::TestHealthCheck::test_health_check_redis_slow_response PASSED [ 52%]
backend/core/cache/tests/test_degradation.py::TestHealthCheck::test_health_check_none_cache PASSED [ 52%]
backend/core/cache/tests/test_degradation.py::TestHealthCheck::test_health_check_exception_triggers_logging PASSED [ 53%]
backend/core/cache/tests/test_degradation.py::TestHealthCheck::test_health_check_redis_error PASSED [ 53%]
backend/core/cache/tests/test_degradation.py::TestHealthCheck::test_should_check_health_timing PASSED [ 54%]
backend/core/cache/tests/test_degradation.py::TestAutoRecovery::test_auto_recovery_after_redis_fixed PASSED [ 54%]
backend/core/cache/tests/test_degradation.py::TestAutoRecovery::test_auto_recovery_timing PASSED [ 54%]
backend/core/cache/tests/test_degradation.py::TestSetWithFallback::test_set_in_normal_mode PASSED [ 55%]
backend/core/cache/tests/test_degradation.py::TestSetWithFallback::test_set_in_degraded_mode PASSED [ 55%]
backend/core/cache/tests/test_degradation.py::TestSetWithFallback::test_set_triggers_degradation_on_l2_failure PASSED [ 56%]
backend/core/cache/tests/test_degradation.py::TestGetStatus::test_get_status PASSED [ 56%]
backend/core/cache/tests/test_degradation.py::TestForceOperations::test_force_degrade PASSED [ 57%]
backend/core/cache/tests/test_degradation.py::TestForceOperations::test_force_recover PASSED [ 57%]
backend/core/cache/tests/test_degradation.py::TestL1CacheExpiry::test_l1_expired_entry PASSED [ 57%]
backend/core/cache/tests/test_degradation.py::TestL1CacheExpiry::test_l1_valid_entry PASSED [ 58%]
backend/core/cache/tests/test_degradation.py::TestEdgeCases::test_hierarchical_cache_none PASSED [ 58%]
backend/core/cache/tests/test_degradation.py::TestEdgeCases::test_empty_l1_cache PASSED [ 59%]
backend/core/cache/tests/test_degradation.py::TestEdgeCases::test_concurrent_degradation_entry PASSED [ 59%]
backend/core/cache/tests/test_degradation.py::TestEdgeCases::test_concurrent_recovery PASSED [ 60%]
backend/core/cache/tests/test_degradation.py::TestGlobalManager::test_global_manager_instance PASSED [ 60%]
backend/core/cache/tests/test_degradation.py::TestGlobalManager::test_global_manager_initial_state PASSED [ 60%]
backend/core/cache/tests/test_intelligent_warmer.py::TestCircularBuffer::test_circular_buffer_init PASSED [ 61%]
backend/core/cache/tests/test_intelligent_warmer.py::TestCircularBuffer::test_circular_buffer_append PASSED [ 61%]
backend/core/cache/tests/test_intelligent_warmer.py::TestCircularBuffer::test_circular_buffer_overflow PASSED [ 62%]
backend/core/cache/tests/test_intelligent_warmer.py::TestCircularBuffer::test_circular_buffer_get_items PASSED [ 62%]
backend/core/cache/tests/test_intelligent_warmer.py::TestCircularBuffer::test_circular_buffer_thread_safety PASSED [ 63%]
backend/core/cache/tests/test_intelligent_warmer.py::TestFrequencyPredictor::test_predictor_init PASSED [ 63%]
backend/core/cache/tests/test_intelligent_warmer.py::TestFrequencyPredictor::test_predict_by_frequency PASSED [ 63%]
backend/core/cache/tests/test_intelligent_warmer.py::TestFrequencyPredictor::test_predict_empty_dict PASSED [ 64%]
backend/core/cache/tests/test_intelligent_warmer.py::TestFrequencyPredictor::test_predict_with_decay PASSED [ 64%]
backend/core/cache/tests/test_intelligent_warmer.py::TestFrequencyPredictor::test_predict_with_decay_empty_log PASSED [ 65%]
backend/core/cache/tests/test_intelligent_warmer.py::TestFrequencyPredictor::test_predict_with_decay_different_weights PASSED [ 65%]
backend/core/cache/tests/test_intelligent_warmer.py::TestIntelligentCacheWarmer::test_warmer_init PASSED [ 66%]
backend/core/cache/tests/test_intelligent_warmer.py::TestIntelligentCacheWarmer::test_record_access PASSED [ 66%]
backend/core/cache/tests/test_intelligent_warmer.py::TestIntelligentCacheWarmer::test_get_access_stats PASSED [ 66%]
backend/core/cache/tests/test_intelligent_warmer.py::TestIntelligentCacheWarmer::test_predict_hot_keys_by_frequency PASSED [ 67%]
backend/core/cache/tests/test_intelligent_warmer.py::TestIntelligentCacheWarmer::test_predict_hot_keys_with_time_decay PASSED [ 67%]
backend/core/cache/tests/test_intelligent_warmer.py::TestIntelligentCacheWarmer::test_predict_hot_keys_empty_log PASSED [ 68%]
backend/core/cache/tests/test_intelligent_warmer.py::TestIntelligentCacheWarmer::test_predict_hot_keys_top_n PASSED [ 68%]
backend/core/cache/tests/test_intelligent_warmer.py::TestIntelligentCacheWarmer::test_warm_up_cache_empty_keys PASSED [ 69%]
backend/core/cache/tests/test_intelligent_warmer.py::TestIntelligentCacheWarmer::test_warm_up_cache_with_callback PASSED [ 69%]
backend/core/cache/tests/test_intelligent_warmer.py::TestIntelligentCacheWarmer::test_warm_up_cache_already_cached PASSED [ 69%]
backend/core/cache/tests/test_intelligent_warmer.py::TestIntelligentCacheWarmer::test_warm_up_cache_failure PASSED [ 70%]
backend/core/cache/tests/test_intelligent_warmer.py::TestIntelligentCacheWarmer::test_warm_up_updates_stats PASSED [ 70%]
backend/core/cache/tests/test_intelligent_warmer.py::TestIntelligentCacheWarmer::test_auto_warm_up PASSED [ 71%]
backend/core/cache/tests/test_intelligent_warmer.py::TestIntelligentCacheWarmer::test_get_stats PASSED [ 71%]
backend/core/cache/tests/test_intelligent_warmer.py::TestIntelligentCacheWarmer::test_get_access_log_stats PASSED [ 72%]
backend/core/cache/tests/test_intelligent_warmer.py::TestIntelligentCacheWarmer::test_concurrent_access_recording PASSED [ 72%]
backend/core/cache/tests/test_intelligent_warmer.py::TestIntelligentCacheWarmer::test_warm_up_stats_thread_safety PASSED [ 72%]
backend/core/cache/tests/test_intelligent_warmer.py::TestGlobalWarmer::test_global_warmer_instance PASSED [ 73%]
backend/core/cache/tests/test_intelligent_warmer.py::TestGlobalWarmer::test_global_warmer_record_access PASSED [ 73%]
backend/core/cache/tests/test_intelligent_warmer.py::TestGlobalWarmer::test_start_warm_up_scheduler PASSED [ 74%]
backend/core/cache/tests/test_intelligent_warmer.py::TestEdgeCases::test_import_error_handling PASSED [ 74%]
backend/core/cache/tests/test_intelligent_warmer.py::TestEdgeCases::test_warm_up_without_callback PASSED [ 75%]
backend/core/cache/tests/test_intelligent_warmer.py::TestEdgeCases::test_auto_warm_up_exception_handling PASSED [ 75%]
backend/core/cache/tests/test_intelligent_warmer.py::TestEdgeCases::test_auto_warm_up_with_no_hot_keys PASSED [ 75%]
backend/core/cache/tests/test_intelligent_warmer.py::TestEdgeCases::test_warm_up_with_none_data_from_callback PASSED [ 76%]
backend/core/cache/tests/test_intelligent_warmer.py::TestEdgeCases::test_predict_with_very_old_access PASSED [ 76%]
backend/core/cache/tests/test_intelligent_warmer.py::TestEdgeCases::test_predict_with_mixed_timing PASSED [ 77%]
backend/core/cache/tests/test_intelligent_warmer.py::TestEdgeCases::test_buffer_overflow_with_timing PASSED [ 77%]
backend/core/cache/tests/test_intelligent_warmer.py::TestEdgeCases::test_large_number_of_keys PASSED [ 78%]
backend/core/cache/tests/test_intelligent_warmer.py::TestEdgeCases::test_decay_factor_extremes PASSED [ 78%]
backend/core/cache/tests/test_intelligent_warmer.py::TestEdgeCases::test_concurrent_predict_and_warmup PASSED [ 78%]
backend/core/cache/tests/test_intelligent_warmer.py::TestSchedulerExceptionHandling::test_scheduler_loop_exception_handling PASSED [ 79%]
backend/core/cache/tests/test_monitoring.py::TestMetricsHistory::test_add_snapshot PASSED [ 79%]
backend/core/cache/tests/test_monitoring.py::TestMetricsHistory::test_max_size_enforcement PASSED [ 80%]
backend/core/cache/tests/test_monitoring.py::TestMetricsHistory::test_get_recent PASSED [ 80%]
backend/core/cache/tests/test_monitoring.py::TestMetricsHistory::test_get_trend PASSED [ 81%]
backend/core/cache/tests/test_monitoring.py::TestCacheAlertManager::test_initialization PASSED [ 81%]
backend/core/cache/tests/test_monitoring.py::TestCacheAlertManager::test_collect_metrics PASSED [ 81%]
backend/core/cache/tests/test_monitoring.py::TestCacheAlertManager::test_record_request PASSED [ 82%]
backend/core/cache/tests/test_monitoring.py::TestCacheAlertManager::test_alert_rule_l1_hit_rate_low PASSED [ 82%]
backend/core/cache/tests/test_monitoring.py::TestCacheAlertManager::test_alert_rule_l1_capacity_critical PASSED [ 83%]
backend/core/cache/tests/test_monitoring.py::TestCacheAlertManager::test_alert_deduplication PASSED [ 83%]
backend/core/cache/tests/test_monitoring.py::TestCacheAlertManager::test_alert_resolution PASSED [ 84%]
backend/core/cache/tests/test_monitoring.py::TestCacheAlertManager::test_get_active_alerts PASSED [ 84%]
backend/core/cache/tests/test_monitoring.py::TestCacheAlertManager::test_get_alert_history PASSED [ 84%]
backend/core/cache/tests/test_monitoring.py::TestCacheAlertManager::test_get_metrics_summary PASSED [ 85%]
backend/core/cache/tests/test_monitoring.py::TestCacheAlertManager::test_reset PASSED [ 85%]
backend/core/cache/tests/test_monitoring.py::TestAlertEvent::test_to_dict PASSED [ 86%]
backend/core/cache/tests/test_monitoring.py::TestPrometheusExport::test_export_prometheus_metrics PASSED [ 86%]
backend/core/cache/tests/test_monitoring.py::TestPrometheusExport::test_prometheus_metrics_format PASSED [ 87%]
backend/core/cache/tests/test_monitoring.py::TestAlertRule::test_alert_rule_creation PASSED [ 87%]
backend/core/cache/tests/test_monitoring.py::TestAlertRule::test_alert_rule_str PASSED [ 87%]
backend/core/cache/tests/test_monitoring.py::TestAlertEventDetails::test_alert_event_timestamp PASSED [ 88%]
backend/core/cache/tests/test_monitoring.py::TestAlertEventDetails::test_alert_event_resolved PASSED [ 88%]
backend/core/cache/tests/test_monitoring.py::TestAlertEventDetails::test_alert_event_to_dict_non_rate_metric PASSED [ 89%]
backend/core/cache/tests/test_monitoring.py::TestMetricsHistoryDetails::test_get_latest_empty PASSED [ 89%]
backend/core/cache/tests/test_monitoring.py::TestMetricsHistoryDetails::test_get_trend_empty PASSED [ 90%]
backend/core/cache/tests/test_monitoring.py::TestMetricsHistoryDetails::test_get_trend_no_snapshots_in_range PASSED [ 90%]
backend/core/cache/tests/test_monitoring.py::TestMetricsHistoryDetails::test_get_trend_with_no_matching_attribute PASSED [ 90%]
backend/core/cache/tests/test_monitoring.py::TestMetricsHistoryDetails::test_get_trend_with_empty_values_list PASSED [ 91%]
backend/core/cache/tests/test_monitoring.py::TestCacheAlertManagerDetails::test_collect_metrics_with_zero_requests PASSED [ 91%]
backend/core/cache/tests/test_monitoring.py::TestCacheAlertManagerDetails::test_collect_metrics_parse_usage_percentage PASSED [ 92%]
backend/core/cache/tests/test_monitoring.py::TestCacheAlertManagerDetails::test_collect_metrics_numeric_usage PASSED [ 92%]
backend/core/cache/tests/test_monitoring.py::TestCacheAlertManagerDetails::test_should_trigger_alert_no_existing PASSED [ 93%]
backend/core/cache/tests/test_monitoring.py::TestCacheAlertManagerDetails::test_should_trigger_alert_different_level PASSED [ 93%]
backend/core/cache/tests/test_monitoring.py::TestCacheAlertManagerDetails::test_should_trigger_alert_timeout PASSED [ 93%]
backend/core/cache/tests/test_monitoring.py::TestCacheAlertManagerDetails::test_log_alert_warning PASSED [ 94%]
backend/core/cache/tests/test_monitoring.py::TestCacheAlertManagerDetails::test_log_alert_critical PASSED [ 94%]
backend/core/cache/tests/test_monitoring.py::TestCacheAlertManagerDetails::test_auto_expand_l1 PASSED [ 95%]
backend/core/cache/tests/test_monitoring.py::TestCacheAlertManagerDetails::test_auto_expand_l1_failure PASSED [ 95%]
backend/core/cache/tests/test_monitoring.py::TestCacheAlertManagerDetails::test_alert_action_failure PASSED [ 96%]
backend/core/cache/tests/test_monitoring.py::TestCacheAlertManagerDetails::test_trigger_warm_up PASSED [ 96%]
backend/core/cache/tests/test_monitoring.py::TestCacheAlertManagerDetails::test_get_metrics_summary_empty_history PASSED [ 96%]
backend/core/cache/tests/test_monitoring.py::TestCacheAlertManagerDetails::test_check_duration_no_anomaly PASSED [ 97%]
backend/core/cache/tests/test_monitoring.py::TestCacheAlertManagerDetails::test_get_alert_history_limit PASSED [ 97%]
backend/core/cache/tests/test_monitoring.py::TestGlobalAlertManager::test_get_cache_alert_manager_requires_cache_on_first_call PASSED [ 98%]
backend/core/cache/tests/test_monitoring.py::TestGlobalAlertManager::test_get_cache_alert_manager_creates_instance PASSED [ 98%]
backend/core/cache/tests/test_monitoring.py::TestGlobalAlertManager::test_get_cache_alert_manager_returns_same_instance PASSED [ 99%]
backend/core/cache/tests/test_monitoring.py::TestPrometheusExportDetails::test_export_prometheus_metrics_with_alerts PASSED [ 99%]
backend/core/cache/tests/test_monitoring.py::TestPrometheusExportDetails::test_export_prometheus_metrics_critical_alerts PASSED [100%]

=============================== warnings summary ===============================
backend/venv/lib/python3.9/site-packages/urllib3/__init__.py:35
  /Users/mckenzie/Documents/event2table/backend/venv/lib/python3.9/site-packages/urllib3/__init__.py:35: NotOpenSSLWarning: urllib3 v2 only supports OpenSSL 1.1.1+, currently the 'ssl' module is compiled with 'LibreSSL 2.8.3'. See: https://github.com/urllib3/urllib3/issues/3020
    warnings.warn(

-- Docs: https://docs.pytest.org/en/stable/how-to/capture-warnings.html
================== 233 passed, 1 warning in 112.04s (0:01:52) ==================
---------- coverage: platform darwin, python 3.9.6-final-0 -----------
Name                                                              Stmts   Miss  Cover   Missing
-----------------------------------------------------------------------------------------------
backend/core/cache/__init__.py                                        0      0   100%
backend/core/cache/bloom_filter_enhanced.py                         250     31    88%   152-154, 182-199, 238, 264-269, 298-300, 384-387
backend/core/cache/cache_hierarchical.py                            243    195    20%   122-141, 153-155, 168-212, 225-236, 247-276, 289-297, 307-322, 335-351, 376-421, 430-437, 451-453, 457-458, 464-471, 475-482, 486-493, 499-500, 504-505, 509-510, 514-515, 519-520, 524-525, 536, 563-581
backend/core/cache/cache_monitor.py                                 121    121     0%   19-360
backend/core/cache/cache_system.py                                  342    279    18%   81-87, 105-108, 184-234, 252-287, 300-309, 319-335, 348-365, 390-435, 444-452, 470-473, 477-491, 495-496, 500-509, 513-517, 521-526, 561-562, 575-577, 589-620, 629-639, 648-656, 678-708, 724-742, 785-787, 800-812, 824-825, 839-856, 879-899, 915-921
backend/core/cache/cache_warmer.py                                  134    134     0%   12-301
backend/core/cache/capacity_monitor.py                              247      2    99%   114-115
backend/core/cache/consistency.py                                    53      0   100%
backend/core/cache/decorators.py                                     70     70     0%   7-195
backend/core/cache/degradation.py                                   112      9    92%   28-32, 101-102, 241, 269
backend/core/cache/intelligent_warmer.py                            137      6    96%   29-32, 421-422
backend/core/cache/invalidator.py                                   208    208     0%   19-466
backend/core/cache/monitoring.py                                    214      1    99%   164
backend/core/cache/protection.py                                    142    142     0%   19-423
backend/core/cache/statistics.py                                    138    138     0%   20-403
backend/core/cache/tests/__init__.py                                  0      0   100%
backend/core/cache/tests/test_bloom_filter_enhanced.py              505      7    99%   98, 208, 576-577, 956, 1060, 1077
backend/core/cache/tests/test_capacity_monitor.py                   394      4    99%   177-179, 588, 761
backend/core/cache/tests/test_consistency.py                        154      1    99%   266
backend/core/cache/tests/test_degradation.py                        305      4    99%   502-503, 528-529
backend/core/cache/tests/test_hierarchical_cache_integration.py     136    136     0%   19-334
backend/core/cache/tests/test_intelligent_warmer.py                 393      2    99%   658, 853
backend/core/cache/tests/test_module_imports.py                      34     34     0%   7-59
backend/core/cache/tests/test_monitoring.py                         317      1    99%   970
-----------------------------------------------------------------------------------------------
TOTAL                                                              4649   1525    67%
Coverage HTML written to dir htmlcov

